<?xml version="1.0" encoding="UTF-8"?>
<testsuite xmlns:xsi="http://www.w3.org/2001/XMLSchema-instance" xsi:noNamespaceSchemaLocation="https://maven.apache.org/surefire/maven-failsafe-plugin/xsd/failsafe-test-report-3.0.xsd" version="3.0" name="starter.CucumberTestSuite" time="77.927" tests="5" errors="0" skipped="0" failures="0">
  <properties>
    <property name="sun.desktop" value="windows"/>
    <property name="awt.toolkit" value="sun.awt.windows.WToolkit"/>
    <property name="file.encoding.pkg" value="sun.io"/>
    <property name="java.specification.version" value="1.8"/>
    <property name="webdriver.chrome.driver" value="C:\Users\ADW User ACR\.cache\selenium\chromedriver\win32\112.0.5615.49\chromedriver.exe"/>
    <property name="sun.cpu.isalist" value="amd64"/>
    <property name="sun.jnu.encoding" value="Cp1252"/>
    <property name="java.class.path" value="D:\D\QE_Alta\mini-project-nisa\Web\Altashop-Register\target\test-classes;D:\D\QE_Alta\mini-project-nisa\Web\Altashop-Register\target\web-automation-alta-1.0-SNAPSHOT.jar;C:\Users\ADW User ACR\.m2\repository\net\serenity-bdd\serenity-core\3.6.21\serenity-core-3.6.21.jar;C:\Users\ADW User ACR\.m2\repository\net\serenity-bdd\serenity-model\3.6.21\serenity-model-3.6.21.jar;C:\Users\ADW User ACR\.m2\repository\org\apache\commons\commons-text\1.10.0\commons-text-1.10.0.jar;C:\Users\ADW User ACR\.m2\repository\commons-net\commons-net\3.9.0\commons-net-3.9.0.jar;C:\Users\ADW User ACR\.m2\repository\com\google\guava\guava\31.1-jre\guava-31.1-jre.jar;C:\Users\ADW User ACR\.m2\repository\com\google\guava\failureaccess\1.0.1\failureaccess-1.0.1.jar;C:\Users\ADW User ACR\.m2\repository\com\google\guava\listenablefuture\9999.0-empty-to-avoid-conflict-with-guava\listenablefuture-9999.0-empty-to-avoid-conflict-with-guava.jar;C:\Users\ADW User ACR\.m2\repository\com\google\code\findbugs\jsr305\3.0.2\jsr305-3.0.2.jar;C:\Users\ADW User ACR\.m2\repository\org\checkerframework\checker-qual\3.12.0\checker-qual-3.12.0.jar;C:\Users\ADW User ACR\.m2\repository\com\google\errorprone\error_prone_annotations\2.11.0\error_prone_annotations-2.11.0.jar;C:\Users\ADW User ACR\.m2\repository\com\google\j2objc\j2objc-annotations\1.3\j2objc-annotations-1.3.jar;C:\Users\ADW User ACR\.m2\repository\com\google\inject\guice\5.1.0\guice-5.1.0.jar;C:\Users\ADW User ACR\.m2\repository\javax\inject\javax.inject\1\javax.inject-1.jar;C:\Users\ADW User ACR\.m2\repository\aopalliance\aopalliance\1.0\aopalliance-1.0.jar;C:\Users\ADW User ACR\.m2\repository\org\jsoup\jsoup\1.14.3\jsoup-1.14.3.jar;C:\Users\ADW User ACR\.m2\repository\com\thoughtworks\xstream\xstream\1.4.20\xstream-1.4.20.jar;C:\Users\ADW User ACR\.m2\repository\io\github\x-stream\mxparser\1.2.2\mxparser-1.2.2.jar;C:\Users\ADW User ACR\.m2\repository\xmlpull\xmlpull\1.1.3.1\xmlpull-1.1.3.1.jar;C:\Users\ADW User ACR\.m2\repository\com\typesafe\config\1.4.2\config-1.4.2.jar;C:\Users\ADW User ACR\.m2\repository\org\imgscalr\imgscalr-lib\4.2\imgscalr-lib-4.2.jar;C:\Users\ADW User ACR\.m2\repository\org\awaitility\awaitility\4.2.0\awaitility-4.2.0.jar;C:\Users\ADW User ACR\.m2\repository\org\freemarker\freemarker\2.3.31\freemarker-2.3.31.jar;C:\Users\ADW User ACR\.m2\repository\io\github\classgraph\classgraph\4.8.138\classgraph-4.8.138.jar;C:\Users\ADW User ACR\.m2\repository\net\sourceforge\jexcelapi\jxl\2.6.12\jxl-2.6.12.jar;C:\Users\ADW User ACR\.m2\repository\net\bytebuddy\byte-buddy-agent\1.14.2\byte-buddy-agent-1.14.2.jar;C:\Users\ADW User ACR\.m2\repository\org\objenesis\objenesis\3.3\objenesis-3.3.jar;C:\Users\ADW User ACR\.m2\repository\net\serenity-bdd\serenity-reports\3.6.21\serenity-reports-3.6.21.jar;C:\Users\ADW User ACR\.m2\repository\net\serenity-bdd\serenity-stats\3.6.21\serenity-stats-3.6.21.jar;C:\Users\ADW User ACR\.m2\repository\net\serenity-bdd\serenity-reports-configuration\3.6.21\serenity-reports-configuration-3.6.21.jar;C:\Users\ADW User ACR\.m2\repository\com\vladsch\flexmark\flexmark-all\0.62.2\flexmark-all-0.62.2.jar;C:\Users\ADW User ACR\.m2\repository\com\vladsch\flexmark\flexmark\0.62.2\flexmark-0.62.2.jar;C:\Users\ADW User ACR\.m2\repository\com\vladsch\flexmark\flexmark-ext-abbreviation\0.62.2\flexmark-ext-abbreviation-0.62.2.jar;C:\Users\ADW User ACR\.m2\repository\com\vladsch\flexmark\flexmark-util\0.62.2\flexmark-util-0.62.2.jar;C:\Users\ADW User ACR\.m2\repository\com\vladsch\flexmark\flexmark-ext-admonition\0.62.2\flexmark-ext-admonition-0.62.2.jar;C:\Users\ADW User ACR\.m2\repository\com\vladsch\flexmark\flexmark-ext-anchorlink\0.62.2\flexmark-ext-anchorlink-0.62.2.jar;C:\Users\ADW User ACR\.m2\repository\com\vladsch\flexmark\flexmark-ext-aside\0.62.2\flexmark-ext-aside-0.62.2.jar;C:\Users\ADW User ACR\.m2\repository\com\vladsch\flexmark\flexmark-ext-attributes\0.62.2\flexmark-ext-attributes-0.62.2.jar;C:\Users\ADW User ACR\.m2\repository\com\vladsch\flexmark\flexmark-ext-autolink\0.62.2\flexmark-ext-autolink-0.62.2.jar;C:\Users\ADW User ACR\.m2\repository\org\nibor\autolink\autolink\0.6.0\autolink-0.6.0.jar;C:\Users\ADW User ACR\.m2\repository\com\vladsch\flexmark\flexmark-ext-definition\0.62.2\flexmark-ext-definition-0.62.2.jar;C:\Users\ADW User ACR\.m2\repository\com\vladsch\flexmark\flexmark-ext-emoji\0.62.2\flexmark-ext-emoji-0.62.2.jar;C:\Users\ADW User ACR\.m2\repository\com\vladsch\flexmark\flexmark-ext-enumerated-reference\0.62.2\flexmark-ext-enumerated-reference-0.62.2.jar;C:\Users\ADW User ACR\.m2\repository\com\vladsch\flexmark\flexmark-ext-escaped-character\0.62.2\flexmark-ext-escaped-character-0.62.2.jar;C:\Users\ADW User ACR\.m2\repository\com\vladsch\flexmark\flexmark-ext-footnotes\0.62.2\flexmark-ext-footnotes-0.62.2.jar;C:\Users\ADW User ACR\.m2\repository\com\vladsch\flexmark\flexmark-ext-gfm-issues\0.62.2\flexmark-ext-gfm-issues-0.62.2.jar;C:\Users\ADW User ACR\.m2\repository\com\vladsch\flexmark\flexmark-ext-gfm-strikethrough\0.62.2\flexmark-ext-gfm-strikethrough-0.62.2.jar;C:\Users\ADW User ACR\.m2\repository\com\vladsch\flexmark\flexmark-ext-gfm-tasklist\0.62.2\flexmark-ext-gfm-tasklist-0.62.2.jar;C:\Users\ADW User ACR\.m2\repository\com\vladsch\flexmark\flexmark-ext-gfm-users\0.62.2\flexmark-ext-gfm-users-0.62.2.jar;C:\Users\ADW User ACR\.m2\repository\com\vladsch\flexmark\flexmark-ext-gitlab\0.62.2\flexmark-ext-gitlab-0.62.2.jar;C:\Users\ADW User ACR\.m2\repository\com\vladsch\flexmark\flexmark-ext-jekyll-front-matter\0.62.2\flexmark-ext-jekyll-front-matter-0.62.2.jar;C:\Users\ADW User ACR\.m2\repository\com\vladsch\flexmark\flexmark-ext-jekyll-tag\0.62.2\flexmark-ext-jekyll-tag-0.62.2.jar;C:\Users\ADW User ACR\.m2\repository\com\vladsch\flexmark\flexmark-ext-media-tags\0.62.2\flexmark-ext-media-tags-0.62.2.jar;C:\Users\ADW User ACR\.m2\repository\com\vladsch\flexmark\flexmark-ext-macros\0.62.2\flexmark-ext-macros-0.62.2.jar;C:\Users\ADW User ACR\.m2\repository\com\vladsch\flexmark\flexmark-ext-ins\0.62.2\flexmark-ext-ins-0.62.2.jar;C:\Users\ADW User ACR\.m2\repository\com\vladsch\flexmark\flexmark-ext-xwiki-macros\0.62.2\flexmark-ext-xwiki-macros-0.62.2.jar;C:\Users\ADW User ACR\.m2\repository\com\vladsch\flexmark\flexmark-ext-superscript\0.62.2\flexmark-ext-superscript-0.62.2.jar;C:\Users\ADW User ACR\.m2\repository\com\vladsch\flexmark\flexmark-ext-tables\0.62.2\flexmark-ext-tables-0.62.2.jar;C:\Users\ADW User ACR\.m2\repository\com\vladsch\flexmark\flexmark-ext-toc\0.62.2\flexmark-ext-toc-0.62.2.jar;C:\Users\ADW User ACR\.m2\repository\com\vladsch\flexmark\flexmark-ext-typographic\0.62.2\flexmark-ext-typographic-0.62.2.jar;C:\Users\ADW User ACR\.m2\repository\com\vladsch\flexmark\flexmark-ext-wikilink\0.62.2\flexmark-ext-wikilink-0.62.2.jar;C:\Users\ADW User ACR\.m2\repository\com\vladsch\flexmark\flexmark-ext-yaml-front-matter\0.62.2\flexmark-ext-yaml-front-matter-0.62.2.jar;C:\Users\ADW User ACR\.m2\repository\com\vladsch\flexmark\flexmark-ext-youtube-embedded\0.62.2\flexmark-ext-youtube-embedded-0.62.2.jar;C:\Users\ADW User ACR\.m2\repository\com\vladsch\flexmark\flexmark-html2md-converter\0.62.2\flexmark-html2md-converter-0.62.2.jar;C:\Users\ADW User ACR\.m2\repository\com\vladsch\flexmark\flexmark-jira-converter\0.62.2\flexmark-jira-converter-0.62.2.jar;C:\Users\ADW User ACR\.m2\repository\com\vladsch\flexmark\flexmark-pdf-converter\0.62.2\flexmark-pdf-converter-0.62.2.jar;C:\Users\ADW User ACR\.m2\repository\com\openhtmltopdf\openhtmltopdf-core\1.0.0\openhtmltopdf-core-1.0.0.jar;C:\Users\ADW User ACR\.m2\repository\com\openhtmltopdf\openhtmltopdf-pdfbox\1.0.0\openhtmltopdf-pdfbox-1.0.0.jar;C:\Users\ADW User ACR\.m2\repository\org\apache\pdfbox\pdfbox\2.0.16\pdfbox-2.0.16.jar;C:\Users\ADW User ACR\.m2\repository\org\apache\pdfbox\fontbox\2.0.16\fontbox-2.0.16.jar;C:\Users\ADW User ACR\.m2\repository\org\apache\pdfbox\xmpbox\2.0.16\xmpbox-2.0.16.jar;C:\Users\ADW User ACR\.m2\repository\de\rototor\pdfbox\graphics2d\0.24\graphics2d-0.24.jar;C:\Users\ADW User ACR\.m2\repository\com\openhtmltopdf\openhtmltopdf-rtl-support\1.0.0\openhtmltopdf-rtl-support-1.0.0.jar;C:\Users\ADW User ACR\.m2\repository\com\openhtmltopdf\openhtmltopdf-jsoup-dom-converter\1.0.0\openhtmltopdf-jsoup-dom-converter-1.0.0.jar;C:\Users\ADW User ACR\.m2\repository\com\vladsch\flexmark\flexmark-profile-pegdown\0.62.2\flexmark-profile-pegdown-0.62.2.jar;C:\Users\ADW User ACR\.m2\repository\com\vladsch\flexmark\flexmark-util-ast\0.62.2\flexmark-util-ast-0.62.2.jar;C:\Users\ADW User ACR\.m2\repository\com\vladsch\flexmark\flexmark-util-builder\0.62.2\flexmark-util-builder-0.62.2.jar;C:\Users\ADW User ACR\.m2\repository\com\vladsch\flexmark\flexmark-util-collection\0.62.2\flexmark-util-collection-0.62.2.jar;C:\Users\ADW User ACR\.m2\repository\com\vladsch\flexmark\flexmark-util-data\0.62.2\flexmark-util-data-0.62.2.jar;C:\Users\ADW User ACR\.m2\repository\com\vladsch\flexmark\flexmark-util-dependency\0.62.2\flexmark-util-dependency-0.62.2.jar;C:\Users\ADW User ACR\.m2\repository\com\vladsch\flexmark\flexmark-util-format\0.62.2\flexmark-util-format-0.62.2.jar;C:\Users\ADW User ACR\.m2\repository\com\vladsch\flexmark\flexmark-util-html\0.62.2\flexmark-util-html-0.62.2.jar;C:\Users\ADW User ACR\.m2\repository\com\vladsch\flexmark\flexmark-util-misc\0.62.2\flexmark-util-misc-0.62.2.jar;C:\Users\ADW User ACR\.m2\repository\com\vladsch\flexmark\flexmark-util-options\0.62.2\flexmark-util-options-0.62.2.jar;C:\Users\ADW User ACR\.m2\repository\com\vladsch\flexmark\flexmark-util-sequence\0.62.2\flexmark-util-sequence-0.62.2.jar;C:\Users\ADW User ACR\.m2\repository\com\vladsch\flexmark\flexmark-util-visitor\0.62.2\flexmark-util-visitor-0.62.2.jar;C:\Users\ADW User ACR\.m2\repository\com\vladsch\flexmark\flexmark-youtrack-converter\0.62.2\flexmark-youtrack-converter-0.62.2.jar;C:\Users\ADW User ACR\.m2\repository\com\ibm\icu\icu4j\72.1\icu4j-72.1.jar;C:\Users\ADW User ACR\.m2\repository\es\nitaur\markdown\txtmark\0.16\txtmark-0.16.jar;C:\Users\ADW User ACR\.m2\repository\net\serenity-bdd\serenity-report-resources\3.6.21\serenity-report-resources-3.6.21.jar;C:\Users\ADW User ACR\.m2\repository\com\google\code\gson\gson\2.10.1\gson-2.10.1.jar;C:\Users\ADW User ACR\.m2\repository\com\fasterxml\jackson\core\jackson-core\2.15.0-rc1\jackson-core-2.15.0-rc1.jar;C:\Users\ADW User ACR\.m2\repository\com\fasterxml\jackson\core\jackson-databind\2.15.0-rc1\jackson-databind-2.15.0-rc1.jar;C:\Users\ADW User ACR\.m2\repository\com\fasterxml\jackson\core\jackson-annotations\2.15.0-rc1\jackson-annotations-2.15.0-rc1.jar;C:\Users\ADW User ACR\.m2\repository\commons-codec\commons-codec\1.15\commons-codec-1.15.jar;C:\Users\ADW User ACR\.m2\repository\commons-io\commons-io\2.11.0\commons-io-2.11.0.jar;C:\Users\ADW User ACR\.m2\repository\org\apache\httpcomponents\httpclient\4.5.13\httpclient-4.5.13.jar;C:\Users\ADW User ACR\.m2\repository\org\apache\httpcomponents\httpcore\4.4.13\httpcore-4.4.13.jar;C:\Users\ADW User ACR\.m2\repository\commons-logging\commons-logging\1.2\commons-logging-1.2.jar;C:\Users\ADW User ACR\.m2\repository\org\seleniumhq\selenium\selenium-java\4.8.1\selenium-java-4.8.1.jar;C:\Users\ADW User ACR\.m2\repository\org\seleniumhq\selenium\selenium-devtools-v108\4.8.1\selenium-devtools-v108-4.8.1.jar;C:\Users\ADW User ACR\.m2\repository\org\seleniumhq\selenium\selenium-devtools-v109\4.8.1\selenium-devtools-v109-4.8.1.jar;C:\Users\ADW User ACR\.m2\repository\org\seleniumhq\selenium\selenium-devtools-v110\4.8.1\selenium-devtools-v110-4.8.1.jar;C:\Users\ADW User ACR\.m2\repository\org\seleniumhq\selenium\selenium-devtools-v85\4.8.1\selenium-devtools-v85-4.8.1.jar;C:\Users\ADW User ACR\.m2\repository\org\seleniumhq\selenium\selenium-remote-driver\4.8.1\selenium-remote-driver-4.8.1.jar;C:\Users\ADW User ACR\.m2\repository\com\beust\jcommander\1.82\jcommander-1.82.jar;C:\Users\ADW User ACR\.m2\repository\io\netty\netty-buffer\4.1.87.Final\netty-buffer-4.1.87.Final.jar;C:\Users\ADW User ACR\.m2\repository\io\netty\netty-codec-http\4.1.87.Final\netty-codec-http-4.1.87.Final.jar;C:\Users\ADW User ACR\.m2\repository\io\netty\netty-codec\4.1.87.Final\netty-codec-4.1.87.Final.jar;C:\Users\ADW User ACR\.m2\repository\io\netty\netty-handler\4.1.87.Final\netty-handler-4.1.87.Final.jar;C:\Users\ADW User ACR\.m2\repository\io\netty\netty-common\4.1.87.Final\netty-common-4.1.87.Final.jar;C:\Users\ADW User ACR\.m2\repository\io\netty\netty-transport-classes-epoll\4.1.87.Final\netty-transport-classes-epoll-4.1.87.Final.jar;C:\Users\ADW User ACR\.m2\repository\io\netty\netty-transport-classes-kqueue\4.1.87.Final\netty-transport-classes-kqueue-4.1.87.Final.jar;C:\Users\ADW User ACR\.m2\repository\io\netty\netty-transport-native-epoll\4.1.87.Final\netty-transport-native-epoll-4.1.87.Final.jar;C:\Users\ADW User ACR\.m2\repository\io\netty\netty-transport-native-kqueue\4.1.87.Final\netty-transport-native-kqueue-4.1.87.Final.jar;C:\Users\ADW User ACR\.m2\repository\io\netty\netty-transport-native-unix-common\4.1.87.Final\netty-transport-native-unix-common-4.1.87.Final.jar;C:\Users\ADW User ACR\.m2\repository\io\netty\netty-transport\4.1.87.Final\netty-transport-4.1.87.Final.jar;C:\Users\ADW User ACR\.m2\repository\io\netty\netty-resolver\4.1.87.Final\netty-resolver-4.1.87.Final.jar;C:\Users\ADW User ACR\.m2\repository\io\opentelemetry\opentelemetry-api\1.22.0\opentelemetry-api-1.22.0.jar;C:\Users\ADW User ACR\.m2\repository\io\opentelemetry\opentelemetry-context\1.22.0\opentelemetry-context-1.22.0.jar;C:\Users\ADW User ACR\.m2\repository\io\opentelemetry\opentelemetry-exporter-logging\1.22.0\opentelemetry-exporter-logging-1.22.0.jar;C:\Users\ADW User ACR\.m2\repository\io\opentelemetry\opentelemetry-sdk-metrics\1.22.0\opentelemetry-sdk-metrics-1.22.0.jar;C:\Users\ADW User ACR\.m2\repository\io\opentelemetry\opentelemetry-sdk-logs\1.22.0-alpha\opentelemetry-sdk-logs-1.22.0-alpha.jar;C:\Users\ADW User ACR\.m2\repository\io\opentelemetry\opentelemetry-api-logs\1.22.0-alpha\opentelemetry-api-logs-1.22.0-alpha.jar;C:\Users\ADW User ACR\.m2\repository\io\opentelemetry\opentelemetry-sdk-common\1.22.0\opentelemetry-sdk-common-1.22.0.jar;C:\Users\ADW User ACR\.m2\repository\io\opentelemetry\opentelemetry-sdk-extension-autoconfigure-spi\1.22.0\opentelemetry-sdk-extension-autoconfigure-spi-1.22.0.jar;C:\Users\ADW User ACR\.m2\repository\io\opentelemetry\opentelemetry-sdk-extension-autoconfigure\1.22.0-alpha\opentelemetry-sdk-extension-autoconfigure-1.22.0-alpha.jar;C:\Users\ADW User ACR\.m2\repository\io\opentelemetry\opentelemetry-sdk-trace\1.22.0\opentelemetry-sdk-trace-1.22.0.jar;C:\Users\ADW User ACR\.m2\repository\io\opentelemetry\opentelemetry-sdk\1.22.0\opentelemetry-sdk-1.22.0.jar;C:\Users\ADW User ACR\.m2\repository\io\opentelemetry\opentelemetry-semconv\1.22.0-alpha\opentelemetry-semconv-1.22.0-alpha.jar;C:\Users\ADW User ACR\.m2\repository\io\ous\jtoml\2.0.0\jtoml-2.0.0.jar;C:\Users\ADW User ACR\.m2\repository\org\apache\commons\commons-exec\1.3\commons-exec-1.3.jar;C:\Users\ADW User ACR\.m2\repository\org\asynchttpclient\async-http-client\2.12.3\async-http-client-2.12.3.jar;C:\Users\ADW User ACR\.m2\repository\org\asynchttpclient\async-http-client-netty-utils\2.12.3\async-http-client-netty-utils-2.12.3.jar;C:\Users\ADW User ACR\.m2\repository\io\netty\netty-codec-socks\4.1.60.Final\netty-codec-socks-4.1.60.Final.jar;C:\Users\ADW User ACR\.m2\repository\io\netty\netty-handler-proxy\4.1.60.Final\netty-handler-proxy-4.1.60.Final.jar;C:\Users\ADW User ACR\.m2\repository\io\netty\netty-transport-native-epoll\4.1.60.Final\netty-transport-native-epoll-4.1.60.Final-linux-x86_64.jar;C:\Users\ADW User ACR\.m2\repository\io\netty\netty-transport-native-kqueue\4.1.60.Final\netty-transport-native-kqueue-4.1.60.Final-osx-x86_64.jar;C:\Users\ADW User ACR\.m2\repository\org\reactivestreams\reactive-streams\1.0.3\reactive-streams-1.0.3.jar;C:\Users\ADW User ACR\.m2\repository\com\typesafe\netty\netty-reactive-streams\2.0.4\netty-reactive-streams-2.0.4.jar;C:\Users\ADW User ACR\.m2\repository\org\seleniumhq\selenium\selenium-manager\4.8.1\selenium-manager-4.8.1.jar;C:\Users\ADW User ACR\.m2\repository\org\seleniumhq\selenium\selenium-safari-driver\4.8.1\selenium-safari-driver-4.8.1.jar;C:\Users\ADW User ACR\.m2\repository\org\seleniumhq\selenium\selenium-api\4.8.1\selenium-api-4.8.1.jar;C:\Users\ADW User ACR\.m2\repository\org\seleniumhq\selenium\selenium-support\4.8.1\selenium-support-4.8.1.jar;C:\Users\ADW User ACR\.m2\repository\com\google\auto\service\auto-service-annotations\1.0.1\auto-service-annotations-1.0.1.jar;C:\Users\ADW User ACR\.m2\repository\com\google\auto\service\auto-service\1.0.1\auto-service-1.0.1.jar;C:\Users\ADW User ACR\.m2\repository\com\google\auto\auto-common\1.2\auto-common-1.2.jar;C:\Users\ADW User ACR\.m2\repository\org\seleniumhq\selenium\selenium-json\4.8.1\selenium-json-4.8.1.jar;C:\Users\ADW User ACR\.m2\repository\org\seleniumhq\selenium\selenium-chrome-driver\4.8.1\selenium-chrome-driver-4.8.1.jar;C:\Users\ADW User ACR\.m2\repository\org\seleniumhq\selenium\selenium-chromium-driver\4.8.1\selenium-chromium-driver-4.8.1.jar;C:\Users\ADW User ACR\.m2\repository\org\seleniumhq\selenium\selenium-firefox-driver\4.8.1\selenium-firefox-driver-4.8.1.jar;C:\Users\ADW User ACR\.m2\repository\org\seleniumhq\selenium\selenium-http\4.8.1\selenium-http-4.8.1.jar;C:\Users\ADW User ACR\.m2\repository\dev\failsafe\failsafe\3.3.0\failsafe-3.3.0.jar;C:\Users\ADW User ACR\.m2\repository\org\seleniumhq\selenium\selenium-edge-driver\4.8.1\selenium-edge-driver-4.8.1.jar;C:\Users\ADW User ACR\.m2\repository\org\seleniumhq\selenium\selenium-ie-driver\4.8.1\selenium-ie-driver-4.8.1.jar;C:\Users\ADW User ACR\.m2\repository\org\projectlombok\lombok\1.18.20\lombok-1.18.20.jar;C:\Users\ADW User ACR\.m2\repository\io\appium\java-client\8.3.0\java-client-8.3.0.jar;C:\Users\ADW User ACR\.m2\repository\commons-validator\commons-validator\1.7\commons-validator-1.7.jar;C:\Users\ADW User ACR\.m2\repository\commons-digester\commons-digester\2.1\commons-digester-2.1.jar;C:\Users\ADW User ACR\.m2\repository\org\apache\groovy\groovy\4.0.10\groovy-4.0.10.jar;C:\Users\ADW User ACR\.m2\repository\net\sf\opencsv\opencsv\2.0\opencsv-2.0.jar;C:\Users\ADW User ACR\.m2\repository\commons-beanutils\commons-beanutils\1.9.4\commons-beanutils-1.9.4.jar;C:\Users\ADW User ACR\.m2\repository\org\apache\commons\commons-lang3\3.12.0\commons-lang3-3.12.0.jar;C:\Users\ADW User ACR\.m2\repository\commons-collections\commons-collections\3.2.2\commons-collections-3.2.2.jar;C:\Users\ADW User ACR\.m2\repository\org\fluentlenium\fluentlenium-core\0.10.2\fluentlenium-core-0.10.2.jar;C:\Users\ADW User ACR\.m2\repository\io\github\bonigarcia\webdrivermanager\5.3.0\webdrivermanager-5.3.0.jar;C:\Users\ADW User ACR\.m2\repository\com\github\docker-java\docker-java\3.2.13\docker-java-3.2.13.jar;C:\Users\ADW User ACR\.m2\repository\com\github\docker-java\docker-java-core\3.2.13\docker-java-core-3.2.13.jar;C:\Users\ADW User ACR\.m2\repository\com\github\docker-java\docker-java-api\3.2.13\docker-java-api-3.2.13.jar;C:\Users\ADW User ACR\.m2\repository\org\apache\commons\commons-compress\1.21\commons-compress-1.21.jar;C:\Users\ADW User ACR\.m2\repository\org\bouncycastle\bcpkix-jdk15on\1.64\bcpkix-jdk15on-1.64.jar;C:\Users\ADW User ACR\.m2\repository\org\bouncycastle\bcprov-jdk15on\1.64\bcprov-jdk15on-1.64.jar;C:\Users\ADW User ACR\.m2\repository\org\slf4j\jcl-over-slf4j\1.7.30\jcl-over-slf4j-1.7.30.jar;C:\Users\ADW User ACR\.m2\repository\com\github\docker-java\docker-java-transport-httpclient5\3.2.13\docker-java-transport-httpclient5-3.2.13.jar;C:\Users\ADW User ACR\.m2\repository\com\github\docker-java\docker-java-transport\3.2.13\docker-java-transport-3.2.13.jar;C:\Users\ADW User ACR\.m2\repository\net\java\dev\jna\jna\5.8.0\jna-5.8.0.jar;C:\Users\ADW User ACR\.m2\repository\org\brotli\dec\0.1.2\dec-0.1.2.jar;C:\Users\ADW User ACR\.m2\repository\org\apache\httpcomponents\client5\httpclient5\5.1.3\httpclient5-5.1.3.jar;C:\Users\ADW User ACR\.m2\repository\org\apache\httpcomponents\core5\httpcore5\5.1.3\httpcore5-5.1.3.jar;C:\Users\ADW User ACR\.m2\repository\org\apache\httpcomponents\core5\httpcore5-h2\5.1.3\httpcore5-h2-5.1.3.jar;C:\Users\ADW User ACR\.m2\repository\com\jhlabs\filters\2.0.235\filters-2.0.235.jar;C:\Users\ADW User ACR\.m2\repository\com\paulhammant\ngwebdriver\1.1.6\ngwebdriver-1.1.6.jar;C:\Users\ADW User ACR\.m2\repository\joda-time\joda-time\2.12.2\joda-time-2.12.2.jar;C:\Users\ADW User ACR\.m2\repository\org\hamcrest\hamcrest\2.2\hamcrest-2.2.jar;C:\Users\ADW User ACR\.m2\repository\com\google\jimfs\jimfs\1.2\jimfs-1.2.jar;C:\Users\ADW User ACR\.m2\repository\org\mockito\mockito-core\3.3.3\mockito-core-3.3.3.jar;C:\Users\ADW User ACR\.m2\repository\javax\xml\bind\jaxb-api\2.3.1\jaxb-api-2.3.1.jar;C:\Users\ADW User ACR\.m2\repository\javax\activation\javax.activation-api\1.2.0\javax.activation-api-1.2.0.jar;C:\Users\ADW User ACR\.m2\repository\com\sun\xml\bind\jaxb-core\2.3.0.1\jaxb-core-2.3.0.1.jar;C:\Users\ADW User ACR\.m2\repository\com\sun\xml\bind\jaxb-impl\2.3.3\jaxb-impl-2.3.3.jar;C:\Users\ADW User ACR\.m2\repository\jakarta\xml\bind\jakarta.xml.bind-api\2.3.3\jakarta.xml.bind-api-2.3.3.jar;C:\Users\ADW User ACR\.m2\repository\com\sun\activation\jakarta.activation\1.2.2\jakarta.activation-1.2.2.jar;C:\Users\ADW User ACR\.m2\repository\javax\activation\activation\1.1.1\activation-1.1.1.jar;C:\Users\ADW User ACR\.m2\repository\net\serenity-bdd\serenity-cucumber\3.6.21\serenity-cucumber-3.6.21.jar;C:\Users\ADW User ACR\.m2\repository\io\cucumber\cucumber-core\7.11.0\cucumber-core-7.11.0.jar;C:\Users\ADW User ACR\.m2\repository\io\cucumber\cucumber-gherkin\7.11.0\cucumber-gherkin-7.11.0.jar;C:\Users\ADW User ACR\.m2\repository\io\cucumber\cucumber-gherkin-messages\7.11.0\cucumber-gherkin-messages-7.11.0.jar;C:\Users\ADW User ACR\.m2\repository\io\cucumber\gherkin\26.0.3\gherkin-26.0.3.jar;C:\Users\ADW User ACR\.m2\repository\io\cucumber\messages\21.0.1\messages-21.0.1.jar;C:\Users\ADW User ACR\.m2\repository\io\cucumber\tag-expressions\5.0.1\tag-expressions-5.0.1.jar;C:\Users\ADW User ACR\.m2\repository\io\cucumber\cucumber-expressions\16.1.1\cucumber-expressions-16.1.1.jar;C:\Users\ADW User ACR\.m2\repository\io\cucumber\datatable\7.11.0\datatable-7.11.0.jar;C:\Users\ADW User ACR\.m2\repository\io\cucumber\cucumber-plugin\7.11.0\cucumber-plugin-7.11.0.jar;C:\Users\ADW User ACR\.m2\repository\io\cucumber\docstring\7.11.0\docstring-7.11.0.jar;C:\Users\ADW User ACR\.m2\repository\io\cucumber\html-formatter\20.2.1\html-formatter-20.2.1.jar;C:\Users\ADW User ACR\.m2\repository\io\cucumber\junit-xml-formatter\0.1.0\junit-xml-formatter-0.1.0.jar;C:\Users\ADW User ACR\.m2\repository\io\cucumber\ci-environment\9.1.0\ci-environment-9.1.0.jar;C:\Users\ADW User ACR\.m2\repository\io\cucumber\cucumber-java\7.11.0\cucumber-java-7.11.0.jar;C:\Users\ADW User ACR\.m2\repository\io\cucumber\cucumber-junit\7.11.0\cucumber-junit-7.11.0.jar;C:\Users\ADW User ACR\.m2\repository\org\apache\commons\commons-csv\1.5\commons-csv-1.5.jar;C:\Users\ADW User ACR\.m2\repository\net\serenity-bdd\serenity-screenplay\3.6.21\serenity-screenplay-3.6.21.jar;C:\Users\ADW User ACR\.m2\repository\net\serenity-bdd\serenity-screenplay-webdriver\3.6.21\serenity-screenplay-webdriver-3.6.21.jar;C:\Users\ADW User ACR\.m2\repository\net\serenity-bdd\serenity-ensure\3.6.21\serenity-ensure-3.6.21.jar;C:\Users\ADW User ACR\.m2\repository\net\serenity-bdd\serenity-junit\3.6.21\serenity-junit-3.6.21.jar;C:\Users\ADW User ACR\.m2\repository\org\jetbrains\kotlin\kotlin-stdlib\1.8.10\kotlin-stdlib-1.8.10.jar;C:\Users\ADW User ACR\.m2\repository\org\jetbrains\kotlin\kotlin-stdlib-common\1.8.10\kotlin-stdlib-common-1.8.10.jar;C:\Users\ADW User ACR\.m2\repository\org\jetbrains\annotations\13.0\annotations-13.0.jar;C:\Users\ADW User ACR\.m2\repository\org\junit\platform\junit-platform-launcher\1.8.2\junit-platform-launcher-1.8.2.jar;C:\Users\ADW User ACR\.m2\repository\org\junit\platform\junit-platform-engine\1.8.2\junit-platform-engine-1.8.2.jar;C:\Users\ADW User ACR\.m2\repository\org\opentest4j\opentest4j\1.2.0\opentest4j-1.2.0.jar;C:\Users\ADW User ACR\.m2\repository\org\junit\platform\junit-platform-commons\1.8.2\junit-platform-commons-1.8.2.jar;C:\Users\ADW User ACR\.m2\repository\org\apiguardian\apiguardian-api\1.1.2\apiguardian-api-1.1.2.jar;C:\Users\ADW User ACR\.m2\repository\org\junit\jupiter\junit-jupiter-engine\5.8.2\junit-jupiter-engine-5.8.2.jar;C:\Users\ADW User ACR\.m2\repository\org\junit\jupiter\junit-jupiter-api\5.8.2\junit-jupiter-api-5.8.2.jar;C:\Users\ADW User ACR\.m2\repository\org\junit\vintage\junit-vintage-engine\5.8.2\junit-vintage-engine-5.8.2.jar;C:\Users\ADW User ACR\.m2\repository\junit\junit\4.13.2\junit-4.13.2.jar;C:\Users\ADW User ACR\.m2\repository\org\hamcrest\hamcrest-core\1.3\hamcrest-core-1.3.jar;C:\Users\ADW User ACR\.m2\repository\ch\qos\logback\logback-classic\1.2.10\logback-classic-1.2.10.jar;C:\Users\ADW User ACR\.m2\repository\ch\qos\logback\logback-core\1.2.10\logback-core-1.2.10.jar;C:\Users\ADW User ACR\.m2\repository\org\slf4j\slf4j-api\1.7.32\slf4j-api-1.7.32.jar;C:\Users\ADW User ACR\.m2\repository\org\assertj\assertj-core\3.23.1\assertj-core-3.23.1.jar;C:\Users\ADW User ACR\.m2\repository\net\bytebuddy\byte-buddy\1.12.10\byte-buddy-1.12.10.jar;"/>
    <property name="java.vm.vendor" value="Oracle Corporation"/>
    <property name="sun.arch.data.model" value="64"/>
    <property name="user.variant" value=""/>
    <property name="java.vendor.url" value="http://java.oracle.com/"/>
    <property name="user.timezone" value="Asia/Bangkok"/>
    <property name="java.vm.specification.version" value="1.8"/>
    <property name="os.name" value="Windows 10"/>
    <property name="user.country" value="US"/>
    <property name="sun.java.launcher" value="SUN_STANDARD"/>
    <property name="sun.boot.library.path" value="C:\Program Files\Java\jdk1.8.0_202\jre\bin"/>
    <property name="sun.java.command" value="C:\Users\ADW User ACR\AppData\Local\Temp\surefire6704936533724575055\surefirebooter3082692983401556964.jar C:\Users\ADW User ACR\AppData\Local\Temp\surefire6704936533724575055 2023-05-08T20-45-28_798-jvmRun1 surefire5890908989555095252tmp surefire_06570979973528729631tmp"/>
    <property name="surefire.test.class.path" value="D:\D\QE_Alta\mini-project-nisa\Web\Altashop-Register\target\test-classes;D:\D\QE_Alta\mini-project-nisa\Web\Altashop-Register\target\web-automation-alta-1.0-SNAPSHOT.jar;C:\Users\ADW User ACR\.m2\repository\net\serenity-bdd\serenity-core\3.6.21\serenity-core-3.6.21.jar;C:\Users\ADW User ACR\.m2\repository\net\serenity-bdd\serenity-model\3.6.21\serenity-model-3.6.21.jar;C:\Users\ADW User ACR\.m2\repository\org\apache\commons\commons-text\1.10.0\commons-text-1.10.0.jar;C:\Users\ADW User ACR\.m2\repository\commons-net\commons-net\3.9.0\commons-net-3.9.0.jar;C:\Users\ADW User ACR\.m2\repository\com\google\guava\guava\31.1-jre\guava-31.1-jre.jar;C:\Users\ADW User ACR\.m2\repository\com\google\guava\failureaccess\1.0.1\failureaccess-1.0.1.jar;C:\Users\ADW User ACR\.m2\repository\com\google\guava\listenablefuture\9999.0-empty-to-avoid-conflict-with-guava\listenablefuture-9999.0-empty-to-avoid-conflict-with-guava.jar;C:\Users\ADW User ACR\.m2\repository\com\google\code\findbugs\jsr305\3.0.2\jsr305-3.0.2.jar;C:\Users\ADW User ACR\.m2\repository\org\checkerframework\checker-qual\3.12.0\checker-qual-3.12.0.jar;C:\Users\ADW User ACR\.m2\repository\com\google\errorprone\error_prone_annotations\2.11.0\error_prone_annotations-2.11.0.jar;C:\Users\ADW User ACR\.m2\repository\com\google\j2objc\j2objc-annotations\1.3\j2objc-annotations-1.3.jar;C:\Users\ADW User ACR\.m2\repository\com\google\inject\guice\5.1.0\guice-5.1.0.jar;C:\Users\ADW User ACR\.m2\repository\javax\inject\javax.inject\1\javax.inject-1.jar;C:\Users\ADW User ACR\.m2\repository\aopalliance\aopalliance\1.0\aopalliance-1.0.jar;C:\Users\ADW User ACR\.m2\repository\org\jsoup\jsoup\1.14.3\jsoup-1.14.3.jar;C:\Users\ADW User ACR\.m2\repository\com\thoughtworks\xstream\xstream\1.4.20\xstream-1.4.20.jar;C:\Users\ADW User ACR\.m2\repository\io\github\x-stream\mxparser\1.2.2\mxparser-1.2.2.jar;C:\Users\ADW User ACR\.m2\repository\xmlpull\xmlpull\1.1.3.1\xmlpull-1.1.3.1.jar;C:\Users\ADW User ACR\.m2\repository\com\typesafe\config\1.4.2\config-1.4.2.jar;C:\Users\ADW User ACR\.m2\repository\org\imgscalr\imgscalr-lib\4.2\imgscalr-lib-4.2.jar;C:\Users\ADW User ACR\.m2\repository\org\awaitility\awaitility\4.2.0\awaitility-4.2.0.jar;C:\Users\ADW User ACR\.m2\repository\org\freemarker\freemarker\2.3.31\freemarker-2.3.31.jar;C:\Users\ADW User ACR\.m2\repository\io\github\classgraph\classgraph\4.8.138\classgraph-4.8.138.jar;C:\Users\ADW User ACR\.m2\repository\net\sourceforge\jexcelapi\jxl\2.6.12\jxl-2.6.12.jar;C:\Users\ADW User ACR\.m2\repository\net\bytebuddy\byte-buddy-agent\1.14.2\byte-buddy-agent-1.14.2.jar;C:\Users\ADW User ACR\.m2\repository\org\objenesis\objenesis\3.3\objenesis-3.3.jar;C:\Users\ADW User ACR\.m2\repository\net\serenity-bdd\serenity-reports\3.6.21\serenity-reports-3.6.21.jar;C:\Users\ADW User ACR\.m2\repository\net\serenity-bdd\serenity-stats\3.6.21\serenity-stats-3.6.21.jar;C:\Users\ADW User ACR\.m2\repository\net\serenity-bdd\serenity-reports-configuration\3.6.21\serenity-reports-configuration-3.6.21.jar;C:\Users\ADW User ACR\.m2\repository\com\vladsch\flexmark\flexmark-all\0.62.2\flexmark-all-0.62.2.jar;C:\Users\ADW User ACR\.m2\repository\com\vladsch\flexmark\flexmark\0.62.2\flexmark-0.62.2.jar;C:\Users\ADW User ACR\.m2\repository\com\vladsch\flexmark\flexmark-ext-abbreviation\0.62.2\flexmark-ext-abbreviation-0.62.2.jar;C:\Users\ADW User ACR\.m2\repository\com\vladsch\flexmark\flexmark-util\0.62.2\flexmark-util-0.62.2.jar;C:\Users\ADW User ACR\.m2\repository\com\vladsch\flexmark\flexmark-ext-admonition\0.62.2\flexmark-ext-admonition-0.62.2.jar;C:\Users\ADW User ACR\.m2\repository\com\vladsch\flexmark\flexmark-ext-anchorlink\0.62.2\flexmark-ext-anchorlink-0.62.2.jar;C:\Users\ADW User ACR\.m2\repository\com\vladsch\flexmark\flexmark-ext-aside\0.62.2\flexmark-ext-aside-0.62.2.jar;C:\Users\ADW User ACR\.m2\repository\com\vladsch\flexmark\flexmark-ext-attributes\0.62.2\flexmark-ext-attributes-0.62.2.jar;C:\Users\ADW User ACR\.m2\repository\com\vladsch\flexmark\flexmark-ext-autolink\0.62.2\flexmark-ext-autolink-0.62.2.jar;C:\Users\ADW User ACR\.m2\repository\org\nibor\autolink\autolink\0.6.0\autolink-0.6.0.jar;C:\Users\ADW User ACR\.m2\repository\com\vladsch\flexmark\flexmark-ext-definition\0.62.2\flexmark-ext-definition-0.62.2.jar;C:\Users\ADW User ACR\.m2\repository\com\vladsch\flexmark\flexmark-ext-emoji\0.62.2\flexmark-ext-emoji-0.62.2.jar;C:\Users\ADW User ACR\.m2\repository\com\vladsch\flexmark\flexmark-ext-enumerated-reference\0.62.2\flexmark-ext-enumerated-reference-0.62.2.jar;C:\Users\ADW User ACR\.m2\repository\com\vladsch\flexmark\flexmark-ext-escaped-character\0.62.2\flexmark-ext-escaped-character-0.62.2.jar;C:\Users\ADW User ACR\.m2\repository\com\vladsch\flexmark\flexmark-ext-footnotes\0.62.2\flexmark-ext-footnotes-0.62.2.jar;C:\Users\ADW User ACR\.m2\repository\com\vladsch\flexmark\flexmark-ext-gfm-issues\0.62.2\flexmark-ext-gfm-issues-0.62.2.jar;C:\Users\ADW User ACR\.m2\repository\com\vladsch\flexmark\flexmark-ext-gfm-strikethrough\0.62.2\flexmark-ext-gfm-strikethrough-0.62.2.jar;C:\Users\ADW User ACR\.m2\repository\com\vladsch\flexmark\flexmark-ext-gfm-tasklist\0.62.2\flexmark-ext-gfm-tasklist-0.62.2.jar;C:\Users\ADW User ACR\.m2\repository\com\vladsch\flexmark\flexmark-ext-gfm-users\0.62.2\flexmark-ext-gfm-users-0.62.2.jar;C:\Users\ADW User ACR\.m2\repository\com\vladsch\flexmark\flexmark-ext-gitlab\0.62.2\flexmark-ext-gitlab-0.62.2.jar;C:\Users\ADW User ACR\.m2\repository\com\vladsch\flexmark\flexmark-ext-jekyll-front-matter\0.62.2\flexmark-ext-jekyll-front-matter-0.62.2.jar;C:\Users\ADW User ACR\.m2\repository\com\vladsch\flexmark\flexmark-ext-jekyll-tag\0.62.2\flexmark-ext-jekyll-tag-0.62.2.jar;C:\Users\ADW User ACR\.m2\repository\com\vladsch\flexmark\flexmark-ext-media-tags\0.62.2\flexmark-ext-media-tags-0.62.2.jar;C:\Users\ADW User ACR\.m2\repository\com\vladsch\flexmark\flexmark-ext-macros\0.62.2\flexmark-ext-macros-0.62.2.jar;C:\Users\ADW User ACR\.m2\repository\com\vladsch\flexmark\flexmark-ext-ins\0.62.2\flexmark-ext-ins-0.62.2.jar;C:\Users\ADW User ACR\.m2\repository\com\vladsch\flexmark\flexmark-ext-xwiki-macros\0.62.2\flexmark-ext-xwiki-macros-0.62.2.jar;C:\Users\ADW User ACR\.m2\repository\com\vladsch\flexmark\flexmark-ext-superscript\0.62.2\flexmark-ext-superscript-0.62.2.jar;C:\Users\ADW User ACR\.m2\repository\com\vladsch\flexmark\flexmark-ext-tables\0.62.2\flexmark-ext-tables-0.62.2.jar;C:\Users\ADW User ACR\.m2\repository\com\vladsch\flexmark\flexmark-ext-toc\0.62.2\flexmark-ext-toc-0.62.2.jar;C:\Users\ADW User ACR\.m2\repository\com\vladsch\flexmark\flexmark-ext-typographic\0.62.2\flexmark-ext-typographic-0.62.2.jar;C:\Users\ADW User ACR\.m2\repository\com\vladsch\flexmark\flexmark-ext-wikilink\0.62.2\flexmark-ext-wikilink-0.62.2.jar;C:\Users\ADW User ACR\.m2\repository\com\vladsch\flexmark\flexmark-ext-yaml-front-matter\0.62.2\flexmark-ext-yaml-front-matter-0.62.2.jar;C:\Users\ADW User ACR\.m2\repository\com\vladsch\flexmark\flexmark-ext-youtube-embedded\0.62.2\flexmark-ext-youtube-embedded-0.62.2.jar;C:\Users\ADW User ACR\.m2\repository\com\vladsch\flexmark\flexmark-html2md-converter\0.62.2\flexmark-html2md-converter-0.62.2.jar;C:\Users\ADW User ACR\.m2\repository\com\vladsch\flexmark\flexmark-jira-converter\0.62.2\flexmark-jira-converter-0.62.2.jar;C:\Users\ADW User ACR\.m2\repository\com\vladsch\flexmark\flexmark-pdf-converter\0.62.2\flexmark-pdf-converter-0.62.2.jar;C:\Users\ADW User ACR\.m2\repository\com\openhtmltopdf\openhtmltopdf-core\1.0.0\openhtmltopdf-core-1.0.0.jar;C:\Users\ADW User ACR\.m2\repository\com\openhtmltopdf\openhtmltopdf-pdfbox\1.0.0\openhtmltopdf-pdfbox-1.0.0.jar;C:\Users\ADW User ACR\.m2\repository\org\apache\pdfbox\pdfbox\2.0.16\pdfbox-2.0.16.jar;C:\Users\ADW User ACR\.m2\repository\org\apache\pdfbox\fontbox\2.0.16\fontbox-2.0.16.jar;C:\Users\ADW User ACR\.m2\repository\org\apache\pdfbox\xmpbox\2.0.16\xmpbox-2.0.16.jar;C:\Users\ADW User ACR\.m2\repository\de\rototor\pdfbox\graphics2d\0.24\graphics2d-0.24.jar;C:\Users\ADW User ACR\.m2\repository\com\openhtmltopdf\openhtmltopdf-rtl-support\1.0.0\openhtmltopdf-rtl-support-1.0.0.jar;C:\Users\ADW User ACR\.m2\repository\com\openhtmltopdf\openhtmltopdf-jsoup-dom-converter\1.0.0\openhtmltopdf-jsoup-dom-converter-1.0.0.jar;C:\Users\ADW User ACR\.m2\repository\com\vladsch\flexmark\flexmark-profile-pegdown\0.62.2\flexmark-profile-pegdown-0.62.2.jar;C:\Users\ADW User ACR\.m2\repository\com\vladsch\flexmark\flexmark-util-ast\0.62.2\flexmark-util-ast-0.62.2.jar;C:\Users\ADW User ACR\.m2\repository\com\vladsch\flexmark\flexmark-util-builder\0.62.2\flexmark-util-builder-0.62.2.jar;C:\Users\ADW User ACR\.m2\repository\com\vladsch\flexmark\flexmark-util-collection\0.62.2\flexmark-util-collection-0.62.2.jar;C:\Users\ADW User ACR\.m2\repository\com\vladsch\flexmark\flexmark-util-data\0.62.2\flexmark-util-data-0.62.2.jar;C:\Users\ADW User ACR\.m2\repository\com\vladsch\flexmark\flexmark-util-dependency\0.62.2\flexmark-util-dependency-0.62.2.jar;C:\Users\ADW User ACR\.m2\repository\com\vladsch\flexmark\flexmark-util-format\0.62.2\flexmark-util-format-0.62.2.jar;C:\Users\ADW User ACR\.m2\repository\com\vladsch\flexmark\flexmark-util-html\0.62.2\flexmark-util-html-0.62.2.jar;C:\Users\ADW User ACR\.m2\repository\com\vladsch\flexmark\flexmark-util-misc\0.62.2\flexmark-util-misc-0.62.2.jar;C:\Users\ADW User ACR\.m2\repository\com\vladsch\flexmark\flexmark-util-options\0.62.2\flexmark-util-options-0.62.2.jar;C:\Users\ADW User ACR\.m2\repository\com\vladsch\flexmark\flexmark-util-sequence\0.62.2\flexmark-util-sequence-0.62.2.jar;C:\Users\ADW User ACR\.m2\repository\com\vladsch\flexmark\flexmark-util-visitor\0.62.2\flexmark-util-visitor-0.62.2.jar;C:\Users\ADW User ACR\.m2\repository\com\vladsch\flexmark\flexmark-youtrack-converter\0.62.2\flexmark-youtrack-converter-0.62.2.jar;C:\Users\ADW User ACR\.m2\repository\com\ibm\icu\icu4j\72.1\icu4j-72.1.jar;C:\Users\ADW User ACR\.m2\repository\es\nitaur\markdown\txtmark\0.16\txtmark-0.16.jar;C:\Users\ADW User ACR\.m2\repository\net\serenity-bdd\serenity-report-resources\3.6.21\serenity-report-resources-3.6.21.jar;C:\Users\ADW User ACR\.m2\repository\com\google\code\gson\gson\2.10.1\gson-2.10.1.jar;C:\Users\ADW User ACR\.m2\repository\com\fasterxml\jackson\core\jackson-core\2.15.0-rc1\jackson-core-2.15.0-rc1.jar;C:\Users\ADW User ACR\.m2\repository\com\fasterxml\jackson\core\jackson-databind\2.15.0-rc1\jackson-databind-2.15.0-rc1.jar;C:\Users\ADW User ACR\.m2\repository\com\fasterxml\jackson\core\jackson-annotations\2.15.0-rc1\jackson-annotations-2.15.0-rc1.jar;C:\Users\ADW User ACR\.m2\repository\commons-codec\commons-codec\1.15\commons-codec-1.15.jar;C:\Users\ADW User ACR\.m2\repository\commons-io\commons-io\2.11.0\commons-io-2.11.0.jar;C:\Users\ADW User ACR\.m2\repository\org\apache\httpcomponents\httpclient\4.5.13\httpclient-4.5.13.jar;C:\Users\ADW User ACR\.m2\repository\org\apache\httpcomponents\httpcore\4.4.13\httpcore-4.4.13.jar;C:\Users\ADW User ACR\.m2\repository\commons-logging\commons-logging\1.2\commons-logging-1.2.jar;C:\Users\ADW User ACR\.m2\repository\org\seleniumhq\selenium\selenium-java\4.8.1\selenium-java-4.8.1.jar;C:\Users\ADW User ACR\.m2\repository\org\seleniumhq\selenium\selenium-devtools-v108\4.8.1\selenium-devtools-v108-4.8.1.jar;C:\Users\ADW User ACR\.m2\repository\org\seleniumhq\selenium\selenium-devtools-v109\4.8.1\selenium-devtools-v109-4.8.1.jar;C:\Users\ADW User ACR\.m2\repository\org\seleniumhq\selenium\selenium-devtools-v110\4.8.1\selenium-devtools-v110-4.8.1.jar;C:\Users\ADW User ACR\.m2\repository\org\seleniumhq\selenium\selenium-devtools-v85\4.8.1\selenium-devtools-v85-4.8.1.jar;C:\Users\ADW User ACR\.m2\repository\org\seleniumhq\selenium\selenium-remote-driver\4.8.1\selenium-remote-driver-4.8.1.jar;C:\Users\ADW User ACR\.m2\repository\com\beust\jcommander\1.82\jcommander-1.82.jar;C:\Users\ADW User ACR\.m2\repository\io\netty\netty-buffer\4.1.87.Final\netty-buffer-4.1.87.Final.jar;C:\Users\ADW User ACR\.m2\repository\io\netty\netty-codec-http\4.1.87.Final\netty-codec-http-4.1.87.Final.jar;C:\Users\ADW User ACR\.m2\repository\io\netty\netty-codec\4.1.87.Final\netty-codec-4.1.87.Final.jar;C:\Users\ADW User ACR\.m2\repository\io\netty\netty-handler\4.1.87.Final\netty-handler-4.1.87.Final.jar;C:\Users\ADW User ACR\.m2\repository\io\netty\netty-common\4.1.87.Final\netty-common-4.1.87.Final.jar;C:\Users\ADW User ACR\.m2\repository\io\netty\netty-transport-classes-epoll\4.1.87.Final\netty-transport-classes-epoll-4.1.87.Final.jar;C:\Users\ADW User ACR\.m2\repository\io\netty\netty-transport-classes-kqueue\4.1.87.Final\netty-transport-classes-kqueue-4.1.87.Final.jar;C:\Users\ADW User ACR\.m2\repository\io\netty\netty-transport-native-epoll\4.1.87.Final\netty-transport-native-epoll-4.1.87.Final.jar;C:\Users\ADW User ACR\.m2\repository\io\netty\netty-transport-native-kqueue\4.1.87.Final\netty-transport-native-kqueue-4.1.87.Final.jar;C:\Users\ADW User ACR\.m2\repository\io\netty\netty-transport-native-unix-common\4.1.87.Final\netty-transport-native-unix-common-4.1.87.Final.jar;C:\Users\ADW User ACR\.m2\repository\io\netty\netty-transport\4.1.87.Final\netty-transport-4.1.87.Final.jar;C:\Users\ADW User ACR\.m2\repository\io\netty\netty-resolver\4.1.87.Final\netty-resolver-4.1.87.Final.jar;C:\Users\ADW User ACR\.m2\repository\io\opentelemetry\opentelemetry-api\1.22.0\opentelemetry-api-1.22.0.jar;C:\Users\ADW User ACR\.m2\repository\io\opentelemetry\opentelemetry-context\1.22.0\opentelemetry-context-1.22.0.jar;C:\Users\ADW User ACR\.m2\repository\io\opentelemetry\opentelemetry-exporter-logging\1.22.0\opentelemetry-exporter-logging-1.22.0.jar;C:\Users\ADW User ACR\.m2\repository\io\opentelemetry\opentelemetry-sdk-metrics\1.22.0\opentelemetry-sdk-metrics-1.22.0.jar;C:\Users\ADW User ACR\.m2\repository\io\opentelemetry\opentelemetry-sdk-logs\1.22.0-alpha\opentelemetry-sdk-logs-1.22.0-alpha.jar;C:\Users\ADW User ACR\.m2\repository\io\opentelemetry\opentelemetry-api-logs\1.22.0-alpha\opentelemetry-api-logs-1.22.0-alpha.jar;C:\Users\ADW User ACR\.m2\repository\io\opentelemetry\opentelemetry-sdk-common\1.22.0\opentelemetry-sdk-common-1.22.0.jar;C:\Users\ADW User ACR\.m2\repository\io\opentelemetry\opentelemetry-sdk-extension-autoconfigure-spi\1.22.0\opentelemetry-sdk-extension-autoconfigure-spi-1.22.0.jar;C:\Users\ADW User ACR\.m2\repository\io\opentelemetry\opentelemetry-sdk-extension-autoconfigure\1.22.0-alpha\opentelemetry-sdk-extension-autoconfigure-1.22.0-alpha.jar;C:\Users\ADW User ACR\.m2\repository\io\opentelemetry\opentelemetry-sdk-trace\1.22.0\opentelemetry-sdk-trace-1.22.0.jar;C:\Users\ADW User ACR\.m2\repository\io\opentelemetry\opentelemetry-sdk\1.22.0\opentelemetry-sdk-1.22.0.jar;C:\Users\ADW User ACR\.m2\repository\io\opentelemetry\opentelemetry-semconv\1.22.0-alpha\opentelemetry-semconv-1.22.0-alpha.jar;C:\Users\ADW User ACR\.m2\repository\io\ous\jtoml\2.0.0\jtoml-2.0.0.jar;C:\Users\ADW User ACR\.m2\repository\org\apache\commons\commons-exec\1.3\commons-exec-1.3.jar;C:\Users\ADW User ACR\.m2\repository\org\asynchttpclient\async-http-client\2.12.3\async-http-client-2.12.3.jar;C:\Users\ADW User ACR\.m2\repository\org\asynchttpclient\async-http-client-netty-utils\2.12.3\async-http-client-netty-utils-2.12.3.jar;C:\Users\ADW User ACR\.m2\repository\io\netty\netty-codec-socks\4.1.60.Final\netty-codec-socks-4.1.60.Final.jar;C:\Users\ADW User ACR\.m2\repository\io\netty\netty-handler-proxy\4.1.60.Final\netty-handler-proxy-4.1.60.Final.jar;C:\Users\ADW User ACR\.m2\repository\io\netty\netty-transport-native-epoll\4.1.60.Final\netty-transport-native-epoll-4.1.60.Final-linux-x86_64.jar;C:\Users\ADW User ACR\.m2\repository\io\netty\netty-transport-native-kqueue\4.1.60.Final\netty-transport-native-kqueue-4.1.60.Final-osx-x86_64.jar;C:\Users\ADW User ACR\.m2\repository\org\reactivestreams\reactive-streams\1.0.3\reactive-streams-1.0.3.jar;C:\Users\ADW User ACR\.m2\repository\com\typesafe\netty\netty-reactive-streams\2.0.4\netty-reactive-streams-2.0.4.jar;C:\Users\ADW User ACR\.m2\repository\org\seleniumhq\selenium\selenium-manager\4.8.1\selenium-manager-4.8.1.jar;C:\Users\ADW User ACR\.m2\repository\org\seleniumhq\selenium\selenium-safari-driver\4.8.1\selenium-safari-driver-4.8.1.jar;C:\Users\ADW User ACR\.m2\repository\org\seleniumhq\selenium\selenium-api\4.8.1\selenium-api-4.8.1.jar;C:\Users\ADW User ACR\.m2\repository\org\seleniumhq\selenium\selenium-support\4.8.1\selenium-support-4.8.1.jar;C:\Users\ADW User ACR\.m2\repository\com\google\auto\service\auto-service-annotations\1.0.1\auto-service-annotations-1.0.1.jar;C:\Users\ADW User ACR\.m2\repository\com\google\auto\service\auto-service\1.0.1\auto-service-1.0.1.jar;C:\Users\ADW User ACR\.m2\repository\com\google\auto\auto-common\1.2\auto-common-1.2.jar;C:\Users\ADW User ACR\.m2\repository\org\seleniumhq\selenium\selenium-json\4.8.1\selenium-json-4.8.1.jar;C:\Users\ADW User ACR\.m2\repository\org\seleniumhq\selenium\selenium-chrome-driver\4.8.1\selenium-chrome-driver-4.8.1.jar;C:\Users\ADW User ACR\.m2\repository\org\seleniumhq\selenium\selenium-chromium-driver\4.8.1\selenium-chromium-driver-4.8.1.jar;C:\Users\ADW User ACR\.m2\repository\org\seleniumhq\selenium\selenium-firefox-driver\4.8.1\selenium-firefox-driver-4.8.1.jar;C:\Users\ADW User ACR\.m2\repository\org\seleniumhq\selenium\selenium-http\4.8.1\selenium-http-4.8.1.jar;C:\Users\ADW User ACR\.m2\repository\dev\failsafe\failsafe\3.3.0\failsafe-3.3.0.jar;C:\Users\ADW User ACR\.m2\repository\org\seleniumhq\selenium\selenium-edge-driver\4.8.1\selenium-edge-driver-4.8.1.jar;C:\Users\ADW User ACR\.m2\repository\org\seleniumhq\selenium\selenium-ie-driver\4.8.1\selenium-ie-driver-4.8.1.jar;C:\Users\ADW User ACR\.m2\repository\org\projectlombok\lombok\1.18.20\lombok-1.18.20.jar;C:\Users\ADW User ACR\.m2\repository\io\appium\java-client\8.3.0\java-client-8.3.0.jar;C:\Users\ADW User ACR\.m2\repository\commons-validator\commons-validator\1.7\commons-validator-1.7.jar;C:\Users\ADW User ACR\.m2\repository\commons-digester\commons-digester\2.1\commons-digester-2.1.jar;C:\Users\ADW User ACR\.m2\repository\org\apache\groovy\groovy\4.0.10\groovy-4.0.10.jar;C:\Users\ADW User ACR\.m2\repository\net\sf\opencsv\opencsv\2.0\opencsv-2.0.jar;C:\Users\ADW User ACR\.m2\repository\commons-beanutils\commons-beanutils\1.9.4\commons-beanutils-1.9.4.jar;C:\Users\ADW User ACR\.m2\repository\org\apache\commons\commons-lang3\3.12.0\commons-lang3-3.12.0.jar;C:\Users\ADW User ACR\.m2\repository\commons-collections\commons-collections\3.2.2\commons-collections-3.2.2.jar;C:\Users\ADW User ACR\.m2\repository\org\fluentlenium\fluentlenium-core\0.10.2\fluentlenium-core-0.10.2.jar;C:\Users\ADW User ACR\.m2\repository\io\github\bonigarcia\webdrivermanager\5.3.0\webdrivermanager-5.3.0.jar;C:\Users\ADW User ACR\.m2\repository\com\github\docker-java\docker-java\3.2.13\docker-java-3.2.13.jar;C:\Users\ADW User ACR\.m2\repository\com\github\docker-java\docker-java-core\3.2.13\docker-java-core-3.2.13.jar;C:\Users\ADW User ACR\.m2\repository\com\github\docker-java\docker-java-api\3.2.13\docker-java-api-3.2.13.jar;C:\Users\ADW User ACR\.m2\repository\org\apache\commons\commons-compress\1.21\commons-compress-1.21.jar;C:\Users\ADW User ACR\.m2\repository\org\bouncycastle\bcpkix-jdk15on\1.64\bcpkix-jdk15on-1.64.jar;C:\Users\ADW User ACR\.m2\repository\org\bouncycastle\bcprov-jdk15on\1.64\bcprov-jdk15on-1.64.jar;C:\Users\ADW User ACR\.m2\repository\org\slf4j\jcl-over-slf4j\1.7.30\jcl-over-slf4j-1.7.30.jar;C:\Users\ADW User ACR\.m2\repository\com\github\docker-java\docker-java-transport-httpclient5\3.2.13\docker-java-transport-httpclient5-3.2.13.jar;C:\Users\ADW User ACR\.m2\repository\com\github\docker-java\docker-java-transport\3.2.13\docker-java-transport-3.2.13.jar;C:\Users\ADW User ACR\.m2\repository\net\java\dev\jna\jna\5.8.0\jna-5.8.0.jar;C:\Users\ADW User ACR\.m2\repository\org\brotli\dec\0.1.2\dec-0.1.2.jar;C:\Users\ADW User ACR\.m2\repository\org\apache\httpcomponents\client5\httpclient5\5.1.3\httpclient5-5.1.3.jar;C:\Users\ADW User ACR\.m2\repository\org\apache\httpcomponents\core5\httpcore5\5.1.3\httpcore5-5.1.3.jar;C:\Users\ADW User ACR\.m2\repository\org\apache\httpcomponents\core5\httpcore5-h2\5.1.3\httpcore5-h2-5.1.3.jar;C:\Users\ADW User ACR\.m2\repository\com\jhlabs\filters\2.0.235\filters-2.0.235.jar;C:\Users\ADW User ACR\.m2\repository\com\paulhammant\ngwebdriver\1.1.6\ngwebdriver-1.1.6.jar;C:\Users\ADW User ACR\.m2\repository\joda-time\joda-time\2.12.2\joda-time-2.12.2.jar;C:\Users\ADW User ACR\.m2\repository\org\hamcrest\hamcrest\2.2\hamcrest-2.2.jar;C:\Users\ADW User ACR\.m2\repository\com\google\jimfs\jimfs\1.2\jimfs-1.2.jar;C:\Users\ADW User ACR\.m2\repository\org\mockito\mockito-core\3.3.3\mockito-core-3.3.3.jar;C:\Users\ADW User ACR\.m2\repository\javax\xml\bind\jaxb-api\2.3.1\jaxb-api-2.3.1.jar;C:\Users\ADW User ACR\.m2\repository\javax\activation\javax.activation-api\1.2.0\javax.activation-api-1.2.0.jar;C:\Users\ADW User ACR\.m2\repository\com\sun\xml\bind\jaxb-core\2.3.0.1\jaxb-core-2.3.0.1.jar;C:\Users\ADW User ACR\.m2\repository\com\sun\xml\bind\jaxb-impl\2.3.3\jaxb-impl-2.3.3.jar;C:\Users\ADW User ACR\.m2\repository\jakarta\xml\bind\jakarta.xml.bind-api\2.3.3\jakarta.xml.bind-api-2.3.3.jar;C:\Users\ADW User ACR\.m2\repository\com\sun\activation\jakarta.activation\1.2.2\jakarta.activation-1.2.2.jar;C:\Users\ADW User ACR\.m2\repository\javax\activation\activation\1.1.1\activation-1.1.1.jar;C:\Users\ADW User ACR\.m2\repository\net\serenity-bdd\serenity-cucumber\3.6.21\serenity-cucumber-3.6.21.jar;C:\Users\ADW User ACR\.m2\repository\io\cucumber\cucumber-core\7.11.0\cucumber-core-7.11.0.jar;C:\Users\ADW User ACR\.m2\repository\io\cucumber\cucumber-gherkin\7.11.0\cucumber-gherkin-7.11.0.jar;C:\Users\ADW User ACR\.m2\repository\io\cucumber\cucumber-gherkin-messages\7.11.0\cucumber-gherkin-messages-7.11.0.jar;C:\Users\ADW User ACR\.m2\repository\io\cucumber\gherkin\26.0.3\gherkin-26.0.3.jar;C:\Users\ADW User ACR\.m2\repository\io\cucumber\messages\21.0.1\messages-21.0.1.jar;C:\Users\ADW User ACR\.m2\repository\io\cucumber\tag-expressions\5.0.1\tag-expressions-5.0.1.jar;C:\Users\ADW User ACR\.m2\repository\io\cucumber\cucumber-expressions\16.1.1\cucumber-expressions-16.1.1.jar;C:\Users\ADW User ACR\.m2\repository\io\cucumber\datatable\7.11.0\datatable-7.11.0.jar;C:\Users\ADW User ACR\.m2\repository\io\cucumber\cucumber-plugin\7.11.0\cucumber-plugin-7.11.0.jar;C:\Users\ADW User ACR\.m2\repository\io\cucumber\docstring\7.11.0\docstring-7.11.0.jar;C:\Users\ADW User ACR\.m2\repository\io\cucumber\html-formatter\20.2.1\html-formatter-20.2.1.jar;C:\Users\ADW User ACR\.m2\repository\io\cucumber\junit-xml-formatter\0.1.0\junit-xml-formatter-0.1.0.jar;C:\Users\ADW User ACR\.m2\repository\io\cucumber\ci-environment\9.1.0\ci-environment-9.1.0.jar;C:\Users\ADW User ACR\.m2\repository\io\cucumber\cucumber-java\7.11.0\cucumber-java-7.11.0.jar;C:\Users\ADW User ACR\.m2\repository\io\cucumber\cucumber-junit\7.11.0\cucumber-junit-7.11.0.jar;C:\Users\ADW User ACR\.m2\repository\org\apache\commons\commons-csv\1.5\commons-csv-1.5.jar;C:\Users\ADW User ACR\.m2\repository\net\serenity-bdd\serenity-screenplay\3.6.21\serenity-screenplay-3.6.21.jar;C:\Users\ADW User ACR\.m2\repository\net\serenity-bdd\serenity-screenplay-webdriver\3.6.21\serenity-screenplay-webdriver-3.6.21.jar;C:\Users\ADW User ACR\.m2\repository\net\serenity-bdd\serenity-ensure\3.6.21\serenity-ensure-3.6.21.jar;C:\Users\ADW User ACR\.m2\repository\net\serenity-bdd\serenity-junit\3.6.21\serenity-junit-3.6.21.jar;C:\Users\ADW User ACR\.m2\repository\org\jetbrains\kotlin\kotlin-stdlib\1.8.10\kotlin-stdlib-1.8.10.jar;C:\Users\ADW User ACR\.m2\repository\org\jetbrains\kotlin\kotlin-stdlib-common\1.8.10\kotlin-stdlib-common-1.8.10.jar;C:\Users\ADW User ACR\.m2\repository\org\jetbrains\annotations\13.0\annotations-13.0.jar;C:\Users\ADW User ACR\.m2\repository\org\junit\platform\junit-platform-launcher\1.8.2\junit-platform-launcher-1.8.2.jar;C:\Users\ADW User ACR\.m2\repository\org\junit\platform\junit-platform-engine\1.8.2\junit-platform-engine-1.8.2.jar;C:\Users\ADW User ACR\.m2\repository\org\opentest4j\opentest4j\1.2.0\opentest4j-1.2.0.jar;C:\Users\ADW User ACR\.m2\repository\org\junit\platform\junit-platform-commons\1.8.2\junit-platform-commons-1.8.2.jar;C:\Users\ADW User ACR\.m2\repository\org\apiguardian\apiguardian-api\1.1.2\apiguardian-api-1.1.2.jar;C:\Users\ADW User ACR\.m2\repository\org\junit\jupiter\junit-jupiter-engine\5.8.2\junit-jupiter-engine-5.8.2.jar;C:\Users\ADW User ACR\.m2\repository\org\junit\jupiter\junit-jupiter-api\5.8.2\junit-jupiter-api-5.8.2.jar;C:\Users\ADW User ACR\.m2\repository\org\junit\vintage\junit-vintage-engine\5.8.2\junit-vintage-engine-5.8.2.jar;C:\Users\ADW User ACR\.m2\repository\junit\junit\4.13.2\junit-4.13.2.jar;C:\Users\ADW User ACR\.m2\repository\org\hamcrest\hamcrest-core\1.3\hamcrest-core-1.3.jar;C:\Users\ADW User ACR\.m2\repository\ch\qos\logback\logback-classic\1.2.10\logback-classic-1.2.10.jar;C:\Users\ADW User ACR\.m2\repository\ch\qos\logback\logback-core\1.2.10\logback-core-1.2.10.jar;C:\Users\ADW User ACR\.m2\repository\org\slf4j\slf4j-api\1.7.32\slf4j-api-1.7.32.jar;C:\Users\ADW User ACR\.m2\repository\org\assertj\assertj-core\3.23.1\assertj-core-3.23.1.jar;C:\Users\ADW User ACR\.m2\repository\net\bytebuddy\byte-buddy\1.12.10\byte-buddy-1.12.10.jar;"/>
    <property name="sun.cpu.endian" value="little"/>
    <property name="user.home" value="C:\Users\ADW User ACR"/>
    <property name="user.language" value="en"/>
    <property name="java.specification.vendor" value="Oracle Corporation"/>
    <property name="java.home" value="C:\Program Files\Java\jdk1.8.0_202\jre"/>
    <property name="basedir" value="D:\D\QE_Alta\mini-project-nisa\Web\Altashop-Register"/>
    <property name="file.separator" value="\"/>
    <property name="line.separator" value="&#10;"/>
    <property name="java.vm.specification.vendor" value="Oracle Corporation"/>
    <property name="java.specification.name" value="Java Platform API Specification"/>
    <property name="java.awt.graphicsenv" value="sun.awt.Win32GraphicsEnvironment"/>
    <property name="surefire.real.class.path" value="C:\Users\ADW User ACR\AppData\Local\Temp\surefire6704936533724575055\surefirebooter3082692983401556964.jar"/>
    <property name="sun.boot.class.path" value="C:\Program Files\Java\jdk1.8.0_202\jre\lib\resources.jar;C:\Program Files\Java\jdk1.8.0_202\jre\lib\rt.jar;C:\Program Files\Java\jdk1.8.0_202\jre\lib\sunrsasign.jar;C:\Program Files\Java\jdk1.8.0_202\jre\lib\jsse.jar;C:\Program Files\Java\jdk1.8.0_202\jre\lib\jce.jar;C:\Program Files\Java\jdk1.8.0_202\jre\lib\charsets.jar;C:\Program Files\Java\jdk1.8.0_202\jre\lib\jfr.jar;C:\Program Files\Java\jdk1.8.0_202\jre\classes"/>
    <property name="user.script" value=""/>
    <property name="sun.management.compiler" value="HotSpot 64-Bit Tiered Compilers"/>
    <property name="java.runtime.version" value="1.8.0_202-b08"/>
    <property name="user.name" value="ADW User ACR"/>
    <property name="path.separator" value=";"/>
    <property name="os.version" value="10.0"/>
    <property name="java.endorsed.dirs" value="C:\Program Files\Java\jdk1.8.0_202\jre\lib\endorsed"/>
    <property name="java.runtime.name" value="Java(TM) SE Runtime Environment"/>
    <property name="file.encoding" value="Cp1252"/>
    <property name="webdriver.base.url" value=""/>
    <property name="java.vm.name" value="Java HotSpot(TM) 64-Bit Server VM"/>
    <property name="localRepository" value="C:\Users\ADW User ACR\.m2\repository"/>
    <property name="java.vendor.url.bug" value="http://bugreport.sun.com/bugreport/"/>
    <property name="java.io.tmpdir" value="C:\Users\ADWUSE~1\AppData\Local\Temp\"/>
    <property name="java.version" value="1.8.0_202"/>
    <property name="user.dir" value="D:\D\QE_Alta\mini-project-nisa\Web\Altashop-Register"/>
    <property name="os.arch" value="amd64"/>
    <property name="java.vm.specification.name" value="Java Virtual Machine Specification"/>
    <property name="java.awt.printerjob" value="sun.awt.windows.WPrinterJob"/>
    <property name="sun.os.patch.level" value=""/>
    <property name="java.library.path" value="C:\Program Files\Java\jdk1.8.0_202\jre\bin;C:\Windows\Sun\Java\bin;C:\Windows\system32;C:\Windows;C:\Python311\Scripts\;C:\Python311\;C:\Program Files (x86)\Common Files\Oracle\Java\javapath;C:\Program Files (x86)\Common Files\Intel\Shared Files\cpp\bin\Intel64;C:\Windows\system32;C:\Windows;C:\Windows\System32\Wbem;C:\Windows\System32\WindowsPowerShell\v1.0\;C:\Windows\System32\OpenSSH\;C:\Program Files\apache-maven-3.9.1\bin;C:\Program Files\nodejs\;C:\ProgramData\chocolatey\bin;C:\Users\Public\Android\Sdk;C:\Users\Public\Android\Sdk\platform-tools;C:\Users\ADW User ACR\AppData\Local\Microsoft\WindowsApps;C:\Users\ADW User ACR\AppData\Local\Programs\Git\cmd;C:\Users\ADW User ACR\AppData\Roaming\npm;."/>
    <property name="java.vm.info" value="mixed mode"/>
    <property name="java.vendor" value="Oracle Corporation"/>
    <property name="java.vm.version" value="25.202-b08"/>
    <property name="java.ext.dirs" value="C:\Program Files\Java\jdk1.8.0_202\jre\lib\ext;C:\Windows\Sun\Java\lib\ext"/>
    <property name="sun.io.unicode.encoding" value="UnicodeLittle"/>
    <property name="java.class.version" value="52.0"/>
  </properties>
  <testcase name="as user i want to register with complete values" classname="As a user i can be success register so that i can used my account for login" time="20.832">
    <system-out><![CDATA[20:45:37.718 [main] DEBUG net.thucydides.core.guice.Injectors - Created injector for module net.thucydides.core.guice.ThucydidesModule
20:45:38.353 [main] DEBUG io.cucumber.core.plugin.SerenityReporter - Running feature from file:///D:/D/QE_Alta/mini-project-nisa/Web/Altashop-Register/src/test/resources/features/Register.feature
20:45:38.784 [main] DEBUG net.thucydides.core.guice.Injectors - Created injector for module net.thucydides.core.guice.webdriver.WebDriverModule
20:45:38.826 [main] INFO  - 

-------------------------------------------------------------------------------------
     _______. _______ .______       _______ .__   __.  __  .___________.____    ____ 
    /       ||   ____||   _  \     |   ____||  \ |  | |  | |           |\   \  /   / 
   |   (----`|  |__   |  |_)  |    |  |__   |   \|  | |  | `---|  |----` \   \/   /  
    \   \    |   __|  |      /     |   __|  |  . `  | |  |     |  |       \_    _/   
.----)   |   |  |____ |  |\  \----.|  |____ |  |\   | |  |     |  |         |  |     
|_______/    |_______|| _| `._____||_______||__| \__| |__|     |__|         |__|    
                                                                                     
 News and tutorials at http://www.serenity-bdd.info                                  
 Documentation at https://wakaleo.gitbooks.io/the-serenity-book/content/             
 Join the Serenity Community on Gitter: https://gitter.im/serenity-bdd/serenity-core 
 Serenity BDD Support and Training at http://serenity-bdd.info/#/trainingandsupport  
-------------------------------------------------------------------------------------

20:45:38.833 [main] DEBUG net.thucydides.core.steps.StepEventBus - Test suite started for story net.thucydides.core.model.Story@60da155f
20:45:38.836 [main] INFO  - Test Suite Started: As a user i can be success register so that i can used my account for login
20:45:38.869 [main] DEBUG io.cucumber.core.plugin.SerenityReporter - Running feature from file:///D:/D/QE_Alta/mini-project-nisa/Web/Altashop-Register/src/test/resources/features/Register.feature
20:45:38.873 [main] DEBUG net.thucydides.core.steps.StepEventBus - Test suite started for story net.thucydides.core.model.Story@60da155f
20:45:38.874 [main] INFO  - Test Suite Started: As a user i can be success register so that i can used my account for login

@PositiveCaseRegister-1
Scenario: as user i want to register with complete values &amp#27;[90m# src/test/resources/features/Register.feature:4&amp#27;[0m
20:45:39.052 [main] DEBUG io.cucumber.core.plugin.SerenityReporter - Running feature from file:///D:/D/QE_Alta/mini-project-nisa/Web/Altashop-Register/src/test/resources/features/Register.feature
20:45:39.368 [main] INFO  - 
  _____   ___   ___   _____     ___   _____     _     ___   _____   ___   ___  
 |_   _| | __| / __| |_   _|   / __| |_   _|   /_\   | _ \ |_   _| | __| |   \ 
   | |   | _|  \__ \   | |     \__ \   | |    / _ \  |   /   | |   | _|  | |) |
   |_|   |___| |___/   |_|     |___/   |_|   /_/ \_\ |_|_\   |_|   |___| |___/ 

as user i want to register with complete values(as-a-user-i-can-be-success-register-so-that-i-can-used-my-account-for-login;as-user-i-want-to-register-with-complete-values)
--------------------------------------------------------------------------------
20:45:39.486 [main] DEBUG net.thucydides.core.requirements.model.cucumber.CucumberParser - Loading feature D:\D\QE_Alta\mini-project-nisa\Web\Altashop-Register\src\test\resources\features\Register.feature
20:45:41.818 [main] INFO net.serenitybdd.core.webdriver.driverproviders.DriverProvider - Using WebDriverManager configuration for chrome
20:45:44.430 [main] DEBUG io.github.bonigarcia.wdm.cache.ResolutionCache - Resolution chrome=112 in cache (valid until 21:21:21 08/05/2023 ICT)
20:45:44.433 [main] DEBUG io.github.bonigarcia.wdm.cache.ResolutionCache - Resolution chrome112=112.0.5615.49 in cache (valid until 14:13:59 09/05/2023 ICT)
20:45:44.434 [main] INFO io.github.bonigarcia.wdm.WebDriverManager - Using chromedriver 112.0.5615.49 (resolved driver for Chrome 112)
20:45:44.475 [main] DEBUG io.github.bonigarcia.wdm.WebDriverManager - Driver chromedriver 112.0.5615.49 found in cache
20:45:44.478 [main] INFO io.github.bonigarcia.wdm.WebDriverManager - Exporting webdriver.chrome.driver as C:\Users\ADW User ACR\.cache\selenium\chromedriver\win32\112.0.5615.49\chromedriver.exe
20:45:44.664 [main] INFO net.serenitybdd.core.webdriver.driverproviders.ChromeDriverProvider - Starting Chrome driver instance with capabilities:
20:45:44.680 [main] INFO net.serenitybdd.core.webdriver.driverproviders.ChromeDriverProvider - Capabilities {acceptInsecureCerts: true, browserName: chrome, goog:chromeOptions: {args: [remote-allow-origins=*, test-type, no-sandbox, ignore-certificate-errors, start-maximized, incognito, disable-infobars, disable-gpu, disable-default-apps, disable-popup-blocking, remote-allow-origins=*, test-type, no-sandbox, ignore-certificate-errors, start-maximized, incognito, disable-infobars, disable-gpu, disable-default-apps, disable-popup-blocking, remote-allow-origins=*], extensions: []}}
20:45:45.019 [main] DEBUG io.netty.util.internal.logging.InternalLoggerFactory - Using SLF4J as the default logging framework
20:45:45.029 [main] DEBUG io.netty.util.ResourceLeakDetector - -Dio.netty.leakDetection.level: simple
20:45:45.030 [main] DEBUG io.netty.util.ResourceLeakDetector - -Dio.netty.leakDetection.targetRecords: 4
20:45:45.048 [main] DEBUG io.netty.util.ResourceLeakDetectorFactory - Loaded default ResourceLeakDetector: io.netty.util.ResourceLeakDetector@71f1cc02
20:45:45.189 [main] DEBUG io.netty.util.internal.PlatformDependent0 - -Dio.netty.noUnsafe: false
20:45:45.190 [main] DEBUG io.netty.util.internal.PlatformDependent0 - Java version: 8
20:45:45.193 [main] DEBUG io.netty.util.internal.PlatformDependent0 - sun.misc.Unsafe.theUnsafe: available
20:45:45.194 [main] DEBUG io.netty.util.internal.PlatformDependent0 - sun.misc.Unsafe.copyMemory: available
20:45:45.196 [main] DEBUG io.netty.util.internal.PlatformDependent0 - sun.misc.Unsafe.storeFence: available
20:45:45.197 [main] DEBUG io.netty.util.internal.PlatformDependent0 - java.nio.Buffer.address: available
20:45:45.198 [main] DEBUG io.netty.util.internal.PlatformDependent0 - direct buffer constructor: available
20:45:45.201 [main] DEBUG io.netty.util.internal.PlatformDependent0 - java.nio.Bits.unaligned: available, true
20:45:45.202 [main] DEBUG io.netty.util.internal.PlatformDependent0 - jdk.internal.misc.Unsafe.allocateUninitializedArray(int): unavailable prior to Java9
20:45:45.202 [main] DEBUG io.netty.util.internal.PlatformDependent0 - java.nio.DirectByteBuffer.<init>(long, int): available
20:45:45.203 [main] DEBUG io.netty.util.internal.PlatformDependent - sun.misc.Unsafe: available
20:45:45.204 [main] DEBUG io.netty.util.internal.PlatformDependent - -Dio.netty.tmpdir: C:\Users\ADWUSE~1\AppData\Local\Temp (java.io.tmpdir)
20:45:45.205 [main] DEBUG io.netty.util.internal.PlatformDependent - -Dio.netty.bitMode: 64 (sun.arch.data.model)
20:45:45.206 [main] DEBUG io.netty.util.internal.PlatformDependent - Platform: Windows
20:45:45.209 [main] DEBUG io.netty.util.internal.PlatformDependent - -Dio.netty.maxDirectMemory: 1840250880 bytes
20:45:45.219 [main] DEBUG io.netty.util.internal.PlatformDependent - -Dio.netty.uninitializedArrayAllocationThreshold: -1
20:45:45.223 [main] DEBUG io.netty.util.internal.CleanerJava6 - java.nio.ByteBuffer.cleaner(): available
20:45:45.224 [main] DEBUG io.netty.util.internal.PlatformDependent - -Dio.netty.noPreferDirect: false
20:45:45.283 [main] DEBUG io.netty.util.internal.PlatformDependent - org.jctools-core.MpscChunkedArrayQueue: available
20:45:45.356 [main] DEBUG io.netty.util.internal.InternalThreadLocalMap - -Dio.netty.threadLocalMap.stringBuilder.initialSize: 1024
20:45:45.356 [main] DEBUG io.netty.util.internal.InternalThreadLocalMap - -Dio.netty.threadLocalMap.stringBuilder.maxSize: 4096
20:45:45.566 [main] DEBUG io.netty.handler.ssl.JdkSslContext - Default protocols (JDK): [TLSv1.2, TLSv1.1, TLSv1] 
20:45:45.566 [main] DEBUG io.netty.handler.ssl.JdkSslContext - Default cipher suites (JDK): [TLS_ECDHE_ECDSA_WITH_AES_256_GCM_SHA384, TLS_ECDHE_ECDSA_WITH_AES_128_GCM_SHA256, TLS_ECDHE_RSA_WITH_AES_128_GCM_SHA256, TLS_ECDHE_RSA_WITH_AES_256_GCM_SHA384, TLS_ECDHE_RSA_WITH_AES_128_CBC_SHA, TLS_ECDHE_RSA_WITH_AES_256_CBC_SHA, TLS_RSA_WITH_AES_128_GCM_SHA256, TLS_RSA_WITH_AES_128_CBC_SHA, TLS_RSA_WITH_AES_256_CBC_SHA]
20:45:45.883 [main] DEBUG io.netty.channel.MultithreadEventLoopGroup - -Dio.netty.eventLoopThreads: 8
20:45:45.909 [main] DEBUG io.netty.channel.nio.NioEventLoop - -Dio.netty.noKeySetOptimization: false
20:45:45.909 [main] DEBUG io.netty.channel.nio.NioEventLoop - -Dio.netty.selectorAutoRebuildThreshold: 512
20:45:46.006 [main] DEBUG io.netty.buffer.PooledByteBufAllocator - -Dio.netty.allocator.numHeapArenas: 8
20:45:46.006 [main] DEBUG io.netty.buffer.PooledByteBufAllocator - -Dio.netty.allocator.numDirectArenas: 8
20:45:46.007 [main] DEBUG io.netty.buffer.PooledByteBufAllocator - -Dio.netty.allocator.pageSize: 8192
20:45:46.007 [main] DEBUG io.netty.buffer.PooledByteBufAllocator - -Dio.netty.allocator.maxOrder: 9
20:45:46.007 [main] DEBUG io.netty.buffer.PooledByteBufAllocator - -Dio.netty.allocator.chunkSize: 4194304
20:45:46.008 [main] DEBUG io.netty.buffer.PooledByteBufAllocator - -Dio.netty.allocator.smallCacheSize: 256
20:45:46.008 [main] DEBUG io.netty.buffer.PooledByteBufAllocator - -Dio.netty.allocator.normalCacheSize: 64
20:45:46.008 [main] DEBUG io.netty.buffer.PooledByteBufAllocator - -Dio.netty.allocator.maxCachedBufferCapacity: 32768
20:45:46.009 [main] DEBUG io.netty.buffer.PooledByteBufAllocator - -Dio.netty.allocator.cacheTrimInterval: 8192
20:45:46.009 [main] DEBUG io.netty.buffer.PooledByteBufAllocator - -Dio.netty.allocator.cacheTrimIntervalMillis: 0
20:45:46.009 [main] DEBUG io.netty.buffer.PooledByteBufAllocator - -Dio.netty.allocator.useCacheForAllThreads: false
20:45:46.009 [main] DEBUG io.netty.buffer.PooledByteBufAllocator - -Dio.netty.allocator.maxCachedByteBuffersPerChunk: 1023
20:45:46.046 [main] DEBUG io.netty.buffer.ByteBufUtil - -Dio.netty.allocator.type: pooled
20:45:46.056 [main] DEBUG io.netty.buffer.ByteBufUtil - -Dio.netty.threadLocalDirectBufferSize: 0
20:45:46.073 [main] DEBUG io.netty.buffer.ByteBufUtil - -Dio.netty.maxThreadLocalCharBufferSize: 16384
20:45:47.522 [Forwarding newSession on session null to remote] DEBUG io.netty.channel.DefaultChannelId - -Dio.netty.processId: 16588 (auto-detected)
20:45:47.526 [Forwarding newSession on session null to remote] DEBUG io.netty.util.NetUtil - -Djava.net.preferIPv4Stack: false
20:45:47.526 [Forwarding newSession on session null to remote] DEBUG io.netty.util.NetUtil - -Djava.net.preferIPv6Addresses: false
20:45:48.196 [Forwarding newSession on session null to remote] DEBUG io.netty.util.NetUtilInitializations - Loopback interface: lo (Software Loopback Interface 1, 127.0.0.1)
20:45:48.198 [Forwarding newSession on session null to remote] DEBUG io.netty.util.NetUtil - Failed to get SOMAXCONN from sysctl and file \proc\sys\net\core\somaxconn. Default: 200
20:45:48.253 [Forwarding newSession on session null to remote] DEBUG io.netty.channel.DefaultChannelId - -Dio.netty.machineId: a4:02:b9:ff:fe:26:7f:1e (auto-detected)
20:45:48.396 [AsyncHttpClient-1-2] DEBUG io.netty.buffer.AbstractByteBuf - -Dio.netty.buffer.checkAccessible: true
20:45:48.396 [AsyncHttpClient-1-2] DEBUG io.netty.buffer.AbstractByteBuf - -Dio.netty.buffer.checkBounds: true
20:45:48.396 [AsyncHttpClient-1-2] DEBUG io.netty.util.ResourceLeakDetectorFactory - Loaded default ResourceLeakDetector: io.netty.util.ResourceLeakDetector@7d66c4ca
20:45:48.439 [AsyncHttpClient-1-2] DEBUG org.asynchttpclient.netty.channel.NettyConnectListener - Using new Channel '[id: 0x75e44a7a, L:/127.0.0.1:52839 - R:localhost/127.0.0.1:31170]' for 'POST' to '/session'
20:45:48.491 [AsyncHttpClient-1-2] DEBUG io.netty.util.Recycler - -Dio.netty.recycler.maxCapacityPerThread: 4096
20:45:48.491 [AsyncHttpClient-1-2] DEBUG io.netty.util.Recycler - -Dio.netty.recycler.ratio: 8
20:45:48.491 [AsyncHttpClient-1-2] DEBUG io.netty.util.Recycler - -Dio.netty.recycler.chunkSize: 32
20:45:48.491 [AsyncHttpClient-1-2] DEBUG io.netty.util.Recycler - -Dio.netty.recycler.blocking: false
20:45:51.452 [AsyncHttpClient-1-2] DEBUG io.netty.handler.codec.compression.Brotli - brotli4j not in the classpath; Brotli support will be unavailable.
20:45:51.453 [AsyncHttpClient-1-2] DEBUG org.asynchttpclient.netty.handler.HttpHandler - 

Request DefaultHttpRequest(decodeResult: success, version: HTTP/1.1)
POST /session HTTP/1.1
User-Agent: selenium/4.8.1 (java windows)
Content-Length: 1701
Content-Type: application/json; charset=utf-8
host: localhost:31170
accept: */*

Response DefaultHttpResponse(decodeResult: success, version: HTTP/1.1)
HTTP/1.1 200 OK
Content-Length: 861
Content-Type: application/json; charset=utf-8
cache-control: no-cache

20:45:51.475 [AsyncHttpClient-1-2] DEBUG org.asynchttpclient.netty.channel.ChannelManager - Adding key: http://localhost:31170 for channel [id: 0x75e44a7a, L:/127.0.0.1:52839 - R:localhost/127.0.0.1:31170]
20:45:51.828 [AsyncHttpClient-1-3] DEBUG org.asynchttpclient.netty.channel.NettyConnectListener - Using new Channel '[id: 0x5a44bf37, L:/127.0.0.1:52848 - R:localhost/127.0.0.1:52840]' for 'GET' to '/json/version'
20:45:51.832 [AsyncHttpClient-1-3] DEBUG org.asynchttpclient.netty.handler.HttpHandler - 

Request DefaultFullHttpRequest(decodeResult: success, version: HTTP/1.1, content: EmptyByteBufBE)
GET /json/version HTTP/1.1
User-Agent: selenium/4.8.1 (java windows)
host: localhost:52840
accept: */*

Response DefaultHttpResponse(decodeResult: success, version: HTTP/1.1)
HTTP/1.1 200 OK
Content-Security-Policy: frame-ancestors 'none'
Content-Length: 424
Content-Type: application/json; charset=UTF-8

20:45:51.834 [AsyncHttpClient-1-3] DEBUG org.asynchttpclient.netty.channel.ChannelManager - Adding key: http://localhost:52840 for channel [id: 0x5a44bf37, L:/127.0.0.1:52848 - R:localhost/127.0.0.1:52840]
20:45:51.857 [main] DEBUG io.netty.util.internal.ThreadLocalRandom - -Dio.netty.initialSeedUniquifier: 0x6d382dc790a145ef
20:45:51.893 [AsyncHttpClient-1-4] DEBUG org.asynchttpclient.netty.channel.NettyConnectListener - Using new Channel '[id: 0xf9496ee5, L:/127.0.0.1:52849 - R:localhost/127.0.0.1:52840]' for 'GET' to '/devtools/browser/824b6a30-f2ce-48f5-8495-0c99a5f30a70'
20:45:51.896 [AsyncHttpClient-1-4] DEBUG org.asynchttpclient.netty.handler.WebSocketHandler - 

Request DefaultFullHttpRequest(decodeResult: success, version: HTTP/1.1, content: EmptyByteBufBE)
GET /devtools/browser/824b6a30-f2ce-48f5-8495-0c99a5f30a70 HTTP/1.1
upgrade: websocket
connection: upgrade
sec-websocket-key: WIDNlVCd5udXETu48G7pCQ==
sec-websocket-version: 13
origin: http://localhost:52840
host: localhost:52840
accept: */*
user-agent: AHC/2.1

Response DefaultHttpResponse(decodeResult: success, version: HTTP/1.1)
HTTP/1.1 101 WebSocket Protocol Handshake
Upgrade: WebSocket
Connection: Upgrade
Sec-WebSocket-Accept: WiA/zQgXWoaNOcQqLrEHVHin6QM=

20:45:52.134 [AsyncHttpClient-1-1] DEBUG org.asynchttpclient.netty.channel.DefaultChannelPool - Entry count for : http://localhost:31170 : 1
20:45:52.134 [AsyncHttpClient-1-1] DEBUG org.asynchttpclient.netty.channel.DefaultChannelPool - Entry count for : http://localhost:52840 : 1
20:45:52.287 [Forwarding get on session bd2be1e1f22cd7386c3fffc42546e8ed to remote] DEBUG org.asynchttpclient.netty.request.NettyRequestSender - Using pooled Channel '[id: 0x75e44a7a, L:/127.0.0.1:52839 - R:localhost/127.0.0.1:31170]' for 'POST' to 'http://localhost:31170/session/bd2be1e1f22cd7386c3fffc42546e8ed/url'
20:45:52.288 [Forwarding get on session bd2be1e1f22cd7386c3fffc42546e8ed to remote] DEBUG org.asynchttpclient.netty.request.NettyRequestSender - Using open Channel [id: 0x75e44a7a, L:/127.0.0.1:52839 - R:localhost/127.0.0.1:31170] for POST '/session/bd2be1e1f22cd7386c3fffc42546e8ed/url'
20:45:53.201 [AsyncHttpClient-1-1] DEBUG org.asynchttpclient.netty.channel.DefaultChannelPool - Entry count for : http://localhost:52840 : 1
20:45:54.300 [AsyncHttpClient-1-1] DEBUG org.asynchttpclient.netty.channel.DefaultChannelPool - Entry count for : http://localhost:52840 : 1
20:45:55.397 [AsyncHttpClient-1-1] DEBUG org.asynchttpclient.netty.channel.DefaultChannelPool - Entry count for : http://localhost:52840 : 1
20:45:55.730 [AsyncHttpClient-1-2] DEBUG org.asynchttpclient.netty.handler.HttpHandler - 

Request DefaultHttpRequest(decodeResult: success, version: HTTP/1.1)
POST /session/bd2be1e1f22cd7386c3fffc42546e8ed/url HTTP/1.1
User-Agent: selenium/4.8.1 (java windows)
Content-Length: 77
Content-Type: application/json; charset=utf-8
host: localhost:31170
accept: */*

Response DefaultHttpResponse(decodeResult: success, version: HTTP/1.1)
HTTP/1.1 200 OK
Content-Length: 14
Content-Type: application/json; charset=utf-8
cache-control: no-cache

20:45:55.730 [AsyncHttpClient-1-2] DEBUG org.asynchttpclient.netty.channel.ChannelManager - Adding key: http://localhost:31170 for channel [id: 0x75e44a7a, L:/127.0.0.1:52839 - R:localhost/127.0.0.1:31170]
20:45:55.742 [Forwarding setTimeout on session bd2be1e1f22cd7386c3fffc42546e8ed to remote] DEBUG org.asynchttpclient.netty.request.NettyRequestSender - Using pooled Channel '[id: 0x75e44a7a, L:/127.0.0.1:52839 - R:localhost/127.0.0.1:31170]' for 'POST' to 'http://localhost:31170/session/bd2be1e1f22cd7386c3fffc42546e8ed/timeouts'
20:45:55.742 [Forwarding setTimeout on session bd2be1e1f22cd7386c3fffc42546e8ed to remote] DEBUG org.asynchttpclient.netty.request.NettyRequestSender - Using open Channel [id: 0x75e44a7a, L:/127.0.0.1:52839 - R:localhost/127.0.0.1:31170] for POST '/session/bd2be1e1f22cd7386c3fffc42546e8ed/timeouts'
20:45:55.745 [AsyncHttpClient-1-2] DEBUG org.asynchttpclient.netty.handler.HttpHandler - 

Request DefaultHttpRequest(decodeResult: success, version: HTTP/1.1)
POST /session/bd2be1e1f22cd7386c3fffc42546e8ed/timeouts HTTP/1.1
User-Agent: selenium/4.8.1 (java windows)
Content-Length: 22
Content-Type: application/json; charset=utf-8
host: localhost:31170
accept: */*

Response DefaultHttpResponse(decodeResult: success, version: HTTP/1.1)
HTTP/1.1 200 OK
Content-Length: 14
Content-Type: application/json; charset=utf-8
cache-control: no-cache

20:45:55.746 [AsyncHttpClient-1-2] DEBUG org.asynchttpclient.netty.channel.ChannelManager - Adding key: http://localhost:31170 for channel [id: 0x75e44a7a, L:/127.0.0.1:52839 - R:localhost/127.0.0.1:31170]
20:45:55.791 [Forwarding findElement on session bd2be1e1f22cd7386c3fffc42546e8ed to remote] DEBUG org.asynchttpclient.netty.request.NettyRequestSender - Using pooled Channel '[id: 0x75e44a7a, L:/127.0.0.1:52839 - R:localhost/127.0.0.1:31170]' for 'POST' to 'http://localhost:31170/session/bd2be1e1f22cd7386c3fffc42546e8ed/element'
20:45:55.791 [Forwarding findElement on session bd2be1e1f22cd7386c3fffc42546e8ed to remote] DEBUG org.asynchttpclient.netty.request.NettyRequestSender - Using open Channel [id: 0x75e44a7a, L:/127.0.0.1:52839 - R:localhost/127.0.0.1:31170] for POST '/session/bd2be1e1f22cd7386c3fffc42546e8ed/element'
20:45:55.828 [AsyncHttpClient-1-2] DEBUG org.asynchttpclient.netty.handler.HttpHandler - 

Request DefaultHttpRequest(decodeResult: success, version: HTTP/1.1)
POST /session/bd2be1e1f22cd7386c3fffc42546e8ed/element HTTP/1.1
User-Agent: selenium/4.8.1 (java windows)
Content-Length: 72
Content-Type: application/json; charset=utf-8
host: localhost:31170
accept: */*

Response DefaultHttpResponse(decodeResult: success, version: HTTP/1.1)
HTTP/1.1 200 OK
Content-Length: 88
Content-Type: application/json; charset=utf-8
cache-control: no-cache

20:45:55.829 [AsyncHttpClient-1-2] DEBUG org.asynchttpclient.netty.channel.ChannelManager - Adding key: http://localhost:31170 for channel [id: 0x75e44a7a, L:/127.0.0.1:52839 - R:localhost/127.0.0.1:31170]
20:45:55.867 [Forwarding isElementDisplayed on session bd2be1e1f22cd7386c3fffc42546e8ed to remote] DEBUG org.asynchttpclient.netty.request.NettyRequestSender - Using pooled Channel '[id: 0x75e44a7a, L:/127.0.0.1:52839 - R:localhost/127.0.0.1:31170]' for 'POST' to 'http://localhost:31170/session/bd2be1e1f22cd7386c3fffc42546e8ed/execute/sync'
20:45:55.868 [Forwarding isElementDisplayed on session bd2be1e1f22cd7386c3fffc42546e8ed to remote] DEBUG org.asynchttpclient.netty.request.NettyRequestSender - Using open Channel [id: 0x75e44a7a, L:/127.0.0.1:52839 - R:localhost/127.0.0.1:31170] for POST '/session/bd2be1e1f22cd7386c3fffc42546e8ed/execute/sync'
20:45:55.905 [AsyncHttpClient-1-2] DEBUG org.asynchttpclient.netty.handler.HttpHandler - 

Request DefaultHttpRequest(decodeResult: success, version: HTTP/1.1)
POST /session/bd2be1e1f22cd7386c3fffc42546e8ed/execute/sync HTTP/1.1
User-Agent: selenium/4.8.1 (java windows)
Content-Length: 48807
Content-Type: application/json; charset=utf-8
host: localhost:31170
accept: */*

Response DefaultHttpResponse(decodeResult: success, version: HTTP/1.1)
HTTP/1.1 200 OK
Content-Length: 14
Content-Type: application/json; charset=utf-8
cache-control: no-cache

20:45:55.905 [AsyncHttpClient-1-2] DEBUG org.asynchttpclient.netty.channel.ChannelManager - Adding key: http://localhost:31170 for channel [id: 0x75e44a7a, L:/127.0.0.1:52839 - R:localhost/127.0.0.1:31170]
20:45:55.917 [Forwarding isElementDisplayed on session bd2be1e1f22cd7386c3fffc42546e8ed to remote] DEBUG org.asynchttpclient.netty.request.NettyRequestSender - Using pooled Channel '[id: 0x75e44a7a, L:/127.0.0.1:52839 - R:localhost/127.0.0.1:31170]' for 'POST' to 'http://localhost:31170/session/bd2be1e1f22cd7386c3fffc42546e8ed/execute/sync'
20:45:55.917 [Forwarding isElementDisplayed on session bd2be1e1f22cd7386c3fffc42546e8ed to remote] DEBUG org.asynchttpclient.netty.request.NettyRequestSender - Using open Channel [id: 0x75e44a7a, L:/127.0.0.1:52839 - R:localhost/127.0.0.1:31170] for POST '/session/bd2be1e1f22cd7386c3fffc42546e8ed/execute/sync'
20:45:55.943 [AsyncHttpClient-1-2] DEBUG org.asynchttpclient.netty.handler.HttpHandler - 

Request DefaultHttpRequest(decodeResult: success, version: HTTP/1.1)
POST /session/bd2be1e1f22cd7386c3fffc42546e8ed/execute/sync HTTP/1.1
User-Agent: selenium/4.8.1 (java windows)
Content-Length: 48807
Content-Type: application/json; charset=utf-8
host: localhost:31170
accept: */*

Response DefaultHttpResponse(decodeResult: success, version: HTTP/1.1)
HTTP/1.1 200 OK
Content-Length: 14
Content-Type: application/json; charset=utf-8
cache-control: no-cache

20:45:55.943 [AsyncHttpClient-1-2] DEBUG org.asynchttpclient.netty.channel.ChannelManager - Adding key: http://localhost:31170 for channel [id: 0x75e44a7a, L:/127.0.0.1:52839 - R:localhost/127.0.0.1:31170]
  &amp#27;[32mGiven &amp#27;[0m&amp#27;[32muser on register page&amp#27;[0m                             &amp#27;[90m# starter.stepdefinitions.RegisterSteps.userOnRegisterPage()&amp#27;[0m
20:45:56.025 [Forwarding findElement on session bd2be1e1f22cd7386c3fffc42546e8ed to remote] DEBUG org.asynchttpclient.netty.request.NettyRequestSender - Using pooled Channel '[id: 0x75e44a7a, L:/127.0.0.1:52839 - R:localhost/127.0.0.1:31170]' for 'POST' to 'http://localhost:31170/session/bd2be1e1f22cd7386c3fffc42546e8ed/element'
20:45:56.026 [Forwarding findElement on session bd2be1e1f22cd7386c3fffc42546e8ed to remote] DEBUG org.asynchttpclient.netty.request.NettyRequestSender - Using open Channel [id: 0x75e44a7a, L:/127.0.0.1:52839 - R:localhost/127.0.0.1:31170] for POST '/session/bd2be1e1f22cd7386c3fffc42546e8ed/element'
20:45:56.048 [AsyncHttpClient-1-2] DEBUG org.asynchttpclient.netty.handler.HttpHandler - 

Request DefaultHttpRequest(decodeResult: success, version: HTTP/1.1)
POST /session/bd2be1e1f22cd7386c3fffc42546e8ed/element HTTP/1.1
User-Agent: selenium/4.8.1 (java windows)
Content-Length: 55
Content-Type: application/json; charset=utf-8
host: localhost:31170
accept: */*

Response DefaultHttpResponse(decodeResult: success, version: HTTP/1.1)
HTTP/1.1 200 OK
Content-Length: 88
Content-Type: application/json; charset=utf-8
cache-control: no-cache

20:45:56.049 [AsyncHttpClient-1-2] DEBUG org.asynchttpclient.netty.channel.ChannelManager - Adding key: http://localhost:31170 for channel [id: 0x75e44a7a, L:/127.0.0.1:52839 - R:localhost/127.0.0.1:31170]
20:45:56.056 [Forwarding clearElement on session bd2be1e1f22cd7386c3fffc42546e8ed to remote] DEBUG org.asynchttpclient.netty.request.NettyRequestSender - Using pooled Channel '[id: 0x75e44a7a, L:/127.0.0.1:52839 - R:localhost/127.0.0.1:31170]' for 'POST' to 'http://localhost:31170/session/bd2be1e1f22cd7386c3fffc42546e8ed/element/7d087835-07b2-4719-916f-0e52e2828163/clear'
20:45:56.056 [Forwarding clearElement on session bd2be1e1f22cd7386c3fffc42546e8ed to remote] DEBUG org.asynchttpclient.netty.request.NettyRequestSender - Using open Channel [id: 0x75e44a7a, L:/127.0.0.1:52839 - R:localhost/127.0.0.1:31170] for POST '/session/bd2be1e1f22cd7386c3fffc42546e8ed/element/7d087835-07b2-4719-916f-0e52e2828163/clear'
20:45:56.128 [AsyncHttpClient-1-2] DEBUG org.asynchttpclient.netty.handler.HttpHandler - 

Request DefaultHttpRequest(decodeResult: success, version: HTTP/1.1)
POST /session/bd2be1e1f22cd7386c3fffc42546e8ed/element/7d087835-07b2-4719-916f-0e52e2828163/clear HTTP/1.1
User-Agent: selenium/4.8.1 (java windows)
Content-Length: 50
Content-Type: application/json; charset=utf-8
host: localhost:31170
accept: */*

Response DefaultHttpResponse(decodeResult: success, version: HTTP/1.1)
HTTP/1.1 200 OK
Content-Length: 14
Content-Type: application/json; charset=utf-8
cache-control: no-cache

20:45:56.128 [AsyncHttpClient-1-2] DEBUG org.asynchttpclient.netty.channel.ChannelManager - Adding key: http://localhost:31170 for channel [id: 0x75e44a7a, L:/127.0.0.1:52839 - R:localhost/127.0.0.1:31170]
20:45:56.139 [Forwarding sendKeysToElement on session bd2be1e1f22cd7386c3fffc42546e8ed to remote] DEBUG org.asynchttpclient.netty.request.NettyRequestSender - Using pooled Channel '[id: 0x75e44a7a, L:/127.0.0.1:52839 - R:localhost/127.0.0.1:31170]' for 'POST' to 'http://localhost:31170/session/bd2be1e1f22cd7386c3fffc42546e8ed/element/7d087835-07b2-4719-916f-0e52e2828163/value'
20:45:56.140 [Forwarding sendKeysToElement on session bd2be1e1f22cd7386c3fffc42546e8ed to remote] DEBUG org.asynchttpclient.netty.request.NettyRequestSender - Using open Channel [id: 0x75e44a7a, L:/127.0.0.1:52839 - R:localhost/127.0.0.1:31170] for POST '/session/bd2be1e1f22cd7386c3fffc42546e8ed/element/7d087835-07b2-4719-916f-0e52e2828163/value'
20:45:56.320 [AsyncHttpClient-1-2] DEBUG org.asynchttpclient.netty.handler.HttpHandler - 

Request DefaultHttpRequest(decodeResult: success, version: HTTP/1.1)
POST /session/bd2be1e1f22cd7386c3fffc42546e8ed/element/7d087835-07b2-4719-916f-0e52e2828163/value HTTP/1.1
User-Agent: selenium/4.8.1 (java windows)
Content-Length: 121
Content-Type: application/json; charset=utf-8
host: localhost:31170
accept: */*

Response DefaultHttpResponse(decodeResult: success, version: HTTP/1.1)
HTTP/1.1 200 OK
Content-Length: 14
Content-Type: application/json; charset=utf-8
cache-control: no-cache

20:45:56.321 [AsyncHttpClient-1-2] DEBUG org.asynchttpclient.netty.channel.ChannelManager - Adding key: http://localhost:31170 for channel [id: 0x75e44a7a, L:/127.0.0.1:52839 - R:localhost/127.0.0.1:31170]
  &amp#27;[32mWhen &amp#27;[0m&amp#27;[32muser input valid complete name&amp#27;[0m                     &amp#27;[90m# starter.stepdefinitions.RegisterSteps.userInputValidCompleteName()&amp#27;[0m
20:45:56.367 [Forwarding findElement on session bd2be1e1f22cd7386c3fffc42546e8ed to remote] DEBUG org.asynchttpclient.netty.request.NettyRequestSender - Using pooled Channel '[id: 0x75e44a7a, L:/127.0.0.1:52839 - R:localhost/127.0.0.1:31170]' for 'POST' to 'http://localhost:31170/session/bd2be1e1f22cd7386c3fffc42546e8ed/element'
20:45:56.368 [Forwarding findElement on session bd2be1e1f22cd7386c3fffc42546e8ed to remote] DEBUG org.asynchttpclient.netty.request.NettyRequestSender - Using open Channel [id: 0x75e44a7a, L:/127.0.0.1:52839 - R:localhost/127.0.0.1:31170] for POST '/session/bd2be1e1f22cd7386c3fffc42546e8ed/element'
20:45:56.394 [AsyncHttpClient-1-2] DEBUG org.asynchttpclient.netty.handler.HttpHandler - 

Request DefaultHttpRequest(decodeResult: success, version: HTTP/1.1)
POST /session/bd2be1e1f22cd7386c3fffc42546e8ed/element HTTP/1.1
User-Agent: selenium/4.8.1 (java windows)
Content-Length: 55
Content-Type: application/json; charset=utf-8
host: localhost:31170
accept: */*

Response DefaultHttpResponse(decodeResult: success, version: HTTP/1.1)
HTTP/1.1 200 OK
Content-Length: 88
Content-Type: application/json; charset=utf-8
cache-control: no-cache

20:45:56.395 [AsyncHttpClient-1-2] DEBUG org.asynchttpclient.netty.channel.ChannelManager - Adding key: http://localhost:31170 for channel [id: 0x75e44a7a, L:/127.0.0.1:52839 - R:localhost/127.0.0.1:31170]
20:45:56.399 [Forwarding clearElement on session bd2be1e1f22cd7386c3fffc42546e8ed to remote] DEBUG org.asynchttpclient.netty.request.NettyRequestSender - Using pooled Channel '[id: 0x75e44a7a, L:/127.0.0.1:52839 - R:localhost/127.0.0.1:31170]' for 'POST' to 'http://localhost:31170/session/bd2be1e1f22cd7386c3fffc42546e8ed/element/9216a8ba-3af4-4f84-b2ba-7111021d1183/clear'
20:45:56.400 [Forwarding clearElement on session bd2be1e1f22cd7386c3fffc42546e8ed to remote] DEBUG org.asynchttpclient.netty.request.NettyRequestSender - Using open Channel [id: 0x75e44a7a, L:/127.0.0.1:52839 - R:localhost/127.0.0.1:31170] for POST '/session/bd2be1e1f22cd7386c3fffc42546e8ed/element/9216a8ba-3af4-4f84-b2ba-7111021d1183/clear'
20:45:56.467 [AsyncHttpClient-1-2] DEBUG org.asynchttpclient.netty.handler.HttpHandler - 

Request DefaultHttpRequest(decodeResult: success, version: HTTP/1.1)
POST /session/bd2be1e1f22cd7386c3fffc42546e8ed/element/9216a8ba-3af4-4f84-b2ba-7111021d1183/clear HTTP/1.1
User-Agent: selenium/4.8.1 (java windows)
Content-Length: 50
Content-Type: application/json; charset=utf-8
host: localhost:31170
accept: */*

Response DefaultHttpResponse(decodeResult: success, version: HTTP/1.1)
HTTP/1.1 200 OK
Content-Length: 14
Content-Type: application/json; charset=utf-8
cache-control: no-cache

20:45:56.468 [AsyncHttpClient-1-2] DEBUG org.asynchttpclient.netty.channel.ChannelManager - Adding key: http://localhost:31170 for channel [id: 0x75e44a7a, L:/127.0.0.1:52839 - R:localhost/127.0.0.1:31170]
20:45:56.475 [Forwarding sendKeysToElement on session bd2be1e1f22cd7386c3fffc42546e8ed to remote] DEBUG org.asynchttpclient.netty.request.NettyRequestSender - Using pooled Channel '[id: 0x75e44a7a, L:/127.0.0.1:52839 - R:localhost/127.0.0.1:31170]' for 'POST' to 'http://localhost:31170/session/bd2be1e1f22cd7386c3fffc42546e8ed/element/9216a8ba-3af4-4f84-b2ba-7111021d1183/value'
20:45:56.475 [Forwarding sendKeysToElement on session bd2be1e1f22cd7386c3fffc42546e8ed to remote] DEBUG org.asynchttpclient.netty.request.NettyRequestSender - Using open Channel [id: 0x75e44a7a, L:/127.0.0.1:52839 - R:localhost/127.0.0.1:31170] for POST '/session/bd2be1e1f22cd7386c3fffc42546e8ed/element/9216a8ba-3af4-4f84-b2ba-7111021d1183/value'
20:45:56.496 [AsyncHttpClient-1-1] DEBUG org.asynchttpclient.netty.channel.DefaultChannelPool - Entry count for : http://localhost:52840 : 1
20:45:56.846 [AsyncHttpClient-1-2] DEBUG org.asynchttpclient.netty.handler.HttpHandler - 

Request DefaultHttpRequest(decodeResult: success, version: HTTP/1.1)
POST /session/bd2be1e1f22cd7386c3fffc42546e8ed/element/9216a8ba-3af4-4f84-b2ba-7111021d1183/value HTTP/1.1
User-Agent: selenium/4.8.1 (java windows)
Content-Length: 281
Content-Type: application/json; charset=utf-8
host: localhost:31170
accept: */*

Response DefaultHttpResponse(decodeResult: success, version: HTTP/1.1)
HTTP/1.1 200 OK
Content-Length: 14
Content-Type: application/json; charset=utf-8
cache-control: no-cache

20:45:56.846 [AsyncHttpClient-1-2] DEBUG org.asynchttpclient.netty.channel.ChannelManager - Adding key: http://localhost:31170 for channel [id: 0x75e44a7a, L:/127.0.0.1:52839 - R:localhost/127.0.0.1:31170]
  &amp#27;[32mAnd &amp#27;[0m&amp#27;[32muser input valid email&amp#27;[0m                              &amp#27;[90m# starter.stepdefinitions.RegisterSteps.userInputValidEmail()&amp#27;[0m
20:45:56.874 [Forwarding findElement on session bd2be1e1f22cd7386c3fffc42546e8ed to remote] DEBUG org.asynchttpclient.netty.request.NettyRequestSender - Using pooled Channel '[id: 0x75e44a7a, L:/127.0.0.1:52839 - R:localhost/127.0.0.1:31170]' for 'POST' to 'http://localhost:31170/session/bd2be1e1f22cd7386c3fffc42546e8ed/element'
20:45:56.874 [Forwarding findElement on session bd2be1e1f22cd7386c3fffc42546e8ed to remote] DEBUG org.asynchttpclient.netty.request.NettyRequestSender - Using open Channel [id: 0x75e44a7a, L:/127.0.0.1:52839 - R:localhost/127.0.0.1:31170] for POST '/session/bd2be1e1f22cd7386c3fffc42546e8ed/element'
20:45:56.913 [AsyncHttpClient-1-2] DEBUG org.asynchttpclient.netty.handler.HttpHandler - 

Request DefaultHttpRequest(decodeResult: success, version: HTTP/1.1)
POST /session/bd2be1e1f22cd7386c3fffc42546e8ed/element HTTP/1.1
User-Agent: selenium/4.8.1 (java windows)
Content-Length: 55
Content-Type: application/json; charset=utf-8
host: localhost:31170
accept: */*

Response DefaultHttpResponse(decodeResult: success, version: HTTP/1.1)
HTTP/1.1 200 OK
Content-Length: 88
Content-Type: application/json; charset=utf-8
cache-control: no-cache

20:45:56.914 [AsyncHttpClient-1-2] DEBUG org.asynchttpclient.netty.channel.ChannelManager - Adding key: http://localhost:31170 for channel [id: 0x75e44a7a, L:/127.0.0.1:52839 - R:localhost/127.0.0.1:31170]
20:45:56.922 [Forwarding clearElement on session bd2be1e1f22cd7386c3fffc42546e8ed to remote] DEBUG org.asynchttpclient.netty.request.NettyRequestSender - Using pooled Channel '[id: 0x75e44a7a, L:/127.0.0.1:52839 - R:localhost/127.0.0.1:31170]' for 'POST' to 'http://localhost:31170/session/bd2be1e1f22cd7386c3fffc42546e8ed/element/0a1f85e9-f261-4236-9301-4418f47641bc/clear'
20:45:56.922 [Forwarding clearElement on session bd2be1e1f22cd7386c3fffc42546e8ed to remote] DEBUG org.asynchttpclient.netty.request.NettyRequestSender - Using open Channel [id: 0x75e44a7a, L:/127.0.0.1:52839 - R:localhost/127.0.0.1:31170] for POST '/session/bd2be1e1f22cd7386c3fffc42546e8ed/element/0a1f85e9-f261-4236-9301-4418f47641bc/clear'
20:45:57.029 [AsyncHttpClient-1-2] DEBUG org.asynchttpclient.netty.handler.HttpHandler - 

Request DefaultHttpRequest(decodeResult: success, version: HTTP/1.1)
POST /session/bd2be1e1f22cd7386c3fffc42546e8ed/element/0a1f85e9-f261-4236-9301-4418f47641bc/clear HTTP/1.1
User-Agent: selenium/4.8.1 (java windows)
Content-Length: 50
Content-Type: application/json; charset=utf-8
host: localhost:31170
accept: */*

Response DefaultHttpResponse(decodeResult: success, version: HTTP/1.1)
HTTP/1.1 200 OK
Content-Length: 14
Content-Type: application/json; charset=utf-8
cache-control: no-cache

20:45:57.030 [AsyncHttpClient-1-2] DEBUG org.asynchttpclient.netty.channel.ChannelManager - Adding key: http://localhost:31170 for channel [id: 0x75e44a7a, L:/127.0.0.1:52839 - R:localhost/127.0.0.1:31170]
20:45:57.039 [Forwarding sendKeysToElement on session bd2be1e1f22cd7386c3fffc42546e8ed to remote] DEBUG org.asynchttpclient.netty.request.NettyRequestSender - Using pooled Channel '[id: 0x75e44a7a, L:/127.0.0.1:52839 - R:localhost/127.0.0.1:31170]' for 'POST' to 'http://localhost:31170/session/bd2be1e1f22cd7386c3fffc42546e8ed/element/0a1f85e9-f261-4236-9301-4418f47641bc/value'
20:45:57.039 [Forwarding sendKeysToElement on session bd2be1e1f22cd7386c3fffc42546e8ed to remote] DEBUG org.asynchttpclient.netty.request.NettyRequestSender - Using open Channel [id: 0x75e44a7a, L:/127.0.0.1:52839 - R:localhost/127.0.0.1:31170] for POST '/session/bd2be1e1f22cd7386c3fffc42546e8ed/element/0a1f85e9-f261-4236-9301-4418f47641bc/value'
20:45:57.244 [AsyncHttpClient-1-2] DEBUG org.asynchttpclient.netty.handler.HttpHandler - 

Request DefaultHttpRequest(decodeResult: success, version: HTTP/1.1)
POST /session/bd2be1e1f22cd7386c3fffc42546e8ed/element/0a1f85e9-f261-4236-9301-4418f47641bc/value HTTP/1.1
User-Agent: selenium/4.8.1 (java windows)
Content-Length: 111
Content-Type: application/json; charset=utf-8
host: localhost:31170
accept: */*

Response DefaultHttpResponse(decodeResult: success, version: HTTP/1.1)
HTTP/1.1 200 OK
Content-Length: 14
Content-Type: application/json; charset=utf-8
cache-control: no-cache

20:45:57.245 [AsyncHttpClient-1-2] DEBUG org.asynchttpclient.netty.channel.ChannelManager - Adding key: http://localhost:31170 for channel [id: 0x75e44a7a, L:/127.0.0.1:52839 - R:localhost/127.0.0.1:31170]
  &amp#27;[32mAnd &amp#27;[0m&amp#27;[32muser input valid password&amp#27;[0m                           &amp#27;[90m# starter.stepdefinitions.RegisterSteps.userInputValidPassword()&amp#27;[0m
20:45:57.326 [Forwarding findElement on session bd2be1e1f22cd7386c3fffc42546e8ed to remote] DEBUG org.asynchttpclient.netty.request.NettyRequestSender - Using pooled Channel '[id: 0x75e44a7a, L:/127.0.0.1:52839 - R:localhost/127.0.0.1:31170]' for 'POST' to 'http://localhost:31170/session/bd2be1e1f22cd7386c3fffc42546e8ed/element'
20:45:57.326 [Forwarding findElement on session bd2be1e1f22cd7386c3fffc42546e8ed to remote] DEBUG org.asynchttpclient.netty.request.NettyRequestSender - Using open Channel [id: 0x75e44a7a, L:/127.0.0.1:52839 - R:localhost/127.0.0.1:31170] for POST '/session/bd2be1e1f22cd7386c3fffc42546e8ed/element'
20:45:57.381 [AsyncHttpClient-1-2] DEBUG org.asynchttpclient.netty.handler.HttpHandler - 

Request DefaultHttpRequest(decodeResult: success, version: HTTP/1.1)
POST /session/bd2be1e1f22cd7386c3fffc42546e8ed/element HTTP/1.1
User-Agent: selenium/4.8.1 (java windows)
Content-Length: 72
Content-Type: application/json; charset=utf-8
host: localhost:31170
accept: */*

Response DefaultHttpResponse(decodeResult: success, version: HTTP/1.1)
HTTP/1.1 200 OK
Content-Length: 88
Content-Type: application/json; charset=utf-8
cache-control: no-cache

20:45:57.383 [AsyncHttpClient-1-2] DEBUG org.asynchttpclient.netty.channel.ChannelManager - Adding key: http://localhost:31170 for channel [id: 0x75e44a7a, L:/127.0.0.1:52839 - R:localhost/127.0.0.1:31170]
20:45:57.393 [Forwarding getElementTagName on session bd2be1e1f22cd7386c3fffc42546e8ed to remote] DEBUG org.asynchttpclient.netty.request.NettyRequestSender - Using pooled Channel '[id: 0x75e44a7a, L:/127.0.0.1:52839 - R:localhost/127.0.0.1:31170]' for 'GET' to 'http://localhost:31170/session/bd2be1e1f22cd7386c3fffc42546e8ed/element/f8178830-5ba4-4251-8c39-08b719cf6965/name'
20:45:57.393 [Forwarding getElementTagName on session bd2be1e1f22cd7386c3fffc42546e8ed to remote] DEBUG org.asynchttpclient.netty.request.NettyRequestSender - Using open Channel [id: 0x75e44a7a, L:/127.0.0.1:52839 - R:localhost/127.0.0.1:31170] for GET '/session/bd2be1e1f22cd7386c3fffc42546e8ed/element/f8178830-5ba4-4251-8c39-08b719cf6965/name'
20:45:57.429 [AsyncHttpClient-1-2] DEBUG org.asynchttpclient.netty.handler.HttpHandler - 

Request DefaultFullHttpRequest(decodeResult: success, version: HTTP/1.1, content: EmptyByteBufBE)
GET /session/bd2be1e1f22cd7386c3fffc42546e8ed/element/f8178830-5ba4-4251-8c39-08b719cf6965/name HTTP/1.1
User-Agent: selenium/4.8.1 (java windows)
Cache-Control: no-cache
Content-Type: application/json; charset=utf-8
host: localhost:31170
accept: */*

Response DefaultHttpResponse(decodeResult: success, version: HTTP/1.1)
HTTP/1.1 200 OK
Content-Length: 16
Content-Type: application/json; charset=utf-8
cache-control: no-cache

20:45:57.429 [AsyncHttpClient-1-2] DEBUG org.asynchttpclient.netty.channel.ChannelManager - Adding key: http://localhost:31170 for channel [id: 0x75e44a7a, L:/127.0.0.1:52839 - R:localhost/127.0.0.1:31170]
20:45:57.440 [Forwarding getElementTagName on session bd2be1e1f22cd7386c3fffc42546e8ed to remote] DEBUG org.asynchttpclient.netty.request.NettyRequestSender - Using pooled Channel '[id: 0x75e44a7a, L:/127.0.0.1:52839 - R:localhost/127.0.0.1:31170]' for 'GET' to 'http://localhost:31170/session/bd2be1e1f22cd7386c3fffc42546e8ed/element/f8178830-5ba4-4251-8c39-08b719cf6965/name'
20:45:57.442 [Forwarding getElementTagName on session bd2be1e1f22cd7386c3fffc42546e8ed to remote] DEBUG org.asynchttpclient.netty.request.NettyRequestSender - Using open Channel [id: 0x75e44a7a, L:/127.0.0.1:52839 - R:localhost/127.0.0.1:31170] for GET '/session/bd2be1e1f22cd7386c3fffc42546e8ed/element/f8178830-5ba4-4251-8c39-08b719cf6965/name'
20:45:57.463 [AsyncHttpClient-1-2] DEBUG org.asynchttpclient.netty.handler.HttpHandler - 

Request DefaultFullHttpRequest(decodeResult: success, version: HTTP/1.1, content: EmptyByteBufBE)
GET /session/bd2be1e1f22cd7386c3fffc42546e8ed/element/f8178830-5ba4-4251-8c39-08b719cf6965/name HTTP/1.1
User-Agent: selenium/4.8.1 (java windows)
Cache-Control: no-cache
Content-Type: application/json; charset=utf-8
host: localhost:31170
accept: */*

Response DefaultHttpResponse(decodeResult: success, version: HTTP/1.1)
HTTP/1.1 200 OK
Content-Length: 16
Content-Type: application/json; charset=utf-8
cache-control: no-cache

20:45:57.464 [AsyncHttpClient-1-2] DEBUG org.asynchttpclient.netty.channel.ChannelManager - Adding key: http://localhost:31170 for channel [id: 0x75e44a7a, L:/127.0.0.1:52839 - R:localhost/127.0.0.1:31170]
20:45:57.473 [Forwarding findElement on session bd2be1e1f22cd7386c3fffc42546e8ed to remote] DEBUG org.asynchttpclient.netty.request.NettyRequestSender - Using pooled Channel '[id: 0x75e44a7a, L:/127.0.0.1:52839 - R:localhost/127.0.0.1:31170]' for 'POST' to 'http://localhost:31170/session/bd2be1e1f22cd7386c3fffc42546e8ed/element'
20:45:57.473 [Forwarding findElement on session bd2be1e1f22cd7386c3fffc42546e8ed to remote] DEBUG org.asynchttpclient.netty.request.NettyRequestSender - Using open Channel [id: 0x75e44a7a, L:/127.0.0.1:52839 - R:localhost/127.0.0.1:31170] for POST '/session/bd2be1e1f22cd7386c3fffc42546e8ed/element'
20:45:57.495 [AsyncHttpClient-1-2] DEBUG org.asynchttpclient.netty.handler.HttpHandler - 

Request DefaultHttpRequest(decodeResult: success, version: HTTP/1.1)
POST /session/bd2be1e1f22cd7386c3fffc42546e8ed/element HTTP/1.1
User-Agent: selenium/4.8.1 (java windows)
Content-Length: 72
Content-Type: application/json; charset=utf-8
host: localhost:31170
accept: */*

Response DefaultHttpResponse(decodeResult: success, version: HTTP/1.1)
HTTP/1.1 200 OK
Content-Length: 88
Content-Type: application/json; charset=utf-8
cache-control: no-cache

20:45:57.496 [AsyncHttpClient-1-2] DEBUG org.asynchttpclient.netty.channel.ChannelManager - Adding key: http://localhost:31170 for channel [id: 0x75e44a7a, L:/127.0.0.1:52839 - R:localhost/127.0.0.1:31170]
20:45:57.504 [Forwarding clickElement on session bd2be1e1f22cd7386c3fffc42546e8ed to remote] DEBUG org.asynchttpclient.netty.request.NettyRequestSender - Using pooled Channel '[id: 0x75e44a7a, L:/127.0.0.1:52839 - R:localhost/127.0.0.1:31170]' for 'POST' to 'http://localhost:31170/session/bd2be1e1f22cd7386c3fffc42546e8ed/element/f8178830-5ba4-4251-8c39-08b719cf6965/click'
20:45:57.505 [Forwarding clickElement on session bd2be1e1f22cd7386c3fffc42546e8ed to remote] DEBUG org.asynchttpclient.netty.request.NettyRequestSender - Using open Channel [id: 0x75e44a7a, L:/127.0.0.1:52839 - R:localhost/127.0.0.1:31170] for POST '/session/bd2be1e1f22cd7386c3fffc42546e8ed/element/f8178830-5ba4-4251-8c39-08b719cf6965/click'
20:45:57.606 [AsyncHttpClient-1-1] DEBUG org.asynchttpclient.netty.channel.DefaultChannelPool - Entry count for : http://localhost:52840 : 1
20:45:57.690 [AsyncHttpClient-1-2] DEBUG org.asynchttpclient.netty.handler.HttpHandler - 

Request DefaultHttpRequest(decodeResult: success, version: HTTP/1.1)
POST /session/bd2be1e1f22cd7386c3fffc42546e8ed/element/f8178830-5ba4-4251-8c39-08b719cf6965/click HTTP/1.1
User-Agent: selenium/4.8.1 (java windows)
Content-Length: 50
Content-Type: application/json; charset=utf-8
host: localhost:31170
accept: */*

Response DefaultHttpResponse(decodeResult: success, version: HTTP/1.1)
HTTP/1.1 200 OK
Content-Length: 14
Content-Type: application/json; charset=utf-8
cache-control: no-cache

20:45:57.691 [AsyncHttpClient-1-2] DEBUG org.asynchttpclient.netty.channel.ChannelManager - Adding key: http://localhost:31170 for channel [id: 0x75e44a7a, L:/127.0.0.1:52839 - R:localhost/127.0.0.1:31170]
  &amp#27;[32mAnd &amp#27;[0m&amp#27;[32muser click login button&amp#27;[0m                             &amp#27;[90m# starter.stepdefinitions.RegisterSteps.userClickLoginButton()&amp#27;[0m
20:45:57.743 [Forwarding findElement on session bd2be1e1f22cd7386c3fffc42546e8ed to remote] DEBUG org.asynchttpclient.netty.request.NettyRequestSender - Using pooled Channel '[id: 0x75e44a7a, L:/127.0.0.1:52839 - R:localhost/127.0.0.1:31170]' for 'POST' to 'http://localhost:31170/session/bd2be1e1f22cd7386c3fffc42546e8ed/element'
20:45:57.744 [Forwarding findElement on session bd2be1e1f22cd7386c3fffc42546e8ed to remote] DEBUG org.asynchttpclient.netty.request.NettyRequestSender - Using open Channel [id: 0x75e44a7a, L:/127.0.0.1:52839 - R:localhost/127.0.0.1:31170] for POST '/session/bd2be1e1f22cd7386c3fffc42546e8ed/element'
20:45:58.237 [AsyncHttpClient-1-2] DEBUG org.asynchttpclient.netty.handler.HttpHandler - 

Request DefaultHttpRequest(decodeResult: success, version: HTTP/1.1)
POST /session/bd2be1e1f22cd7386c3fffc42546e8ed/element HTTP/1.1
User-Agent: selenium/4.8.1 (java windows)
Content-Length: 69
Content-Type: application/json; charset=utf-8
host: localhost:31170
accept: */*

Response DefaultHttpResponse(decodeResult: success, version: HTTP/1.1)
HTTP/1.1 200 OK
Content-Length: 88
Content-Type: application/json; charset=utf-8
cache-control: no-cache

20:45:58.237 [AsyncHttpClient-1-2] DEBUG org.asynchttpclient.netty.channel.ChannelManager - Adding key: http://localhost:31170 for channel [id: 0x75e44a7a, L:/127.0.0.1:52839 - R:localhost/127.0.0.1:31170]
20:45:58.254 [Forwarding isElementDisplayed on session bd2be1e1f22cd7386c3fffc42546e8ed to remote] DEBUG org.asynchttpclient.netty.request.NettyRequestSender - Using pooled Channel '[id: 0x75e44a7a, L:/127.0.0.1:52839 - R:localhost/127.0.0.1:31170]' for 'POST' to 'http://localhost:31170/session/bd2be1e1f22cd7386c3fffc42546e8ed/execute/sync'
20:45:58.255 [Forwarding isElementDisplayed on session bd2be1e1f22cd7386c3fffc42546e8ed to remote] DEBUG org.asynchttpclient.netty.request.NettyRequestSender - Using open Channel [id: 0x75e44a7a, L:/127.0.0.1:52839 - R:localhost/127.0.0.1:31170] for POST '/session/bd2be1e1f22cd7386c3fffc42546e8ed/execute/sync'
20:45:58.287 [AsyncHttpClient-1-2] DEBUG org.asynchttpclient.netty.handler.HttpHandler - 

Request DefaultHttpRequest(decodeResult: success, version: HTTP/1.1)
POST /session/bd2be1e1f22cd7386c3fffc42546e8ed/execute/sync HTTP/1.1
User-Agent: selenium/4.8.1 (java windows)
Content-Length: 48807
Content-Type: application/json; charset=utf-8
host: localhost:31170
accept: */*

Response DefaultHttpResponse(decodeResult: success, version: HTTP/1.1)
HTTP/1.1 200 OK
Content-Length: 14
Content-Type: application/json; charset=utf-8
cache-control: no-cache

20:45:58.288 [AsyncHttpClient-1-2] DEBUG org.asynchttpclient.netty.channel.ChannelManager - Adding key: http://localhost:31170 for channel [id: 0x75e44a7a, L:/127.0.0.1:52839 - R:localhost/127.0.0.1:31170]
20:45:58.296 [Forwarding isElementDisplayed on session bd2be1e1f22cd7386c3fffc42546e8ed to remote] DEBUG org.asynchttpclient.netty.request.NettyRequestSender - Using pooled Channel '[id: 0x75e44a7a, L:/127.0.0.1:52839 - R:localhost/127.0.0.1:31170]' for 'POST' to 'http://localhost:31170/session/bd2be1e1f22cd7386c3fffc42546e8ed/execute/sync'
20:45:58.296 [Forwarding isElementDisplayed on session bd2be1e1f22cd7386c3fffc42546e8ed to remote] DEBUG org.asynchttpclient.netty.request.NettyRequestSender - Using open Channel [id: 0x75e44a7a, L:/127.0.0.1:52839 - R:localhost/127.0.0.1:31170] for POST '/session/bd2be1e1f22cd7386c3fffc42546e8ed/execute/sync'
20:45:58.315 [AsyncHttpClient-1-2] DEBUG org.asynchttpclient.netty.handler.HttpHandler - 

Request DefaultHttpRequest(decodeResult: success, version: HTTP/1.1)
POST /session/bd2be1e1f22cd7386c3fffc42546e8ed/execute/sync HTTP/1.1
User-Agent: selenium/4.8.1 (java windows)
Content-Length: 48807
Content-Type: application/json; charset=utf-8
host: localhost:31170
accept: */*

Response DefaultHttpResponse(decodeResult: success, version: HTTP/1.1)
HTTP/1.1 200 OK
Content-Length: 14
Content-Type: application/json; charset=utf-8
cache-control: no-cache

20:45:58.317 [AsyncHttpClient-1-2] DEBUG org.asynchttpclient.netty.channel.ChannelManager - Adding key: http://localhost:31170 for channel [id: 0x75e44a7a, L:/127.0.0.1:52839 - R:localhost/127.0.0.1:31170]
  &amp#27;[32mThen &amp#27;[0m&amp#27;[32muser on login page&amp#27;[0m                                 &amp#27;[90m# starter.stepdefinitions.RegisterSteps.userOnLoginPage()&amp#27;[0m
20:45:58.328 [main] INFO  - 
  _____   ___   ___   _____     ___     _     ___   ___   ___   ___  
 |_   _| | __| / __| |_   _|   | _ \   /_\   / __| / __| | __| |   \ 
   | |   | _|  \__ \   | |     |  _/  / _ \  \__ \ \__ \ | _|  | |) |
   |_|   |___| |___/   |_|     |_|   /_/ \_\ |___/ |___/ |___| |___/ 

as user i want to register with complete values
----------------------------------------------------------------------
20:45:58.580 [Driver Command Executor] DEBUG org.asynchttpclient.netty.request.NettyRequestSender - Using pooled Channel '[id: 0x75e44a7a, L:/127.0.0.1:52839 - R:localhost/127.0.0.1:31170]' for 'DELETE' to 'http://localhost:31170/session/bd2be1e1f22cd7386c3fffc42546e8ed'
20:45:58.585 [Driver Command Executor] DEBUG org.asynchttpclient.netty.request.NettyRequestSender - Using open Channel [id: 0x75e44a7a, L:/127.0.0.1:52839 - R:localhost/127.0.0.1:31170] for DELETE '/session/bd2be1e1f22cd7386c3fffc42546e8ed'
20:45:58.593 [AsyncHttpClient-1-4] DEBUG org.asynchttpclient.netty.handler.WebSocketHandler - Channel Closed: [id: 0xf9496ee5, L:/127.0.0.1:52849 ! R:localhost/127.0.0.1:52840] with attribute NettyResponseFuture{currentRetry=0,
	isDone=1,
	isCancelled=0,
	asyncHandler=org.asynchttpclient.ws.WebSocketUpgradeHandler@6574acbd,
	nettyRequest=org.asynchttpclient.netty.request.NettyRequest@b3d2c38,
	future=java.util.concurrent.CompletableFuture@daec73d[Completed normally],
	uri=ws://localhost:52840/devtools/browser/824b6a30-f2ce-48f5-8495-0c99a5f30a70,
	keepAlive=true,
	redirectCount=0,
	timeoutsHolder=null,
	inAuth=0,
	touch=1683553551924}
20:45:58.594 [AsyncHttpClient-1-4] DEBUG org.asynchttpclient.netty.channel.ChannelManager - Closing Channel [id: 0xf9496ee5, L:/127.0.0.1:52849 ! R:localhost/127.0.0.1:52840] 
20:45:58.701 [AsyncHttpClient-1-1] DEBUG org.asynchttpclient.netty.channel.DefaultChannelPool - Entry count for : http://localhost:52840 : 1
20:45:58.725 [AsyncHttpClient-1-3] DEBUG org.asynchttpclient.netty.handler.HttpHandler - Unexpected I/O exception on channel [id: 0x5a44bf37, L:/127.0.0.1:52848 - R:localhost/127.0.0.1:52840]
java.io.IOException: An existing connection was forcibly closed by the remote host
	at sun.nio.ch.SocketDispatcher.read0(Native Method)
	at sun.nio.ch.SocketDispatcher.read(SocketDispatcher.java:43)
	at sun.nio.ch.IOUtil.readIntoNativeBuffer(IOUtil.java:223)
	at sun.nio.ch.IOUtil.read(IOUtil.java:192)
	at sun.nio.ch.SocketChannelImpl.read(SocketChannelImpl.java:380)
	at io.netty.buffer.PooledByteBuf.setBytes(PooledByteBuf.java:259)
	at io.netty.buffer.AbstractByteBuf.writeBytes(AbstractByteBuf.java:1132)
	at io.netty.channel.socket.nio.NioSocketChannel.doReadBytes(NioSocketChannel.java:357)
	at io.netty.channel.nio.AbstractNioByteChannel$NioByteUnsafe.read(AbstractNioByteChannel.java:151)
	at io.netty.channel.nio.NioEventLoop.processSelectedKey(NioEventLoop.java:788)
	at io.netty.channel.nio.NioEventLoop.processSelectedKeysOptimized(NioEventLoop.java:724)
	at io.netty.channel.nio.NioEventLoop.processSelectedKeys(NioEventLoop.java:650)
	at io.netty.channel.nio.NioEventLoop.run(NioEventLoop.java:562)
	at io.netty.util.concurrent.SingleThreadEventExecutor$4.run(SingleThreadEventExecutor.java:997)
	at io.netty.util.internal.ThreadExecutorMap$2.run(ThreadExecutorMap.java:74)
	at io.netty.util.concurrent.FastThreadLocalRunnable.run(FastThreadLocalRunnable.java:30)
	at java.lang.Thread.run(Thread.java:748)
20:45:58.726 [AsyncHttpClient-1-3] DEBUG org.asynchttpclient.netty.channel.ChannelManager - Closing Channel [id: 0x5a44bf37, L:/127.0.0.1:52848 - R:localhost/127.0.0.1:52840] 
20:45:58.728 [AsyncHttpClient-1-3] DEBUG org.asynchttpclient.netty.handler.HttpHandler - Channel Closed: [id: 0x5a44bf37, L:/127.0.0.1:52848 ! R:localhost/127.0.0.1:52840] with attribute DISCARD
20:45:58.745 [AsyncHttpClient-1-2] DEBUG org.asynchttpclient.netty.handler.HttpHandler - 

Request DefaultFullHttpRequest(decodeResult: success, version: HTTP/1.1, content: EmptyByteBufBE)
DELETE /session/bd2be1e1f22cd7386c3fffc42546e8ed HTTP/1.1
User-Agent: selenium/4.8.1 (java windows)
Content-Type: application/json; charset=utf-8
host: localhost:31170
accept: */*

Response DefaultHttpResponse(decodeResult: success, version: HTTP/1.1)
HTTP/1.1 200 OK
Content-Length: 14
Content-Type: application/json; charset=utf-8
cache-control: no-cache

20:45:58.746 [AsyncHttpClient-1-2] DEBUG org.asynchttpclient.netty.channel.ChannelManager - Adding key: http://localhost:31170 for channel [id: 0x75e44a7a, L:/127.0.0.1:52839 - R:localhost/127.0.0.1:31170]
20:45:59.167 [AsyncHttpClient-1-2] DEBUG org.asynchttpclient.netty.handler.HttpHandler - Channel Closed: [id: 0x75e44a7a, L:/127.0.0.1:52839 ! R:localhost/127.0.0.1:31170] with attribute DISCARD
]]></system-out>
    <system-err><![CDATA[Starting ChromeDriver 112.0.5615.49 (bd2a7bcb881c11e8cfe3078709382934e3916914-refs/branch-heads/5615@{#936}) on port 31170
Only local connections are allowed.
Please see https://chromedriver.chromium.org/security-considerations for suggestions on keeping ChromeDriver safe.
ChromeDriver was started successfully.
May 08, 2023 8:45:51 PM org.openqa.selenium.devtools.CdpVersionFinder findNearestMatch
WARNING: Unable to find an exact match for CDP version 112, so returning the closest version found: 110
]]></system-err>
  </testcase>
  <testcase name="as user i want to register with empty name" classname="As a user i can be success register so that i can used my account for login" time="8.627">
    <system-out><![CDATA[
@NegativeCaseRegister-2
Scenario: as user i want to register with empty name &amp#27;[90m# src/test/resources/features/Register.feature:13&amp#27;[0m
20:45:59.726 [main] DEBUG io.cucumber.core.plugin.SerenityReporter - Running feature from file:///D:/D/QE_Alta/mini-project-nisa/Web/Altashop-Register/src/test/resources/features/Register.feature
20:45:59.729 [main] INFO  - 
  _____   ___   ___   _____     ___   _____     _     ___   _____   ___   ___  
 |_   _| | __| / __| |_   _|   / __| |_   _|   /_\   | _ \ |_   _| | __| |   \ 
   | |   | _|  \__ \   | |     \__ \   | |    / _ \  |   /   | |   | _|  | |) |
   |_|   |___| |___/   |_|     |___/   |_|   /_/ \_\ |_|_\   |_|   |___| |___/ 

as user i want to register with empty name(as-a-user-i-can-be-success-register-so-that-i-can-used-my-account-for-login;as-user-i-want-to-register-with-empty-name)
--------------------------------------------------------------------------------
20:45:59.853 [AsyncHttpClient-1-1] DEBUG org.asynchttpclient.netty.channel.DefaultChannelPool - Entry count for : http://localhost:31170 : 1
20:45:59.853 [AsyncHttpClient-1-1] DEBUG org.asynchttpclient.netty.channel.DefaultChannelPool - Entry count for : http://localhost:52840 : 1
20:45:59.854 [AsyncHttpClient-1-1] DEBUG org.asynchttpclient.netty.channel.DefaultChannelPool - Adding Candidate expired Channel [id: 0x75e44a7a, L:/127.0.0.1:52839 ! R:localhost/127.0.0.1:31170] isIdleTimeoutExpired=false isRemotelyClosed=true isTtlExpired=false
20:45:59.854 [AsyncHttpClient-1-1] DEBUG org.asynchttpclient.netty.channel.DefaultChannelPool - Closing Idle Channel [id: 0x75e44a7a, L:/127.0.0.1:52839 ! R:localhost/127.0.0.1:31170]
20:45:59.854 [AsyncHttpClient-1-1] DEBUG org.asynchttpclient.netty.channel.DefaultChannelPool - Adding Candidate expired Channel [id: 0x5a44bf37, L:/127.0.0.1:52848 ! R:localhost/127.0.0.1:52840] isIdleTimeoutExpired=false isRemotelyClosed=true isTtlExpired=false
20:45:59.854 [AsyncHttpClient-1-1] DEBUG org.asynchttpclient.netty.channel.DefaultChannelPool - Closing Idle Channel [id: 0x5a44bf37, L:/127.0.0.1:52848 ! R:localhost/127.0.0.1:52840]
20:45:59.854 [AsyncHttpClient-1-1] DEBUG org.asynchttpclient.netty.channel.DefaultChannelPool - Closed 2 connections out of 2 in 0 ms
20:45:59.972 [main] INFO net.serenitybdd.core.webdriver.driverproviders.ChromeDriverProvider - Starting Chrome driver instance with capabilities:
20:45:59.973 [main] INFO net.serenitybdd.core.webdriver.driverproviders.ChromeDriverProvider - Capabilities {acceptInsecureCerts: true, browserName: chrome, goog:chromeOptions: {args: [remote-allow-origins=*, test-type, no-sandbox, ignore-certificate-errors, start-maximized, incognito, disable-infobars, disable-gpu, disable-default-apps, disable-popup-blocking, remote-allow-origins=*, test-type, no-sandbox, ignore-certificate-errors, start-maximized, incognito, disable-infobars, disable-gpu, disable-default-apps, disable-popup-blocking, remote-allow-origins=*], extensions: []}}
20:46:00.613 [AsyncHttpClient-1-5] DEBUG org.asynchttpclient.netty.channel.NettyConnectListener - Using new Channel '[id: 0x6eff5283, L:/127.0.0.1:52866 - R:localhost/127.0.0.1:39445]' for 'POST' to '/session'
20:46:02.225 [AsyncHttpClient-1-5] DEBUG org.asynchttpclient.netty.handler.HttpHandler - 

Request DefaultHttpRequest(decodeResult: success, version: HTTP/1.1)
POST /session HTTP/1.1
User-Agent: selenium/4.8.1 (java windows)
Content-Length: 1701
Content-Type: application/json; charset=utf-8
host: localhost:39445
accept: */*

Response DefaultHttpResponse(decodeResult: success, version: HTTP/1.1)
HTTP/1.1 200 OK
Content-Length: 861
Content-Type: application/json; charset=utf-8
cache-control: no-cache

20:46:02.225 [AsyncHttpClient-1-5] DEBUG org.asynchttpclient.netty.channel.ChannelManager - Adding key: http://localhost:39445 for channel [id: 0x6eff5283, L:/127.0.0.1:52866 - R:localhost/127.0.0.1:39445]
20:46:02.265 [AsyncHttpClient-1-6] DEBUG org.asynchttpclient.netty.channel.NettyConnectListener - Using new Channel '[id: 0x708785af, L:/127.0.0.1:52873 - R:localhost/127.0.0.1:52867]' for 'GET' to '/json/version'
20:46:02.267 [AsyncHttpClient-1-6] DEBUG org.asynchttpclient.netty.handler.HttpHandler - 

Request DefaultFullHttpRequest(decodeResult: success, version: HTTP/1.1, content: EmptyByteBufBE)
GET /json/version HTTP/1.1
User-Agent: selenium/4.8.1 (java windows)
host: localhost:52867
accept: */*

Response DefaultHttpResponse(decodeResult: success, version: HTTP/1.1)
HTTP/1.1 200 OK
Content-Security-Policy: frame-ancestors 'none'
Content-Length: 424
Content-Type: application/json; charset=UTF-8

20:46:02.268 [AsyncHttpClient-1-6] DEBUG org.asynchttpclient.netty.channel.ChannelManager - Adding key: http://localhost:52867 for channel [id: 0x708785af, L:/127.0.0.1:52873 - R:localhost/127.0.0.1:52867]
20:46:02.285 [AsyncHttpClient-1-7] DEBUG org.asynchttpclient.netty.channel.NettyConnectListener - Using new Channel '[id: 0x07e72e7e, L:/127.0.0.1:52874 - R:localhost/127.0.0.1:52867]' for 'GET' to '/devtools/browser/4774e052-fa37-4b9a-b591-cc79333f639a'
20:46:02.288 [AsyncHttpClient-1-7] DEBUG org.asynchttpclient.netty.handler.WebSocketHandler - 

Request DefaultFullHttpRequest(decodeResult: success, version: HTTP/1.1, content: EmptyByteBufBE)
GET /devtools/browser/4774e052-fa37-4b9a-b591-cc79333f639a HTTP/1.1
upgrade: websocket
connection: upgrade
sec-websocket-key: KK8MEp/eZoROdPJXLtG4bw==
sec-websocket-version: 13
origin: http://localhost:52867
host: localhost:52867
accept: */*
user-agent: AHC/2.1

Response DefaultHttpResponse(decodeResult: success, version: HTTP/1.1)
HTTP/1.1 101 WebSocket Protocol Handshake
Upgrade: WebSocket
Connection: Upgrade
Sec-WebSocket-Accept: Dqtkya1I3k8iEfpy9aZYYzJt0vg=

20:46:02.303 [Forwarding get on session 649bde915620f57054592570b5b82e3e to remote] DEBUG org.asynchttpclient.netty.request.NettyRequestSender - Using pooled Channel '[id: 0x6eff5283, L:/127.0.0.1:52866 - R:localhost/127.0.0.1:39445]' for 'POST' to 'http://localhost:39445/session/649bde915620f57054592570b5b82e3e/url'
20:46:02.303 [Forwarding get on session 649bde915620f57054592570b5b82e3e to remote] DEBUG org.asynchttpclient.netty.request.NettyRequestSender - Using open Channel [id: 0x6eff5283, L:/127.0.0.1:52866 - R:localhost/127.0.0.1:39445] for POST '/session/649bde915620f57054592570b5b82e3e/url'
20:46:03.103 [AsyncHttpClient-1-1] DEBUG org.asynchttpclient.netty.channel.DefaultChannelPool - Entry count for : http://localhost:52867 : 1
20:46:04.195 [AsyncHttpClient-1-1] DEBUG org.asynchttpclient.netty.channel.DefaultChannelPool - Entry count for : http://localhost:52867 : 1
20:46:05.101 [AsyncHttpClient-1-5] DEBUG org.asynchttpclient.netty.handler.HttpHandler - 

Request DefaultHttpRequest(decodeResult: success, version: HTTP/1.1)
POST /session/649bde915620f57054592570b5b82e3e/url HTTP/1.1
User-Agent: selenium/4.8.1 (java windows)
Content-Length: 77
Content-Type: application/json; charset=utf-8
host: localhost:39445
accept: */*

Response DefaultHttpResponse(decodeResult: success, version: HTTP/1.1)
HTTP/1.1 200 OK
Content-Length: 14
Content-Type: application/json; charset=utf-8
cache-control: no-cache

20:46:05.101 [AsyncHttpClient-1-5] DEBUG org.asynchttpclient.netty.channel.ChannelManager - Adding key: http://localhost:39445 for channel [id: 0x6eff5283, L:/127.0.0.1:52866 - R:localhost/127.0.0.1:39445]
20:46:05.104 [Forwarding setTimeout on session 649bde915620f57054592570b5b82e3e to remote] DEBUG org.asynchttpclient.netty.request.NettyRequestSender - Using pooled Channel '[id: 0x6eff5283, L:/127.0.0.1:52866 - R:localhost/127.0.0.1:39445]' for 'POST' to 'http://localhost:39445/session/649bde915620f57054592570b5b82e3e/timeouts'
20:46:05.104 [Forwarding setTimeout on session 649bde915620f57054592570b5b82e3e to remote] DEBUG org.asynchttpclient.netty.request.NettyRequestSender - Using open Channel [id: 0x6eff5283, L:/127.0.0.1:52866 - R:localhost/127.0.0.1:39445] for POST '/session/649bde915620f57054592570b5b82e3e/timeouts'
20:46:05.107 [AsyncHttpClient-1-5] DEBUG org.asynchttpclient.netty.handler.HttpHandler - 

Request DefaultHttpRequest(decodeResult: success, version: HTTP/1.1)
POST /session/649bde915620f57054592570b5b82e3e/timeouts HTTP/1.1
User-Agent: selenium/4.8.1 (java windows)
Content-Length: 22
Content-Type: application/json; charset=utf-8
host: localhost:39445
accept: */*

Response DefaultHttpResponse(decodeResult: success, version: HTTP/1.1)
HTTP/1.1 200 OK
Content-Length: 14
Content-Type: application/json; charset=utf-8
cache-control: no-cache

20:46:05.107 [AsyncHttpClient-1-5] DEBUG org.asynchttpclient.netty.channel.ChannelManager - Adding key: http://localhost:39445 for channel [id: 0x6eff5283, L:/127.0.0.1:52866 - R:localhost/127.0.0.1:39445]
20:46:05.120 [Forwarding findElement on session 649bde915620f57054592570b5b82e3e to remote] DEBUG org.asynchttpclient.netty.request.NettyRequestSender - Using pooled Channel '[id: 0x6eff5283, L:/127.0.0.1:52866 - R:localhost/127.0.0.1:39445]' for 'POST' to 'http://localhost:39445/session/649bde915620f57054592570b5b82e3e/element'
20:46:05.121 [Forwarding findElement on session 649bde915620f57054592570b5b82e3e to remote] DEBUG org.asynchttpclient.netty.request.NettyRequestSender - Using open Channel [id: 0x6eff5283, L:/127.0.0.1:52866 - R:localhost/127.0.0.1:39445] for POST '/session/649bde915620f57054592570b5b82e3e/element'
20:46:05.144 [AsyncHttpClient-1-5] DEBUG org.asynchttpclient.netty.handler.HttpHandler - 

Request DefaultHttpRequest(decodeResult: success, version: HTTP/1.1)
POST /session/649bde915620f57054592570b5b82e3e/element HTTP/1.1
User-Agent: selenium/4.8.1 (java windows)
Content-Length: 72
Content-Type: application/json; charset=utf-8
host: localhost:39445
accept: */*

Response DefaultHttpResponse(decodeResult: success, version: HTTP/1.1)
HTTP/1.1 200 OK
Content-Length: 88
Content-Type: application/json; charset=utf-8
cache-control: no-cache

20:46:05.144 [AsyncHttpClient-1-5] DEBUG org.asynchttpclient.netty.channel.ChannelManager - Adding key: http://localhost:39445 for channel [id: 0x6eff5283, L:/127.0.0.1:52866 - R:localhost/127.0.0.1:39445]
20:46:05.153 [Forwarding isElementDisplayed on session 649bde915620f57054592570b5b82e3e to remote] DEBUG org.asynchttpclient.netty.request.NettyRequestSender - Using pooled Channel '[id: 0x6eff5283, L:/127.0.0.1:52866 - R:localhost/127.0.0.1:39445]' for 'POST' to 'http://localhost:39445/session/649bde915620f57054592570b5b82e3e/execute/sync'
20:46:05.153 [Forwarding isElementDisplayed on session 649bde915620f57054592570b5b82e3e to remote] DEBUG org.asynchttpclient.netty.request.NettyRequestSender - Using open Channel [id: 0x6eff5283, L:/127.0.0.1:52866 - R:localhost/127.0.0.1:39445] for POST '/session/649bde915620f57054592570b5b82e3e/execute/sync'
20:46:05.176 [AsyncHttpClient-1-5] DEBUG org.asynchttpclient.netty.handler.HttpHandler - 

Request DefaultHttpRequest(decodeResult: success, version: HTTP/1.1)
POST /session/649bde915620f57054592570b5b82e3e/execute/sync HTTP/1.1
User-Agent: selenium/4.8.1 (java windows)
Content-Length: 48807
Content-Type: application/json; charset=utf-8
host: localhost:39445
accept: */*

Response DefaultHttpResponse(decodeResult: success, version: HTTP/1.1)
HTTP/1.1 200 OK
Content-Length: 14
Content-Type: application/json; charset=utf-8
cache-control: no-cache

20:46:05.176 [AsyncHttpClient-1-5] DEBUG org.asynchttpclient.netty.channel.ChannelManager - Adding key: http://localhost:39445 for channel [id: 0x6eff5283, L:/127.0.0.1:52866 - R:localhost/127.0.0.1:39445]
20:46:05.184 [Forwarding isElementDisplayed on session 649bde915620f57054592570b5b82e3e to remote] DEBUG org.asynchttpclient.netty.request.NettyRequestSender - Using pooled Channel '[id: 0x6eff5283, L:/127.0.0.1:52866 - R:localhost/127.0.0.1:39445]' for 'POST' to 'http://localhost:39445/session/649bde915620f57054592570b5b82e3e/execute/sync'
20:46:05.184 [Forwarding isElementDisplayed on session 649bde915620f57054592570b5b82e3e to remote] DEBUG org.asynchttpclient.netty.request.NettyRequestSender - Using open Channel [id: 0x6eff5283, L:/127.0.0.1:52866 - R:localhost/127.0.0.1:39445] for POST '/session/649bde915620f57054592570b5b82e3e/execute/sync'
20:46:05.206 [AsyncHttpClient-1-5] DEBUG org.asynchttpclient.netty.handler.HttpHandler - 

Request DefaultHttpRequest(decodeResult: success, version: HTTP/1.1)
POST /session/649bde915620f57054592570b5b82e3e/execute/sync HTTP/1.1
User-Agent: selenium/4.8.1 (java windows)
Content-Length: 48807
Content-Type: application/json; charset=utf-8
host: localhost:39445
accept: */*

Response DefaultHttpResponse(decodeResult: success, version: HTTP/1.1)
HTTP/1.1 200 OK
Content-Length: 14
Content-Type: application/json; charset=utf-8
cache-control: no-cache

20:46:05.206 [AsyncHttpClient-1-5] DEBUG org.asynchttpclient.netty.channel.ChannelManager - Adding key: http://localhost:39445 for channel [id: 0x6eff5283, L:/127.0.0.1:52866 - R:localhost/127.0.0.1:39445]
  &amp#27;[32mGiven &amp#27;[0m&amp#27;[32muser on register page&amp#27;[0m                        &amp#27;[90m# starter.stepdefinitions.RegisterSteps.userOnRegisterPage()&amp#27;[0m
20:46:05.227 [Forwarding findElement on session 649bde915620f57054592570b5b82e3e to remote] DEBUG org.asynchttpclient.netty.request.NettyRequestSender - Using pooled Channel '[id: 0x6eff5283, L:/127.0.0.1:52866 - R:localhost/127.0.0.1:39445]' for 'POST' to 'http://localhost:39445/session/649bde915620f57054592570b5b82e3e/element'
20:46:05.228 [Forwarding findElement on session 649bde915620f57054592570b5b82e3e to remote] DEBUG org.asynchttpclient.netty.request.NettyRequestSender - Using open Channel [id: 0x6eff5283, L:/127.0.0.1:52866 - R:localhost/127.0.0.1:39445] for POST '/session/649bde915620f57054592570b5b82e3e/element'
20:46:05.256 [AsyncHttpClient-1-5] DEBUG org.asynchttpclient.netty.handler.HttpHandler - 

Request DefaultHttpRequest(decodeResult: success, version: HTTP/1.1)
POST /session/649bde915620f57054592570b5b82e3e/element HTTP/1.1
User-Agent: selenium/4.8.1 (java windows)
Content-Length: 55
Content-Type: application/json; charset=utf-8
host: localhost:39445
accept: */*

Response DefaultHttpResponse(decodeResult: success, version: HTTP/1.1)
HTTP/1.1 200 OK
Content-Length: 88
Content-Type: application/json; charset=utf-8
cache-control: no-cache

20:46:05.257 [AsyncHttpClient-1-5] DEBUG org.asynchttpclient.netty.channel.ChannelManager - Adding key: http://localhost:39445 for channel [id: 0x6eff5283, L:/127.0.0.1:52866 - R:localhost/127.0.0.1:39445]
20:46:05.259 [Forwarding clearElement on session 649bde915620f57054592570b5b82e3e to remote] DEBUG org.asynchttpclient.netty.request.NettyRequestSender - Using pooled Channel '[id: 0x6eff5283, L:/127.0.0.1:52866 - R:localhost/127.0.0.1:39445]' for 'POST' to 'http://localhost:39445/session/649bde915620f57054592570b5b82e3e/element/873a56f5-b750-4291-84cd-0ae8f691fdc7/clear'
20:46:05.259 [Forwarding clearElement on session 649bde915620f57054592570b5b82e3e to remote] DEBUG org.asynchttpclient.netty.request.NettyRequestSender - Using open Channel [id: 0x6eff5283, L:/127.0.0.1:52866 - R:localhost/127.0.0.1:39445] for POST '/session/649bde915620f57054592570b5b82e3e/element/873a56f5-b750-4291-84cd-0ae8f691fdc7/clear'
20:46:05.298 [AsyncHttpClient-1-1] DEBUG org.asynchttpclient.netty.channel.DefaultChannelPool - Entry count for : http://localhost:52867 : 1
20:46:05.318 [AsyncHttpClient-1-5] DEBUG org.asynchttpclient.netty.handler.HttpHandler - 

Request DefaultHttpRequest(decodeResult: success, version: HTTP/1.1)
POST /session/649bde915620f57054592570b5b82e3e/element/873a56f5-b750-4291-84cd-0ae8f691fdc7/clear HTTP/1.1
User-Agent: selenium/4.8.1 (java windows)
Content-Length: 50
Content-Type: application/json; charset=utf-8
host: localhost:39445
accept: */*

Response DefaultHttpResponse(decodeResult: success, version: HTTP/1.1)
HTTP/1.1 200 OK
Content-Length: 14
Content-Type: application/json; charset=utf-8
cache-control: no-cache

20:46:05.319 [AsyncHttpClient-1-5] DEBUG org.asynchttpclient.netty.channel.ChannelManager - Adding key: http://localhost:39445 for channel [id: 0x6eff5283, L:/127.0.0.1:52866 - R:localhost/127.0.0.1:39445]
20:46:05.322 [Forwarding sendKeysToElement on session 649bde915620f57054592570b5b82e3e to remote] DEBUG org.asynchttpclient.netty.request.NettyRequestSender - Using pooled Channel '[id: 0x6eff5283, L:/127.0.0.1:52866 - R:localhost/127.0.0.1:39445]' for 'POST' to 'http://localhost:39445/session/649bde915620f57054592570b5b82e3e/element/873a56f5-b750-4291-84cd-0ae8f691fdc7/value'
20:46:05.322 [Forwarding sendKeysToElement on session 649bde915620f57054592570b5b82e3e to remote] DEBUG org.asynchttpclient.netty.request.NettyRequestSender - Using open Channel [id: 0x6eff5283, L:/127.0.0.1:52866 - R:localhost/127.0.0.1:39445] for POST '/session/649bde915620f57054592570b5b82e3e/element/873a56f5-b750-4291-84cd-0ae8f691fdc7/value'
20:46:05.390 [AsyncHttpClient-1-5] DEBUG org.asynchttpclient.netty.handler.HttpHandler - 

Request DefaultHttpRequest(decodeResult: success, version: HTTP/1.1)
POST /session/649bde915620f57054592570b5b82e3e/element/873a56f5-b750-4291-84cd-0ae8f691fdc7/value HTTP/1.1
User-Agent: selenium/4.8.1 (java windows)
Content-Length: 82
Content-Type: application/json; charset=utf-8
host: localhost:39445
accept: */*

Response DefaultHttpResponse(decodeResult: success, version: HTTP/1.1)
HTTP/1.1 200 OK
Content-Length: 14
Content-Type: application/json; charset=utf-8
cache-control: no-cache

20:46:05.391 [AsyncHttpClient-1-5] DEBUG org.asynchttpclient.netty.channel.ChannelManager - Adding key: http://localhost:39445 for channel [id: 0x6eff5283, L:/127.0.0.1:52866 - R:localhost/127.0.0.1:39445]
  &amp#27;[32mWhen &amp#27;[0m&amp#27;[32muser input empty name&amp#27;[0m                         &amp#27;[90m# starter.stepdefinitions.RegisterSteps.userInputEmptyCompleteName()&amp#27;[0m
20:46:05.422 [Forwarding findElement on session 649bde915620f57054592570b5b82e3e to remote] DEBUG org.asynchttpclient.netty.request.NettyRequestSender - Using pooled Channel '[id: 0x6eff5283, L:/127.0.0.1:52866 - R:localhost/127.0.0.1:39445]' for 'POST' to 'http://localhost:39445/session/649bde915620f57054592570b5b82e3e/element'
20:46:05.422 [Forwarding findElement on session 649bde915620f57054592570b5b82e3e to remote] DEBUG org.asynchttpclient.netty.request.NettyRequestSender - Using open Channel [id: 0x6eff5283, L:/127.0.0.1:52866 - R:localhost/127.0.0.1:39445] for POST '/session/649bde915620f57054592570b5b82e3e/element'
20:46:05.453 [AsyncHttpClient-1-5] DEBUG org.asynchttpclient.netty.handler.HttpHandler - 

Request DefaultHttpRequest(decodeResult: success, version: HTTP/1.1)
POST /session/649bde915620f57054592570b5b82e3e/element HTTP/1.1
User-Agent: selenium/4.8.1 (java windows)
Content-Length: 55
Content-Type: application/json; charset=utf-8
host: localhost:39445
accept: */*

Response DefaultHttpResponse(decodeResult: success, version: HTTP/1.1)
HTTP/1.1 200 OK
Content-Length: 88
Content-Type: application/json; charset=utf-8
cache-control: no-cache

20:46:05.454 [AsyncHttpClient-1-5] DEBUG org.asynchttpclient.netty.channel.ChannelManager - Adding key: http://localhost:39445 for channel [id: 0x6eff5283, L:/127.0.0.1:52866 - R:localhost/127.0.0.1:39445]
20:46:05.456 [Forwarding clearElement on session 649bde915620f57054592570b5b82e3e to remote] DEBUG org.asynchttpclient.netty.request.NettyRequestSender - Using pooled Channel '[id: 0x6eff5283, L:/127.0.0.1:52866 - R:localhost/127.0.0.1:39445]' for 'POST' to 'http://localhost:39445/session/649bde915620f57054592570b5b82e3e/element/d594446e-152e-4a83-b1d9-d1392c86a985/clear'
20:46:05.456 [Forwarding clearElement on session 649bde915620f57054592570b5b82e3e to remote] DEBUG org.asynchttpclient.netty.request.NettyRequestSender - Using open Channel [id: 0x6eff5283, L:/127.0.0.1:52866 - R:localhost/127.0.0.1:39445] for POST '/session/649bde915620f57054592570b5b82e3e/element/d594446e-152e-4a83-b1d9-d1392c86a985/clear'
20:46:05.519 [AsyncHttpClient-1-5] DEBUG org.asynchttpclient.netty.handler.HttpHandler - 

Request DefaultHttpRequest(decodeResult: success, version: HTTP/1.1)
POST /session/649bde915620f57054592570b5b82e3e/element/d594446e-152e-4a83-b1d9-d1392c86a985/clear HTTP/1.1
User-Agent: selenium/4.8.1 (java windows)
Content-Length: 50
Content-Type: application/json; charset=utf-8
host: localhost:39445
accept: */*

Response DefaultHttpResponse(decodeResult: success, version: HTTP/1.1)
HTTP/1.1 200 OK
Content-Length: 14
Content-Type: application/json; charset=utf-8
cache-control: no-cache

20:46:05.520 [AsyncHttpClient-1-5] DEBUG org.asynchttpclient.netty.channel.ChannelManager - Adding key: http://localhost:39445 for channel [id: 0x6eff5283, L:/127.0.0.1:52866 - R:localhost/127.0.0.1:39445]
20:46:05.524 [Forwarding sendKeysToElement on session 649bde915620f57054592570b5b82e3e to remote] DEBUG org.asynchttpclient.netty.request.NettyRequestSender - Using pooled Channel '[id: 0x6eff5283, L:/127.0.0.1:52866 - R:localhost/127.0.0.1:39445]' for 'POST' to 'http://localhost:39445/session/649bde915620f57054592570b5b82e3e/element/d594446e-152e-4a83-b1d9-d1392c86a985/value'
20:46:05.524 [Forwarding sendKeysToElement on session 649bde915620f57054592570b5b82e3e to remote] DEBUG org.asynchttpclient.netty.request.NettyRequestSender - Using open Channel [id: 0x6eff5283, L:/127.0.0.1:52866 - R:localhost/127.0.0.1:39445] for POST '/session/649bde915620f57054592570b5b82e3e/element/d594446e-152e-4a83-b1d9-d1392c86a985/value'
20:46:05.799 [AsyncHttpClient-1-5] DEBUG org.asynchttpclient.netty.handler.HttpHandler - 

Request DefaultHttpRequest(decodeResult: success, version: HTTP/1.1)
POST /session/649bde915620f57054592570b5b82e3e/element/d594446e-152e-4a83-b1d9-d1392c86a985/value HTTP/1.1
User-Agent: selenium/4.8.1 (java windows)
Content-Length: 281
Content-Type: application/json; charset=utf-8
host: localhost:39445
accept: */*

Response DefaultHttpResponse(decodeResult: success, version: HTTP/1.1)
HTTP/1.1 200 OK
Content-Length: 14
Content-Type: application/json; charset=utf-8
cache-control: no-cache

20:46:05.799 [AsyncHttpClient-1-5] DEBUG org.asynchttpclient.netty.channel.ChannelManager - Adding key: http://localhost:39445 for channel [id: 0x6eff5283, L:/127.0.0.1:52866 - R:localhost/127.0.0.1:39445]
  &amp#27;[32mAnd &amp#27;[0m&amp#27;[32muser input valid email&amp#27;[0m                         &amp#27;[90m# starter.stepdefinitions.RegisterSteps.userInputValidEmail()&amp#27;[0m
20:46:05.822 [Forwarding findElement on session 649bde915620f57054592570b5b82e3e to remote] DEBUG org.asynchttpclient.netty.request.NettyRequestSender - Using pooled Channel '[id: 0x6eff5283, L:/127.0.0.1:52866 - R:localhost/127.0.0.1:39445]' for 'POST' to 'http://localhost:39445/session/649bde915620f57054592570b5b82e3e/element'
20:46:05.823 [Forwarding findElement on session 649bde915620f57054592570b5b82e3e to remote] DEBUG org.asynchttpclient.netty.request.NettyRequestSender - Using open Channel [id: 0x6eff5283, L:/127.0.0.1:52866 - R:localhost/127.0.0.1:39445] for POST '/session/649bde915620f57054592570b5b82e3e/element'
20:46:05.843 [AsyncHttpClient-1-5] DEBUG org.asynchttpclient.netty.handler.HttpHandler - 

Request DefaultHttpRequest(decodeResult: success, version: HTTP/1.1)
POST /session/649bde915620f57054592570b5b82e3e/element HTTP/1.1
User-Agent: selenium/4.8.1 (java windows)
Content-Length: 55
Content-Type: application/json; charset=utf-8
host: localhost:39445
accept: */*

Response DefaultHttpResponse(decodeResult: success, version: HTTP/1.1)
HTTP/1.1 200 OK
Content-Length: 88
Content-Type: application/json; charset=utf-8
cache-control: no-cache

20:46:05.844 [AsyncHttpClient-1-5] DEBUG org.asynchttpclient.netty.channel.ChannelManager - Adding key: http://localhost:39445 for channel [id: 0x6eff5283, L:/127.0.0.1:52866 - R:localhost/127.0.0.1:39445]
20:46:05.847 [Forwarding clearElement on session 649bde915620f57054592570b5b82e3e to remote] DEBUG org.asynchttpclient.netty.request.NettyRequestSender - Using pooled Channel '[id: 0x6eff5283, L:/127.0.0.1:52866 - R:localhost/127.0.0.1:39445]' for 'POST' to 'http://localhost:39445/session/649bde915620f57054592570b5b82e3e/element/f4aedf56-ade2-429d-bda8-5156ac0ac695/clear'
20:46:05.847 [Forwarding clearElement on session 649bde915620f57054592570b5b82e3e to remote] DEBUG org.asynchttpclient.netty.request.NettyRequestSender - Using open Channel [id: 0x6eff5283, L:/127.0.0.1:52866 - R:localhost/127.0.0.1:39445] for POST '/session/649bde915620f57054592570b5b82e3e/element/f4aedf56-ade2-429d-bda8-5156ac0ac695/clear'
20:46:05.928 [AsyncHttpClient-1-5] DEBUG org.asynchttpclient.netty.handler.HttpHandler - 

Request DefaultHttpRequest(decodeResult: success, version: HTTP/1.1)
POST /session/649bde915620f57054592570b5b82e3e/element/f4aedf56-ade2-429d-bda8-5156ac0ac695/clear HTTP/1.1
User-Agent: selenium/4.8.1 (java windows)
Content-Length: 50
Content-Type: application/json; charset=utf-8
host: localhost:39445
accept: */*

Response DefaultHttpResponse(decodeResult: success, version: HTTP/1.1)
HTTP/1.1 200 OK
Content-Length: 14
Content-Type: application/json; charset=utf-8
cache-control: no-cache

20:46:05.928 [AsyncHttpClient-1-5] DEBUG org.asynchttpclient.netty.channel.ChannelManager - Adding key: http://localhost:39445 for channel [id: 0x6eff5283, L:/127.0.0.1:52866 - R:localhost/127.0.0.1:39445]
20:46:05.936 [Forwarding sendKeysToElement on session 649bde915620f57054592570b5b82e3e to remote] DEBUG org.asynchttpclient.netty.request.NettyRequestSender - Using pooled Channel '[id: 0x6eff5283, L:/127.0.0.1:52866 - R:localhost/127.0.0.1:39445]' for 'POST' to 'http://localhost:39445/session/649bde915620f57054592570b5b82e3e/element/f4aedf56-ade2-429d-bda8-5156ac0ac695/value'
20:46:05.936 [Forwarding sendKeysToElement on session 649bde915620f57054592570b5b82e3e to remote] DEBUG org.asynchttpclient.netty.request.NettyRequestSender - Using open Channel [id: 0x6eff5283, L:/127.0.0.1:52866 - R:localhost/127.0.0.1:39445] for POST '/session/649bde915620f57054592570b5b82e3e/element/f4aedf56-ade2-429d-bda8-5156ac0ac695/value'
20:46:06.028 [AsyncHttpClient-1-5] DEBUG org.asynchttpclient.netty.handler.HttpHandler - 

Request DefaultHttpRequest(decodeResult: success, version: HTTP/1.1)
POST /session/649bde915620f57054592570b5b82e3e/element/f4aedf56-ade2-429d-bda8-5156ac0ac695/value HTTP/1.1
User-Agent: selenium/4.8.1 (java windows)
Content-Length: 111
Content-Type: application/json; charset=utf-8
host: localhost:39445
accept: */*

Response DefaultHttpResponse(decodeResult: success, version: HTTP/1.1)
HTTP/1.1 200 OK
Content-Length: 14
Content-Type: application/json; charset=utf-8
cache-control: no-cache

20:46:06.029 [AsyncHttpClient-1-5] DEBUG org.asynchttpclient.netty.channel.ChannelManager - Adding key: http://localhost:39445 for channel [id: 0x6eff5283, L:/127.0.0.1:52866 - R:localhost/127.0.0.1:39445]
  &amp#27;[32mAnd &amp#27;[0m&amp#27;[32muser input valid password&amp#27;[0m                      &amp#27;[90m# starter.stepdefinitions.RegisterSteps.userInputValidPassword()&amp#27;[0m
20:46:06.085 [Forwarding findElement on session 649bde915620f57054592570b5b82e3e to remote] DEBUG org.asynchttpclient.netty.request.NettyRequestSender - Using pooled Channel '[id: 0x6eff5283, L:/127.0.0.1:52866 - R:localhost/127.0.0.1:39445]' for 'POST' to 'http://localhost:39445/session/649bde915620f57054592570b5b82e3e/element'
20:46:06.085 [Forwarding findElement on session 649bde915620f57054592570b5b82e3e to remote] DEBUG org.asynchttpclient.netty.request.NettyRequestSender - Using open Channel [id: 0x6eff5283, L:/127.0.0.1:52866 - R:localhost/127.0.0.1:39445] for POST '/session/649bde915620f57054592570b5b82e3e/element'
20:46:06.096 [AsyncHttpClient-1-5] DEBUG org.asynchttpclient.netty.handler.HttpHandler - 

Request DefaultHttpRequest(decodeResult: success, version: HTTP/1.1)
POST /session/649bde915620f57054592570b5b82e3e/element HTTP/1.1
User-Agent: selenium/4.8.1 (java windows)
Content-Length: 72
Content-Type: application/json; charset=utf-8
host: localhost:39445
accept: */*

Response DefaultHttpResponse(decodeResult: success, version: HTTP/1.1)
HTTP/1.1 200 OK
Content-Length: 88
Content-Type: application/json; charset=utf-8
cache-control: no-cache

20:46:06.096 [AsyncHttpClient-1-5] DEBUG org.asynchttpclient.netty.channel.ChannelManager - Adding key: http://localhost:39445 for channel [id: 0x6eff5283, L:/127.0.0.1:52866 - R:localhost/127.0.0.1:39445]
20:46:06.100 [Forwarding getElementTagName on session 649bde915620f57054592570b5b82e3e to remote] DEBUG org.asynchttpclient.netty.request.NettyRequestSender - Using pooled Channel '[id: 0x6eff5283, L:/127.0.0.1:52866 - R:localhost/127.0.0.1:39445]' for 'GET' to 'http://localhost:39445/session/649bde915620f57054592570b5b82e3e/element/53c8fd55-d000-43c9-9660-6485f7ed00d0/name'
20:46:06.100 [Forwarding getElementTagName on session 649bde915620f57054592570b5b82e3e to remote] DEBUG org.asynchttpclient.netty.request.NettyRequestSender - Using open Channel [id: 0x6eff5283, L:/127.0.0.1:52866 - R:localhost/127.0.0.1:39445] for GET '/session/649bde915620f57054592570b5b82e3e/element/53c8fd55-d000-43c9-9660-6485f7ed00d0/name'
20:46:06.108 [AsyncHttpClient-1-5] DEBUG org.asynchttpclient.netty.handler.HttpHandler - 

Request DefaultFullHttpRequest(decodeResult: success, version: HTTP/1.1, content: EmptyByteBufBE)
GET /session/649bde915620f57054592570b5b82e3e/element/53c8fd55-d000-43c9-9660-6485f7ed00d0/name HTTP/1.1
User-Agent: selenium/4.8.1 (java windows)
Cache-Control: no-cache
Content-Type: application/json; charset=utf-8
host: localhost:39445
accept: */*

Response DefaultHttpResponse(decodeResult: success, version: HTTP/1.1)
HTTP/1.1 200 OK
Content-Length: 16
Content-Type: application/json; charset=utf-8
cache-control: no-cache

20:46:06.108 [AsyncHttpClient-1-5] DEBUG org.asynchttpclient.netty.channel.ChannelManager - Adding key: http://localhost:39445 for channel [id: 0x6eff5283, L:/127.0.0.1:52866 - R:localhost/127.0.0.1:39445]
20:46:06.111 [Forwarding getElementTagName on session 649bde915620f57054592570b5b82e3e to remote] DEBUG org.asynchttpclient.netty.request.NettyRequestSender - Using pooled Channel '[id: 0x6eff5283, L:/127.0.0.1:52866 - R:localhost/127.0.0.1:39445]' for 'GET' to 'http://localhost:39445/session/649bde915620f57054592570b5b82e3e/element/53c8fd55-d000-43c9-9660-6485f7ed00d0/name'
20:46:06.111 [Forwarding getElementTagName on session 649bde915620f57054592570b5b82e3e to remote] DEBUG org.asynchttpclient.netty.request.NettyRequestSender - Using open Channel [id: 0x6eff5283, L:/127.0.0.1:52866 - R:localhost/127.0.0.1:39445] for GET '/session/649bde915620f57054592570b5b82e3e/element/53c8fd55-d000-43c9-9660-6485f7ed00d0/name'
20:46:06.125 [AsyncHttpClient-1-5] DEBUG org.asynchttpclient.netty.handler.HttpHandler - 

Request DefaultFullHttpRequest(decodeResult: success, version: HTTP/1.1, content: EmptyByteBufBE)
GET /session/649bde915620f57054592570b5b82e3e/element/53c8fd55-d000-43c9-9660-6485f7ed00d0/name HTTP/1.1
User-Agent: selenium/4.8.1 (java windows)
Cache-Control: no-cache
Content-Type: application/json; charset=utf-8
host: localhost:39445
accept: */*

Response DefaultHttpResponse(decodeResult: success, version: HTTP/1.1)
HTTP/1.1 200 OK
Content-Length: 16
Content-Type: application/json; charset=utf-8
cache-control: no-cache

20:46:06.126 [AsyncHttpClient-1-5] DEBUG org.asynchttpclient.netty.channel.ChannelManager - Adding key: http://localhost:39445 for channel [id: 0x6eff5283, L:/127.0.0.1:52866 - R:localhost/127.0.0.1:39445]
20:46:06.135 [Forwarding findElement on session 649bde915620f57054592570b5b82e3e to remote] DEBUG org.asynchttpclient.netty.request.NettyRequestSender - Using pooled Channel '[id: 0x6eff5283, L:/127.0.0.1:52866 - R:localhost/127.0.0.1:39445]' for 'POST' to 'http://localhost:39445/session/649bde915620f57054592570b5b82e3e/element'
20:46:06.135 [Forwarding findElement on session 649bde915620f57054592570b5b82e3e to remote] DEBUG org.asynchttpclient.netty.request.NettyRequestSender - Using open Channel [id: 0x6eff5283, L:/127.0.0.1:52866 - R:localhost/127.0.0.1:39445] for POST '/session/649bde915620f57054592570b5b82e3e/element'
20:46:06.158 [AsyncHttpClient-1-5] DEBUG org.asynchttpclient.netty.handler.HttpHandler - 

Request DefaultHttpRequest(decodeResult: success, version: HTTP/1.1)
POST /session/649bde915620f57054592570b5b82e3e/element HTTP/1.1
User-Agent: selenium/4.8.1 (java windows)
Content-Length: 72
Content-Type: application/json; charset=utf-8
host: localhost:39445
accept: */*

Response DefaultHttpResponse(decodeResult: success, version: HTTP/1.1)
HTTP/1.1 200 OK
Content-Length: 88
Content-Type: application/json; charset=utf-8
cache-control: no-cache

20:46:06.158 [AsyncHttpClient-1-5] DEBUG org.asynchttpclient.netty.channel.ChannelManager - Adding key: http://localhost:39445 for channel [id: 0x6eff5283, L:/127.0.0.1:52866 - R:localhost/127.0.0.1:39445]
20:46:06.161 [Forwarding clickElement on session 649bde915620f57054592570b5b82e3e to remote] DEBUG org.asynchttpclient.netty.request.NettyRequestSender - Using pooled Channel '[id: 0x6eff5283, L:/127.0.0.1:52866 - R:localhost/127.0.0.1:39445]' for 'POST' to 'http://localhost:39445/session/649bde915620f57054592570b5b82e3e/element/53c8fd55-d000-43c9-9660-6485f7ed00d0/click'
20:46:06.161 [Forwarding clickElement on session 649bde915620f57054592570b5b82e3e to remote] DEBUG org.asynchttpclient.netty.request.NettyRequestSender - Using open Channel [id: 0x6eff5283, L:/127.0.0.1:52866 - R:localhost/127.0.0.1:39445] for POST '/session/649bde915620f57054592570b5b82e3e/element/53c8fd55-d000-43c9-9660-6485f7ed00d0/click'
20:46:06.346 [AsyncHttpClient-1-5] DEBUG org.asynchttpclient.netty.handler.HttpHandler - 

Request DefaultHttpRequest(decodeResult: success, version: HTTP/1.1)
POST /session/649bde915620f57054592570b5b82e3e/element/53c8fd55-d000-43c9-9660-6485f7ed00d0/click HTTP/1.1
User-Agent: selenium/4.8.1 (java windows)
Content-Length: 50
Content-Type: application/json; charset=utf-8
host: localhost:39445
accept: */*

Response DefaultHttpResponse(decodeResult: success, version: HTTP/1.1)
HTTP/1.1 200 OK
Content-Length: 14
Content-Type: application/json; charset=utf-8
cache-control: no-cache

20:46:06.346 [AsyncHttpClient-1-5] DEBUG org.asynchttpclient.netty.channel.ChannelManager - Adding key: http://localhost:39445 for channel [id: 0x6eff5283, L:/127.0.0.1:52866 - R:localhost/127.0.0.1:39445]
  &amp#27;[32mAnd &amp#27;[0m&amp#27;[32muser click login button&amp#27;[0m                        &amp#27;[90m# starter.stepdefinitions.RegisterSteps.userClickLoginButton()&amp#27;[0m
20:46:06.369 [Forwarding findElement on session 649bde915620f57054592570b5b82e3e to remote] DEBUG org.asynchttpclient.netty.request.NettyRequestSender - Using pooled Channel '[id: 0x6eff5283, L:/127.0.0.1:52866 - R:localhost/127.0.0.1:39445]' for 'POST' to 'http://localhost:39445/session/649bde915620f57054592570b5b82e3e/element'
20:46:06.369 [Forwarding findElement on session 649bde915620f57054592570b5b82e3e to remote] DEBUG org.asynchttpclient.netty.request.NettyRequestSender - Using open Channel [id: 0x6eff5283, L:/127.0.0.1:52866 - R:localhost/127.0.0.1:39445] for POST '/session/649bde915620f57054592570b5b82e3e/element'
20:46:06.396 [AsyncHttpClient-1-1] DEBUG org.asynchttpclient.netty.channel.DefaultChannelPool - Entry count for : http://localhost:52867 : 1
20:46:07.211 [AsyncHttpClient-1-5] DEBUG org.asynchttpclient.netty.handler.HttpHandler - 

Request DefaultHttpRequest(decodeResult: success, version: HTTP/1.1)
POST /session/649bde915620f57054592570b5b82e3e/element HTTP/1.1
User-Agent: selenium/4.8.1 (java windows)
Content-Length: 79
Content-Type: application/json; charset=utf-8
host: localhost:39445
accept: */*

Response DefaultHttpResponse(decodeResult: success, version: HTTP/1.1)
HTTP/1.1 200 OK
Content-Length: 88
Content-Type: application/json; charset=utf-8
cache-control: no-cache

20:46:07.211 [AsyncHttpClient-1-5] DEBUG org.asynchttpclient.netty.channel.ChannelManager - Adding key: http://localhost:39445 for channel [id: 0x6eff5283, L:/127.0.0.1:52866 - R:localhost/127.0.0.1:39445]
20:46:07.219 [Forwarding isElementDisplayed on session 649bde915620f57054592570b5b82e3e to remote] DEBUG org.asynchttpclient.netty.request.NettyRequestSender - Using pooled Channel '[id: 0x6eff5283, L:/127.0.0.1:52866 - R:localhost/127.0.0.1:39445]' for 'POST' to 'http://localhost:39445/session/649bde915620f57054592570b5b82e3e/execute/sync'
20:46:07.220 [Forwarding isElementDisplayed on session 649bde915620f57054592570b5b82e3e to remote] DEBUG org.asynchttpclient.netty.request.NettyRequestSender - Using open Channel [id: 0x6eff5283, L:/127.0.0.1:52866 - R:localhost/127.0.0.1:39445] for POST '/session/649bde915620f57054592570b5b82e3e/execute/sync'
20:46:07.238 [AsyncHttpClient-1-5] DEBUG org.asynchttpclient.netty.handler.HttpHandler - 

Request DefaultHttpRequest(decodeResult: success, version: HTTP/1.1)
POST /session/649bde915620f57054592570b5b82e3e/execute/sync HTTP/1.1
User-Agent: selenium/4.8.1 (java windows)
Content-Length: 48807
Content-Type: application/json; charset=utf-8
host: localhost:39445
accept: */*

Response DefaultHttpResponse(decodeResult: success, version: HTTP/1.1)
HTTP/1.1 200 OK
Content-Length: 14
Content-Type: application/json; charset=utf-8
cache-control: no-cache

20:46:07.239 [AsyncHttpClient-1-5] DEBUG org.asynchttpclient.netty.channel.ChannelManager - Adding key: http://localhost:39445 for channel [id: 0x6eff5283, L:/127.0.0.1:52866 - R:localhost/127.0.0.1:39445]
20:46:07.244 [Forwarding isElementDisplayed on session 649bde915620f57054592570b5b82e3e to remote] DEBUG org.asynchttpclient.netty.request.NettyRequestSender - Using pooled Channel '[id: 0x6eff5283, L:/127.0.0.1:52866 - R:localhost/127.0.0.1:39445]' for 'POST' to 'http://localhost:39445/session/649bde915620f57054592570b5b82e3e/execute/sync'
20:46:07.244 [Forwarding isElementDisplayed on session 649bde915620f57054592570b5b82e3e to remote] DEBUG org.asynchttpclient.netty.request.NettyRequestSender - Using open Channel [id: 0x6eff5283, L:/127.0.0.1:52866 - R:localhost/127.0.0.1:39445] for POST '/session/649bde915620f57054592570b5b82e3e/execute/sync'
20:46:07.259 [AsyncHttpClient-1-5] DEBUG org.asynchttpclient.netty.handler.HttpHandler - 

Request DefaultHttpRequest(decodeResult: success, version: HTTP/1.1)
POST /session/649bde915620f57054592570b5b82e3e/execute/sync HTTP/1.1
User-Agent: selenium/4.8.1 (java windows)
Content-Length: 48807
Content-Type: application/json; charset=utf-8
host: localhost:39445
accept: */*

Response DefaultHttpResponse(decodeResult: success, version: HTTP/1.1)
HTTP/1.1 200 OK
Content-Length: 14
Content-Type: application/json; charset=utf-8
cache-control: no-cache

20:46:07.260 [AsyncHttpClient-1-5] DEBUG org.asynchttpclient.netty.channel.ChannelManager - Adding key: http://localhost:39445 for channel [id: 0x6eff5283, L:/127.0.0.1:52866 - R:localhost/127.0.0.1:39445]
  &amp#27;[32mThen &amp#27;[0m&amp#27;[32muser see error message&amp#27;[0m                        &amp#27;[90m# starter.stepdefinitions.RegisterSteps.userSeeErrorMessage()&amp#27;[0m
20:46:07.270 [main] INFO  - 
  _____   ___   ___   _____     ___     _     ___   ___   ___   ___  
 |_   _| | __| / __| |_   _|   | _ \   /_\   / __| / __| | __| |   \ 
   | |   | _|  \__ \   | |     |  _/  / _ \  \__ \ \__ \ | _|  | |) |
   |_|   |___| |___/   |_|     |_|   /_/ \_\ |___/ |___/ |___| |___/ 

as user i want to register with empty name
----------------------------------------------------------------------
20:46:07.272 [AsyncHttpClient-1-7] DEBUG org.asynchttpclient.netty.handler.WebSocketHandler - Channel Closed: [id: 0x07e72e7e, L:/127.0.0.1:52874 ! R:localhost/127.0.0.1:52867] with attribute NettyResponseFuture{currentRetry=0,
	isDone=1,
	isCancelled=0,
	asyncHandler=org.asynchttpclient.ws.WebSocketUpgradeHandler@349eaae9,
	nettyRequest=org.asynchttpclient.netty.request.NettyRequest@719c321e,
	future=java.util.concurrent.CompletableFuture@79fe4fbd[Completed normally],
	uri=ws://localhost:52867/devtools/browser/4774e052-fa37-4b9a-b591-cc79333f639a,
	keepAlive=true,
	redirectCount=0,
	timeoutsHolder=null,
	inAuth=0,
	touch=1683553562289}
20:46:07.273 [AsyncHttpClient-1-7] DEBUG org.asynchttpclient.netty.channel.ChannelManager - Closing Channel [id: 0x07e72e7e, L:/127.0.0.1:52874 ! R:localhost/127.0.0.1:52867] 
20:46:07.273 [Driver Command Executor] DEBUG org.asynchttpclient.netty.request.NettyRequestSender - Using pooled Channel '[id: 0x6eff5283, L:/127.0.0.1:52866 - R:localhost/127.0.0.1:39445]' for 'DELETE' to 'http://localhost:39445/session/649bde915620f57054592570b5b82e3e'
20:46:07.273 [Driver Command Executor] DEBUG org.asynchttpclient.netty.request.NettyRequestSender - Using open Channel [id: 0x6eff5283, L:/127.0.0.1:52866 - R:localhost/127.0.0.1:39445] for DELETE '/session/649bde915620f57054592570b5b82e3e'
20:46:07.353 [AsyncHttpClient-1-6] DEBUG org.asynchttpclient.netty.handler.HttpHandler - Unexpected I/O exception on channel [id: 0x708785af, L:/127.0.0.1:52873 - R:localhost/127.0.0.1:52867]
java.io.IOException: An existing connection was forcibly closed by the remote host
	at sun.nio.ch.SocketDispatcher.read0(Native Method)
	at sun.nio.ch.SocketDispatcher.read(SocketDispatcher.java:43)
	at sun.nio.ch.IOUtil.readIntoNativeBuffer(IOUtil.java:223)
	at sun.nio.ch.IOUtil.read(IOUtil.java:192)
	at sun.nio.ch.SocketChannelImpl.read(SocketChannelImpl.java:380)
	at io.netty.buffer.PooledByteBuf.setBytes(PooledByteBuf.java:259)
	at io.netty.buffer.AbstractByteBuf.writeBytes(AbstractByteBuf.java:1132)
	at io.netty.channel.socket.nio.NioSocketChannel.doReadBytes(NioSocketChannel.java:357)
	at io.netty.channel.nio.AbstractNioByteChannel$NioByteUnsafe.read(AbstractNioByteChannel.java:151)
	at io.netty.channel.nio.NioEventLoop.processSelectedKey(NioEventLoop.java:788)
	at io.netty.channel.nio.NioEventLoop.processSelectedKeysOptimized(NioEventLoop.java:724)
	at io.netty.channel.nio.NioEventLoop.processSelectedKeys(NioEventLoop.java:650)
	at io.netty.channel.nio.NioEventLoop.run(NioEventLoop.java:562)
	at io.netty.util.concurrent.SingleThreadEventExecutor$4.run(SingleThreadEventExecutor.java:997)
	at io.netty.util.internal.ThreadExecutorMap$2.run(ThreadExecutorMap.java:74)
	at io.netty.util.concurrent.FastThreadLocalRunnable.run(FastThreadLocalRunnable.java:30)
	at java.lang.Thread.run(Thread.java:748)
20:46:07.354 [AsyncHttpClient-1-6] DEBUG org.asynchttpclient.netty.channel.ChannelManager - Closing Channel [id: 0x708785af, L:/127.0.0.1:52873 - R:localhost/127.0.0.1:52867] 
20:46:07.354 [AsyncHttpClient-1-6] DEBUG org.asynchttpclient.netty.handler.HttpHandler - Channel Closed: [id: 0x708785af, L:/127.0.0.1:52873 ! R:localhost/127.0.0.1:52867] with attribute DISCARD
20:46:07.412 [AsyncHttpClient-1-5] DEBUG org.asynchttpclient.netty.handler.HttpHandler - 

Request DefaultFullHttpRequest(decodeResult: success, version: HTTP/1.1, content: EmptyByteBufBE)
DELETE /session/649bde915620f57054592570b5b82e3e HTTP/1.1
User-Agent: selenium/4.8.1 (java windows)
Content-Type: application/json; charset=utf-8
host: localhost:39445
accept: */*

Response DefaultHttpResponse(decodeResult: success, version: HTTP/1.1)
HTTP/1.1 200 OK
Content-Length: 14
Content-Type: application/json; charset=utf-8
cache-control: no-cache

20:46:07.413 [AsyncHttpClient-1-5] DEBUG org.asynchttpclient.netty.channel.ChannelManager - Adding key: http://localhost:39445 for channel [id: 0x6eff5283, L:/127.0.0.1:52866 - R:localhost/127.0.0.1:39445]
20:46:07.498 [AsyncHttpClient-1-1] DEBUG org.asynchttpclient.netty.channel.DefaultChannelPool - Entry count for : http://localhost:52867 : 1
20:46:07.498 [AsyncHttpClient-1-1] DEBUG org.asynchttpclient.netty.channel.DefaultChannelPool - Entry count for : http://localhost:39445 : 1
20:46:07.498 [AsyncHttpClient-1-1] DEBUG org.asynchttpclient.netty.channel.DefaultChannelPool - Adding Candidate expired Channel [id: 0x708785af, L:/127.0.0.1:52873 ! R:localhost/127.0.0.1:52867] isIdleTimeoutExpired=false isRemotelyClosed=true isTtlExpired=false
20:46:07.498 [AsyncHttpClient-1-1] DEBUG org.asynchttpclient.netty.channel.DefaultChannelPool - Closing Idle Channel [id: 0x708785af, L:/127.0.0.1:52873 ! R:localhost/127.0.0.1:52867]
20:46:07.498 [AsyncHttpClient-1-1] DEBUG org.asynchttpclient.netty.channel.DefaultChannelPool - Closed 1 connections out of 2 in 0 ms
20:46:07.814 [AsyncHttpClient-1-5] DEBUG org.asynchttpclient.netty.handler.HttpHandler - Channel Closed: [id: 0x6eff5283, L:/127.0.0.1:52866 ! R:localhost/127.0.0.1:39445] with attribute DISCARD
]]></system-out>
    <system-err><![CDATA[Starting ChromeDriver 112.0.5615.49 (bd2a7bcb881c11e8cfe3078709382934e3916914-refs/branch-heads/5615@{#936}) on port 39445
Only local connections are allowed.
Please see https://chromedriver.chromium.org/security-considerations for suggestions on keeping ChromeDriver safe.
ChromeDriver was started successfully.
May 08, 2023 8:46:02 PM org.openqa.selenium.devtools.CdpVersionFinder findNearestMatch
WARNING: Unable to find an exact match for CDP version 112, so returning the closest version found: 110
]]></system-err>
  </testcase>
  <testcase name="as user i want to register with using existing email" classname="As a user i can be success register so that i can used my account for login" time="12.86">
    <system-out><![CDATA[
@NegativeCaseRegister-1
Scenario: as user i want to register with using existing email &amp#27;[90m# src/test/resources/features/Register.feature:22&amp#27;[0m
20:46:08.350 [main] DEBUG io.cucumber.core.plugin.SerenityReporter - Running feature from file:///D:/D/QE_Alta/mini-project-nisa/Web/Altashop-Register/src/test/resources/features/Register.feature
20:46:08.354 [main] INFO  - 
  _____   ___   ___   _____     ___   _____     _     ___   _____   ___   ___  
 |_   _| | __| / __| |_   _|   / __| |_   _|   /_\   | _ \ |_   _| | __| |   \ 
   | |   | _|  \__ \   | |     \__ \   | |    / _ \  |   /   | |   | _|  | |) |
   |_|   |___| |___/   |_|     |___/   |_|   /_/ \_\ |_|_\   |_|   |___| |___/ 

as user i want to register with using existing email(as-a-user-i-can-be-success-register-so-that-i-can-used-my-account-for-login;as-user-i-want-to-register-with-using-existing-email)
--------------------------------------------------------------------------------
20:46:08.510 [main] INFO net.serenitybdd.core.webdriver.driverproviders.ChromeDriverProvider - Starting Chrome driver instance with capabilities:
20:46:08.510 [main] INFO net.serenitybdd.core.webdriver.driverproviders.ChromeDriverProvider - Capabilities {acceptInsecureCerts: true, browserName: chrome, goog:chromeOptions: {args: [remote-allow-origins=*, test-type, no-sandbox, ignore-certificate-errors, start-maximized, incognito, disable-infobars, disable-gpu, disable-default-apps, disable-popup-blocking, remote-allow-origins=*, test-type, no-sandbox, ignore-certificate-errors, start-maximized, incognito, disable-infobars, disable-gpu, disable-default-apps, disable-popup-blocking, remote-allow-origins=*], extensions: []}}
20:46:08.600 [AsyncHttpClient-1-1] DEBUG org.asynchttpclient.netty.channel.DefaultChannelPool - Entry count for : http://localhost:39445 : 1
20:46:08.600 [AsyncHttpClient-1-1] DEBUG org.asynchttpclient.netty.channel.DefaultChannelPool - Adding Candidate expired Channel [id: 0x6eff5283, L:/127.0.0.1:52866 ! R:localhost/127.0.0.1:39445] isIdleTimeoutExpired=false isRemotelyClosed=true isTtlExpired=false
20:46:08.600 [AsyncHttpClient-1-1] DEBUG org.asynchttpclient.netty.channel.DefaultChannelPool - Closing Idle Channel [id: 0x6eff5283, L:/127.0.0.1:52866 ! R:localhost/127.0.0.1:39445]
20:46:08.600 [AsyncHttpClient-1-1] DEBUG org.asynchttpclient.netty.channel.DefaultChannelPool - Closed 1 connections out of 1 in 0 ms
20:46:09.121 [AsyncHttpClient-1-8] DEBUG org.asynchttpclient.netty.channel.NettyConnectListener - Using new Channel '[id: 0x5b267073, L:/127.0.0.1:52889 - R:localhost/127.0.0.1:4149]' for 'POST' to '/session'
20:46:10.106 [AsyncHttpClient-1-8] DEBUG org.asynchttpclient.netty.handler.HttpHandler - 

Request DefaultHttpRequest(decodeResult: success, version: HTTP/1.1)
POST /session HTTP/1.1
User-Agent: selenium/4.8.1 (java windows)
Content-Length: 1701
Content-Type: application/json; charset=utf-8
host: localhost:4149
accept: */*

Response DefaultHttpResponse(decodeResult: success, version: HTTP/1.1)
HTTP/1.1 200 OK
Content-Length: 861
Content-Type: application/json; charset=utf-8
cache-control: no-cache

20:46:10.106 [AsyncHttpClient-1-8] DEBUG org.asynchttpclient.netty.channel.ChannelManager - Adding key: http://localhost:4149 for channel [id: 0x5b267073, L:/127.0.0.1:52889 - R:localhost/127.0.0.1:4149]
20:46:10.255 [AsyncHttpClient-1-9] DEBUG org.asynchttpclient.netty.channel.NettyConnectListener - Using new Channel '[id: 0x348b88a3, L:/127.0.0.1:52896 - R:localhost/127.0.0.1:52890]' for 'GET' to '/json/version'
20:46:10.256 [AsyncHttpClient-1-9] DEBUG org.asynchttpclient.netty.handler.HttpHandler - 

Request DefaultFullHttpRequest(decodeResult: success, version: HTTP/1.1, content: EmptyByteBufBE)
GET /json/version HTTP/1.1
User-Agent: selenium/4.8.1 (java windows)
host: localhost:52890
accept: */*

Response DefaultHttpResponse(decodeResult: success, version: HTTP/1.1)
HTTP/1.1 200 OK
Content-Security-Policy: frame-ancestors 'none'
Content-Length: 424
Content-Type: application/json; charset=UTF-8

20:46:10.257 [AsyncHttpClient-1-9] DEBUG org.asynchttpclient.netty.channel.ChannelManager - Adding key: http://localhost:52890 for channel [id: 0x348b88a3, L:/127.0.0.1:52896 - R:localhost/127.0.0.1:52890]
20:46:10.261 [AsyncHttpClient-1-2] DEBUG org.asynchttpclient.netty.channel.NettyConnectListener - Using new Channel '[id: 0x43bca27e, L:/127.0.0.1:52897 - R:localhost/127.0.0.1:52890]' for 'GET' to '/devtools/browser/e5ab80f8-eb1b-456d-b6be-0624e3d6d2e9'
20:46:10.263 [AsyncHttpClient-1-2] DEBUG org.asynchttpclient.netty.handler.WebSocketHandler - 

Request DefaultFullHttpRequest(decodeResult: success, version: HTTP/1.1, content: EmptyByteBufBE)
GET /devtools/browser/e5ab80f8-eb1b-456d-b6be-0624e3d6d2e9 HTTP/1.1
upgrade: websocket
connection: upgrade
sec-websocket-key: GCHQBBgK1kMpwo66vQrM9w==
sec-websocket-version: 13
origin: http://localhost:52890
host: localhost:52890
accept: */*
user-agent: AHC/2.1

Response DefaultHttpResponse(decodeResult: success, version: HTTP/1.1)
HTTP/1.1 101 WebSocket Protocol Handshake
Upgrade: WebSocket
Connection: Upgrade
Sec-WebSocket-Accept: hft3YwvXPmsz1bGCtECW4fuYj90=

20:46:10.270 [Forwarding get on session 8bb9a8b594144c23d6d4135bbae52f9c to remote] DEBUG org.asynchttpclient.netty.request.NettyRequestSender - Using pooled Channel '[id: 0x5b267073, L:/127.0.0.1:52889 - R:localhost/127.0.0.1:4149]' for 'POST' to 'http://localhost:4149/session/8bb9a8b594144c23d6d4135bbae52f9c/url'
20:46:10.270 [Forwarding get on session 8bb9a8b594144c23d6d4135bbae52f9c to remote] DEBUG org.asynchttpclient.netty.request.NettyRequestSender - Using open Channel [id: 0x5b267073, L:/127.0.0.1:52889 - R:localhost/127.0.0.1:4149] for POST '/session/8bb9a8b594144c23d6d4135bbae52f9c/url'
20:46:10.796 [AsyncHttpClient-1-1] DEBUG org.asynchttpclient.netty.channel.DefaultChannelPool - Entry count for : http://localhost:52890 : 1
20:46:11.897 [AsyncHttpClient-1-1] DEBUG org.asynchttpclient.netty.channel.DefaultChannelPool - Entry count for : http://localhost:52890 : 1
20:46:13.002 [AsyncHttpClient-1-1] DEBUG org.asynchttpclient.netty.channel.DefaultChannelPool - Entry count for : http://localhost:52890 : 1
20:46:14.111 [AsyncHttpClient-1-1] DEBUG org.asynchttpclient.netty.channel.DefaultChannelPool - Entry count for : http://localhost:52890 : 1
20:46:15.196 [AsyncHttpClient-1-1] DEBUG org.asynchttpclient.netty.channel.DefaultChannelPool - Entry count for : http://localhost:52890 : 1
20:46:16.298 [AsyncHttpClient-1-1] DEBUG org.asynchttpclient.netty.channel.DefaultChannelPool - Entry count for : http://localhost:52890 : 1
20:46:17.395 [AsyncHttpClient-1-1] DEBUG org.asynchttpclient.netty.channel.DefaultChannelPool - Entry count for : http://localhost:52890 : 1
20:46:17.867 [AsyncHttpClient-1-8] DEBUG org.asynchttpclient.netty.handler.HttpHandler - 

Request DefaultHttpRequest(decodeResult: success, version: HTTP/1.1)
POST /session/8bb9a8b594144c23d6d4135bbae52f9c/url HTTP/1.1
User-Agent: selenium/4.8.1 (java windows)
Content-Length: 77
Content-Type: application/json; charset=utf-8
host: localhost:4149
accept: */*

Response DefaultHttpResponse(decodeResult: success, version: HTTP/1.1)
HTTP/1.1 200 OK
Content-Length: 14
Content-Type: application/json; charset=utf-8
cache-control: no-cache

20:46:17.867 [AsyncHttpClient-1-8] DEBUG org.asynchttpclient.netty.channel.ChannelManager - Adding key: http://localhost:4149 for channel [id: 0x5b267073, L:/127.0.0.1:52889 - R:localhost/127.0.0.1:4149]
20:46:17.869 [Forwarding setTimeout on session 8bb9a8b594144c23d6d4135bbae52f9c to remote] DEBUG org.asynchttpclient.netty.request.NettyRequestSender - Using pooled Channel '[id: 0x5b267073, L:/127.0.0.1:52889 - R:localhost/127.0.0.1:4149]' for 'POST' to 'http://localhost:4149/session/8bb9a8b594144c23d6d4135bbae52f9c/timeouts'
20:46:17.870 [Forwarding setTimeout on session 8bb9a8b594144c23d6d4135bbae52f9c to remote] DEBUG org.asynchttpclient.netty.request.NettyRequestSender - Using open Channel [id: 0x5b267073, L:/127.0.0.1:52889 - R:localhost/127.0.0.1:4149] for POST '/session/8bb9a8b594144c23d6d4135bbae52f9c/timeouts'
20:46:17.872 [AsyncHttpClient-1-8] DEBUG org.asynchttpclient.netty.handler.HttpHandler - 

Request DefaultHttpRequest(decodeResult: success, version: HTTP/1.1)
POST /session/8bb9a8b594144c23d6d4135bbae52f9c/timeouts HTTP/1.1
User-Agent: selenium/4.8.1 (java windows)
Content-Length: 22
Content-Type: application/json; charset=utf-8
host: localhost:4149
accept: */*

Response DefaultHttpResponse(decodeResult: success, version: HTTP/1.1)
HTTP/1.1 200 OK
Content-Length: 14
Content-Type: application/json; charset=utf-8
cache-control: no-cache

20:46:17.872 [AsyncHttpClient-1-8] DEBUG org.asynchttpclient.netty.channel.ChannelManager - Adding key: http://localhost:4149 for channel [id: 0x5b267073, L:/127.0.0.1:52889 - R:localhost/127.0.0.1:4149]
20:46:17.886 [Forwarding findElement on session 8bb9a8b594144c23d6d4135bbae52f9c to remote] DEBUG org.asynchttpclient.netty.request.NettyRequestSender - Using pooled Channel '[id: 0x5b267073, L:/127.0.0.1:52889 - R:localhost/127.0.0.1:4149]' for 'POST' to 'http://localhost:4149/session/8bb9a8b594144c23d6d4135bbae52f9c/element'
20:46:17.886 [Forwarding findElement on session 8bb9a8b594144c23d6d4135bbae52f9c to remote] DEBUG org.asynchttpclient.netty.request.NettyRequestSender - Using open Channel [id: 0x5b267073, L:/127.0.0.1:52889 - R:localhost/127.0.0.1:4149] for POST '/session/8bb9a8b594144c23d6d4135bbae52f9c/element'
20:46:17.913 [AsyncHttpClient-1-8] DEBUG org.asynchttpclient.netty.handler.HttpHandler - 

Request DefaultHttpRequest(decodeResult: success, version: HTTP/1.1)
POST /session/8bb9a8b594144c23d6d4135bbae52f9c/element HTTP/1.1
User-Agent: selenium/4.8.1 (java windows)
Content-Length: 72
Content-Type: application/json; charset=utf-8
host: localhost:4149
accept: */*

Response DefaultHttpResponse(decodeResult: success, version: HTTP/1.1)
HTTP/1.1 200 OK
Content-Length: 88
Content-Type: application/json; charset=utf-8
cache-control: no-cache

20:46:17.913 [AsyncHttpClient-1-8] DEBUG org.asynchttpclient.netty.channel.ChannelManager - Adding key: http://localhost:4149 for channel [id: 0x5b267073, L:/127.0.0.1:52889 - R:localhost/127.0.0.1:4149]
20:46:17.919 [Forwarding isElementDisplayed on session 8bb9a8b594144c23d6d4135bbae52f9c to remote] DEBUG org.asynchttpclient.netty.request.NettyRequestSender - Using pooled Channel '[id: 0x5b267073, L:/127.0.0.1:52889 - R:localhost/127.0.0.1:4149]' for 'POST' to 'http://localhost:4149/session/8bb9a8b594144c23d6d4135bbae52f9c/execute/sync'
20:46:17.920 [Forwarding isElementDisplayed on session 8bb9a8b594144c23d6d4135bbae52f9c to remote] DEBUG org.asynchttpclient.netty.request.NettyRequestSender - Using open Channel [id: 0x5b267073, L:/127.0.0.1:52889 - R:localhost/127.0.0.1:4149] for POST '/session/8bb9a8b594144c23d6d4135bbae52f9c/execute/sync'
20:46:17.940 [AsyncHttpClient-1-8] DEBUG org.asynchttpclient.netty.handler.HttpHandler - 

Request DefaultHttpRequest(decodeResult: success, version: HTTP/1.1)
POST /session/8bb9a8b594144c23d6d4135bbae52f9c/execute/sync HTTP/1.1
User-Agent: selenium/4.8.1 (java windows)
Content-Length: 48807
Content-Type: application/json; charset=utf-8
host: localhost:4149
accept: */*

Response DefaultHttpResponse(decodeResult: success, version: HTTP/1.1)
HTTP/1.1 200 OK
Content-Length: 14
Content-Type: application/json; charset=utf-8
cache-control: no-cache

20:46:17.940 [AsyncHttpClient-1-8] DEBUG org.asynchttpclient.netty.channel.ChannelManager - Adding key: http://localhost:4149 for channel [id: 0x5b267073, L:/127.0.0.1:52889 - R:localhost/127.0.0.1:4149]
20:46:17.946 [Forwarding isElementDisplayed on session 8bb9a8b594144c23d6d4135bbae52f9c to remote] DEBUG org.asynchttpclient.netty.request.NettyRequestSender - Using pooled Channel '[id: 0x5b267073, L:/127.0.0.1:52889 - R:localhost/127.0.0.1:4149]' for 'POST' to 'http://localhost:4149/session/8bb9a8b594144c23d6d4135bbae52f9c/execute/sync'
20:46:17.946 [Forwarding isElementDisplayed on session 8bb9a8b594144c23d6d4135bbae52f9c to remote] DEBUG org.asynchttpclient.netty.request.NettyRequestSender - Using open Channel [id: 0x5b267073, L:/127.0.0.1:52889 - R:localhost/127.0.0.1:4149] for POST '/session/8bb9a8b594144c23d6d4135bbae52f9c/execute/sync'
20:46:17.961 [AsyncHttpClient-1-8] DEBUG org.asynchttpclient.netty.handler.HttpHandler - 

Request DefaultHttpRequest(decodeResult: success, version: HTTP/1.1)
POST /session/8bb9a8b594144c23d6d4135bbae52f9c/execute/sync HTTP/1.1
User-Agent: selenium/4.8.1 (java windows)
Content-Length: 48807
Content-Type: application/json; charset=utf-8
host: localhost:4149
accept: */*

Response DefaultHttpResponse(decodeResult: success, version: HTTP/1.1)
HTTP/1.1 200 OK
Content-Length: 14
Content-Type: application/json; charset=utf-8
cache-control: no-cache

20:46:17.961 [AsyncHttpClient-1-8] DEBUG org.asynchttpclient.netty.channel.ChannelManager - Adding key: http://localhost:4149 for channel [id: 0x5b267073, L:/127.0.0.1:52889 - R:localhost/127.0.0.1:4149]
  &amp#27;[32mGiven &amp#27;[0m&amp#27;[32muser on register page&amp#27;[0m                                  &amp#27;[90m# starter.stepdefinitions.RegisterSteps.userOnRegisterPage()&amp#27;[0m
20:46:17.974 [Forwarding findElement on session 8bb9a8b594144c23d6d4135bbae52f9c to remote] DEBUG org.asynchttpclient.netty.request.NettyRequestSender - Using pooled Channel '[id: 0x5b267073, L:/127.0.0.1:52889 - R:localhost/127.0.0.1:4149]' for 'POST' to 'http://localhost:4149/session/8bb9a8b594144c23d6d4135bbae52f9c/element'
20:46:17.974 [Forwarding findElement on session 8bb9a8b594144c23d6d4135bbae52f9c to remote] DEBUG org.asynchttpclient.netty.request.NettyRequestSender - Using open Channel [id: 0x5b267073, L:/127.0.0.1:52889 - R:localhost/127.0.0.1:4149] for POST '/session/8bb9a8b594144c23d6d4135bbae52f9c/element'
20:46:17.986 [AsyncHttpClient-1-8] DEBUG org.asynchttpclient.netty.handler.HttpHandler - 

Request DefaultHttpRequest(decodeResult: success, version: HTTP/1.1)
POST /session/8bb9a8b594144c23d6d4135bbae52f9c/element HTTP/1.1
User-Agent: selenium/4.8.1 (java windows)
Content-Length: 55
Content-Type: application/json; charset=utf-8
host: localhost:4149
accept: */*

Response DefaultHttpResponse(decodeResult: success, version: HTTP/1.1)
HTTP/1.1 200 OK
Content-Length: 88
Content-Type: application/json; charset=utf-8
cache-control: no-cache

20:46:17.987 [AsyncHttpClient-1-8] DEBUG org.asynchttpclient.netty.channel.ChannelManager - Adding key: http://localhost:4149 for channel [id: 0x5b267073, L:/127.0.0.1:52889 - R:localhost/127.0.0.1:4149]
20:46:17.989 [Forwarding clearElement on session 8bb9a8b594144c23d6d4135bbae52f9c to remote] DEBUG org.asynchttpclient.netty.request.NettyRequestSender - Using pooled Channel '[id: 0x5b267073, L:/127.0.0.1:52889 - R:localhost/127.0.0.1:4149]' for 'POST' to 'http://localhost:4149/session/8bb9a8b594144c23d6d4135bbae52f9c/element/03fa8eb9-25e4-49a5-9a67-0472f67e20e9/clear'
20:46:17.989 [Forwarding clearElement on session 8bb9a8b594144c23d6d4135bbae52f9c to remote] DEBUG org.asynchttpclient.netty.request.NettyRequestSender - Using open Channel [id: 0x5b267073, L:/127.0.0.1:52889 - R:localhost/127.0.0.1:4149] for POST '/session/8bb9a8b594144c23d6d4135bbae52f9c/element/03fa8eb9-25e4-49a5-9a67-0472f67e20e9/clear'
20:46:18.030 [AsyncHttpClient-1-8] DEBUG org.asynchttpclient.netty.handler.HttpHandler - 

Request DefaultHttpRequest(decodeResult: success, version: HTTP/1.1)
POST /session/8bb9a8b594144c23d6d4135bbae52f9c/element/03fa8eb9-25e4-49a5-9a67-0472f67e20e9/clear HTTP/1.1
User-Agent: selenium/4.8.1 (java windows)
Content-Length: 50
Content-Type: application/json; charset=utf-8
host: localhost:4149
accept: */*

Response DefaultHttpResponse(decodeResult: success, version: HTTP/1.1)
HTTP/1.1 200 OK
Content-Length: 14
Content-Type: application/json; charset=utf-8
cache-control: no-cache

20:46:18.030 [AsyncHttpClient-1-8] DEBUG org.asynchttpclient.netty.channel.ChannelManager - Adding key: http://localhost:4149 for channel [id: 0x5b267073, L:/127.0.0.1:52889 - R:localhost/127.0.0.1:4149]
20:46:18.032 [Forwarding sendKeysToElement on session 8bb9a8b594144c23d6d4135bbae52f9c to remote] DEBUG org.asynchttpclient.netty.request.NettyRequestSender - Using pooled Channel '[id: 0x5b267073, L:/127.0.0.1:52889 - R:localhost/127.0.0.1:4149]' for 'POST' to 'http://localhost:4149/session/8bb9a8b594144c23d6d4135bbae52f9c/element/03fa8eb9-25e4-49a5-9a67-0472f67e20e9/value'
20:46:18.032 [Forwarding sendKeysToElement on session 8bb9a8b594144c23d6d4135bbae52f9c to remote] DEBUG org.asynchttpclient.netty.request.NettyRequestSender - Using open Channel [id: 0x5b267073, L:/127.0.0.1:52889 - R:localhost/127.0.0.1:4149] for POST '/session/8bb9a8b594144c23d6d4135bbae52f9c/element/03fa8eb9-25e4-49a5-9a67-0472f67e20e9/value'
20:46:18.151 [AsyncHttpClient-1-8] DEBUG org.asynchttpclient.netty.handler.HttpHandler - 

Request DefaultHttpRequest(decodeResult: success, version: HTTP/1.1)
POST /session/8bb9a8b594144c23d6d4135bbae52f9c/element/03fa8eb9-25e4-49a5-9a67-0472f67e20e9/value HTTP/1.1
User-Agent: selenium/4.8.1 (java windows)
Content-Length: 121
Content-Type: application/json; charset=utf-8
host: localhost:4149
accept: */*

Response DefaultHttpResponse(decodeResult: success, version: HTTP/1.1)
HTTP/1.1 200 OK
Content-Length: 14
Content-Type: application/json; charset=utf-8
cache-control: no-cache

20:46:18.151 [AsyncHttpClient-1-8] DEBUG org.asynchttpclient.netty.channel.ChannelManager - Adding key: http://localhost:4149 for channel [id: 0x5b267073, L:/127.0.0.1:52889 - R:localhost/127.0.0.1:4149]
  &amp#27;[32mWhen &amp#27;[0m&amp#27;[32muser input valid complete name&amp#27;[0m                          &amp#27;[90m# starter.stepdefinitions.RegisterSteps.userInputValidCompleteName()&amp#27;[0m
20:46:18.167 [Forwarding findElement on session 8bb9a8b594144c23d6d4135bbae52f9c to remote] DEBUG org.asynchttpclient.netty.request.NettyRequestSender - Using pooled Channel '[id: 0x5b267073, L:/127.0.0.1:52889 - R:localhost/127.0.0.1:4149]' for 'POST' to 'http://localhost:4149/session/8bb9a8b594144c23d6d4135bbae52f9c/element'
20:46:18.167 [Forwarding findElement on session 8bb9a8b594144c23d6d4135bbae52f9c to remote] DEBUG org.asynchttpclient.netty.request.NettyRequestSender - Using open Channel [id: 0x5b267073, L:/127.0.0.1:52889 - R:localhost/127.0.0.1:4149] for POST '/session/8bb9a8b594144c23d6d4135bbae52f9c/element'
20:46:18.182 [AsyncHttpClient-1-8] DEBUG org.asynchttpclient.netty.handler.HttpHandler - 

Request DefaultHttpRequest(decodeResult: success, version: HTTP/1.1)
POST /session/8bb9a8b594144c23d6d4135bbae52f9c/element HTTP/1.1
User-Agent: selenium/4.8.1 (java windows)
Content-Length: 55
Content-Type: application/json; charset=utf-8
host: localhost:4149
accept: */*

Response DefaultHttpResponse(decodeResult: success, version: HTTP/1.1)
HTTP/1.1 200 OK
Content-Length: 88
Content-Type: application/json; charset=utf-8
cache-control: no-cache

20:46:18.182 [AsyncHttpClient-1-8] DEBUG org.asynchttpclient.netty.channel.ChannelManager - Adding key: http://localhost:4149 for channel [id: 0x5b267073, L:/127.0.0.1:52889 - R:localhost/127.0.0.1:4149]
20:46:18.185 [Forwarding clearElement on session 8bb9a8b594144c23d6d4135bbae52f9c to remote] DEBUG org.asynchttpclient.netty.request.NettyRequestSender - Using pooled Channel '[id: 0x5b267073, L:/127.0.0.1:52889 - R:localhost/127.0.0.1:4149]' for 'POST' to 'http://localhost:4149/session/8bb9a8b594144c23d6d4135bbae52f9c/element/bff85f51-8b9d-425b-aa4b-12af12aa390f/clear'
20:46:18.185 [Forwarding clearElement on session 8bb9a8b594144c23d6d4135bbae52f9c to remote] DEBUG org.asynchttpclient.netty.request.NettyRequestSender - Using open Channel [id: 0x5b267073, L:/127.0.0.1:52889 - R:localhost/127.0.0.1:4149] for POST '/session/8bb9a8b594144c23d6d4135bbae52f9c/element/bff85f51-8b9d-425b-aa4b-12af12aa390f/clear'
20:46:18.231 [AsyncHttpClient-1-8] DEBUG org.asynchttpclient.netty.handler.HttpHandler - 

Request DefaultHttpRequest(decodeResult: success, version: HTTP/1.1)
POST /session/8bb9a8b594144c23d6d4135bbae52f9c/element/bff85f51-8b9d-425b-aa4b-12af12aa390f/clear HTTP/1.1
User-Agent: selenium/4.8.1 (java windows)
Content-Length: 50
Content-Type: application/json; charset=utf-8
host: localhost:4149
accept: */*

Response DefaultHttpResponse(decodeResult: success, version: HTTP/1.1)
HTTP/1.1 200 OK
Content-Length: 14
Content-Type: application/json; charset=utf-8
cache-control: no-cache

20:46:18.231 [AsyncHttpClient-1-8] DEBUG org.asynchttpclient.netty.channel.ChannelManager - Adding key: http://localhost:4149 for channel [id: 0x5b267073, L:/127.0.0.1:52889 - R:localhost/127.0.0.1:4149]
20:46:18.235 [Forwarding sendKeysToElement on session 8bb9a8b594144c23d6d4135bbae52f9c to remote] DEBUG org.asynchttpclient.netty.request.NettyRequestSender - Using pooled Channel '[id: 0x5b267073, L:/127.0.0.1:52889 - R:localhost/127.0.0.1:4149]' for 'POST' to 'http://localhost:4149/session/8bb9a8b594144c23d6d4135bbae52f9c/element/bff85f51-8b9d-425b-aa4b-12af12aa390f/value'
20:46:18.235 [Forwarding sendKeysToElement on session 8bb9a8b594144c23d6d4135bbae52f9c to remote] DEBUG org.asynchttpclient.netty.request.NettyRequestSender - Using open Channel [id: 0x5b267073, L:/127.0.0.1:52889 - R:localhost/127.0.0.1:4149] for POST '/session/8bb9a8b594144c23d6d4135bbae52f9c/element/bff85f51-8b9d-425b-aa4b-12af12aa390f/value'
20:46:18.436 [AsyncHttpClient-1-8] DEBUG org.asynchttpclient.netty.handler.HttpHandler - 

Request DefaultHttpRequest(decodeResult: success, version: HTTP/1.1)
POST /session/8bb9a8b594144c23d6d4135bbae52f9c/element/bff85f51-8b9d-425b-aa4b-12af12aa390f/value HTTP/1.1
User-Agent: selenium/4.8.1 (java windows)
Content-Length: 251
Content-Type: application/json; charset=utf-8
host: localhost:4149
accept: */*

Response DefaultHttpResponse(decodeResult: success, version: HTTP/1.1)
HTTP/1.1 200 OK
Content-Length: 14
Content-Type: application/json; charset=utf-8
cache-control: no-cache

20:46:18.437 [AsyncHttpClient-1-8] DEBUG org.asynchttpclient.netty.channel.ChannelManager - Adding key: http://localhost:4149 for channel [id: 0x5b267073, L:/127.0.0.1:52889 - R:localhost/127.0.0.1:4149]
  &amp#27;[32mAnd &amp#27;[0m&amp#27;[32muser input existing email&amp#27;[0m                                &amp#27;[90m# starter.stepdefinitions.RegisterSteps.userInputExistingEmail()&amp#27;[0m
20:46:18.458 [Forwarding findElement on session 8bb9a8b594144c23d6d4135bbae52f9c to remote] DEBUG org.asynchttpclient.netty.request.NettyRequestSender - Using pooled Channel '[id: 0x5b267073, L:/127.0.0.1:52889 - R:localhost/127.0.0.1:4149]' for 'POST' to 'http://localhost:4149/session/8bb9a8b594144c23d6d4135bbae52f9c/element'
20:46:18.458 [Forwarding findElement on session 8bb9a8b594144c23d6d4135bbae52f9c to remote] DEBUG org.asynchttpclient.netty.request.NettyRequestSender - Using open Channel [id: 0x5b267073, L:/127.0.0.1:52889 - R:localhost/127.0.0.1:4149] for POST '/session/8bb9a8b594144c23d6d4135bbae52f9c/element'
20:46:18.474 [AsyncHttpClient-1-8] DEBUG org.asynchttpclient.netty.handler.HttpHandler - 

Request DefaultHttpRequest(decodeResult: success, version: HTTP/1.1)
POST /session/8bb9a8b594144c23d6d4135bbae52f9c/element HTTP/1.1
User-Agent: selenium/4.8.1 (java windows)
Content-Length: 55
Content-Type: application/json; charset=utf-8
host: localhost:4149
accept: */*

Response DefaultHttpResponse(decodeResult: success, version: HTTP/1.1)
HTTP/1.1 200 OK
Content-Length: 88
Content-Type: application/json; charset=utf-8
cache-control: no-cache

20:46:18.474 [AsyncHttpClient-1-8] DEBUG org.asynchttpclient.netty.channel.ChannelManager - Adding key: http://localhost:4149 for channel [id: 0x5b267073, L:/127.0.0.1:52889 - R:localhost/127.0.0.1:4149]
20:46:18.476 [Forwarding clearElement on session 8bb9a8b594144c23d6d4135bbae52f9c to remote] DEBUG org.asynchttpclient.netty.request.NettyRequestSender - Using pooled Channel '[id: 0x5b267073, L:/127.0.0.1:52889 - R:localhost/127.0.0.1:4149]' for 'POST' to 'http://localhost:4149/session/8bb9a8b594144c23d6d4135bbae52f9c/element/4e271264-da4f-425b-987d-97de57ef1cb5/clear'
20:46:18.476 [Forwarding clearElement on session 8bb9a8b594144c23d6d4135bbae52f9c to remote] DEBUG org.asynchttpclient.netty.request.NettyRequestSender - Using open Channel [id: 0x5b267073, L:/127.0.0.1:52889 - R:localhost/127.0.0.1:4149] for POST '/session/8bb9a8b594144c23d6d4135bbae52f9c/element/4e271264-da4f-425b-987d-97de57ef1cb5/clear'
20:46:18.502 [AsyncHttpClient-1-1] DEBUG org.asynchttpclient.netty.channel.DefaultChannelPool - Entry count for : http://localhost:52890 : 1
20:46:18.533 [AsyncHttpClient-1-8] DEBUG org.asynchttpclient.netty.handler.HttpHandler - 

Request DefaultHttpRequest(decodeResult: success, version: HTTP/1.1)
POST /session/8bb9a8b594144c23d6d4135bbae52f9c/element/4e271264-da4f-425b-987d-97de57ef1cb5/clear HTTP/1.1
User-Agent: selenium/4.8.1 (java windows)
Content-Length: 50
Content-Type: application/json; charset=utf-8
host: localhost:4149
accept: */*

Response DefaultHttpResponse(decodeResult: success, version: HTTP/1.1)
HTTP/1.1 200 OK
Content-Length: 14
Content-Type: application/json; charset=utf-8
cache-control: no-cache

20:46:18.534 [AsyncHttpClient-1-8] DEBUG org.asynchttpclient.netty.channel.ChannelManager - Adding key: http://localhost:4149 for channel [id: 0x5b267073, L:/127.0.0.1:52889 - R:localhost/127.0.0.1:4149]
20:46:18.537 [Forwarding sendKeysToElement on session 8bb9a8b594144c23d6d4135bbae52f9c to remote] DEBUG org.asynchttpclient.netty.request.NettyRequestSender - Using pooled Channel '[id: 0x5b267073, L:/127.0.0.1:52889 - R:localhost/127.0.0.1:4149]' for 'POST' to 'http://localhost:4149/session/8bb9a8b594144c23d6d4135bbae52f9c/element/4e271264-da4f-425b-987d-97de57ef1cb5/value'
20:46:18.537 [Forwarding sendKeysToElement on session 8bb9a8b594144c23d6d4135bbae52f9c to remote] DEBUG org.asynchttpclient.netty.request.NettyRequestSender - Using open Channel [id: 0x5b267073, L:/127.0.0.1:52889 - R:localhost/127.0.0.1:4149] for POST '/session/8bb9a8b594144c23d6d4135bbae52f9c/element/4e271264-da4f-425b-987d-97de57ef1cb5/value'
20:46:18.623 [AsyncHttpClient-1-8] DEBUG org.asynchttpclient.netty.handler.HttpHandler - 

Request DefaultHttpRequest(decodeResult: success, version: HTTP/1.1)
POST /session/8bb9a8b594144c23d6d4135bbae52f9c/element/4e271264-da4f-425b-987d-97de57ef1cb5/value HTTP/1.1
User-Agent: selenium/4.8.1 (java windows)
Content-Length: 111
Content-Type: application/json; charset=utf-8
host: localhost:4149
accept: */*

Response DefaultHttpResponse(decodeResult: success, version: HTTP/1.1)
HTTP/1.1 200 OK
Content-Length: 14
Content-Type: application/json; charset=utf-8
cache-control: no-cache

20:46:18.623 [AsyncHttpClient-1-8] DEBUG org.asynchttpclient.netty.channel.ChannelManager - Adding key: http://localhost:4149 for channel [id: 0x5b267073, L:/127.0.0.1:52889 - R:localhost/127.0.0.1:4149]
  &amp#27;[32mAnd &amp#27;[0m&amp#27;[32muser input valid password&amp#27;[0m                                &amp#27;[90m# starter.stepdefinitions.RegisterSteps.userInputValidPassword()&amp#27;[0m
20:46:18.641 [Forwarding findElement on session 8bb9a8b594144c23d6d4135bbae52f9c to remote] DEBUG org.asynchttpclient.netty.request.NettyRequestSender - Using pooled Channel '[id: 0x5b267073, L:/127.0.0.1:52889 - R:localhost/127.0.0.1:4149]' for 'POST' to 'http://localhost:4149/session/8bb9a8b594144c23d6d4135bbae52f9c/element'
20:46:18.641 [Forwarding findElement on session 8bb9a8b594144c23d6d4135bbae52f9c to remote] DEBUG org.asynchttpclient.netty.request.NettyRequestSender - Using open Channel [id: 0x5b267073, L:/127.0.0.1:52889 - R:localhost/127.0.0.1:4149] for POST '/session/8bb9a8b594144c23d6d4135bbae52f9c/element'
20:46:18.652 [AsyncHttpClient-1-8] DEBUG org.asynchttpclient.netty.handler.HttpHandler - 

Request DefaultHttpRequest(decodeResult: success, version: HTTP/1.1)
POST /session/8bb9a8b594144c23d6d4135bbae52f9c/element HTTP/1.1
User-Agent: selenium/4.8.1 (java windows)
Content-Length: 72
Content-Type: application/json; charset=utf-8
host: localhost:4149
accept: */*

Response DefaultHttpResponse(decodeResult: success, version: HTTP/1.1)
HTTP/1.1 200 OK
Content-Length: 88
Content-Type: application/json; charset=utf-8
cache-control: no-cache

20:46:18.652 [AsyncHttpClient-1-8] DEBUG org.asynchttpclient.netty.channel.ChannelManager - Adding key: http://localhost:4149 for channel [id: 0x5b267073, L:/127.0.0.1:52889 - R:localhost/127.0.0.1:4149]
20:46:18.654 [Forwarding getElementTagName on session 8bb9a8b594144c23d6d4135bbae52f9c to remote] DEBUG org.asynchttpclient.netty.request.NettyRequestSender - Using pooled Channel '[id: 0x5b267073, L:/127.0.0.1:52889 - R:localhost/127.0.0.1:4149]' for 'GET' to 'http://localhost:4149/session/8bb9a8b594144c23d6d4135bbae52f9c/element/9c8290d3-afb9-4f2b-a804-78d94929dcaf/name'
20:46:18.654 [Forwarding getElementTagName on session 8bb9a8b594144c23d6d4135bbae52f9c to remote] DEBUG org.asynchttpclient.netty.request.NettyRequestSender - Using open Channel [id: 0x5b267073, L:/127.0.0.1:52889 - R:localhost/127.0.0.1:4149] for GET '/session/8bb9a8b594144c23d6d4135bbae52f9c/element/9c8290d3-afb9-4f2b-a804-78d94929dcaf/name'
20:46:18.664 [AsyncHttpClient-1-8] DEBUG org.asynchttpclient.netty.handler.HttpHandler - 

Request DefaultFullHttpRequest(decodeResult: success, version: HTTP/1.1, content: EmptyByteBufBE)
GET /session/8bb9a8b594144c23d6d4135bbae52f9c/element/9c8290d3-afb9-4f2b-a804-78d94929dcaf/name HTTP/1.1
User-Agent: selenium/4.8.1 (java windows)
Cache-Control: no-cache
Content-Type: application/json; charset=utf-8
host: localhost:4149
accept: */*

Response DefaultHttpResponse(decodeResult: success, version: HTTP/1.1)
HTTP/1.1 200 OK
Content-Length: 16
Content-Type: application/json; charset=utf-8
cache-control: no-cache

20:46:18.664 [AsyncHttpClient-1-8] DEBUG org.asynchttpclient.netty.channel.ChannelManager - Adding key: http://localhost:4149 for channel [id: 0x5b267073, L:/127.0.0.1:52889 - R:localhost/127.0.0.1:4149]
20:46:18.667 [Forwarding getElementTagName on session 8bb9a8b594144c23d6d4135bbae52f9c to remote] DEBUG org.asynchttpclient.netty.request.NettyRequestSender - Using pooled Channel '[id: 0x5b267073, L:/127.0.0.1:52889 - R:localhost/127.0.0.1:4149]' for 'GET' to 'http://localhost:4149/session/8bb9a8b594144c23d6d4135bbae52f9c/element/9c8290d3-afb9-4f2b-a804-78d94929dcaf/name'
20:46:18.667 [Forwarding getElementTagName on session 8bb9a8b594144c23d6d4135bbae52f9c to remote] DEBUG org.asynchttpclient.netty.request.NettyRequestSender - Using open Channel [id: 0x5b267073, L:/127.0.0.1:52889 - R:localhost/127.0.0.1:4149] for GET '/session/8bb9a8b594144c23d6d4135bbae52f9c/element/9c8290d3-afb9-4f2b-a804-78d94929dcaf/name'
20:46:18.672 [AsyncHttpClient-1-8] DEBUG org.asynchttpclient.netty.handler.HttpHandler - 

Request DefaultFullHttpRequest(decodeResult: success, version: HTTP/1.1, content: EmptyByteBufBE)
GET /session/8bb9a8b594144c23d6d4135bbae52f9c/element/9c8290d3-afb9-4f2b-a804-78d94929dcaf/name HTTP/1.1
User-Agent: selenium/4.8.1 (java windows)
Cache-Control: no-cache
Content-Type: application/json; charset=utf-8
host: localhost:4149
accept: */*

Response DefaultHttpResponse(decodeResult: success, version: HTTP/1.1)
HTTP/1.1 200 OK
Content-Length: 16
Content-Type: application/json; charset=utf-8
cache-control: no-cache

20:46:18.673 [AsyncHttpClient-1-8] DEBUG org.asynchttpclient.netty.channel.ChannelManager - Adding key: http://localhost:4149 for channel [id: 0x5b267073, L:/127.0.0.1:52889 - R:localhost/127.0.0.1:4149]
20:46:18.676 [Forwarding findElement on session 8bb9a8b594144c23d6d4135bbae52f9c to remote] DEBUG org.asynchttpclient.netty.request.NettyRequestSender - Using pooled Channel '[id: 0x5b267073, L:/127.0.0.1:52889 - R:localhost/127.0.0.1:4149]' for 'POST' to 'http://localhost:4149/session/8bb9a8b594144c23d6d4135bbae52f9c/element'
20:46:18.676 [Forwarding findElement on session 8bb9a8b594144c23d6d4135bbae52f9c to remote] DEBUG org.asynchttpclient.netty.request.NettyRequestSender - Using open Channel [id: 0x5b267073, L:/127.0.0.1:52889 - R:localhost/127.0.0.1:4149] for POST '/session/8bb9a8b594144c23d6d4135bbae52f9c/element'
20:46:18.692 [AsyncHttpClient-1-8] DEBUG org.asynchttpclient.netty.handler.HttpHandler - 

Request DefaultHttpRequest(decodeResult: success, version: HTTP/1.1)
POST /session/8bb9a8b594144c23d6d4135bbae52f9c/element HTTP/1.1
User-Agent: selenium/4.8.1 (java windows)
Content-Length: 72
Content-Type: application/json; charset=utf-8
host: localhost:4149
accept: */*

Response DefaultHttpResponse(decodeResult: success, version: HTTP/1.1)
HTTP/1.1 200 OK
Content-Length: 88
Content-Type: application/json; charset=utf-8
cache-control: no-cache

20:46:18.693 [AsyncHttpClient-1-8] DEBUG org.asynchttpclient.netty.channel.ChannelManager - Adding key: http://localhost:4149 for channel [id: 0x5b267073, L:/127.0.0.1:52889 - R:localhost/127.0.0.1:4149]
20:46:18.697 [Forwarding clickElement on session 8bb9a8b594144c23d6d4135bbae52f9c to remote] DEBUG org.asynchttpclient.netty.request.NettyRequestSender - Using pooled Channel '[id: 0x5b267073, L:/127.0.0.1:52889 - R:localhost/127.0.0.1:4149]' for 'POST' to 'http://localhost:4149/session/8bb9a8b594144c23d6d4135bbae52f9c/element/9c8290d3-afb9-4f2b-a804-78d94929dcaf/click'
20:46:18.697 [Forwarding clickElement on session 8bb9a8b594144c23d6d4135bbae52f9c to remote] DEBUG org.asynchttpclient.netty.request.NettyRequestSender - Using open Channel [id: 0x5b267073, L:/127.0.0.1:52889 - R:localhost/127.0.0.1:4149] for POST '/session/8bb9a8b594144c23d6d4135bbae52f9c/element/9c8290d3-afb9-4f2b-a804-78d94929dcaf/click'
20:46:18.820 [AsyncHttpClient-1-8] DEBUG org.asynchttpclient.netty.handler.HttpHandler - 

Request DefaultHttpRequest(decodeResult: success, version: HTTP/1.1)
POST /session/8bb9a8b594144c23d6d4135bbae52f9c/element/9c8290d3-afb9-4f2b-a804-78d94929dcaf/click HTTP/1.1
User-Agent: selenium/4.8.1 (java windows)
Content-Length: 50
Content-Type: application/json; charset=utf-8
host: localhost:4149
accept: */*

Response DefaultHttpResponse(decodeResult: success, version: HTTP/1.1)
HTTP/1.1 200 OK
Content-Length: 14
Content-Type: application/json; charset=utf-8
cache-control: no-cache

20:46:18.821 [AsyncHttpClient-1-8] DEBUG org.asynchttpclient.netty.channel.ChannelManager - Adding key: http://localhost:4149 for channel [id: 0x5b267073, L:/127.0.0.1:52889 - R:localhost/127.0.0.1:4149]
  &amp#27;[32mAnd &amp#27;[0m&amp#27;[32muser click login button&amp#27;[0m                                  &amp#27;[90m# starter.stepdefinitions.RegisterSteps.userClickLoginButton()&amp#27;[0m
20:46:18.842 [Forwarding findElement on session 8bb9a8b594144c23d6d4135bbae52f9c to remote] DEBUG org.asynchttpclient.netty.request.NettyRequestSender - Using pooled Channel '[id: 0x5b267073, L:/127.0.0.1:52889 - R:localhost/127.0.0.1:4149]' for 'POST' to 'http://localhost:4149/session/8bb9a8b594144c23d6d4135bbae52f9c/element'
20:46:18.843 [Forwarding findElement on session 8bb9a8b594144c23d6d4135bbae52f9c to remote] DEBUG org.asynchttpclient.netty.request.NettyRequestSender - Using open Channel [id: 0x5b267073, L:/127.0.0.1:52889 - R:localhost/127.0.0.1:4149] for POST '/session/8bb9a8b594144c23d6d4135bbae52f9c/element'
20:46:19.596 [AsyncHttpClient-1-1] DEBUG org.asynchttpclient.netty.channel.DefaultChannelPool - Entry count for : http://localhost:52890 : 1
20:46:20.371 [AsyncHttpClient-1-8] DEBUG org.asynchttpclient.netty.handler.HttpHandler - 

Request DefaultHttpRequest(decodeResult: success, version: HTTP/1.1)
POST /session/8bb9a8b594144c23d6d4135bbae52f9c/element HTTP/1.1
User-Agent: selenium/4.8.1 (java windows)
Content-Length: 79
Content-Type: application/json; charset=utf-8
host: localhost:4149
accept: */*

Response DefaultHttpResponse(decodeResult: success, version: HTTP/1.1)
HTTP/1.1 200 OK
Content-Length: 88
Content-Type: application/json; charset=utf-8
cache-control: no-cache

20:46:20.371 [AsyncHttpClient-1-8] DEBUG org.asynchttpclient.netty.channel.ChannelManager - Adding key: http://localhost:4149 for channel [id: 0x5b267073, L:/127.0.0.1:52889 - R:localhost/127.0.0.1:4149]
20:46:20.376 [Forwarding isElementDisplayed on session 8bb9a8b594144c23d6d4135bbae52f9c to remote] DEBUG org.asynchttpclient.netty.request.NettyRequestSender - Using pooled Channel '[id: 0x5b267073, L:/127.0.0.1:52889 - R:localhost/127.0.0.1:4149]' for 'POST' to 'http://localhost:4149/session/8bb9a8b594144c23d6d4135bbae52f9c/execute/sync'
20:46:20.376 [Forwarding isElementDisplayed on session 8bb9a8b594144c23d6d4135bbae52f9c to remote] DEBUG org.asynchttpclient.netty.request.NettyRequestSender - Using open Channel [id: 0x5b267073, L:/127.0.0.1:52889 - R:localhost/127.0.0.1:4149] for POST '/session/8bb9a8b594144c23d6d4135bbae52f9c/execute/sync'
20:46:20.393 [AsyncHttpClient-1-8] DEBUG org.asynchttpclient.netty.handler.HttpHandler - 

Request DefaultHttpRequest(decodeResult: success, version: HTTP/1.1)
POST /session/8bb9a8b594144c23d6d4135bbae52f9c/execute/sync HTTP/1.1
User-Agent: selenium/4.8.1 (java windows)
Content-Length: 48807
Content-Type: application/json; charset=utf-8
host: localhost:4149
accept: */*

Response DefaultHttpResponse(decodeResult: success, version: HTTP/1.1)
HTTP/1.1 200 OK
Content-Length: 14
Content-Type: application/json; charset=utf-8
cache-control: no-cache

20:46:20.394 [AsyncHttpClient-1-8] DEBUG org.asynchttpclient.netty.channel.ChannelManager - Adding key: http://localhost:4149 for channel [id: 0x5b267073, L:/127.0.0.1:52889 - R:localhost/127.0.0.1:4149]
20:46:20.400 [Forwarding isElementDisplayed on session 8bb9a8b594144c23d6d4135bbae52f9c to remote] DEBUG org.asynchttpclient.netty.request.NettyRequestSender - Using pooled Channel '[id: 0x5b267073, L:/127.0.0.1:52889 - R:localhost/127.0.0.1:4149]' for 'POST' to 'http://localhost:4149/session/8bb9a8b594144c23d6d4135bbae52f9c/execute/sync'
20:46:20.400 [Forwarding isElementDisplayed on session 8bb9a8b594144c23d6d4135bbae52f9c to remote] DEBUG org.asynchttpclient.netty.request.NettyRequestSender - Using open Channel [id: 0x5b267073, L:/127.0.0.1:52889 - R:localhost/127.0.0.1:4149] for POST '/session/8bb9a8b594144c23d6d4135bbae52f9c/execute/sync'
20:46:20.412 [AsyncHttpClient-1-8] DEBUG org.asynchttpclient.netty.handler.HttpHandler - 

Request DefaultHttpRequest(decodeResult: success, version: HTTP/1.1)
POST /session/8bb9a8b594144c23d6d4135bbae52f9c/execute/sync HTTP/1.1
User-Agent: selenium/4.8.1 (java windows)
Content-Length: 48807
Content-Type: application/json; charset=utf-8
host: localhost:4149
accept: */*

Response DefaultHttpResponse(decodeResult: success, version: HTTP/1.1)
HTTP/1.1 200 OK
Content-Length: 14
Content-Type: application/json; charset=utf-8
cache-control: no-cache

20:46:20.413 [AsyncHttpClient-1-8] DEBUG org.asynchttpclient.netty.channel.ChannelManager - Adding key: http://localhost:4149 for channel [id: 0x5b267073, L:/127.0.0.1:52889 - R:localhost/127.0.0.1:4149]
  &amp#27;[32mThen &amp#27;[0m&amp#27;[32muser see error message&amp#27;[0m                                  &amp#27;[90m# starter.stepdefinitions.RegisterSteps.userSeeErrorMessage()&amp#27;[0m
20:46:20.418 [main] INFO  - 
  _____   ___   ___   _____     ___     _     ___   ___   ___   ___  
 |_   _| | __| / __| |_   _|   | _ \   /_\   / __| / __| | __| |   \ 
   | |   | _|  \__ \   | |     |  _/  / _ \  \__ \ \__ \ | _|  | |) |
   |_|   |___| |___/   |_|     |_|   /_/ \_\ |___/ |___/ |___| |___/ 

as user i want to register with using existing email
----------------------------------------------------------------------
20:46:20.420 [AsyncHttpClient-1-2] DEBUG org.asynchttpclient.netty.handler.WebSocketHandler - Channel Closed: [id: 0x43bca27e, L:/127.0.0.1:52897 ! R:localhost/127.0.0.1:52890] with attribute NettyResponseFuture{currentRetry=0,
	isDone=1,
	isCancelled=0,
	asyncHandler=org.asynchttpclient.ws.WebSocketUpgradeHandler@22c9771e,
	nettyRequest=org.asynchttpclient.netty.request.NettyRequest@1710367f,
	future=java.util.concurrent.CompletableFuture@754637f8[Completed normally],
	uri=ws://localhost:52890/devtools/browser/e5ab80f8-eb1b-456d-b6be-0624e3d6d2e9,
	keepAlive=true,
	redirectCount=0,
	timeoutsHolder=null,
	inAuth=0,
	touch=1683553570264}
20:46:20.420 [AsyncHttpClient-1-2] DEBUG org.asynchttpclient.netty.channel.ChannelManager - Closing Channel [id: 0x43bca27e, L:/127.0.0.1:52897 ! R:localhost/127.0.0.1:52890] 
20:46:20.420 [Driver Command Executor] DEBUG org.asynchttpclient.netty.request.NettyRequestSender - Using pooled Channel '[id: 0x5b267073, L:/127.0.0.1:52889 - R:localhost/127.0.0.1:4149]' for 'DELETE' to 'http://localhost:4149/session/8bb9a8b594144c23d6d4135bbae52f9c'
20:46:20.420 [Driver Command Executor] DEBUG org.asynchttpclient.netty.request.NettyRequestSender - Using open Channel [id: 0x5b267073, L:/127.0.0.1:52889 - R:localhost/127.0.0.1:4149] for DELETE '/session/8bb9a8b594144c23d6d4135bbae52f9c'
20:46:20.486 [AsyncHttpClient-1-9] DEBUG org.asynchttpclient.netty.handler.HttpHandler - Unexpected I/O exception on channel [id: 0x348b88a3, L:/127.0.0.1:52896 - R:localhost/127.0.0.1:52890]
java.io.IOException: An existing connection was forcibly closed by the remote host
	at sun.nio.ch.SocketDispatcher.read0(Native Method)
	at sun.nio.ch.SocketDispatcher.read(SocketDispatcher.java:43)
	at sun.nio.ch.IOUtil.readIntoNativeBuffer(IOUtil.java:223)
	at sun.nio.ch.IOUtil.read(IOUtil.java:192)
	at sun.nio.ch.SocketChannelImpl.read(SocketChannelImpl.java:380)
	at io.netty.buffer.PooledByteBuf.setBytes(PooledByteBuf.java:259)
	at io.netty.buffer.AbstractByteBuf.writeBytes(AbstractByteBuf.java:1132)
	at io.netty.channel.socket.nio.NioSocketChannel.doReadBytes(NioSocketChannel.java:357)
	at io.netty.channel.nio.AbstractNioByteChannel$NioByteUnsafe.read(AbstractNioByteChannel.java:151)
	at io.netty.channel.nio.NioEventLoop.processSelectedKey(NioEventLoop.java:788)
	at io.netty.channel.nio.NioEventLoop.processSelectedKeysOptimized(NioEventLoop.java:724)
	at io.netty.channel.nio.NioEventLoop.processSelectedKeys(NioEventLoop.java:650)
	at io.netty.channel.nio.NioEventLoop.run(NioEventLoop.java:562)
	at io.netty.util.concurrent.SingleThreadEventExecutor$4.run(SingleThreadEventExecutor.java:997)
	at io.netty.util.internal.ThreadExecutorMap$2.run(ThreadExecutorMap.java:74)
	at io.netty.util.concurrent.FastThreadLocalRunnable.run(FastThreadLocalRunnable.java:30)
	at java.lang.Thread.run(Thread.java:748)
20:46:20.486 [AsyncHttpClient-1-9] DEBUG org.asynchttpclient.netty.channel.ChannelManager - Closing Channel [id: 0x348b88a3, L:/127.0.0.1:52896 - R:localhost/127.0.0.1:52890] 
20:46:20.486 [AsyncHttpClient-1-9] DEBUG org.asynchttpclient.netty.handler.HttpHandler - Channel Closed: [id: 0x348b88a3, L:/127.0.0.1:52896 ! R:localhost/127.0.0.1:52890] with attribute DISCARD
20:46:20.547 [AsyncHttpClient-1-8] DEBUG org.asynchttpclient.netty.handler.HttpHandler - 

Request DefaultFullHttpRequest(decodeResult: success, version: HTTP/1.1, content: EmptyByteBufBE)
DELETE /session/8bb9a8b594144c23d6d4135bbae52f9c HTTP/1.1
User-Agent: selenium/4.8.1 (java windows)
Content-Type: application/json; charset=utf-8
host: localhost:4149
accept: */*

Response DefaultHttpResponse(decodeResult: success, version: HTTP/1.1)
HTTP/1.1 200 OK
Content-Length: 14
Content-Type: application/json; charset=utf-8
cache-control: no-cache

20:46:20.547 [AsyncHttpClient-1-8] DEBUG org.asynchttpclient.netty.channel.ChannelManager - Adding key: http://localhost:4149 for channel [id: 0x5b267073, L:/127.0.0.1:52889 - R:localhost/127.0.0.1:4149]
20:46:20.673 [AsyncHttpClient-1-8] DEBUG org.asynchttpclient.netty.handler.HttpHandler - Channel Closed: [id: 0x5b267073, L:/127.0.0.1:52889 ! R:localhost/127.0.0.1:4149] with attribute DISCARD
20:46:20.700 [AsyncHttpClient-1-1] DEBUG org.asynchttpclient.netty.channel.DefaultChannelPool - Entry count for : http://localhost:4149 : 1
20:46:20.700 [AsyncHttpClient-1-1] DEBUG org.asynchttpclient.netty.channel.DefaultChannelPool - Entry count for : http://localhost:52890 : 1
20:46:20.700 [AsyncHttpClient-1-1] DEBUG org.asynchttpclient.netty.channel.DefaultChannelPool - Adding Candidate expired Channel [id: 0x5b267073, L:/127.0.0.1:52889 ! R:localhost/127.0.0.1:4149] isIdleTimeoutExpired=false isRemotelyClosed=true isTtlExpired=false
20:46:20.700 [AsyncHttpClient-1-1] DEBUG org.asynchttpclient.netty.channel.DefaultChannelPool - Closing Idle Channel [id: 0x5b267073, L:/127.0.0.1:52889 ! R:localhost/127.0.0.1:4149]
20:46:20.700 [AsyncHttpClient-1-1] DEBUG org.asynchttpclient.netty.channel.DefaultChannelPool - Adding Candidate expired Channel [id: 0x348b88a3, L:/127.0.0.1:52896 ! R:localhost/127.0.0.1:52890] isIdleTimeoutExpired=false isRemotelyClosed=true isTtlExpired=false
20:46:20.700 [AsyncHttpClient-1-1] DEBUG org.asynchttpclient.netty.channel.DefaultChannelPool - Closing Idle Channel [id: 0x348b88a3, L:/127.0.0.1:52896 ! R:localhost/127.0.0.1:52890]
20:46:20.700 [AsyncHttpClient-1-1] DEBUG org.asynchttpclient.netty.channel.DefaultChannelPool - Closed 2 connections out of 2 in 0 ms
]]></system-out>
    <system-err><![CDATA[Starting ChromeDriver 112.0.5615.49 (bd2a7bcb881c11e8cfe3078709382934e3916914-refs/branch-heads/5615@{#936}) on port 4149
Only local connections are allowed.
Please see https://chromedriver.chromium.org/security-considerations for suggestions on keeping ChromeDriver safe.
ChromeDriver was started successfully.
May 08, 2023 8:46:10 PM org.openqa.selenium.devtools.CdpVersionFinder findNearestMatch
WARNING: Unable to find an exact match for CDP version 112, so returning the closest version found: 110
]]></system-err>
  </testcase>
  <testcase name="as user i want to register with empty password" classname="As a user i can be success register so that i can used my account for login" time="12.348">
    <system-out><![CDATA[
@NegativeCaseRegister-2
Scenario: as user i want to register with empty password &amp#27;[90m# src/test/resources/features/Register.feature:31&amp#27;[0m
20:46:21.209 [main] DEBUG io.cucumber.core.plugin.SerenityReporter - Running feature from file:///D:/D/QE_Alta/mini-project-nisa/Web/Altashop-Register/src/test/resources/features/Register.feature
20:46:21.213 [main] INFO  - 
  _____   ___   ___   _____     ___   _____     _     ___   _____   ___   ___  
 |_   _| | __| / __| |_   _|   / __| |_   _|   /_\   | _ \ |_   _| | __| |   \ 
   | |   | _|  \__ \   | |     \__ \   | |    / _ \  |   /   | |   | _|  | |) |
   |_|   |___| |___/   |_|     |___/   |_|   /_/ \_\ |_|_\   |_|   |___| |___/ 

as user i want to register with empty password(as-a-user-i-can-be-success-register-so-that-i-can-used-my-account-for-login;as-user-i-want-to-register-with-empty-password)
--------------------------------------------------------------------------------
20:46:21.336 [main] INFO net.serenitybdd.core.webdriver.driverproviders.ChromeDriverProvider - Starting Chrome driver instance with capabilities:
20:46:21.337 [main] INFO net.serenitybdd.core.webdriver.driverproviders.ChromeDriverProvider - Capabilities {acceptInsecureCerts: true, browserName: chrome, goog:chromeOptions: {args: [remote-allow-origins=*, test-type, no-sandbox, ignore-certificate-errors, start-maximized, incognito, disable-infobars, disable-gpu, disable-default-apps, disable-popup-blocking, remote-allow-origins=*, test-type, no-sandbox, ignore-certificate-errors, start-maximized, incognito, disable-infobars, disable-gpu, disable-default-apps, disable-popup-blocking, remote-allow-origins=*], extensions: []}}
20:46:21.947 [AsyncHttpClient-1-3] DEBUG org.asynchttpclient.netty.channel.NettyConnectListener - Using new Channel '[id: 0x0d9adf63, L:/127.0.0.1:52917 - R:localhost/127.0.0.1:42497]' for 'POST' to '/session'
20:46:23.351 [AsyncHttpClient-1-3] DEBUG org.asynchttpclient.netty.handler.HttpHandler - 

Request DefaultHttpRequest(decodeResult: success, version: HTTP/1.1)
POST /session HTTP/1.1
User-Agent: selenium/4.8.1 (java windows)
Content-Length: 1701
Content-Type: application/json; charset=utf-8
host: localhost:42497
accept: */*

Response DefaultHttpResponse(decodeResult: success, version: HTTP/1.1)
HTTP/1.1 200 OK
Content-Length: 862
Content-Type: application/json; charset=utf-8
cache-control: no-cache

20:46:23.351 [AsyncHttpClient-1-3] DEBUG org.asynchttpclient.netty.channel.ChannelManager - Adding key: http://localhost:42497 for channel [id: 0x0d9adf63, L:/127.0.0.1:52917 - R:localhost/127.0.0.1:42497]
20:46:23.371 [AsyncHttpClient-1-4] DEBUG org.asynchttpclient.netty.channel.NettyConnectListener - Using new Channel '[id: 0x4feecb5e, L:/127.0.0.1:52926 - R:localhost/127.0.0.1:52919]' for 'GET' to '/json/version'
20:46:23.372 [AsyncHttpClient-1-4] DEBUG org.asynchttpclient.netty.handler.HttpHandler - 

Request DefaultFullHttpRequest(decodeResult: success, version: HTTP/1.1, content: EmptyByteBufBE)
GET /json/version HTTP/1.1
User-Agent: selenium/4.8.1 (java windows)
host: localhost:52919
accept: */*

Response DefaultHttpResponse(decodeResult: success, version: HTTP/1.1)
HTTP/1.1 200 OK
Content-Security-Policy: frame-ancestors 'none'
Content-Length: 424
Content-Type: application/json; charset=UTF-8

20:46:23.372 [AsyncHttpClient-1-4] DEBUG org.asynchttpclient.netty.channel.ChannelManager - Adding key: http://localhost:52919 for channel [id: 0x4feecb5e, L:/127.0.0.1:52926 - R:localhost/127.0.0.1:52919]
20:46:23.375 [AsyncHttpClient-1-5] DEBUG org.asynchttpclient.netty.channel.NettyConnectListener - Using new Channel '[id: 0xc2e0ad90, L:/127.0.0.1:52927 - R:localhost/127.0.0.1:52919]' for 'GET' to '/devtools/browser/f9e6cf3d-d538-4904-8b2a-314c7db9ce81'
20:46:23.378 [AsyncHttpClient-1-5] DEBUG org.asynchttpclient.netty.handler.WebSocketHandler - 

Request DefaultFullHttpRequest(decodeResult: success, version: HTTP/1.1, content: EmptyByteBufBE)
GET /devtools/browser/f9e6cf3d-d538-4904-8b2a-314c7db9ce81 HTTP/1.1
upgrade: websocket
connection: upgrade
sec-websocket-key: g8fVqRvPNJjZl1bHtl6+Ww==
sec-websocket-version: 13
origin: http://localhost:52919
host: localhost:52919
accept: */*
user-agent: AHC/2.1

Response DefaultHttpResponse(decodeResult: success, version: HTTP/1.1)
HTTP/1.1 101 WebSocket Protocol Handshake
Upgrade: WebSocket
Connection: Upgrade
Sec-WebSocket-Accept: wvAJWrmdivCaFR3vTKqT8DfM4HE=

20:46:23.388 [Forwarding get on session 4e24034af1be4c9218a5164e250cfa0b to remote] DEBUG org.asynchttpclient.netty.request.NettyRequestSender - Using pooled Channel '[id: 0x0d9adf63, L:/127.0.0.1:52917 - R:localhost/127.0.0.1:42497]' for 'POST' to 'http://localhost:42497/session/4e24034af1be4c9218a5164e250cfa0b/url'
20:46:23.388 [Forwarding get on session 4e24034af1be4c9218a5164e250cfa0b to remote] DEBUG org.asynchttpclient.netty.request.NettyRequestSender - Using open Channel [id: 0x0d9adf63, L:/127.0.0.1:52917 - R:localhost/127.0.0.1:42497] for POST '/session/4e24034af1be4c9218a5164e250cfa0b/url'
20:46:24.000 [AsyncHttpClient-1-1] DEBUG org.asynchttpclient.netty.channel.DefaultChannelPool - Entry count for : http://localhost:52919 : 1
20:46:25.105 [AsyncHttpClient-1-1] DEBUG org.asynchttpclient.netty.channel.DefaultChannelPool - Entry count for : http://localhost:52919 : 1
20:46:26.202 [AsyncHttpClient-1-1] DEBUG org.asynchttpclient.netty.channel.DefaultChannelPool - Entry count for : http://localhost:52919 : 1
20:46:27.297 [AsyncHttpClient-1-1] DEBUG org.asynchttpclient.netty.channel.DefaultChannelPool - Entry count for : http://localhost:52919 : 1
20:46:28.396 [AsyncHttpClient-1-1] DEBUG org.asynchttpclient.netty.channel.DefaultChannelPool - Entry count for : http://localhost:52919 : 1
20:46:29.496 [AsyncHttpClient-1-1] DEBUG org.asynchttpclient.netty.channel.DefaultChannelPool - Entry count for : http://localhost:52919 : 1
20:46:30.595 [AsyncHttpClient-1-1] DEBUG org.asynchttpclient.netty.channel.DefaultChannelPool - Entry count for : http://localhost:52919 : 1
20:46:31.141 [AsyncHttpClient-1-3] DEBUG org.asynchttpclient.netty.handler.HttpHandler - 

Request DefaultHttpRequest(decodeResult: success, version: HTTP/1.1)
POST /session/4e24034af1be4c9218a5164e250cfa0b/url HTTP/1.1
User-Agent: selenium/4.8.1 (java windows)
Content-Length: 77
Content-Type: application/json; charset=utf-8
host: localhost:42497
accept: */*

Response DefaultHttpResponse(decodeResult: success, version: HTTP/1.1)
HTTP/1.1 200 OK
Content-Length: 14
Content-Type: application/json; charset=utf-8
cache-control: no-cache

20:46:31.141 [AsyncHttpClient-1-3] DEBUG org.asynchttpclient.netty.channel.ChannelManager - Adding key: http://localhost:42497 for channel [id: 0x0d9adf63, L:/127.0.0.1:52917 - R:localhost/127.0.0.1:42497]
20:46:31.145 [Forwarding setTimeout on session 4e24034af1be4c9218a5164e250cfa0b to remote] DEBUG org.asynchttpclient.netty.request.NettyRequestSender - Using pooled Channel '[id: 0x0d9adf63, L:/127.0.0.1:52917 - R:localhost/127.0.0.1:42497]' for 'POST' to 'http://localhost:42497/session/4e24034af1be4c9218a5164e250cfa0b/timeouts'
20:46:31.145 [Forwarding setTimeout on session 4e24034af1be4c9218a5164e250cfa0b to remote] DEBUG org.asynchttpclient.netty.request.NettyRequestSender - Using open Channel [id: 0x0d9adf63, L:/127.0.0.1:52917 - R:localhost/127.0.0.1:42497] for POST '/session/4e24034af1be4c9218a5164e250cfa0b/timeouts'
20:46:31.147 [AsyncHttpClient-1-3] DEBUG org.asynchttpclient.netty.handler.HttpHandler - 

Request DefaultHttpRequest(decodeResult: success, version: HTTP/1.1)
POST /session/4e24034af1be4c9218a5164e250cfa0b/timeouts HTTP/1.1
User-Agent: selenium/4.8.1 (java windows)
Content-Length: 22
Content-Type: application/json; charset=utf-8
host: localhost:42497
accept: */*

Response DefaultHttpResponse(decodeResult: success, version: HTTP/1.1)
HTTP/1.1 200 OK
Content-Length: 14
Content-Type: application/json; charset=utf-8
cache-control: no-cache

20:46:31.147 [AsyncHttpClient-1-3] DEBUG org.asynchttpclient.netty.channel.ChannelManager - Adding key: http://localhost:42497 for channel [id: 0x0d9adf63, L:/127.0.0.1:52917 - R:localhost/127.0.0.1:42497]
20:46:31.155 [Forwarding findElement on session 4e24034af1be4c9218a5164e250cfa0b to remote] DEBUG org.asynchttpclient.netty.request.NettyRequestSender - Using pooled Channel '[id: 0x0d9adf63, L:/127.0.0.1:52917 - R:localhost/127.0.0.1:42497]' for 'POST' to 'http://localhost:42497/session/4e24034af1be4c9218a5164e250cfa0b/element'
20:46:31.155 [Forwarding findElement on session 4e24034af1be4c9218a5164e250cfa0b to remote] DEBUG org.asynchttpclient.netty.request.NettyRequestSender - Using open Channel [id: 0x0d9adf63, L:/127.0.0.1:52917 - R:localhost/127.0.0.1:42497] for POST '/session/4e24034af1be4c9218a5164e250cfa0b/element'
20:46:31.172 [AsyncHttpClient-1-3] DEBUG org.asynchttpclient.netty.handler.HttpHandler - 

Request DefaultHttpRequest(decodeResult: success, version: HTTP/1.1)
POST /session/4e24034af1be4c9218a5164e250cfa0b/element HTTP/1.1
User-Agent: selenium/4.8.1 (java windows)
Content-Length: 72
Content-Type: application/json; charset=utf-8
host: localhost:42497
accept: */*

Response DefaultHttpResponse(decodeResult: success, version: HTTP/1.1)
HTTP/1.1 200 OK
Content-Length: 88
Content-Type: application/json; charset=utf-8
cache-control: no-cache

20:46:31.172 [AsyncHttpClient-1-3] DEBUG org.asynchttpclient.netty.channel.ChannelManager - Adding key: http://localhost:42497 for channel [id: 0x0d9adf63, L:/127.0.0.1:52917 - R:localhost/127.0.0.1:42497]
20:46:31.178 [Forwarding isElementDisplayed on session 4e24034af1be4c9218a5164e250cfa0b to remote] DEBUG org.asynchttpclient.netty.request.NettyRequestSender - Using pooled Channel '[id: 0x0d9adf63, L:/127.0.0.1:52917 - R:localhost/127.0.0.1:42497]' for 'POST' to 'http://localhost:42497/session/4e24034af1be4c9218a5164e250cfa0b/execute/sync'
20:46:31.178 [Forwarding isElementDisplayed on session 4e24034af1be4c9218a5164e250cfa0b to remote] DEBUG org.asynchttpclient.netty.request.NettyRequestSender - Using open Channel [id: 0x0d9adf63, L:/127.0.0.1:52917 - R:localhost/127.0.0.1:42497] for POST '/session/4e24034af1be4c9218a5164e250cfa0b/execute/sync'
20:46:31.195 [AsyncHttpClient-1-3] DEBUG org.asynchttpclient.netty.handler.HttpHandler - 

Request DefaultHttpRequest(decodeResult: success, version: HTTP/1.1)
POST /session/4e24034af1be4c9218a5164e250cfa0b/execute/sync HTTP/1.1
User-Agent: selenium/4.8.1 (java windows)
Content-Length: 48807
Content-Type: application/json; charset=utf-8
host: localhost:42497
accept: */*

Response DefaultHttpResponse(decodeResult: success, version: HTTP/1.1)
HTTP/1.1 200 OK
Content-Length: 14
Content-Type: application/json; charset=utf-8
cache-control: no-cache

20:46:31.195 [AsyncHttpClient-1-3] DEBUG org.asynchttpclient.netty.channel.ChannelManager - Adding key: http://localhost:42497 for channel [id: 0x0d9adf63, L:/127.0.0.1:52917 - R:localhost/127.0.0.1:42497]
20:46:31.199 [Forwarding isElementDisplayed on session 4e24034af1be4c9218a5164e250cfa0b to remote] DEBUG org.asynchttpclient.netty.request.NettyRequestSender - Using pooled Channel '[id: 0x0d9adf63, L:/127.0.0.1:52917 - R:localhost/127.0.0.1:42497]' for 'POST' to 'http://localhost:42497/session/4e24034af1be4c9218a5164e250cfa0b/execute/sync'
20:46:31.199 [Forwarding isElementDisplayed on session 4e24034af1be4c9218a5164e250cfa0b to remote] DEBUG org.asynchttpclient.netty.request.NettyRequestSender - Using open Channel [id: 0x0d9adf63, L:/127.0.0.1:52917 - R:localhost/127.0.0.1:42497] for POST '/session/4e24034af1be4c9218a5164e250cfa0b/execute/sync'
20:46:31.216 [AsyncHttpClient-1-3] DEBUG org.asynchttpclient.netty.handler.HttpHandler - 

Request DefaultHttpRequest(decodeResult: success, version: HTTP/1.1)
POST /session/4e24034af1be4c9218a5164e250cfa0b/execute/sync HTTP/1.1
User-Agent: selenium/4.8.1 (java windows)
Content-Length: 48807
Content-Type: application/json; charset=utf-8
host: localhost:42497
accept: */*

Response DefaultHttpResponse(decodeResult: success, version: HTTP/1.1)
HTTP/1.1 200 OK
Content-Length: 14
Content-Type: application/json; charset=utf-8
cache-control: no-cache

20:46:31.216 [AsyncHttpClient-1-3] DEBUG org.asynchttpclient.netty.channel.ChannelManager - Adding key: http://localhost:42497 for channel [id: 0x0d9adf63, L:/127.0.0.1:52917 - R:localhost/127.0.0.1:42497]
  &amp#27;[32mGiven &amp#27;[0m&amp#27;[32muser on register page&amp#27;[0m                            &amp#27;[90m# starter.stepdefinitions.RegisterSteps.userOnRegisterPage()&amp#27;[0m
20:46:31.228 [Forwarding findElement on session 4e24034af1be4c9218a5164e250cfa0b to remote] DEBUG org.asynchttpclient.netty.request.NettyRequestSender - Using pooled Channel '[id: 0x0d9adf63, L:/127.0.0.1:52917 - R:localhost/127.0.0.1:42497]' for 'POST' to 'http://localhost:42497/session/4e24034af1be4c9218a5164e250cfa0b/element'
20:46:31.228 [Forwarding findElement on session 4e24034af1be4c9218a5164e250cfa0b to remote] DEBUG org.asynchttpclient.netty.request.NettyRequestSender - Using open Channel [id: 0x0d9adf63, L:/127.0.0.1:52917 - R:localhost/127.0.0.1:42497] for POST '/session/4e24034af1be4c9218a5164e250cfa0b/element'
20:46:31.243 [AsyncHttpClient-1-3] DEBUG org.asynchttpclient.netty.handler.HttpHandler - 

Request DefaultHttpRequest(decodeResult: success, version: HTTP/1.1)
POST /session/4e24034af1be4c9218a5164e250cfa0b/element HTTP/1.1
User-Agent: selenium/4.8.1 (java windows)
Content-Length: 55
Content-Type: application/json; charset=utf-8
host: localhost:42497
accept: */*

Response DefaultHttpResponse(decodeResult: success, version: HTTP/1.1)
HTTP/1.1 200 OK
Content-Length: 88
Content-Type: application/json; charset=utf-8
cache-control: no-cache

20:46:31.243 [AsyncHttpClient-1-3] DEBUG org.asynchttpclient.netty.channel.ChannelManager - Adding key: http://localhost:42497 for channel [id: 0x0d9adf63, L:/127.0.0.1:52917 - R:localhost/127.0.0.1:42497]
20:46:31.245 [Forwarding clearElement on session 4e24034af1be4c9218a5164e250cfa0b to remote] DEBUG org.asynchttpclient.netty.request.NettyRequestSender - Using pooled Channel '[id: 0x0d9adf63, L:/127.0.0.1:52917 - R:localhost/127.0.0.1:42497]' for 'POST' to 'http://localhost:42497/session/4e24034af1be4c9218a5164e250cfa0b/element/da647767-7483-43df-8c40-36fa499b73d1/clear'
20:46:31.245 [Forwarding clearElement on session 4e24034af1be4c9218a5164e250cfa0b to remote] DEBUG org.asynchttpclient.netty.request.NettyRequestSender - Using open Channel [id: 0x0d9adf63, L:/127.0.0.1:52917 - R:localhost/127.0.0.1:42497] for POST '/session/4e24034af1be4c9218a5164e250cfa0b/element/da647767-7483-43df-8c40-36fa499b73d1/clear'
20:46:31.292 [AsyncHttpClient-1-3] DEBUG org.asynchttpclient.netty.handler.HttpHandler - 

Request DefaultHttpRequest(decodeResult: success, version: HTTP/1.1)
POST /session/4e24034af1be4c9218a5164e250cfa0b/element/da647767-7483-43df-8c40-36fa499b73d1/clear HTTP/1.1
User-Agent: selenium/4.8.1 (java windows)
Content-Length: 50
Content-Type: application/json; charset=utf-8
host: localhost:42497
accept: */*

Response DefaultHttpResponse(decodeResult: success, version: HTTP/1.1)
HTTP/1.1 200 OK
Content-Length: 14
Content-Type: application/json; charset=utf-8
cache-control: no-cache

20:46:31.293 [AsyncHttpClient-1-3] DEBUG org.asynchttpclient.netty.channel.ChannelManager - Adding key: http://localhost:42497 for channel [id: 0x0d9adf63, L:/127.0.0.1:52917 - R:localhost/127.0.0.1:42497]
20:46:31.295 [Forwarding sendKeysToElement on session 4e24034af1be4c9218a5164e250cfa0b to remote] DEBUG org.asynchttpclient.netty.request.NettyRequestSender - Using pooled Channel '[id: 0x0d9adf63, L:/127.0.0.1:52917 - R:localhost/127.0.0.1:42497]' for 'POST' to 'http://localhost:42497/session/4e24034af1be4c9218a5164e250cfa0b/element/da647767-7483-43df-8c40-36fa499b73d1/value'
20:46:31.296 [Forwarding sendKeysToElement on session 4e24034af1be4c9218a5164e250cfa0b to remote] DEBUG org.asynchttpclient.netty.request.NettyRequestSender - Using open Channel [id: 0x0d9adf63, L:/127.0.0.1:52917 - R:localhost/127.0.0.1:42497] for POST '/session/4e24034af1be4c9218a5164e250cfa0b/element/da647767-7483-43df-8c40-36fa499b73d1/value'
20:46:31.388 [AsyncHttpClient-1-3] DEBUG org.asynchttpclient.netty.handler.HttpHandler - 

Request DefaultHttpRequest(decodeResult: success, version: HTTP/1.1)
POST /session/4e24034af1be4c9218a5164e250cfa0b/element/da647767-7483-43df-8c40-36fa499b73d1/value HTTP/1.1
User-Agent: selenium/4.8.1 (java windows)
Content-Length: 121
Content-Type: application/json; charset=utf-8
host: localhost:42497
accept: */*

Response DefaultHttpResponse(decodeResult: success, version: HTTP/1.1)
HTTP/1.1 200 OK
Content-Length: 14
Content-Type: application/json; charset=utf-8
cache-control: no-cache

20:46:31.388 [AsyncHttpClient-1-3] DEBUG org.asynchttpclient.netty.channel.ChannelManager - Adding key: http://localhost:42497 for channel [id: 0x0d9adf63, L:/127.0.0.1:52917 - R:localhost/127.0.0.1:42497]
  &amp#27;[32mWhen &amp#27;[0m&amp#27;[32muser input valid complete name&amp#27;[0m                    &amp#27;[90m# starter.stepdefinitions.RegisterSteps.userInputValidCompleteName()&amp#27;[0m
20:46:31.404 [Forwarding findElement on session 4e24034af1be4c9218a5164e250cfa0b to remote] DEBUG org.asynchttpclient.netty.request.NettyRequestSender - Using pooled Channel '[id: 0x0d9adf63, L:/127.0.0.1:52917 - R:localhost/127.0.0.1:42497]' for 'POST' to 'http://localhost:42497/session/4e24034af1be4c9218a5164e250cfa0b/element'
20:46:31.404 [Forwarding findElement on session 4e24034af1be4c9218a5164e250cfa0b to remote] DEBUG org.asynchttpclient.netty.request.NettyRequestSender - Using open Channel [id: 0x0d9adf63, L:/127.0.0.1:52917 - R:localhost/127.0.0.1:42497] for POST '/session/4e24034af1be4c9218a5164e250cfa0b/element'
20:46:31.420 [AsyncHttpClient-1-3] DEBUG org.asynchttpclient.netty.handler.HttpHandler - 

Request DefaultHttpRequest(decodeResult: success, version: HTTP/1.1)
POST /session/4e24034af1be4c9218a5164e250cfa0b/element HTTP/1.1
User-Agent: selenium/4.8.1 (java windows)
Content-Length: 55
Content-Type: application/json; charset=utf-8
host: localhost:42497
accept: */*

Response DefaultHttpResponse(decodeResult: success, version: HTTP/1.1)
HTTP/1.1 200 OK
Content-Length: 88
Content-Type: application/json; charset=utf-8
cache-control: no-cache

20:46:31.420 [AsyncHttpClient-1-3] DEBUG org.asynchttpclient.netty.channel.ChannelManager - Adding key: http://localhost:42497 for channel [id: 0x0d9adf63, L:/127.0.0.1:52917 - R:localhost/127.0.0.1:42497]
20:46:31.422 [Forwarding clearElement on session 4e24034af1be4c9218a5164e250cfa0b to remote] DEBUG org.asynchttpclient.netty.request.NettyRequestSender - Using pooled Channel '[id: 0x0d9adf63, L:/127.0.0.1:52917 - R:localhost/127.0.0.1:42497]' for 'POST' to 'http://localhost:42497/session/4e24034af1be4c9218a5164e250cfa0b/element/ddf4e147-d7a1-4b14-a6d1-538bc2ae78e9/clear'
20:46:31.422 [Forwarding clearElement on session 4e24034af1be4c9218a5164e250cfa0b to remote] DEBUG org.asynchttpclient.netty.request.NettyRequestSender - Using open Channel [id: 0x0d9adf63, L:/127.0.0.1:52917 - R:localhost/127.0.0.1:42497] for POST '/session/4e24034af1be4c9218a5164e250cfa0b/element/ddf4e147-d7a1-4b14-a6d1-538bc2ae78e9/clear'
20:46:31.469 [AsyncHttpClient-1-3] DEBUG org.asynchttpclient.netty.handler.HttpHandler - 

Request DefaultHttpRequest(decodeResult: success, version: HTTP/1.1)
POST /session/4e24034af1be4c9218a5164e250cfa0b/element/ddf4e147-d7a1-4b14-a6d1-538bc2ae78e9/clear HTTP/1.1
User-Agent: selenium/4.8.1 (java windows)
Content-Length: 50
Content-Type: application/json; charset=utf-8
host: localhost:42497
accept: */*

Response DefaultHttpResponse(decodeResult: success, version: HTTP/1.1)
HTTP/1.1 200 OK
Content-Length: 14
Content-Type: application/json; charset=utf-8
cache-control: no-cache

20:46:31.470 [AsyncHttpClient-1-3] DEBUG org.asynchttpclient.netty.channel.ChannelManager - Adding key: http://localhost:42497 for channel [id: 0x0d9adf63, L:/127.0.0.1:52917 - R:localhost/127.0.0.1:42497]
20:46:31.472 [Forwarding sendKeysToElement on session 4e24034af1be4c9218a5164e250cfa0b to remote] DEBUG org.asynchttpclient.netty.request.NettyRequestSender - Using pooled Channel '[id: 0x0d9adf63, L:/127.0.0.1:52917 - R:localhost/127.0.0.1:42497]' for 'POST' to 'http://localhost:42497/session/4e24034af1be4c9218a5164e250cfa0b/element/ddf4e147-d7a1-4b14-a6d1-538bc2ae78e9/value'
20:46:31.473 [Forwarding sendKeysToElement on session 4e24034af1be4c9218a5164e250cfa0b to remote] DEBUG org.asynchttpclient.netty.request.NettyRequestSender - Using open Channel [id: 0x0d9adf63, L:/127.0.0.1:52917 - R:localhost/127.0.0.1:42497] for POST '/session/4e24034af1be4c9218a5164e250cfa0b/element/ddf4e147-d7a1-4b14-a6d1-538bc2ae78e9/value'
20:46:31.689 [AsyncHttpClient-1-3] DEBUG org.asynchttpclient.netty.handler.HttpHandler - 

Request DefaultHttpRequest(decodeResult: success, version: HTTP/1.1)
POST /session/4e24034af1be4c9218a5164e250cfa0b/element/ddf4e147-d7a1-4b14-a6d1-538bc2ae78e9/value HTTP/1.1
User-Agent: selenium/4.8.1 (java windows)
Content-Length: 281
Content-Type: application/json; charset=utf-8
host: localhost:42497
accept: */*

Response DefaultHttpResponse(decodeResult: success, version: HTTP/1.1)
HTTP/1.1 200 OK
Content-Length: 14
Content-Type: application/json; charset=utf-8
cache-control: no-cache

20:46:31.689 [AsyncHttpClient-1-3] DEBUG org.asynchttpclient.netty.channel.ChannelManager - Adding key: http://localhost:42497 for channel [id: 0x0d9adf63, L:/127.0.0.1:52917 - R:localhost/127.0.0.1:42497]
  &amp#27;[32mAnd &amp#27;[0m&amp#27;[32muser input valid email&amp#27;[0m                             &amp#27;[90m# starter.stepdefinitions.RegisterSteps.userInputValidEmail()&amp#27;[0m
20:46:31.698 [AsyncHttpClient-1-1] DEBUG org.asynchttpclient.netty.channel.DefaultChannelPool - Entry count for : http://localhost:42497 : 1
20:46:31.698 [AsyncHttpClient-1-1] DEBUG org.asynchttpclient.netty.channel.DefaultChannelPool - Entry count for : http://localhost:52919 : 1
20:46:31.709 [Forwarding findElement on session 4e24034af1be4c9218a5164e250cfa0b to remote] DEBUG org.asynchttpclient.netty.request.NettyRequestSender - Using pooled Channel '[id: 0x0d9adf63, L:/127.0.0.1:52917 - R:localhost/127.0.0.1:42497]' for 'POST' to 'http://localhost:42497/session/4e24034af1be4c9218a5164e250cfa0b/element'
20:46:31.709 [Forwarding findElement on session 4e24034af1be4c9218a5164e250cfa0b to remote] DEBUG org.asynchttpclient.netty.request.NettyRequestSender - Using open Channel [id: 0x0d9adf63, L:/127.0.0.1:52917 - R:localhost/127.0.0.1:42497] for POST '/session/4e24034af1be4c9218a5164e250cfa0b/element'
20:46:31.724 [AsyncHttpClient-1-3] DEBUG org.asynchttpclient.netty.handler.HttpHandler - 

Request DefaultHttpRequest(decodeResult: success, version: HTTP/1.1)
POST /session/4e24034af1be4c9218a5164e250cfa0b/element HTTP/1.1
User-Agent: selenium/4.8.1 (java windows)
Content-Length: 55
Content-Type: application/json; charset=utf-8
host: localhost:42497
accept: */*

Response DefaultHttpResponse(decodeResult: success, version: HTTP/1.1)
HTTP/1.1 200 OK
Content-Length: 88
Content-Type: application/json; charset=utf-8
cache-control: no-cache

20:46:31.725 [AsyncHttpClient-1-3] DEBUG org.asynchttpclient.netty.channel.ChannelManager - Adding key: http://localhost:42497 for channel [id: 0x0d9adf63, L:/127.0.0.1:52917 - R:localhost/127.0.0.1:42497]
20:46:31.729 [Forwarding clearElement on session 4e24034af1be4c9218a5164e250cfa0b to remote] DEBUG org.asynchttpclient.netty.request.NettyRequestSender - Using pooled Channel '[id: 0x0d9adf63, L:/127.0.0.1:52917 - R:localhost/127.0.0.1:42497]' for 'POST' to 'http://localhost:42497/session/4e24034af1be4c9218a5164e250cfa0b/element/4e9a6730-e8fd-42cf-8209-a947b94a3631/clear'
20:46:31.729 [Forwarding clearElement on session 4e24034af1be4c9218a5164e250cfa0b to remote] DEBUG org.asynchttpclient.netty.request.NettyRequestSender - Using open Channel [id: 0x0d9adf63, L:/127.0.0.1:52917 - R:localhost/127.0.0.1:42497] for POST '/session/4e24034af1be4c9218a5164e250cfa0b/element/4e9a6730-e8fd-42cf-8209-a947b94a3631/clear'
20:46:31.783 [AsyncHttpClient-1-3] DEBUG org.asynchttpclient.netty.handler.HttpHandler - 

Request DefaultHttpRequest(decodeResult: success, version: HTTP/1.1)
POST /session/4e24034af1be4c9218a5164e250cfa0b/element/4e9a6730-e8fd-42cf-8209-a947b94a3631/clear HTTP/1.1
User-Agent: selenium/4.8.1 (java windows)
Content-Length: 50
Content-Type: application/json; charset=utf-8
host: localhost:42497
accept: */*

Response DefaultHttpResponse(decodeResult: success, version: HTTP/1.1)
HTTP/1.1 200 OK
Content-Length: 14
Content-Type: application/json; charset=utf-8
cache-control: no-cache

20:46:31.783 [AsyncHttpClient-1-3] DEBUG org.asynchttpclient.netty.channel.ChannelManager - Adding key: http://localhost:42497 for channel [id: 0x0d9adf63, L:/127.0.0.1:52917 - R:localhost/127.0.0.1:42497]
20:46:31.785 [Forwarding sendKeysToElement on session 4e24034af1be4c9218a5164e250cfa0b to remote] DEBUG org.asynchttpclient.netty.request.NettyRequestSender - Using pooled Channel '[id: 0x0d9adf63, L:/127.0.0.1:52917 - R:localhost/127.0.0.1:42497]' for 'POST' to 'http://localhost:42497/session/4e24034af1be4c9218a5164e250cfa0b/element/4e9a6730-e8fd-42cf-8209-a947b94a3631/value'
20:46:31.785 [Forwarding sendKeysToElement on session 4e24034af1be4c9218a5164e250cfa0b to remote] DEBUG org.asynchttpclient.netty.request.NettyRequestSender - Using open Channel [id: 0x0d9adf63, L:/127.0.0.1:52917 - R:localhost/127.0.0.1:42497] for POST '/session/4e24034af1be4c9218a5164e250cfa0b/element/4e9a6730-e8fd-42cf-8209-a947b94a3631/value'
20:46:31.839 [AsyncHttpClient-1-3] DEBUG org.asynchttpclient.netty.handler.HttpHandler - 

Request DefaultHttpRequest(decodeResult: success, version: HTTP/1.1)
POST /session/4e24034af1be4c9218a5164e250cfa0b/element/4e9a6730-e8fd-42cf-8209-a947b94a3631/value HTTP/1.1
User-Agent: selenium/4.8.1 (java windows)
Content-Length: 82
Content-Type: application/json; charset=utf-8
host: localhost:42497
accept: */*

Response DefaultHttpResponse(decodeResult: success, version: HTTP/1.1)
HTTP/1.1 200 OK
Content-Length: 14
Content-Type: application/json; charset=utf-8
cache-control: no-cache

20:46:31.839 [AsyncHttpClient-1-3] DEBUG org.asynchttpclient.netty.channel.ChannelManager - Adding key: http://localhost:42497 for channel [id: 0x0d9adf63, L:/127.0.0.1:52917 - R:localhost/127.0.0.1:42497]
  &amp#27;[32mAnd &amp#27;[0m&amp#27;[32muser input empty password&amp#27;[0m                          &amp#27;[90m# starter.stepdefinitions.RegisterSteps.userInputEmptyPassword()&amp#27;[0m
20:46:31.859 [Forwarding findElement on session 4e24034af1be4c9218a5164e250cfa0b to remote] DEBUG org.asynchttpclient.netty.request.NettyRequestSender - Using pooled Channel '[id: 0x0d9adf63, L:/127.0.0.1:52917 - R:localhost/127.0.0.1:42497]' for 'POST' to 'http://localhost:42497/session/4e24034af1be4c9218a5164e250cfa0b/element'
20:46:31.859 [Forwarding findElement on session 4e24034af1be4c9218a5164e250cfa0b to remote] DEBUG org.asynchttpclient.netty.request.NettyRequestSender - Using open Channel [id: 0x0d9adf63, L:/127.0.0.1:52917 - R:localhost/127.0.0.1:42497] for POST '/session/4e24034af1be4c9218a5164e250cfa0b/element'
20:46:31.870 [AsyncHttpClient-1-3] DEBUG org.asynchttpclient.netty.handler.HttpHandler - 

Request DefaultHttpRequest(decodeResult: success, version: HTTP/1.1)
POST /session/4e24034af1be4c9218a5164e250cfa0b/element HTTP/1.1
User-Agent: selenium/4.8.1 (java windows)
Content-Length: 72
Content-Type: application/json; charset=utf-8
host: localhost:42497
accept: */*

Response DefaultHttpResponse(decodeResult: success, version: HTTP/1.1)
HTTP/1.1 200 OK
Content-Length: 88
Content-Type: application/json; charset=utf-8
cache-control: no-cache

20:46:31.871 [AsyncHttpClient-1-3] DEBUG org.asynchttpclient.netty.channel.ChannelManager - Adding key: http://localhost:42497 for channel [id: 0x0d9adf63, L:/127.0.0.1:52917 - R:localhost/127.0.0.1:42497]
20:46:31.873 [Forwarding getElementTagName on session 4e24034af1be4c9218a5164e250cfa0b to remote] DEBUG org.asynchttpclient.netty.request.NettyRequestSender - Using pooled Channel '[id: 0x0d9adf63, L:/127.0.0.1:52917 - R:localhost/127.0.0.1:42497]' for 'GET' to 'http://localhost:42497/session/4e24034af1be4c9218a5164e250cfa0b/element/13e070f0-a274-42eb-853a-0e7b605e2d21/name'
20:46:31.873 [Forwarding getElementTagName on session 4e24034af1be4c9218a5164e250cfa0b to remote] DEBUG org.asynchttpclient.netty.request.NettyRequestSender - Using open Channel [id: 0x0d9adf63, L:/127.0.0.1:52917 - R:localhost/127.0.0.1:42497] for GET '/session/4e24034af1be4c9218a5164e250cfa0b/element/13e070f0-a274-42eb-853a-0e7b605e2d21/name'
20:46:31.881 [AsyncHttpClient-1-3] DEBUG org.asynchttpclient.netty.handler.HttpHandler - 

Request DefaultFullHttpRequest(decodeResult: success, version: HTTP/1.1, content: EmptyByteBufBE)
GET /session/4e24034af1be4c9218a5164e250cfa0b/element/13e070f0-a274-42eb-853a-0e7b605e2d21/name HTTP/1.1
User-Agent: selenium/4.8.1 (java windows)
Cache-Control: no-cache
Content-Type: application/json; charset=utf-8
host: localhost:42497
accept: */*

Response DefaultHttpResponse(decodeResult: success, version: HTTP/1.1)
HTTP/1.1 200 OK
Content-Length: 16
Content-Type: application/json; charset=utf-8
cache-control: no-cache

20:46:31.882 [AsyncHttpClient-1-3] DEBUG org.asynchttpclient.netty.channel.ChannelManager - Adding key: http://localhost:42497 for channel [id: 0x0d9adf63, L:/127.0.0.1:52917 - R:localhost/127.0.0.1:42497]
20:46:31.883 [Forwarding getElementTagName on session 4e24034af1be4c9218a5164e250cfa0b to remote] DEBUG org.asynchttpclient.netty.request.NettyRequestSender - Using pooled Channel '[id: 0x0d9adf63, L:/127.0.0.1:52917 - R:localhost/127.0.0.1:42497]' for 'GET' to 'http://localhost:42497/session/4e24034af1be4c9218a5164e250cfa0b/element/13e070f0-a274-42eb-853a-0e7b605e2d21/name'
20:46:31.883 [Forwarding getElementTagName on session 4e24034af1be4c9218a5164e250cfa0b to remote] DEBUG org.asynchttpclient.netty.request.NettyRequestSender - Using open Channel [id: 0x0d9adf63, L:/127.0.0.1:52917 - R:localhost/127.0.0.1:42497] for GET '/session/4e24034af1be4c9218a5164e250cfa0b/element/13e070f0-a274-42eb-853a-0e7b605e2d21/name'
20:46:31.887 [AsyncHttpClient-1-3] DEBUG org.asynchttpclient.netty.handler.HttpHandler - 

Request DefaultFullHttpRequest(decodeResult: success, version: HTTP/1.1, content: EmptyByteBufBE)
GET /session/4e24034af1be4c9218a5164e250cfa0b/element/13e070f0-a274-42eb-853a-0e7b605e2d21/name HTTP/1.1
User-Agent: selenium/4.8.1 (java windows)
Cache-Control: no-cache
Content-Type: application/json; charset=utf-8
host: localhost:42497
accept: */*

Response DefaultHttpResponse(decodeResult: success, version: HTTP/1.1)
HTTP/1.1 200 OK
Content-Length: 16
Content-Type: application/json; charset=utf-8
cache-control: no-cache

20:46:31.887 [AsyncHttpClient-1-3] DEBUG org.asynchttpclient.netty.channel.ChannelManager - Adding key: http://localhost:42497 for channel [id: 0x0d9adf63, L:/127.0.0.1:52917 - R:localhost/127.0.0.1:42497]
20:46:31.892 [Forwarding findElement on session 4e24034af1be4c9218a5164e250cfa0b to remote] DEBUG org.asynchttpclient.netty.request.NettyRequestSender - Using pooled Channel '[id: 0x0d9adf63, L:/127.0.0.1:52917 - R:localhost/127.0.0.1:42497]' for 'POST' to 'http://localhost:42497/session/4e24034af1be4c9218a5164e250cfa0b/element'
20:46:31.893 [Forwarding findElement on session 4e24034af1be4c9218a5164e250cfa0b to remote] DEBUG org.asynchttpclient.netty.request.NettyRequestSender - Using open Channel [id: 0x0d9adf63, L:/127.0.0.1:52917 - R:localhost/127.0.0.1:42497] for POST '/session/4e24034af1be4c9218a5164e250cfa0b/element'
20:46:31.906 [AsyncHttpClient-1-3] DEBUG org.asynchttpclient.netty.handler.HttpHandler - 

Request DefaultHttpRequest(decodeResult: success, version: HTTP/1.1)
POST /session/4e24034af1be4c9218a5164e250cfa0b/element HTTP/1.1
User-Agent: selenium/4.8.1 (java windows)
Content-Length: 72
Content-Type: application/json; charset=utf-8
host: localhost:42497
accept: */*

Response DefaultHttpResponse(decodeResult: success, version: HTTP/1.1)
HTTP/1.1 200 OK
Content-Length: 88
Content-Type: application/json; charset=utf-8
cache-control: no-cache

20:46:31.907 [AsyncHttpClient-1-3] DEBUG org.asynchttpclient.netty.channel.ChannelManager - Adding key: http://localhost:42497 for channel [id: 0x0d9adf63, L:/127.0.0.1:52917 - R:localhost/127.0.0.1:42497]
20:46:31.912 [Forwarding clickElement on session 4e24034af1be4c9218a5164e250cfa0b to remote] DEBUG org.asynchttpclient.netty.request.NettyRequestSender - Using pooled Channel '[id: 0x0d9adf63, L:/127.0.0.1:52917 - R:localhost/127.0.0.1:42497]' for 'POST' to 'http://localhost:42497/session/4e24034af1be4c9218a5164e250cfa0b/element/13e070f0-a274-42eb-853a-0e7b605e2d21/click'
20:46:31.912 [Forwarding clickElement on session 4e24034af1be4c9218a5164e250cfa0b to remote] DEBUG org.asynchttpclient.netty.request.NettyRequestSender - Using open Channel [id: 0x0d9adf63, L:/127.0.0.1:52917 - R:localhost/127.0.0.1:42497] for POST '/session/4e24034af1be4c9218a5164e250cfa0b/element/13e070f0-a274-42eb-853a-0e7b605e2d21/click'
20:46:32.058 [AsyncHttpClient-1-3] DEBUG org.asynchttpclient.netty.handler.HttpHandler - 

Request DefaultHttpRequest(decodeResult: success, version: HTTP/1.1)
POST /session/4e24034af1be4c9218a5164e250cfa0b/element/13e070f0-a274-42eb-853a-0e7b605e2d21/click HTTP/1.1
User-Agent: selenium/4.8.1 (java windows)
Content-Length: 50
Content-Type: application/json; charset=utf-8
host: localhost:42497
accept: */*

Response DefaultHttpResponse(decodeResult: success, version: HTTP/1.1)
HTTP/1.1 200 OK
Content-Length: 14
Content-Type: application/json; charset=utf-8
cache-control: no-cache

20:46:32.059 [AsyncHttpClient-1-3] DEBUG org.asynchttpclient.netty.channel.ChannelManager - Adding key: http://localhost:42497 for channel [id: 0x0d9adf63, L:/127.0.0.1:52917 - R:localhost/127.0.0.1:42497]
  &amp#27;[32mAnd &amp#27;[0m&amp#27;[32muser click login button&amp#27;[0m                            &amp#27;[90m# starter.stepdefinitions.RegisterSteps.userClickLoginButton()&amp#27;[0m
20:46:32.098 [Forwarding findElement on session 4e24034af1be4c9218a5164e250cfa0b to remote] DEBUG org.asynchttpclient.netty.request.NettyRequestSender - Using pooled Channel '[id: 0x0d9adf63, L:/127.0.0.1:52917 - R:localhost/127.0.0.1:42497]' for 'POST' to 'http://localhost:42497/session/4e24034af1be4c9218a5164e250cfa0b/element'
20:46:32.098 [Forwarding findElement on session 4e24034af1be4c9218a5164e250cfa0b to remote] DEBUG org.asynchttpclient.netty.request.NettyRequestSender - Using open Channel [id: 0x0d9adf63, L:/127.0.0.1:52917 - R:localhost/127.0.0.1:42497] for POST '/session/4e24034af1be4c9218a5164e250cfa0b/element'
20:46:32.736 [AsyncHttpClient-1-3] DEBUG org.asynchttpclient.netty.handler.HttpHandler - 

Request DefaultHttpRequest(decodeResult: success, version: HTTP/1.1)
POST /session/4e24034af1be4c9218a5164e250cfa0b/element HTTP/1.1
User-Agent: selenium/4.8.1 (java windows)
Content-Length: 79
Content-Type: application/json; charset=utf-8
host: localhost:42497
accept: */*

Response DefaultHttpResponse(decodeResult: success, version: HTTP/1.1)
HTTP/1.1 200 OK
Content-Length: 88
Content-Type: application/json; charset=utf-8
cache-control: no-cache

20:46:32.736 [AsyncHttpClient-1-3] DEBUG org.asynchttpclient.netty.channel.ChannelManager - Adding key: http://localhost:42497 for channel [id: 0x0d9adf63, L:/127.0.0.1:52917 - R:localhost/127.0.0.1:42497]
20:46:32.742 [Forwarding isElementDisplayed on session 4e24034af1be4c9218a5164e250cfa0b to remote] DEBUG org.asynchttpclient.netty.request.NettyRequestSender - Using pooled Channel '[id: 0x0d9adf63, L:/127.0.0.1:52917 - R:localhost/127.0.0.1:42497]' for 'POST' to 'http://localhost:42497/session/4e24034af1be4c9218a5164e250cfa0b/execute/sync'
20:46:32.743 [Forwarding isElementDisplayed on session 4e24034af1be4c9218a5164e250cfa0b to remote] DEBUG org.asynchttpclient.netty.request.NettyRequestSender - Using open Channel [id: 0x0d9adf63, L:/127.0.0.1:52917 - R:localhost/127.0.0.1:42497] for POST '/session/4e24034af1be4c9218a5164e250cfa0b/execute/sync'
20:46:32.756 [AsyncHttpClient-1-3] DEBUG org.asynchttpclient.netty.handler.HttpHandler - 

Request DefaultHttpRequest(decodeResult: success, version: HTTP/1.1)
POST /session/4e24034af1be4c9218a5164e250cfa0b/execute/sync HTTP/1.1
User-Agent: selenium/4.8.1 (java windows)
Content-Length: 48807
Content-Type: application/json; charset=utf-8
host: localhost:42497
accept: */*

Response DefaultHttpResponse(decodeResult: success, version: HTTP/1.1)
HTTP/1.1 200 OK
Content-Length: 14
Content-Type: application/json; charset=utf-8
cache-control: no-cache

20:46:32.756 [AsyncHttpClient-1-3] DEBUG org.asynchttpclient.netty.channel.ChannelManager - Adding key: http://localhost:42497 for channel [id: 0x0d9adf63, L:/127.0.0.1:52917 - R:localhost/127.0.0.1:42497]
20:46:32.761 [Forwarding isElementDisplayed on session 4e24034af1be4c9218a5164e250cfa0b to remote] DEBUG org.asynchttpclient.netty.request.NettyRequestSender - Using pooled Channel '[id: 0x0d9adf63, L:/127.0.0.1:52917 - R:localhost/127.0.0.1:42497]' for 'POST' to 'http://localhost:42497/session/4e24034af1be4c9218a5164e250cfa0b/execute/sync'
20:46:32.761 [Forwarding isElementDisplayed on session 4e24034af1be4c9218a5164e250cfa0b to remote] DEBUG org.asynchttpclient.netty.request.NettyRequestSender - Using open Channel [id: 0x0d9adf63, L:/127.0.0.1:52917 - R:localhost/127.0.0.1:42497] for POST '/session/4e24034af1be4c9218a5164e250cfa0b/execute/sync'
20:46:32.772 [AsyncHttpClient-1-3] DEBUG org.asynchttpclient.netty.handler.HttpHandler - 

Request DefaultHttpRequest(decodeResult: success, version: HTTP/1.1)
POST /session/4e24034af1be4c9218a5164e250cfa0b/execute/sync HTTP/1.1
User-Agent: selenium/4.8.1 (java windows)
Content-Length: 48807
Content-Type: application/json; charset=utf-8
host: localhost:42497
accept: */*

Response DefaultHttpResponse(decodeResult: success, version: HTTP/1.1)
HTTP/1.1 200 OK
Content-Length: 14
Content-Type: application/json; charset=utf-8
cache-control: no-cache

20:46:32.772 [AsyncHttpClient-1-3] DEBUG org.asynchttpclient.netty.channel.ChannelManager - Adding key: http://localhost:42497 for channel [id: 0x0d9adf63, L:/127.0.0.1:52917 - R:localhost/127.0.0.1:42497]
  &amp#27;[32mThen &amp#27;[0m&amp#27;[32muser see error message&amp#27;[0m                            &amp#27;[90m# starter.stepdefinitions.RegisterSteps.userSeeErrorMessage()&amp#27;[0m
20:46:32.779 [main] INFO  - 
  _____   ___   ___   _____     ___     _     ___   ___   ___   ___  
 |_   _| | __| / __| |_   _|   | _ \   /_\   / __| / __| | __| |   \ 
   | |   | _|  \__ \   | |     |  _/  / _ \  \__ \ \__ \ | _|  | |) |
   |_|   |___| |___/   |_|     |_|   /_/ \_\ |___/ |___/ |___| |___/ 

as user i want to register with empty password
----------------------------------------------------------------------
20:46:32.780 [AsyncHttpClient-1-5] DEBUG org.asynchttpclient.netty.handler.WebSocketHandler - Channel Closed: [id: 0xc2e0ad90, L:/127.0.0.1:52927 ! R:localhost/127.0.0.1:52919] with attribute NettyResponseFuture{currentRetry=0,
	isDone=1,
	isCancelled=0,
	asyncHandler=org.asynchttpclient.ws.WebSocketUpgradeHandler@2ce00d72,
	nettyRequest=org.asynchttpclient.netty.request.NettyRequest@73ce683d,
	future=java.util.concurrent.CompletableFuture@5402b08c[Completed normally],
	uri=ws://localhost:52919/devtools/browser/f9e6cf3d-d538-4904-8b2a-314c7db9ce81,
	keepAlive=true,
	redirectCount=0,
	timeoutsHolder=null,
	inAuth=0,
	touch=1683553583378}
20:46:32.780 [AsyncHttpClient-1-5] DEBUG org.asynchttpclient.netty.channel.ChannelManager - Closing Channel [id: 0xc2e0ad90, L:/127.0.0.1:52927 ! R:localhost/127.0.0.1:52919] 
20:46:32.781 [Driver Command Executor] DEBUG org.asynchttpclient.netty.request.NettyRequestSender - Using pooled Channel '[id: 0x0d9adf63, L:/127.0.0.1:52917 - R:localhost/127.0.0.1:42497]' for 'DELETE' to 'http://localhost:42497/session/4e24034af1be4c9218a5164e250cfa0b'
20:46:32.781 [Driver Command Executor] DEBUG org.asynchttpclient.netty.request.NettyRequestSender - Using open Channel [id: 0x0d9adf63, L:/127.0.0.1:52917 - R:localhost/127.0.0.1:42497] for DELETE '/session/4e24034af1be4c9218a5164e250cfa0b'
20:46:32.805 [AsyncHttpClient-1-1] DEBUG org.asynchttpclient.netty.channel.DefaultChannelPool - Entry count for : http://localhost:52919 : 1
20:46:32.849 [AsyncHttpClient-1-4] DEBUG org.asynchttpclient.netty.handler.HttpHandler - Unexpected I/O exception on channel [id: 0x4feecb5e, L:/127.0.0.1:52926 - R:localhost/127.0.0.1:52919]
java.io.IOException: An existing connection was forcibly closed by the remote host
	at sun.nio.ch.SocketDispatcher.read0(Native Method)
	at sun.nio.ch.SocketDispatcher.read(SocketDispatcher.java:43)
	at sun.nio.ch.IOUtil.readIntoNativeBuffer(IOUtil.java:223)
	at sun.nio.ch.IOUtil.read(IOUtil.java:192)
	at sun.nio.ch.SocketChannelImpl.read(SocketChannelImpl.java:380)
	at io.netty.buffer.PooledByteBuf.setBytes(PooledByteBuf.java:259)
	at io.netty.buffer.AbstractByteBuf.writeBytes(AbstractByteBuf.java:1132)
	at io.netty.channel.socket.nio.NioSocketChannel.doReadBytes(NioSocketChannel.java:357)
	at io.netty.channel.nio.AbstractNioByteChannel$NioByteUnsafe.read(AbstractNioByteChannel.java:151)
	at io.netty.channel.nio.NioEventLoop.processSelectedKey(NioEventLoop.java:788)
	at io.netty.channel.nio.NioEventLoop.processSelectedKeysOptimized(NioEventLoop.java:724)
	at io.netty.channel.nio.NioEventLoop.processSelectedKeys(NioEventLoop.java:650)
	at io.netty.channel.nio.NioEventLoop.run(NioEventLoop.java:562)
	at io.netty.util.concurrent.SingleThreadEventExecutor$4.run(SingleThreadEventExecutor.java:997)
	at io.netty.util.internal.ThreadExecutorMap$2.run(ThreadExecutorMap.java:74)
	at io.netty.util.concurrent.FastThreadLocalRunnable.run(FastThreadLocalRunnable.java:30)
	at java.lang.Thread.run(Thread.java:748)
20:46:32.849 [AsyncHttpClient-1-4] DEBUG org.asynchttpclient.netty.channel.ChannelManager - Closing Channel [id: 0x4feecb5e, L:/127.0.0.1:52926 - R:localhost/127.0.0.1:52919] 
20:46:32.850 [AsyncHttpClient-1-4] DEBUG org.asynchttpclient.netty.handler.HttpHandler - Channel Closed: [id: 0x4feecb5e, L:/127.0.0.1:52926 ! R:localhost/127.0.0.1:52919] with attribute DISCARD
20:46:32.910 [AsyncHttpClient-1-3] DEBUG org.asynchttpclient.netty.handler.HttpHandler - 

Request DefaultFullHttpRequest(decodeResult: success, version: HTTP/1.1, content: EmptyByteBufBE)
DELETE /session/4e24034af1be4c9218a5164e250cfa0b HTTP/1.1
User-Agent: selenium/4.8.1 (java windows)
Content-Type: application/json; charset=utf-8
host: localhost:42497
accept: */*

Response DefaultHttpResponse(decodeResult: success, version: HTTP/1.1)
HTTP/1.1 200 OK
Content-Length: 14
Content-Type: application/json; charset=utf-8
cache-control: no-cache

20:46:32.911 [AsyncHttpClient-1-3] DEBUG org.asynchttpclient.netty.channel.ChannelManager - Adding key: http://localhost:42497 for channel [id: 0x0d9adf63, L:/127.0.0.1:52917 - R:localhost/127.0.0.1:42497]
20:46:33.022 [AsyncHttpClient-1-3] DEBUG org.asynchttpclient.netty.handler.HttpHandler - Channel Closed: [id: 0x0d9adf63, L:/127.0.0.1:52917 ! R:localhost/127.0.0.1:42497] with attribute DISCARD
]]></system-out>
    <system-err><![CDATA[Starting ChromeDriver 112.0.5615.49 (bd2a7bcb881c11e8cfe3078709382934e3916914-refs/branch-heads/5615@{#936}) on port 42497
Only local connections are allowed.
Please see https://chromedriver.chromium.org/security-considerations for suggestions on keeping ChromeDriver safe.
ChromeDriver was started successfully.
May 08, 2023 8:46:23 PM org.openqa.selenium.devtools.CdpVersionFinder findNearestMatch
WARNING: Unable to find an exact match for CDP version 112, so returning the closest version found: 110
]]></system-err>
  </testcase>
  <testcase name="as user i want to register with empty email" classname="As a user i can be success register so that i can used my account for login" time="12.165">
    <system-out><![CDATA[
@NegativeCaseRegister-3
Scenario: as user i want to register with empty email &amp#27;[90m# src/test/resources/features/Register.feature:40&amp#27;[0m
20:46:33.558 [main] DEBUG io.cucumber.core.plugin.SerenityReporter - Running feature from file:///D:/D/QE_Alta/mini-project-nisa/Web/Altashop-Register/src/test/resources/features/Register.feature
20:46:33.561 [main] INFO  - 
  _____   ___   ___   _____     ___   _____     _     ___   _____   ___   ___  
 |_   _| | __| / __| |_   _|   / __| |_   _|   /_\   | _ \ |_   _| | __| |   \ 
   | |   | _|  \__ \   | |     \__ \   | |    / _ \  |   /   | |   | _|  | |) |
   |_|   |___| |___/   |_|     |___/   |_|   /_/ \_\ |_|_\   |_|   |___| |___/ 

as user i want to register with empty email(as-a-user-i-can-be-success-register-so-that-i-can-used-my-account-for-login;as-user-i-want-to-register-with-empty-email)
--------------------------------------------------------------------------------
20:46:33.661 [main] INFO net.serenitybdd.core.webdriver.driverproviders.ChromeDriverProvider - Starting Chrome driver instance with capabilities:
20:46:33.662 [main] INFO net.serenitybdd.core.webdriver.driverproviders.ChromeDriverProvider - Capabilities {acceptInsecureCerts: true, browserName: chrome, goog:chromeOptions: {args: [remote-allow-origins=*, test-type, no-sandbox, ignore-certificate-errors, start-maximized, incognito, disable-infobars, disable-gpu, disable-default-apps, disable-popup-blocking, remote-allow-origins=*, test-type, no-sandbox, ignore-certificate-errors, start-maximized, incognito, disable-infobars, disable-gpu, disable-default-apps, disable-popup-blocking, remote-allow-origins=*], extensions: []}}
20:46:33.897 [AsyncHttpClient-1-1] DEBUG org.asynchttpclient.netty.channel.DefaultChannelPool - Entry count for : http://localhost:42497 : 1
20:46:33.897 [AsyncHttpClient-1-1] DEBUG org.asynchttpclient.netty.channel.DefaultChannelPool - Entry count for : http://localhost:52919 : 1
20:46:33.897 [AsyncHttpClient-1-1] DEBUG org.asynchttpclient.netty.channel.DefaultChannelPool - Adding Candidate expired Channel [id: 0x0d9adf63, L:/127.0.0.1:52917 ! R:localhost/127.0.0.1:42497] isIdleTimeoutExpired=false isRemotelyClosed=true isTtlExpired=false
20:46:33.897 [AsyncHttpClient-1-1] DEBUG org.asynchttpclient.netty.channel.DefaultChannelPool - Closing Idle Channel [id: 0x0d9adf63, L:/127.0.0.1:52917 ! R:localhost/127.0.0.1:42497]
20:46:33.897 [AsyncHttpClient-1-1] DEBUG org.asynchttpclient.netty.channel.DefaultChannelPool - Adding Candidate expired Channel [id: 0x4feecb5e, L:/127.0.0.1:52926 ! R:localhost/127.0.0.1:52919] isIdleTimeoutExpired=false isRemotelyClosed=true isTtlExpired=false
20:46:33.897 [AsyncHttpClient-1-1] DEBUG org.asynchttpclient.netty.channel.DefaultChannelPool - Closing Idle Channel [id: 0x4feecb5e, L:/127.0.0.1:52926 ! R:localhost/127.0.0.1:52919]
20:46:33.897 [AsyncHttpClient-1-1] DEBUG org.asynchttpclient.netty.channel.DefaultChannelPool - Closed 2 connections out of 2 in 0 ms
20:46:34.267 [AsyncHttpClient-1-6] DEBUG org.asynchttpclient.netty.channel.NettyConnectListener - Using new Channel '[id: 0x8a687802, L:/127.0.0.1:52951 - R:localhost/127.0.0.1:16159]' for 'POST' to '/session'
20:46:35.629 [AsyncHttpClient-1-6] DEBUG org.asynchttpclient.netty.handler.HttpHandler - 

Request DefaultHttpRequest(decodeResult: success, version: HTTP/1.1)
POST /session HTTP/1.1
User-Agent: selenium/4.8.1 (java windows)
Content-Length: 1701
Content-Type: application/json; charset=utf-8
host: localhost:16159
accept: */*

Response DefaultHttpResponse(decodeResult: success, version: HTTP/1.1)
HTTP/1.1 200 OK
Content-Length: 861
Content-Type: application/json; charset=utf-8
cache-control: no-cache

20:46:35.629 [AsyncHttpClient-1-6] DEBUG org.asynchttpclient.netty.channel.ChannelManager - Adding key: http://localhost:16159 for channel [id: 0x8a687802, L:/127.0.0.1:52951 - R:localhost/127.0.0.1:16159]
20:46:35.654 [AsyncHttpClient-1-7] DEBUG org.asynchttpclient.netty.channel.NettyConnectListener - Using new Channel '[id: 0x676f7439, L:/127.0.0.1:52959 - R:localhost/127.0.0.1:52952]' for 'GET' to '/json/version'
20:46:35.655 [AsyncHttpClient-1-7] DEBUG org.asynchttpclient.netty.handler.HttpHandler - 

Request DefaultFullHttpRequest(decodeResult: success, version: HTTP/1.1, content: EmptyByteBufBE)
GET /json/version HTTP/1.1
User-Agent: selenium/4.8.1 (java windows)
host: localhost:52952
accept: */*

Response DefaultHttpResponse(decodeResult: success, version: HTTP/1.1)
HTTP/1.1 200 OK
Content-Security-Policy: frame-ancestors 'none'
Content-Length: 424
Content-Type: application/json; charset=UTF-8

20:46:35.655 [AsyncHttpClient-1-7] DEBUG org.asynchttpclient.netty.channel.ChannelManager - Adding key: http://localhost:52952 for channel [id: 0x676f7439, L:/127.0.0.1:52959 - R:localhost/127.0.0.1:52952]
20:46:35.661 [AsyncHttpClient-1-8] DEBUG org.asynchttpclient.netty.channel.NettyConnectListener - Using new Channel '[id: 0xd2326b55, L:/127.0.0.1:52960 - R:localhost/127.0.0.1:52952]' for 'GET' to '/devtools/browser/9ba351e3-d3a4-4034-af5b-e60a0fbdfd8f'
20:46:35.662 [AsyncHttpClient-1-8] DEBUG org.asynchttpclient.netty.handler.WebSocketHandler - 

Request DefaultFullHttpRequest(decodeResult: success, version: HTTP/1.1, content: EmptyByteBufBE)
GET /devtools/browser/9ba351e3-d3a4-4034-af5b-e60a0fbdfd8f HTTP/1.1
upgrade: websocket
connection: upgrade
sec-websocket-key: bZcfh6Nwxzou1h9d+utFZw==
sec-websocket-version: 13
origin: http://localhost:52952
host: localhost:52952
accept: */*
user-agent: AHC/2.1

Response DefaultHttpResponse(decodeResult: success, version: HTTP/1.1)
HTTP/1.1 101 WebSocket Protocol Handshake
Upgrade: WebSocket
Connection: Upgrade
Sec-WebSocket-Accept: AdVwrHT6aH4ta9D83763ngGjIBo=

20:46:35.668 [Forwarding get on session 835958afb6b9acd09db2306efce1328f to remote] DEBUG org.asynchttpclient.netty.request.NettyRequestSender - Using pooled Channel '[id: 0x8a687802, L:/127.0.0.1:52951 - R:localhost/127.0.0.1:16159]' for 'POST' to 'http://localhost:16159/session/835958afb6b9acd09db2306efce1328f/url'
20:46:35.668 [Forwarding get on session 835958afb6b9acd09db2306efce1328f to remote] DEBUG org.asynchttpclient.netty.request.NettyRequestSender - Using open Channel [id: 0x8a687802, L:/127.0.0.1:52951 - R:localhost/127.0.0.1:16159] for POST '/session/835958afb6b9acd09db2306efce1328f/url'
20:46:36.100 [AsyncHttpClient-1-1] DEBUG org.asynchttpclient.netty.channel.DefaultChannelPool - Entry count for : http://localhost:52952 : 1
20:46:37.195 [AsyncHttpClient-1-1] DEBUG org.asynchttpclient.netty.channel.DefaultChannelPool - Entry count for : http://localhost:52952 : 1
20:46:38.296 [AsyncHttpClient-1-1] DEBUG org.asynchttpclient.netty.channel.DefaultChannelPool - Entry count for : http://localhost:52952 : 1
20:46:39.397 [AsyncHttpClient-1-1] DEBUG org.asynchttpclient.netty.channel.DefaultChannelPool - Entry count for : http://localhost:52952 : 1
20:46:40.496 [AsyncHttpClient-1-1] DEBUG org.asynchttpclient.netty.channel.DefaultChannelPool - Entry count for : http://localhost:52952 : 1
20:46:41.596 [AsyncHttpClient-1-1] DEBUG org.asynchttpclient.netty.channel.DefaultChannelPool - Entry count for : http://localhost:52952 : 1
20:46:42.696 [AsyncHttpClient-1-1] DEBUG org.asynchttpclient.netty.channel.DefaultChannelPool - Entry count for : http://localhost:52952 : 1
20:46:43.420 [AsyncHttpClient-1-6] DEBUG org.asynchttpclient.netty.handler.HttpHandler - 

Request DefaultHttpRequest(decodeResult: success, version: HTTP/1.1)
POST /session/835958afb6b9acd09db2306efce1328f/url HTTP/1.1
User-Agent: selenium/4.8.1 (java windows)
Content-Length: 77
Content-Type: application/json; charset=utf-8
host: localhost:16159
accept: */*

Response DefaultHttpResponse(decodeResult: success, version: HTTP/1.1)
HTTP/1.1 200 OK
Content-Length: 14
Content-Type: application/json; charset=utf-8
cache-control: no-cache

20:46:43.421 [AsyncHttpClient-1-6] DEBUG org.asynchttpclient.netty.channel.ChannelManager - Adding key: http://localhost:16159 for channel [id: 0x8a687802, L:/127.0.0.1:52951 - R:localhost/127.0.0.1:16159]
20:46:43.428 [Forwarding setTimeout on session 835958afb6b9acd09db2306efce1328f to remote] DEBUG org.asynchttpclient.netty.request.NettyRequestSender - Using pooled Channel '[id: 0x8a687802, L:/127.0.0.1:52951 - R:localhost/127.0.0.1:16159]' for 'POST' to 'http://localhost:16159/session/835958afb6b9acd09db2306efce1328f/timeouts'
20:46:43.428 [Forwarding setTimeout on session 835958afb6b9acd09db2306efce1328f to remote] DEBUG org.asynchttpclient.netty.request.NettyRequestSender - Using open Channel [id: 0x8a687802, L:/127.0.0.1:52951 - R:localhost/127.0.0.1:16159] for POST '/session/835958afb6b9acd09db2306efce1328f/timeouts'
20:46:43.430 [AsyncHttpClient-1-6] DEBUG org.asynchttpclient.netty.handler.HttpHandler - 

Request DefaultHttpRequest(decodeResult: success, version: HTTP/1.1)
POST /session/835958afb6b9acd09db2306efce1328f/timeouts HTTP/1.1
User-Agent: selenium/4.8.1 (java windows)
Content-Length: 22
Content-Type: application/json; charset=utf-8
host: localhost:16159
accept: */*

Response DefaultHttpResponse(decodeResult: success, version: HTTP/1.1)
HTTP/1.1 200 OK
Content-Length: 14
Content-Type: application/json; charset=utf-8
cache-control: no-cache

20:46:43.430 [AsyncHttpClient-1-6] DEBUG org.asynchttpclient.netty.channel.ChannelManager - Adding key: http://localhost:16159 for channel [id: 0x8a687802, L:/127.0.0.1:52951 - R:localhost/127.0.0.1:16159]
20:46:43.443 [Forwarding findElement on session 835958afb6b9acd09db2306efce1328f to remote] DEBUG org.asynchttpclient.netty.request.NettyRequestSender - Using pooled Channel '[id: 0x8a687802, L:/127.0.0.1:52951 - R:localhost/127.0.0.1:16159]' for 'POST' to 'http://localhost:16159/session/835958afb6b9acd09db2306efce1328f/element'
20:46:43.443 [Forwarding findElement on session 835958afb6b9acd09db2306efce1328f to remote] DEBUG org.asynchttpclient.netty.request.NettyRequestSender - Using open Channel [id: 0x8a687802, L:/127.0.0.1:52951 - R:localhost/127.0.0.1:16159] for POST '/session/835958afb6b9acd09db2306efce1328f/element'
20:46:43.464 [AsyncHttpClient-1-6] DEBUG org.asynchttpclient.netty.handler.HttpHandler - 

Request DefaultHttpRequest(decodeResult: success, version: HTTP/1.1)
POST /session/835958afb6b9acd09db2306efce1328f/element HTTP/1.1
User-Agent: selenium/4.8.1 (java windows)
Content-Length: 72
Content-Type: application/json; charset=utf-8
host: localhost:16159
accept: */*

Response DefaultHttpResponse(decodeResult: success, version: HTTP/1.1)
HTTP/1.1 200 OK
Content-Length: 88
Content-Type: application/json; charset=utf-8
cache-control: no-cache

20:46:43.465 [AsyncHttpClient-1-6] DEBUG org.asynchttpclient.netty.channel.ChannelManager - Adding key: http://localhost:16159 for channel [id: 0x8a687802, L:/127.0.0.1:52951 - R:localhost/127.0.0.1:16159]
20:46:43.470 [Forwarding isElementDisplayed on session 835958afb6b9acd09db2306efce1328f to remote] DEBUG org.asynchttpclient.netty.request.NettyRequestSender - Using pooled Channel '[id: 0x8a687802, L:/127.0.0.1:52951 - R:localhost/127.0.0.1:16159]' for 'POST' to 'http://localhost:16159/session/835958afb6b9acd09db2306efce1328f/execute/sync'
20:46:43.470 [Forwarding isElementDisplayed on session 835958afb6b9acd09db2306efce1328f to remote] DEBUG org.asynchttpclient.netty.request.NettyRequestSender - Using open Channel [id: 0x8a687802, L:/127.0.0.1:52951 - R:localhost/127.0.0.1:16159] for POST '/session/835958afb6b9acd09db2306efce1328f/execute/sync'
20:46:43.489 [AsyncHttpClient-1-6] DEBUG org.asynchttpclient.netty.handler.HttpHandler - 

Request DefaultHttpRequest(decodeResult: success, version: HTTP/1.1)
POST /session/835958afb6b9acd09db2306efce1328f/execute/sync HTTP/1.1
User-Agent: selenium/4.8.1 (java windows)
Content-Length: 48807
Content-Type: application/json; charset=utf-8
host: localhost:16159
accept: */*

Response DefaultHttpResponse(decodeResult: success, version: HTTP/1.1)
HTTP/1.1 200 OK
Content-Length: 14
Content-Type: application/json; charset=utf-8
cache-control: no-cache

20:46:43.489 [AsyncHttpClient-1-6] DEBUG org.asynchttpclient.netty.channel.ChannelManager - Adding key: http://localhost:16159 for channel [id: 0x8a687802, L:/127.0.0.1:52951 - R:localhost/127.0.0.1:16159]
20:46:43.495 [Forwarding isElementDisplayed on session 835958afb6b9acd09db2306efce1328f to remote] DEBUG org.asynchttpclient.netty.request.NettyRequestSender - Using pooled Channel '[id: 0x8a687802, L:/127.0.0.1:52951 - R:localhost/127.0.0.1:16159]' for 'POST' to 'http://localhost:16159/session/835958afb6b9acd09db2306efce1328f/execute/sync'
20:46:43.495 [Forwarding isElementDisplayed on session 835958afb6b9acd09db2306efce1328f to remote] DEBUG org.asynchttpclient.netty.request.NettyRequestSender - Using open Channel [id: 0x8a687802, L:/127.0.0.1:52951 - R:localhost/127.0.0.1:16159] for POST '/session/835958afb6b9acd09db2306efce1328f/execute/sync'
20:46:43.510 [AsyncHttpClient-1-6] DEBUG org.asynchttpclient.netty.handler.HttpHandler - 

Request DefaultHttpRequest(decodeResult: success, version: HTTP/1.1)
POST /session/835958afb6b9acd09db2306efce1328f/execute/sync HTTP/1.1
User-Agent: selenium/4.8.1 (java windows)
Content-Length: 48807
Content-Type: application/json; charset=utf-8
host: localhost:16159
accept: */*

Response DefaultHttpResponse(decodeResult: success, version: HTTP/1.1)
HTTP/1.1 200 OK
Content-Length: 14
Content-Type: application/json; charset=utf-8
cache-control: no-cache

20:46:43.510 [AsyncHttpClient-1-6] DEBUG org.asynchttpclient.netty.channel.ChannelManager - Adding key: http://localhost:16159 for channel [id: 0x8a687802, L:/127.0.0.1:52951 - R:localhost/127.0.0.1:16159]
  &amp#27;[32mGiven &amp#27;[0m&amp#27;[32muser on register page&amp#27;[0m                         &amp#27;[90m# starter.stepdefinitions.RegisterSteps.userOnRegisterPage()&amp#27;[0m
20:46:43.532 [Forwarding findElement on session 835958afb6b9acd09db2306efce1328f to remote] DEBUG org.asynchttpclient.netty.request.NettyRequestSender - Using pooled Channel '[id: 0x8a687802, L:/127.0.0.1:52951 - R:localhost/127.0.0.1:16159]' for 'POST' to 'http://localhost:16159/session/835958afb6b9acd09db2306efce1328f/element'
20:46:43.532 [Forwarding findElement on session 835958afb6b9acd09db2306efce1328f to remote] DEBUG org.asynchttpclient.netty.request.NettyRequestSender - Using open Channel [id: 0x8a687802, L:/127.0.0.1:52951 - R:localhost/127.0.0.1:16159] for POST '/session/835958afb6b9acd09db2306efce1328f/element'
20:46:43.557 [AsyncHttpClient-1-6] DEBUG org.asynchttpclient.netty.handler.HttpHandler - 

Request DefaultHttpRequest(decodeResult: success, version: HTTP/1.1)
POST /session/835958afb6b9acd09db2306efce1328f/element HTTP/1.1
User-Agent: selenium/4.8.1 (java windows)
Content-Length: 55
Content-Type: application/json; charset=utf-8
host: localhost:16159
accept: */*

Response DefaultHttpResponse(decodeResult: success, version: HTTP/1.1)
HTTP/1.1 200 OK
Content-Length: 88
Content-Type: application/json; charset=utf-8
cache-control: no-cache

20:46:43.557 [AsyncHttpClient-1-6] DEBUG org.asynchttpclient.netty.channel.ChannelManager - Adding key: http://localhost:16159 for channel [id: 0x8a687802, L:/127.0.0.1:52951 - R:localhost/127.0.0.1:16159]
20:46:43.559 [Forwarding clearElement on session 835958afb6b9acd09db2306efce1328f to remote] DEBUG org.asynchttpclient.netty.request.NettyRequestSender - Using pooled Channel '[id: 0x8a687802, L:/127.0.0.1:52951 - R:localhost/127.0.0.1:16159]' for 'POST' to 'http://localhost:16159/session/835958afb6b9acd09db2306efce1328f/element/bdcf7251-fc02-4438-8ac5-e53d9f471ee9/clear'
20:46:43.559 [Forwarding clearElement on session 835958afb6b9acd09db2306efce1328f to remote] DEBUG org.asynchttpclient.netty.request.NettyRequestSender - Using open Channel [id: 0x8a687802, L:/127.0.0.1:52951 - R:localhost/127.0.0.1:16159] for POST '/session/835958afb6b9acd09db2306efce1328f/element/bdcf7251-fc02-4438-8ac5-e53d9f471ee9/clear'
20:46:43.604 [AsyncHttpClient-1-6] DEBUG org.asynchttpclient.netty.handler.HttpHandler - 

Request DefaultHttpRequest(decodeResult: success, version: HTTP/1.1)
POST /session/835958afb6b9acd09db2306efce1328f/element/bdcf7251-fc02-4438-8ac5-e53d9f471ee9/clear HTTP/1.1
User-Agent: selenium/4.8.1 (java windows)
Content-Length: 50
Content-Type: application/json; charset=utf-8
host: localhost:16159
accept: */*

Response DefaultHttpResponse(decodeResult: success, version: HTTP/1.1)
HTTP/1.1 200 OK
Content-Length: 14
Content-Type: application/json; charset=utf-8
cache-control: no-cache

20:46:43.604 [AsyncHttpClient-1-6] DEBUG org.asynchttpclient.netty.channel.ChannelManager - Adding key: http://localhost:16159 for channel [id: 0x8a687802, L:/127.0.0.1:52951 - R:localhost/127.0.0.1:16159]
20:46:43.607 [Forwarding sendKeysToElement on session 835958afb6b9acd09db2306efce1328f to remote] DEBUG org.asynchttpclient.netty.request.NettyRequestSender - Using pooled Channel '[id: 0x8a687802, L:/127.0.0.1:52951 - R:localhost/127.0.0.1:16159]' for 'POST' to 'http://localhost:16159/session/835958afb6b9acd09db2306efce1328f/element/bdcf7251-fc02-4438-8ac5-e53d9f471ee9/value'
20:46:43.607 [Forwarding sendKeysToElement on session 835958afb6b9acd09db2306efce1328f to remote] DEBUG org.asynchttpclient.netty.request.NettyRequestSender - Using open Channel [id: 0x8a687802, L:/127.0.0.1:52951 - R:localhost/127.0.0.1:16159] for POST '/session/835958afb6b9acd09db2306efce1328f/element/bdcf7251-fc02-4438-8ac5-e53d9f471ee9/value'
20:46:43.727 [AsyncHttpClient-1-6] DEBUG org.asynchttpclient.netty.handler.HttpHandler - 

Request DefaultHttpRequest(decodeResult: success, version: HTTP/1.1)
POST /session/835958afb6b9acd09db2306efce1328f/element/bdcf7251-fc02-4438-8ac5-e53d9f471ee9/value HTTP/1.1
User-Agent: selenium/4.8.1 (java windows)
Content-Length: 121
Content-Type: application/json; charset=utf-8
host: localhost:16159
accept: */*

Response DefaultHttpResponse(decodeResult: success, version: HTTP/1.1)
HTTP/1.1 200 OK
Content-Length: 14
Content-Type: application/json; charset=utf-8
cache-control: no-cache

20:46:43.727 [AsyncHttpClient-1-6] DEBUG org.asynchttpclient.netty.channel.ChannelManager - Adding key: http://localhost:16159 for channel [id: 0x8a687802, L:/127.0.0.1:52951 - R:localhost/127.0.0.1:16159]
  &amp#27;[32mWhen &amp#27;[0m&amp#27;[32muser input valid complete name&amp#27;[0m                 &amp#27;[90m# starter.stepdefinitions.RegisterSteps.userInputValidCompleteName()&amp#27;[0m
20:46:43.746 [Forwarding findElement on session 835958afb6b9acd09db2306efce1328f to remote] DEBUG org.asynchttpclient.netty.request.NettyRequestSender - Using pooled Channel '[id: 0x8a687802, L:/127.0.0.1:52951 - R:localhost/127.0.0.1:16159]' for 'POST' to 'http://localhost:16159/session/835958afb6b9acd09db2306efce1328f/element'
20:46:43.746 [Forwarding findElement on session 835958afb6b9acd09db2306efce1328f to remote] DEBUG org.asynchttpclient.netty.request.NettyRequestSender - Using open Channel [id: 0x8a687802, L:/127.0.0.1:52951 - R:localhost/127.0.0.1:16159] for POST '/session/835958afb6b9acd09db2306efce1328f/element'
20:46:43.765 [AsyncHttpClient-1-6] DEBUG org.asynchttpclient.netty.handler.HttpHandler - 

Request DefaultHttpRequest(decodeResult: success, version: HTTP/1.1)
POST /session/835958afb6b9acd09db2306efce1328f/element HTTP/1.1
User-Agent: selenium/4.8.1 (java windows)
Content-Length: 55
Content-Type: application/json; charset=utf-8
host: localhost:16159
accept: */*

Response DefaultHttpResponse(decodeResult: success, version: HTTP/1.1)
HTTP/1.1 200 OK
Content-Length: 88
Content-Type: application/json; charset=utf-8
cache-control: no-cache

20:46:43.765 [AsyncHttpClient-1-6] DEBUG org.asynchttpclient.netty.channel.ChannelManager - Adding key: http://localhost:16159 for channel [id: 0x8a687802, L:/127.0.0.1:52951 - R:localhost/127.0.0.1:16159]
20:46:43.766 [Forwarding clearElement on session 835958afb6b9acd09db2306efce1328f to remote] DEBUG org.asynchttpclient.netty.request.NettyRequestSender - Using pooled Channel '[id: 0x8a687802, L:/127.0.0.1:52951 - R:localhost/127.0.0.1:16159]' for 'POST' to 'http://localhost:16159/session/835958afb6b9acd09db2306efce1328f/element/3fe2fe71-5450-4b5e-80f8-08b36d731480/clear'
20:46:43.766 [Forwarding clearElement on session 835958afb6b9acd09db2306efce1328f to remote] DEBUG org.asynchttpclient.netty.request.NettyRequestSender - Using open Channel [id: 0x8a687802, L:/127.0.0.1:52951 - R:localhost/127.0.0.1:16159] for POST '/session/835958afb6b9acd09db2306efce1328f/element/3fe2fe71-5450-4b5e-80f8-08b36d731480/clear'
20:46:43.796 [AsyncHttpClient-1-1] DEBUG org.asynchttpclient.netty.channel.DefaultChannelPool - Entry count for : http://localhost:52952 : 1
20:46:43.812 [AsyncHttpClient-1-6] DEBUG org.asynchttpclient.netty.handler.HttpHandler - 

Request DefaultHttpRequest(decodeResult: success, version: HTTP/1.1)
POST /session/835958afb6b9acd09db2306efce1328f/element/3fe2fe71-5450-4b5e-80f8-08b36d731480/clear HTTP/1.1
User-Agent: selenium/4.8.1 (java windows)
Content-Length: 50
Content-Type: application/json; charset=utf-8
host: localhost:16159
accept: */*

Response DefaultHttpResponse(decodeResult: success, version: HTTP/1.1)
HTTP/1.1 200 OK
Content-Length: 14
Content-Type: application/json; charset=utf-8
cache-control: no-cache

20:46:43.812 [AsyncHttpClient-1-6] DEBUG org.asynchttpclient.netty.channel.ChannelManager - Adding key: http://localhost:16159 for channel [id: 0x8a687802, L:/127.0.0.1:52951 - R:localhost/127.0.0.1:16159]
20:46:43.814 [Forwarding sendKeysToElement on session 835958afb6b9acd09db2306efce1328f to remote] DEBUG org.asynchttpclient.netty.request.NettyRequestSender - Using pooled Channel '[id: 0x8a687802, L:/127.0.0.1:52951 - R:localhost/127.0.0.1:16159]' for 'POST' to 'http://localhost:16159/session/835958afb6b9acd09db2306efce1328f/element/3fe2fe71-5450-4b5e-80f8-08b36d731480/value'
20:46:43.814 [Forwarding sendKeysToElement on session 835958afb6b9acd09db2306efce1328f to remote] DEBUG org.asynchttpclient.netty.request.NettyRequestSender - Using open Channel [id: 0x8a687802, L:/127.0.0.1:52951 - R:localhost/127.0.0.1:16159] for POST '/session/835958afb6b9acd09db2306efce1328f/element/3fe2fe71-5450-4b5e-80f8-08b36d731480/value'
20:46:43.879 [AsyncHttpClient-1-6] DEBUG org.asynchttpclient.netty.handler.HttpHandler - 

Request DefaultHttpRequest(decodeResult: success, version: HTTP/1.1)
POST /session/835958afb6b9acd09db2306efce1328f/element/3fe2fe71-5450-4b5e-80f8-08b36d731480/value HTTP/1.1
User-Agent: selenium/4.8.1 (java windows)
Content-Length: 82
Content-Type: application/json; charset=utf-8
host: localhost:16159
accept: */*

Response DefaultHttpResponse(decodeResult: success, version: HTTP/1.1)
HTTP/1.1 200 OK
Content-Length: 14
Content-Type: application/json; charset=utf-8
cache-control: no-cache

20:46:43.880 [AsyncHttpClient-1-6] DEBUG org.asynchttpclient.netty.channel.ChannelManager - Adding key: http://localhost:16159 for channel [id: 0x8a687802, L:/127.0.0.1:52951 - R:localhost/127.0.0.1:16159]
  &amp#27;[32mAnd &amp#27;[0m&amp#27;[32muser input empty email&amp#27;[0m                          &amp#27;[90m# starter.stepdefinitions.RegisterSteps.userInputEmptyEmail()&amp#27;[0m
20:46:43.897 [Forwarding findElement on session 835958afb6b9acd09db2306efce1328f to remote] DEBUG org.asynchttpclient.netty.request.NettyRequestSender - Using pooled Channel '[id: 0x8a687802, L:/127.0.0.1:52951 - R:localhost/127.0.0.1:16159]' for 'POST' to 'http://localhost:16159/session/835958afb6b9acd09db2306efce1328f/element'
20:46:43.898 [Forwarding findElement on session 835958afb6b9acd09db2306efce1328f to remote] DEBUG org.asynchttpclient.netty.request.NettyRequestSender - Using open Channel [id: 0x8a687802, L:/127.0.0.1:52951 - R:localhost/127.0.0.1:16159] for POST '/session/835958afb6b9acd09db2306efce1328f/element'
20:46:43.915 [AsyncHttpClient-1-6] DEBUG org.asynchttpclient.netty.handler.HttpHandler - 

Request DefaultHttpRequest(decodeResult: success, version: HTTP/1.1)
POST /session/835958afb6b9acd09db2306efce1328f/element HTTP/1.1
User-Agent: selenium/4.8.1 (java windows)
Content-Length: 55
Content-Type: application/json; charset=utf-8
host: localhost:16159
accept: */*

Response DefaultHttpResponse(decodeResult: success, version: HTTP/1.1)
HTTP/1.1 200 OK
Content-Length: 88
Content-Type: application/json; charset=utf-8
cache-control: no-cache

20:46:43.915 [AsyncHttpClient-1-6] DEBUG org.asynchttpclient.netty.channel.ChannelManager - Adding key: http://localhost:16159 for channel [id: 0x8a687802, L:/127.0.0.1:52951 - R:localhost/127.0.0.1:16159]
20:46:43.917 [Forwarding clearElement on session 835958afb6b9acd09db2306efce1328f to remote] DEBUG org.asynchttpclient.netty.request.NettyRequestSender - Using pooled Channel '[id: 0x8a687802, L:/127.0.0.1:52951 - R:localhost/127.0.0.1:16159]' for 'POST' to 'http://localhost:16159/session/835958afb6b9acd09db2306efce1328f/element/a6aa89b4-c45a-473e-b5a2-0a075b92bd87/clear'
20:46:43.917 [Forwarding clearElement on session 835958afb6b9acd09db2306efce1328f to remote] DEBUG org.asynchttpclient.netty.request.NettyRequestSender - Using open Channel [id: 0x8a687802, L:/127.0.0.1:52951 - R:localhost/127.0.0.1:16159] for POST '/session/835958afb6b9acd09db2306efce1328f/element/a6aa89b4-c45a-473e-b5a2-0a075b92bd87/clear'
20:46:44.053 [AsyncHttpClient-1-6] DEBUG org.asynchttpclient.netty.handler.HttpHandler - 

Request DefaultHttpRequest(decodeResult: success, version: HTTP/1.1)
POST /session/835958afb6b9acd09db2306efce1328f/element/a6aa89b4-c45a-473e-b5a2-0a075b92bd87/clear HTTP/1.1
User-Agent: selenium/4.8.1 (java windows)
Content-Length: 50
Content-Type: application/json; charset=utf-8
host: localhost:16159
accept: */*

Response DefaultHttpResponse(decodeResult: success, version: HTTP/1.1)
HTTP/1.1 200 OK
Content-Length: 14
Content-Type: application/json; charset=utf-8
cache-control: no-cache

20:46:44.053 [AsyncHttpClient-1-6] DEBUG org.asynchttpclient.netty.channel.ChannelManager - Adding key: http://localhost:16159 for channel [id: 0x8a687802, L:/127.0.0.1:52951 - R:localhost/127.0.0.1:16159]
20:46:44.059 [Forwarding sendKeysToElement on session 835958afb6b9acd09db2306efce1328f to remote] DEBUG org.asynchttpclient.netty.request.NettyRequestSender - Using pooled Channel '[id: 0x8a687802, L:/127.0.0.1:52951 - R:localhost/127.0.0.1:16159]' for 'POST' to 'http://localhost:16159/session/835958afb6b9acd09db2306efce1328f/element/a6aa89b4-c45a-473e-b5a2-0a075b92bd87/value'
20:46:44.059 [Forwarding sendKeysToElement on session 835958afb6b9acd09db2306efce1328f to remote] DEBUG org.asynchttpclient.netty.request.NettyRequestSender - Using open Channel [id: 0x8a687802, L:/127.0.0.1:52951 - R:localhost/127.0.0.1:16159] for POST '/session/835958afb6b9acd09db2306efce1328f/element/a6aa89b4-c45a-473e-b5a2-0a075b92bd87/value'
20:46:44.227 [AsyncHttpClient-1-6] DEBUG org.asynchttpclient.netty.handler.HttpHandler - 

Request DefaultHttpRequest(decodeResult: success, version: HTTP/1.1)
POST /session/835958afb6b9acd09db2306efce1328f/element/a6aa89b4-c45a-473e-b5a2-0a075b92bd87/value HTTP/1.1
User-Agent: selenium/4.8.1 (java windows)
Content-Length: 111
Content-Type: application/json; charset=utf-8
host: localhost:16159
accept: */*

Response DefaultHttpResponse(decodeResult: success, version: HTTP/1.1)
HTTP/1.1 200 OK
Content-Length: 14
Content-Type: application/json; charset=utf-8
cache-control: no-cache

20:46:44.228 [AsyncHttpClient-1-6] DEBUG org.asynchttpclient.netty.channel.ChannelManager - Adding key: http://localhost:16159 for channel [id: 0x8a687802, L:/127.0.0.1:52951 - R:localhost/127.0.0.1:16159]
  &amp#27;[32mAnd &amp#27;[0m&amp#27;[32muser input valid password&amp#27;[0m                       &amp#27;[90m# starter.stepdefinitions.RegisterSteps.userInputValidPassword()&amp#27;[0m
20:46:44.308 [Forwarding findElement on session 835958afb6b9acd09db2306efce1328f to remote] DEBUG org.asynchttpclient.netty.request.NettyRequestSender - Using pooled Channel '[id: 0x8a687802, L:/127.0.0.1:52951 - R:localhost/127.0.0.1:16159]' for 'POST' to 'http://localhost:16159/session/835958afb6b9acd09db2306efce1328f/element'
20:46:44.308 [Forwarding findElement on session 835958afb6b9acd09db2306efce1328f to remote] DEBUG org.asynchttpclient.netty.request.NettyRequestSender - Using open Channel [id: 0x8a687802, L:/127.0.0.1:52951 - R:localhost/127.0.0.1:16159] for POST '/session/835958afb6b9acd09db2306efce1328f/element'
20:46:44.335 [AsyncHttpClient-1-6] DEBUG org.asynchttpclient.netty.handler.HttpHandler - 

Request DefaultHttpRequest(decodeResult: success, version: HTTP/1.1)
POST /session/835958afb6b9acd09db2306efce1328f/element HTTP/1.1
User-Agent: selenium/4.8.1 (java windows)
Content-Length: 72
Content-Type: application/json; charset=utf-8
host: localhost:16159
accept: */*

Response DefaultHttpResponse(decodeResult: success, version: HTTP/1.1)
HTTP/1.1 200 OK
Content-Length: 88
Content-Type: application/json; charset=utf-8
cache-control: no-cache

20:46:44.336 [AsyncHttpClient-1-6] DEBUG org.asynchttpclient.netty.channel.ChannelManager - Adding key: http://localhost:16159 for channel [id: 0x8a687802, L:/127.0.0.1:52951 - R:localhost/127.0.0.1:16159]
20:46:44.338 [Forwarding getElementTagName on session 835958afb6b9acd09db2306efce1328f to remote] DEBUG org.asynchttpclient.netty.request.NettyRequestSender - Using pooled Channel '[id: 0x8a687802, L:/127.0.0.1:52951 - R:localhost/127.0.0.1:16159]' for 'GET' to 'http://localhost:16159/session/835958afb6b9acd09db2306efce1328f/element/4badb3ec-e815-413a-9255-5a1b1825c3bf/name'
20:46:44.338 [Forwarding getElementTagName on session 835958afb6b9acd09db2306efce1328f to remote] DEBUG org.asynchttpclient.netty.request.NettyRequestSender - Using open Channel [id: 0x8a687802, L:/127.0.0.1:52951 - R:localhost/127.0.0.1:16159] for GET '/session/835958afb6b9acd09db2306efce1328f/element/4badb3ec-e815-413a-9255-5a1b1825c3bf/name'
20:46:44.351 [AsyncHttpClient-1-6] DEBUG org.asynchttpclient.netty.handler.HttpHandler - 

Request DefaultFullHttpRequest(decodeResult: success, version: HTTP/1.1, content: EmptyByteBufBE)
GET /session/835958afb6b9acd09db2306efce1328f/element/4badb3ec-e815-413a-9255-5a1b1825c3bf/name HTTP/1.1
User-Agent: selenium/4.8.1 (java windows)
Cache-Control: no-cache
Content-Type: application/json; charset=utf-8
host: localhost:16159
accept: */*

Response DefaultHttpResponse(decodeResult: success, version: HTTP/1.1)
HTTP/1.1 200 OK
Content-Length: 16
Content-Type: application/json; charset=utf-8
cache-control: no-cache

20:46:44.351 [AsyncHttpClient-1-6] DEBUG org.asynchttpclient.netty.channel.ChannelManager - Adding key: http://localhost:16159 for channel [id: 0x8a687802, L:/127.0.0.1:52951 - R:localhost/127.0.0.1:16159]
20:46:44.360 [Forwarding getElementTagName on session 835958afb6b9acd09db2306efce1328f to remote] DEBUG org.asynchttpclient.netty.request.NettyRequestSender - Using pooled Channel '[id: 0x8a687802, L:/127.0.0.1:52951 - R:localhost/127.0.0.1:16159]' for 'GET' to 'http://localhost:16159/session/835958afb6b9acd09db2306efce1328f/element/4badb3ec-e815-413a-9255-5a1b1825c3bf/name'
20:46:44.360 [Forwarding getElementTagName on session 835958afb6b9acd09db2306efce1328f to remote] DEBUG org.asynchttpclient.netty.request.NettyRequestSender - Using open Channel [id: 0x8a687802, L:/127.0.0.1:52951 - R:localhost/127.0.0.1:16159] for GET '/session/835958afb6b9acd09db2306efce1328f/element/4badb3ec-e815-413a-9255-5a1b1825c3bf/name'
20:46:44.381 [AsyncHttpClient-1-6] DEBUG org.asynchttpclient.netty.handler.HttpHandler - 

Request DefaultFullHttpRequest(decodeResult: success, version: HTTP/1.1, content: EmptyByteBufBE)
GET /session/835958afb6b9acd09db2306efce1328f/element/4badb3ec-e815-413a-9255-5a1b1825c3bf/name HTTP/1.1
User-Agent: selenium/4.8.1 (java windows)
Cache-Control: no-cache
Content-Type: application/json; charset=utf-8
host: localhost:16159
accept: */*

Response DefaultHttpResponse(decodeResult: success, version: HTTP/1.1)
HTTP/1.1 200 OK
Content-Length: 16
Content-Type: application/json; charset=utf-8
cache-control: no-cache

20:46:44.381 [AsyncHttpClient-1-6] DEBUG org.asynchttpclient.netty.channel.ChannelManager - Adding key: http://localhost:16159 for channel [id: 0x8a687802, L:/127.0.0.1:52951 - R:localhost/127.0.0.1:16159]
20:46:44.384 [Forwarding findElement on session 835958afb6b9acd09db2306efce1328f to remote] DEBUG org.asynchttpclient.netty.request.NettyRequestSender - Using pooled Channel '[id: 0x8a687802, L:/127.0.0.1:52951 - R:localhost/127.0.0.1:16159]' for 'POST' to 'http://localhost:16159/session/835958afb6b9acd09db2306efce1328f/element'
20:46:44.384 [Forwarding findElement on session 835958afb6b9acd09db2306efce1328f to remote] DEBUG org.asynchttpclient.netty.request.NettyRequestSender - Using open Channel [id: 0x8a687802, L:/127.0.0.1:52951 - R:localhost/127.0.0.1:16159] for POST '/session/835958afb6b9acd09db2306efce1328f/element'
20:46:44.397 [AsyncHttpClient-1-6] DEBUG org.asynchttpclient.netty.handler.HttpHandler - 

Request DefaultHttpRequest(decodeResult: success, version: HTTP/1.1)
POST /session/835958afb6b9acd09db2306efce1328f/element HTTP/1.1
User-Agent: selenium/4.8.1 (java windows)
Content-Length: 72
Content-Type: application/json; charset=utf-8
host: localhost:16159
accept: */*

Response DefaultHttpResponse(decodeResult: success, version: HTTP/1.1)
HTTP/1.1 200 OK
Content-Length: 88
Content-Type: application/json; charset=utf-8
cache-control: no-cache

20:46:44.397 [AsyncHttpClient-1-6] DEBUG org.asynchttpclient.netty.channel.ChannelManager - Adding key: http://localhost:16159 for channel [id: 0x8a687802, L:/127.0.0.1:52951 - R:localhost/127.0.0.1:16159]
20:46:44.399 [Forwarding clickElement on session 835958afb6b9acd09db2306efce1328f to remote] DEBUG org.asynchttpclient.netty.request.NettyRequestSender - Using pooled Channel '[id: 0x8a687802, L:/127.0.0.1:52951 - R:localhost/127.0.0.1:16159]' for 'POST' to 'http://localhost:16159/session/835958afb6b9acd09db2306efce1328f/element/4badb3ec-e815-413a-9255-5a1b1825c3bf/click'
20:46:44.400 [Forwarding clickElement on session 835958afb6b9acd09db2306efce1328f to remote] DEBUG org.asynchttpclient.netty.request.NettyRequestSender - Using open Channel [id: 0x8a687802, L:/127.0.0.1:52951 - R:localhost/127.0.0.1:16159] for POST '/session/835958afb6b9acd09db2306efce1328f/element/4badb3ec-e815-413a-9255-5a1b1825c3bf/click'
20:46:44.528 [AsyncHttpClient-1-6] DEBUG org.asynchttpclient.netty.handler.HttpHandler - 

Request DefaultHttpRequest(decodeResult: success, version: HTTP/1.1)
POST /session/835958afb6b9acd09db2306efce1328f/element/4badb3ec-e815-413a-9255-5a1b1825c3bf/click HTTP/1.1
User-Agent: selenium/4.8.1 (java windows)
Content-Length: 50
Content-Type: application/json; charset=utf-8
host: localhost:16159
accept: */*

Response DefaultHttpResponse(decodeResult: success, version: HTTP/1.1)
HTTP/1.1 200 OK
Content-Length: 14
Content-Type: application/json; charset=utf-8
cache-control: no-cache

20:46:44.528 [AsyncHttpClient-1-6] DEBUG org.asynchttpclient.netty.channel.ChannelManager - Adding key: http://localhost:16159 for channel [id: 0x8a687802, L:/127.0.0.1:52951 - R:localhost/127.0.0.1:16159]
  &amp#27;[32mAnd &amp#27;[0m&amp#27;[32muser click login button&amp#27;[0m                         &amp#27;[90m# starter.stepdefinitions.RegisterSteps.userClickLoginButton()&amp#27;[0m
20:46:44.547 [Forwarding findElement on session 835958afb6b9acd09db2306efce1328f to remote] DEBUG org.asynchttpclient.netty.request.NettyRequestSender - Using pooled Channel '[id: 0x8a687802, L:/127.0.0.1:52951 - R:localhost/127.0.0.1:16159]' for 'POST' to 'http://localhost:16159/session/835958afb6b9acd09db2306efce1328f/element'
20:46:44.548 [Forwarding findElement on session 835958afb6b9acd09db2306efce1328f to remote] DEBUG org.asynchttpclient.netty.request.NettyRequestSender - Using open Channel [id: 0x8a687802, L:/127.0.0.1:52951 - R:localhost/127.0.0.1:16159] for POST '/session/835958afb6b9acd09db2306efce1328f/element'
20:46:44.904 [AsyncHttpClient-1-1] DEBUG org.asynchttpclient.netty.channel.DefaultChannelPool - Entry count for : http://localhost:52952 : 1
20:46:44.943 [AsyncHttpClient-1-6] DEBUG org.asynchttpclient.netty.handler.HttpHandler - 

Request DefaultHttpRequest(decodeResult: success, version: HTTP/1.1)
POST /session/835958afb6b9acd09db2306efce1328f/element HTTP/1.1
User-Agent: selenium/4.8.1 (java windows)
Content-Length: 79
Content-Type: application/json; charset=utf-8
host: localhost:16159
accept: */*

Response DefaultHttpResponse(decodeResult: success, version: HTTP/1.1)
HTTP/1.1 200 OK
Content-Length: 88
Content-Type: application/json; charset=utf-8
cache-control: no-cache

20:46:44.943 [AsyncHttpClient-1-6] DEBUG org.asynchttpclient.netty.channel.ChannelManager - Adding key: http://localhost:16159 for channel [id: 0x8a687802, L:/127.0.0.1:52951 - R:localhost/127.0.0.1:16159]
20:46:44.948 [Forwarding isElementDisplayed on session 835958afb6b9acd09db2306efce1328f to remote] DEBUG org.asynchttpclient.netty.request.NettyRequestSender - Using pooled Channel '[id: 0x8a687802, L:/127.0.0.1:52951 - R:localhost/127.0.0.1:16159]' for 'POST' to 'http://localhost:16159/session/835958afb6b9acd09db2306efce1328f/execute/sync'
20:46:44.949 [Forwarding isElementDisplayed on session 835958afb6b9acd09db2306efce1328f to remote] DEBUG org.asynchttpclient.netty.request.NettyRequestSender - Using open Channel [id: 0x8a687802, L:/127.0.0.1:52951 - R:localhost/127.0.0.1:16159] for POST '/session/835958afb6b9acd09db2306efce1328f/execute/sync'
20:46:44.961 [AsyncHttpClient-1-6] DEBUG org.asynchttpclient.netty.handler.HttpHandler - 

Request DefaultHttpRequest(decodeResult: success, version: HTTP/1.1)
POST /session/835958afb6b9acd09db2306efce1328f/execute/sync HTTP/1.1
User-Agent: selenium/4.8.1 (java windows)
Content-Length: 48807
Content-Type: application/json; charset=utf-8
host: localhost:16159
accept: */*

Response DefaultHttpResponse(decodeResult: success, version: HTTP/1.1)
HTTP/1.1 200 OK
Content-Length: 14
Content-Type: application/json; charset=utf-8
cache-control: no-cache

20:46:44.962 [AsyncHttpClient-1-6] DEBUG org.asynchttpclient.netty.channel.ChannelManager - Adding key: http://localhost:16159 for channel [id: 0x8a687802, L:/127.0.0.1:52951 - R:localhost/127.0.0.1:16159]
20:46:44.966 [Forwarding isElementDisplayed on session 835958afb6b9acd09db2306efce1328f to remote] DEBUG org.asynchttpclient.netty.request.NettyRequestSender - Using pooled Channel '[id: 0x8a687802, L:/127.0.0.1:52951 - R:localhost/127.0.0.1:16159]' for 'POST' to 'http://localhost:16159/session/835958afb6b9acd09db2306efce1328f/execute/sync'
20:46:44.966 [Forwarding isElementDisplayed on session 835958afb6b9acd09db2306efce1328f to remote] DEBUG org.asynchttpclient.netty.request.NettyRequestSender - Using open Channel [id: 0x8a687802, L:/127.0.0.1:52951 - R:localhost/127.0.0.1:16159] for POST '/session/835958afb6b9acd09db2306efce1328f/execute/sync'
20:46:44.978 [AsyncHttpClient-1-6] DEBUG org.asynchttpclient.netty.handler.HttpHandler - 

Request DefaultHttpRequest(decodeResult: success, version: HTTP/1.1)
POST /session/835958afb6b9acd09db2306efce1328f/execute/sync HTTP/1.1
User-Agent: selenium/4.8.1 (java windows)
Content-Length: 48807
Content-Type: application/json; charset=utf-8
host: localhost:16159
accept: */*

Response DefaultHttpResponse(decodeResult: success, version: HTTP/1.1)
HTTP/1.1 200 OK
Content-Length: 14
Content-Type: application/json; charset=utf-8
cache-control: no-cache

20:46:44.978 [AsyncHttpClient-1-6] DEBUG org.asynchttpclient.netty.channel.ChannelManager - Adding key: http://localhost:16159 for channel [id: 0x8a687802, L:/127.0.0.1:52951 - R:localhost/127.0.0.1:16159]
  &amp#27;[32mThen &amp#27;[0m&amp#27;[32muser see error message&amp#27;[0m                         &amp#27;[90m# starter.stepdefinitions.RegisterSteps.userSeeErrorMessage()&amp#27;[0m
20:46:44.983 [main] INFO  - 
  _____   ___   ___   _____     ___     _     ___   ___   ___   ___  
 |_   _| | __| / __| |_   _|   | _ \   /_\   / __| / __| | __| |   \ 
   | |   | _|  \__ \   | |     |  _/  / _ \  \__ \ \__ \ | _|  | |) |
   |_|   |___| |___/   |_|     |_|   /_/ \_\ |___/ |___/ |___| |___/ 

as user i want to register with empty email
----------------------------------------------------------------------
20:46:44.984 [AsyncHttpClient-1-8] DEBUG org.asynchttpclient.netty.handler.WebSocketHandler - Channel Closed: [id: 0xd2326b55, L:/127.0.0.1:52960 ! R:localhost/127.0.0.1:52952] with attribute NettyResponseFuture{currentRetry=0,
	isDone=1,
	isCancelled=0,
	asyncHandler=org.asynchttpclient.ws.WebSocketUpgradeHandler@7822b6b1,
	nettyRequest=org.asynchttpclient.netty.request.NettyRequest@204ce5f3,
	future=java.util.concurrent.CompletableFuture@317c3475[Completed normally],
	uri=ws://localhost:52952/devtools/browser/9ba351e3-d3a4-4034-af5b-e60a0fbdfd8f,
	keepAlive=true,
	redirectCount=0,
	timeoutsHolder=null,
	inAuth=0,
	touch=1683553595663}
20:46:44.984 [AsyncHttpClient-1-8] DEBUG org.asynchttpclient.netty.channel.ChannelManager - Closing Channel [id: 0xd2326b55, L:/127.0.0.1:52960 ! R:localhost/127.0.0.1:52952] 
20:46:44.985 [Driver Command Executor] DEBUG org.asynchttpclient.netty.request.NettyRequestSender - Using pooled Channel '[id: 0x8a687802, L:/127.0.0.1:52951 - R:localhost/127.0.0.1:16159]' for 'DELETE' to 'http://localhost:16159/session/835958afb6b9acd09db2306efce1328f'
20:46:44.985 [Driver Command Executor] DEBUG org.asynchttpclient.netty.request.NettyRequestSender - Using open Channel [id: 0x8a687802, L:/127.0.0.1:52951 - R:localhost/127.0.0.1:16159] for DELETE '/session/835958afb6b9acd09db2306efce1328f'
20:46:45.098 [AsyncHttpClient-1-7] DEBUG org.asynchttpclient.netty.handler.HttpHandler - Unexpected I/O exception on channel [id: 0x676f7439, L:/127.0.0.1:52959 - R:localhost/127.0.0.1:52952]
java.io.IOException: An existing connection was forcibly closed by the remote host
	at sun.nio.ch.SocketDispatcher.read0(Native Method)
	at sun.nio.ch.SocketDispatcher.read(SocketDispatcher.java:43)
	at sun.nio.ch.IOUtil.readIntoNativeBuffer(IOUtil.java:223)
	at sun.nio.ch.IOUtil.read(IOUtil.java:192)
	at sun.nio.ch.SocketChannelImpl.read(SocketChannelImpl.java:380)
	at io.netty.buffer.PooledByteBuf.setBytes(PooledByteBuf.java:259)
	at io.netty.buffer.AbstractByteBuf.writeBytes(AbstractByteBuf.java:1132)
	at io.netty.channel.socket.nio.NioSocketChannel.doReadBytes(NioSocketChannel.java:357)
	at io.netty.channel.nio.AbstractNioByteChannel$NioByteUnsafe.read(AbstractNioByteChannel.java:151)
	at io.netty.channel.nio.NioEventLoop.processSelectedKey(NioEventLoop.java:788)
	at io.netty.channel.nio.NioEventLoop.processSelectedKeysOptimized(NioEventLoop.java:724)
	at io.netty.channel.nio.NioEventLoop.processSelectedKeys(NioEventLoop.java:650)
	at io.netty.channel.nio.NioEventLoop.run(NioEventLoop.java:562)
	at io.netty.util.concurrent.SingleThreadEventExecutor$4.run(SingleThreadEventExecutor.java:997)
	at io.netty.util.internal.ThreadExecutorMap$2.run(ThreadExecutorMap.java:74)
	at io.netty.util.concurrent.FastThreadLocalRunnable.run(FastThreadLocalRunnable.java:30)
	at java.lang.Thread.run(Thread.java:748)
20:46:45.098 [AsyncHttpClient-1-7] DEBUG org.asynchttpclient.netty.channel.ChannelManager - Closing Channel [id: 0x676f7439, L:/127.0.0.1:52959 - R:localhost/127.0.0.1:52952] 
20:46:45.098 [AsyncHttpClient-1-7] DEBUG org.asynchttpclient.netty.handler.HttpHandler - Channel Closed: [id: 0x676f7439, L:/127.0.0.1:52959 ! R:localhost/127.0.0.1:52952] with attribute DISCARD
20:46:45.128 [AsyncHttpClient-1-6] DEBUG org.asynchttpclient.netty.handler.HttpHandler - 

Request DefaultFullHttpRequest(decodeResult: success, version: HTTP/1.1, content: EmptyByteBufBE)
DELETE /session/835958afb6b9acd09db2306efce1328f HTTP/1.1
User-Agent: selenium/4.8.1 (java windows)
Content-Type: application/json; charset=utf-8
host: localhost:16159
accept: */*

Response DefaultHttpResponse(decodeResult: success, version: HTTP/1.1)
HTTP/1.1 200 OK
Content-Length: 14
Content-Type: application/json; charset=utf-8
cache-control: no-cache

20:46:45.128 [AsyncHttpClient-1-6] DEBUG org.asynchttpclient.netty.channel.ChannelManager - Adding key: http://localhost:16159 for channel [id: 0x8a687802, L:/127.0.0.1:52951 - R:localhost/127.0.0.1:16159]
20:46:45.199 [AsyncHttpClient-1-6] DEBUG org.asynchttpclient.netty.handler.HttpHandler - Channel Closed: [id: 0x8a687802, L:/127.0.0.1:52951 ! R:localhost/127.0.0.1:16159] with attribute DISCARD
]]></system-out>
    <system-err><![CDATA[Starting ChromeDriver 112.0.5615.49 (bd2a7bcb881c11e8cfe3078709382934e3916914-refs/branch-heads/5615@{#936}) on port 16159
Only local connections are allowed.
Please see https://chromedriver.chromium.org/security-considerations for suggestions on keeping ChromeDriver safe.
ChromeDriver was started successfully.
May 08, 2023 8:46:35 PM org.openqa.selenium.devtools.CdpVersionFinder findNearestMatch
WARNING: Unable to find an exact match for CDP version 112, so returning the closest version found: 110
]]></system-err>
  </testcase>
</testsuite>