<?xml version="1.0" encoding="UTF-8"?>
<testsuite xmlns:xsi="http://www.w3.org/2001/XMLSchema-instance" xsi:noNamespaceSchemaLocation="https://maven.apache.org/surefire/maven-failsafe-plugin/xsd/failsafe-test-report-3.0.xsd" version="3.0" name="starter.CucumberTestSuite" time="61.511" tests="3" errors="0" skipped="0" failures="0">
  <properties>
    <property name="sun.desktop" value="windows"/>
    <property name="awt.toolkit" value="sun.awt.windows.WToolkit"/>
    <property name="file.encoding.pkg" value="sun.io"/>
    <property name="java.specification.version" value="1.8"/>
    <property name="webdriver.chrome.driver" value="C:\Users\ADW User ACR\.cache\selenium\chromedriver\win32\112.0.5615.49\chromedriver.exe"/>
    <property name="sun.cpu.isalist" value="amd64"/>
    <property name="sun.jnu.encoding" value="Cp1252"/>
    <property name="java.class.path" value="D:\D\QE_Alta\mini-project-nisa\Web\Altashop-Transaksi\target\test-classes;D:\D\QE_Alta\mini-project-nisa\Web\Altashop-Transaksi\target\web-automation-altashop-1.0-SNAPSHOT.jar;C:\Users\ADW User ACR\.m2\repository\net\serenity-bdd\serenity-core\3.6.21\serenity-core-3.6.21.jar;C:\Users\ADW User ACR\.m2\repository\net\serenity-bdd\serenity-model\3.6.21\serenity-model-3.6.21.jar;C:\Users\ADW User ACR\.m2\repository\org\apache\commons\commons-text\1.10.0\commons-text-1.10.0.jar;C:\Users\ADW User ACR\.m2\repository\commons-net\commons-net\3.9.0\commons-net-3.9.0.jar;C:\Users\ADW User ACR\.m2\repository\com\google\guava\guava\31.1-jre\guava-31.1-jre.jar;C:\Users\ADW User ACR\.m2\repository\com\google\guava\failureaccess\1.0.1\failureaccess-1.0.1.jar;C:\Users\ADW User ACR\.m2\repository\com\google\guava\listenablefuture\9999.0-empty-to-avoid-conflict-with-guava\listenablefuture-9999.0-empty-to-avoid-conflict-with-guava.jar;C:\Users\ADW User ACR\.m2\repository\com\google\code\findbugs\jsr305\3.0.2\jsr305-3.0.2.jar;C:\Users\ADW User ACR\.m2\repository\org\checkerframework\checker-qual\3.12.0\checker-qual-3.12.0.jar;C:\Users\ADW User ACR\.m2\repository\com\google\errorprone\error_prone_annotations\2.11.0\error_prone_annotations-2.11.0.jar;C:\Users\ADW User ACR\.m2\repository\com\google\j2objc\j2objc-annotations\1.3\j2objc-annotations-1.3.jar;C:\Users\ADW User ACR\.m2\repository\com\google\inject\guice\5.1.0\guice-5.1.0.jar;C:\Users\ADW User ACR\.m2\repository\javax\inject\javax.inject\1\javax.inject-1.jar;C:\Users\ADW User ACR\.m2\repository\aopalliance\aopalliance\1.0\aopalliance-1.0.jar;C:\Users\ADW User ACR\.m2\repository\org\jsoup\jsoup\1.14.3\jsoup-1.14.3.jar;C:\Users\ADW User ACR\.m2\repository\com\thoughtworks\xstream\xstream\1.4.20\xstream-1.4.20.jar;C:\Users\ADW User ACR\.m2\repository\io\github\x-stream\mxparser\1.2.2\mxparser-1.2.2.jar;C:\Users\ADW User ACR\.m2\repository\xmlpull\xmlpull\1.1.3.1\xmlpull-1.1.3.1.jar;C:\Users\ADW User ACR\.m2\repository\com\typesafe\config\1.4.2\config-1.4.2.jar;C:\Users\ADW User ACR\.m2\repository\org\imgscalr\imgscalr-lib\4.2\imgscalr-lib-4.2.jar;C:\Users\ADW User ACR\.m2\repository\org\awaitility\awaitility\4.2.0\awaitility-4.2.0.jar;C:\Users\ADW User ACR\.m2\repository\org\freemarker\freemarker\2.3.31\freemarker-2.3.31.jar;C:\Users\ADW User ACR\.m2\repository\io\github\classgraph\classgraph\4.8.138\classgraph-4.8.138.jar;C:\Users\ADW User ACR\.m2\repository\net\sourceforge\jexcelapi\jxl\2.6.12\jxl-2.6.12.jar;C:\Users\ADW User ACR\.m2\repository\net\bytebuddy\byte-buddy-agent\1.14.2\byte-buddy-agent-1.14.2.jar;C:\Users\ADW User ACR\.m2\repository\org\objenesis\objenesis\3.3\objenesis-3.3.jar;C:\Users\ADW User ACR\.m2\repository\net\serenity-bdd\serenity-reports\3.6.21\serenity-reports-3.6.21.jar;C:\Users\ADW User ACR\.m2\repository\net\serenity-bdd\serenity-stats\3.6.21\serenity-stats-3.6.21.jar;C:\Users\ADW User ACR\.m2\repository\net\serenity-bdd\serenity-reports-configuration\3.6.21\serenity-reports-configuration-3.6.21.jar;C:\Users\ADW User ACR\.m2\repository\com\vladsch\flexmark\flexmark-all\0.62.2\flexmark-all-0.62.2.jar;C:\Users\ADW User ACR\.m2\repository\com\vladsch\flexmark\flexmark\0.62.2\flexmark-0.62.2.jar;C:\Users\ADW User ACR\.m2\repository\com\vladsch\flexmark\flexmark-ext-abbreviation\0.62.2\flexmark-ext-abbreviation-0.62.2.jar;C:\Users\ADW User ACR\.m2\repository\com\vladsch\flexmark\flexmark-util\0.62.2\flexmark-util-0.62.2.jar;C:\Users\ADW User ACR\.m2\repository\com\vladsch\flexmark\flexmark-ext-admonition\0.62.2\flexmark-ext-admonition-0.62.2.jar;C:\Users\ADW User ACR\.m2\repository\com\vladsch\flexmark\flexmark-ext-anchorlink\0.62.2\flexmark-ext-anchorlink-0.62.2.jar;C:\Users\ADW User ACR\.m2\repository\com\vladsch\flexmark\flexmark-ext-aside\0.62.2\flexmark-ext-aside-0.62.2.jar;C:\Users\ADW User ACR\.m2\repository\com\vladsch\flexmark\flexmark-ext-attributes\0.62.2\flexmark-ext-attributes-0.62.2.jar;C:\Users\ADW User ACR\.m2\repository\com\vladsch\flexmark\flexmark-ext-autolink\0.62.2\flexmark-ext-autolink-0.62.2.jar;C:\Users\ADW User ACR\.m2\repository\org\nibor\autolink\autolink\0.6.0\autolink-0.6.0.jar;C:\Users\ADW User ACR\.m2\repository\com\vladsch\flexmark\flexmark-ext-definition\0.62.2\flexmark-ext-definition-0.62.2.jar;C:\Users\ADW User ACR\.m2\repository\com\vladsch\flexmark\flexmark-ext-emoji\0.62.2\flexmark-ext-emoji-0.62.2.jar;C:\Users\ADW User ACR\.m2\repository\com\vladsch\flexmark\flexmark-ext-enumerated-reference\0.62.2\flexmark-ext-enumerated-reference-0.62.2.jar;C:\Users\ADW User ACR\.m2\repository\com\vladsch\flexmark\flexmark-ext-escaped-character\0.62.2\flexmark-ext-escaped-character-0.62.2.jar;C:\Users\ADW User ACR\.m2\repository\com\vladsch\flexmark\flexmark-ext-footnotes\0.62.2\flexmark-ext-footnotes-0.62.2.jar;C:\Users\ADW User ACR\.m2\repository\com\vladsch\flexmark\flexmark-ext-gfm-issues\0.62.2\flexmark-ext-gfm-issues-0.62.2.jar;C:\Users\ADW User ACR\.m2\repository\com\vladsch\flexmark\flexmark-ext-gfm-strikethrough\0.62.2\flexmark-ext-gfm-strikethrough-0.62.2.jar;C:\Users\ADW User ACR\.m2\repository\com\vladsch\flexmark\flexmark-ext-gfm-tasklist\0.62.2\flexmark-ext-gfm-tasklist-0.62.2.jar;C:\Users\ADW User ACR\.m2\repository\com\vladsch\flexmark\flexmark-ext-gfm-users\0.62.2\flexmark-ext-gfm-users-0.62.2.jar;C:\Users\ADW User ACR\.m2\repository\com\vladsch\flexmark\flexmark-ext-gitlab\0.62.2\flexmark-ext-gitlab-0.62.2.jar;C:\Users\ADW User ACR\.m2\repository\com\vladsch\flexmark\flexmark-ext-jekyll-front-matter\0.62.2\flexmark-ext-jekyll-front-matter-0.62.2.jar;C:\Users\ADW User ACR\.m2\repository\com\vladsch\flexmark\flexmark-ext-jekyll-tag\0.62.2\flexmark-ext-jekyll-tag-0.62.2.jar;C:\Users\ADW User ACR\.m2\repository\com\vladsch\flexmark\flexmark-ext-media-tags\0.62.2\flexmark-ext-media-tags-0.62.2.jar;C:\Users\ADW User ACR\.m2\repository\com\vladsch\flexmark\flexmark-ext-macros\0.62.2\flexmark-ext-macros-0.62.2.jar;C:\Users\ADW User ACR\.m2\repository\com\vladsch\flexmark\flexmark-ext-ins\0.62.2\flexmark-ext-ins-0.62.2.jar;C:\Users\ADW User ACR\.m2\repository\com\vladsch\flexmark\flexmark-ext-xwiki-macros\0.62.2\flexmark-ext-xwiki-macros-0.62.2.jar;C:\Users\ADW User ACR\.m2\repository\com\vladsch\flexmark\flexmark-ext-superscript\0.62.2\flexmark-ext-superscript-0.62.2.jar;C:\Users\ADW User ACR\.m2\repository\com\vladsch\flexmark\flexmark-ext-tables\0.62.2\flexmark-ext-tables-0.62.2.jar;C:\Users\ADW User ACR\.m2\repository\com\vladsch\flexmark\flexmark-ext-toc\0.62.2\flexmark-ext-toc-0.62.2.jar;C:\Users\ADW User ACR\.m2\repository\com\vladsch\flexmark\flexmark-ext-typographic\0.62.2\flexmark-ext-typographic-0.62.2.jar;C:\Users\ADW User ACR\.m2\repository\com\vladsch\flexmark\flexmark-ext-wikilink\0.62.2\flexmark-ext-wikilink-0.62.2.jar;C:\Users\ADW User ACR\.m2\repository\com\vladsch\flexmark\flexmark-ext-yaml-front-matter\0.62.2\flexmark-ext-yaml-front-matter-0.62.2.jar;C:\Users\ADW User ACR\.m2\repository\com\vladsch\flexmark\flexmark-ext-youtube-embedded\0.62.2\flexmark-ext-youtube-embedded-0.62.2.jar;C:\Users\ADW User ACR\.m2\repository\com\vladsch\flexmark\flexmark-html2md-converter\0.62.2\flexmark-html2md-converter-0.62.2.jar;C:\Users\ADW User ACR\.m2\repository\com\vladsch\flexmark\flexmark-jira-converter\0.62.2\flexmark-jira-converter-0.62.2.jar;C:\Users\ADW User ACR\.m2\repository\com\vladsch\flexmark\flexmark-pdf-converter\0.62.2\flexmark-pdf-converter-0.62.2.jar;C:\Users\ADW User ACR\.m2\repository\com\openhtmltopdf\openhtmltopdf-core\1.0.0\openhtmltopdf-core-1.0.0.jar;C:\Users\ADW User ACR\.m2\repository\com\openhtmltopdf\openhtmltopdf-pdfbox\1.0.0\openhtmltopdf-pdfbox-1.0.0.jar;C:\Users\ADW User ACR\.m2\repository\org\apache\pdfbox\pdfbox\2.0.16\pdfbox-2.0.16.jar;C:\Users\ADW User ACR\.m2\repository\org\apache\pdfbox\fontbox\2.0.16\fontbox-2.0.16.jar;C:\Users\ADW User ACR\.m2\repository\org\apache\pdfbox\xmpbox\2.0.16\xmpbox-2.0.16.jar;C:\Users\ADW User ACR\.m2\repository\de\rototor\pdfbox\graphics2d\0.24\graphics2d-0.24.jar;C:\Users\ADW User ACR\.m2\repository\com\openhtmltopdf\openhtmltopdf-rtl-support\1.0.0\openhtmltopdf-rtl-support-1.0.0.jar;C:\Users\ADW User ACR\.m2\repository\com\openhtmltopdf\openhtmltopdf-jsoup-dom-converter\1.0.0\openhtmltopdf-jsoup-dom-converter-1.0.0.jar;C:\Users\ADW User ACR\.m2\repository\com\vladsch\flexmark\flexmark-profile-pegdown\0.62.2\flexmark-profile-pegdown-0.62.2.jar;C:\Users\ADW User ACR\.m2\repository\com\vladsch\flexmark\flexmark-util-ast\0.62.2\flexmark-util-ast-0.62.2.jar;C:\Users\ADW User ACR\.m2\repository\com\vladsch\flexmark\flexmark-util-builder\0.62.2\flexmark-util-builder-0.62.2.jar;C:\Users\ADW User ACR\.m2\repository\com\vladsch\flexmark\flexmark-util-collection\0.62.2\flexmark-util-collection-0.62.2.jar;C:\Users\ADW User ACR\.m2\repository\com\vladsch\flexmark\flexmark-util-data\0.62.2\flexmark-util-data-0.62.2.jar;C:\Users\ADW User ACR\.m2\repository\com\vladsch\flexmark\flexmark-util-dependency\0.62.2\flexmark-util-dependency-0.62.2.jar;C:\Users\ADW User ACR\.m2\repository\com\vladsch\flexmark\flexmark-util-format\0.62.2\flexmark-util-format-0.62.2.jar;C:\Users\ADW User ACR\.m2\repository\com\vladsch\flexmark\flexmark-util-html\0.62.2\flexmark-util-html-0.62.2.jar;C:\Users\ADW User ACR\.m2\repository\com\vladsch\flexmark\flexmark-util-misc\0.62.2\flexmark-util-misc-0.62.2.jar;C:\Users\ADW User ACR\.m2\repository\com\vladsch\flexmark\flexmark-util-options\0.62.2\flexmark-util-options-0.62.2.jar;C:\Users\ADW User ACR\.m2\repository\com\vladsch\flexmark\flexmark-util-sequence\0.62.2\flexmark-util-sequence-0.62.2.jar;C:\Users\ADW User ACR\.m2\repository\com\vladsch\flexmark\flexmark-util-visitor\0.62.2\flexmark-util-visitor-0.62.2.jar;C:\Users\ADW User ACR\.m2\repository\com\vladsch\flexmark\flexmark-youtrack-converter\0.62.2\flexmark-youtrack-converter-0.62.2.jar;C:\Users\ADW User ACR\.m2\repository\com\ibm\icu\icu4j\72.1\icu4j-72.1.jar;C:\Users\ADW User ACR\.m2\repository\es\nitaur\markdown\txtmark\0.16\txtmark-0.16.jar;C:\Users\ADW User ACR\.m2\repository\net\serenity-bdd\serenity-report-resources\3.6.21\serenity-report-resources-3.6.21.jar;C:\Users\ADW User ACR\.m2\repository\com\google\code\gson\gson\2.10.1\gson-2.10.1.jar;C:\Users\ADW User ACR\.m2\repository\com\fasterxml\jackson\core\jackson-core\2.15.0-rc1\jackson-core-2.15.0-rc1.jar;C:\Users\ADW User ACR\.m2\repository\com\fasterxml\jackson\core\jackson-databind\2.15.0-rc1\jackson-databind-2.15.0-rc1.jar;C:\Users\ADW User ACR\.m2\repository\com\fasterxml\jackson\core\jackson-annotations\2.15.0-rc1\jackson-annotations-2.15.0-rc1.jar;C:\Users\ADW User ACR\.m2\repository\commons-codec\commons-codec\1.15\commons-codec-1.15.jar;C:\Users\ADW User ACR\.m2\repository\commons-io\commons-io\2.11.0\commons-io-2.11.0.jar;C:\Users\ADW User ACR\.m2\repository\org\apache\httpcomponents\httpclient\4.5.13\httpclient-4.5.13.jar;C:\Users\ADW User ACR\.m2\repository\org\apache\httpcomponents\httpcore\4.4.13\httpcore-4.4.13.jar;C:\Users\ADW User ACR\.m2\repository\commons-logging\commons-logging\1.2\commons-logging-1.2.jar;C:\Users\ADW User ACR\.m2\repository\org\seleniumhq\selenium\selenium-java\4.8.1\selenium-java-4.8.1.jar;C:\Users\ADW User ACR\.m2\repository\org\seleniumhq\selenium\selenium-devtools-v108\4.8.1\selenium-devtools-v108-4.8.1.jar;C:\Users\ADW User ACR\.m2\repository\org\seleniumhq\selenium\selenium-devtools-v109\4.8.1\selenium-devtools-v109-4.8.1.jar;C:\Users\ADW User ACR\.m2\repository\org\seleniumhq\selenium\selenium-devtools-v110\4.8.1\selenium-devtools-v110-4.8.1.jar;C:\Users\ADW User ACR\.m2\repository\org\seleniumhq\selenium\selenium-devtools-v85\4.8.1\selenium-devtools-v85-4.8.1.jar;C:\Users\ADW User ACR\.m2\repository\org\seleniumhq\selenium\selenium-remote-driver\4.8.1\selenium-remote-driver-4.8.1.jar;C:\Users\ADW User ACR\.m2\repository\com\beust\jcommander\1.82\jcommander-1.82.jar;C:\Users\ADW User ACR\.m2\repository\io\netty\netty-buffer\4.1.87.Final\netty-buffer-4.1.87.Final.jar;C:\Users\ADW User ACR\.m2\repository\io\netty\netty-codec-http\4.1.87.Final\netty-codec-http-4.1.87.Final.jar;C:\Users\ADW User ACR\.m2\repository\io\netty\netty-codec\4.1.87.Final\netty-codec-4.1.87.Final.jar;C:\Users\ADW User ACR\.m2\repository\io\netty\netty-handler\4.1.87.Final\netty-handler-4.1.87.Final.jar;C:\Users\ADW User ACR\.m2\repository\io\netty\netty-common\4.1.87.Final\netty-common-4.1.87.Final.jar;C:\Users\ADW User ACR\.m2\repository\io\netty\netty-transport-classes-epoll\4.1.87.Final\netty-transport-classes-epoll-4.1.87.Final.jar;C:\Users\ADW User ACR\.m2\repository\io\netty\netty-transport-classes-kqueue\4.1.87.Final\netty-transport-classes-kqueue-4.1.87.Final.jar;C:\Users\ADW User ACR\.m2\repository\io\netty\netty-transport-native-epoll\4.1.87.Final\netty-transport-native-epoll-4.1.87.Final.jar;C:\Users\ADW User ACR\.m2\repository\io\netty\netty-transport-native-kqueue\4.1.87.Final\netty-transport-native-kqueue-4.1.87.Final.jar;C:\Users\ADW User ACR\.m2\repository\io\netty\netty-transport-native-unix-common\4.1.87.Final\netty-transport-native-unix-common-4.1.87.Final.jar;C:\Users\ADW User ACR\.m2\repository\io\netty\netty-transport\4.1.87.Final\netty-transport-4.1.87.Final.jar;C:\Users\ADW User ACR\.m2\repository\io\netty\netty-resolver\4.1.87.Final\netty-resolver-4.1.87.Final.jar;C:\Users\ADW User ACR\.m2\repository\io\opentelemetry\opentelemetry-api\1.22.0\opentelemetry-api-1.22.0.jar;C:\Users\ADW User ACR\.m2\repository\io\opentelemetry\opentelemetry-context\1.22.0\opentelemetry-context-1.22.0.jar;C:\Users\ADW User ACR\.m2\repository\io\opentelemetry\opentelemetry-exporter-logging\1.22.0\opentelemetry-exporter-logging-1.22.0.jar;C:\Users\ADW User ACR\.m2\repository\io\opentelemetry\opentelemetry-sdk-metrics\1.22.0\opentelemetry-sdk-metrics-1.22.0.jar;C:\Users\ADW User ACR\.m2\repository\io\opentelemetry\opentelemetry-sdk-logs\1.22.0-alpha\opentelemetry-sdk-logs-1.22.0-alpha.jar;C:\Users\ADW User ACR\.m2\repository\io\opentelemetry\opentelemetry-api-logs\1.22.0-alpha\opentelemetry-api-logs-1.22.0-alpha.jar;C:\Users\ADW User ACR\.m2\repository\io\opentelemetry\opentelemetry-sdk-common\1.22.0\opentelemetry-sdk-common-1.22.0.jar;C:\Users\ADW User ACR\.m2\repository\io\opentelemetry\opentelemetry-sdk-extension-autoconfigure-spi\1.22.0\opentelemetry-sdk-extension-autoconfigure-spi-1.22.0.jar;C:\Users\ADW User ACR\.m2\repository\io\opentelemetry\opentelemetry-sdk-extension-autoconfigure\1.22.0-alpha\opentelemetry-sdk-extension-autoconfigure-1.22.0-alpha.jar;C:\Users\ADW User ACR\.m2\repository\io\opentelemetry\opentelemetry-sdk-trace\1.22.0\opentelemetry-sdk-trace-1.22.0.jar;C:\Users\ADW User ACR\.m2\repository\io\opentelemetry\opentelemetry-sdk\1.22.0\opentelemetry-sdk-1.22.0.jar;C:\Users\ADW User ACR\.m2\repository\io\opentelemetry\opentelemetry-semconv\1.22.0-alpha\opentelemetry-semconv-1.22.0-alpha.jar;C:\Users\ADW User ACR\.m2\repository\io\ous\jtoml\2.0.0\jtoml-2.0.0.jar;C:\Users\ADW User ACR\.m2\repository\org\apache\commons\commons-exec\1.3\commons-exec-1.3.jar;C:\Users\ADW User ACR\.m2\repository\org\asynchttpclient\async-http-client\2.12.3\async-http-client-2.12.3.jar;C:\Users\ADW User ACR\.m2\repository\org\asynchttpclient\async-http-client-netty-utils\2.12.3\async-http-client-netty-utils-2.12.3.jar;C:\Users\ADW User ACR\.m2\repository\io\netty\netty-codec-socks\4.1.60.Final\netty-codec-socks-4.1.60.Final.jar;C:\Users\ADW User ACR\.m2\repository\io\netty\netty-handler-proxy\4.1.60.Final\netty-handler-proxy-4.1.60.Final.jar;C:\Users\ADW User ACR\.m2\repository\io\netty\netty-transport-native-epoll\4.1.60.Final\netty-transport-native-epoll-4.1.60.Final-linux-x86_64.jar;C:\Users\ADW User ACR\.m2\repository\io\netty\netty-transport-native-kqueue\4.1.60.Final\netty-transport-native-kqueue-4.1.60.Final-osx-x86_64.jar;C:\Users\ADW User ACR\.m2\repository\org\reactivestreams\reactive-streams\1.0.3\reactive-streams-1.0.3.jar;C:\Users\ADW User ACR\.m2\repository\com\typesafe\netty\netty-reactive-streams\2.0.4\netty-reactive-streams-2.0.4.jar;C:\Users\ADW User ACR\.m2\repository\org\seleniumhq\selenium\selenium-manager\4.8.1\selenium-manager-4.8.1.jar;C:\Users\ADW User ACR\.m2\repository\org\seleniumhq\selenium\selenium-safari-driver\4.8.1\selenium-safari-driver-4.8.1.jar;C:\Users\ADW User ACR\.m2\repository\org\seleniumhq\selenium\selenium-api\4.8.1\selenium-api-4.8.1.jar;C:\Users\ADW User ACR\.m2\repository\org\seleniumhq\selenium\selenium-support\4.8.1\selenium-support-4.8.1.jar;C:\Users\ADW User ACR\.m2\repository\com\google\auto\service\auto-service-annotations\1.0.1\auto-service-annotations-1.0.1.jar;C:\Users\ADW User ACR\.m2\repository\com\google\auto\service\auto-service\1.0.1\auto-service-1.0.1.jar;C:\Users\ADW User ACR\.m2\repository\com\google\auto\auto-common\1.2\auto-common-1.2.jar;C:\Users\ADW User ACR\.m2\repository\org\seleniumhq\selenium\selenium-json\4.8.1\selenium-json-4.8.1.jar;C:\Users\ADW User ACR\.m2\repository\org\seleniumhq\selenium\selenium-chrome-driver\4.8.1\selenium-chrome-driver-4.8.1.jar;C:\Users\ADW User ACR\.m2\repository\org\seleniumhq\selenium\selenium-chromium-driver\4.8.1\selenium-chromium-driver-4.8.1.jar;C:\Users\ADW User ACR\.m2\repository\org\seleniumhq\selenium\selenium-firefox-driver\4.8.1\selenium-firefox-driver-4.8.1.jar;C:\Users\ADW User ACR\.m2\repository\org\seleniumhq\selenium\selenium-http\4.8.1\selenium-http-4.8.1.jar;C:\Users\ADW User ACR\.m2\repository\dev\failsafe\failsafe\3.3.0\failsafe-3.3.0.jar;C:\Users\ADW User ACR\.m2\repository\org\seleniumhq\selenium\selenium-edge-driver\4.8.1\selenium-edge-driver-4.8.1.jar;C:\Users\ADW User ACR\.m2\repository\org\seleniumhq\selenium\selenium-ie-driver\4.8.1\selenium-ie-driver-4.8.1.jar;C:\Users\ADW User ACR\.m2\repository\org\projectlombok\lombok\1.18.20\lombok-1.18.20.jar;C:\Users\ADW User ACR\.m2\repository\io\appium\java-client\8.3.0\java-client-8.3.0.jar;C:\Users\ADW User ACR\.m2\repository\commons-validator\commons-validator\1.7\commons-validator-1.7.jar;C:\Users\ADW User ACR\.m2\repository\commons-digester\commons-digester\2.1\commons-digester-2.1.jar;C:\Users\ADW User ACR\.m2\repository\org\apache\groovy\groovy\4.0.10\groovy-4.0.10.jar;C:\Users\ADW User ACR\.m2\repository\net\sf\opencsv\opencsv\2.0\opencsv-2.0.jar;C:\Users\ADW User ACR\.m2\repository\commons-beanutils\commons-beanutils\1.9.4\commons-beanutils-1.9.4.jar;C:\Users\ADW User ACR\.m2\repository\org\apache\commons\commons-lang3\3.12.0\commons-lang3-3.12.0.jar;C:\Users\ADW User ACR\.m2\repository\commons-collections\commons-collections\3.2.2\commons-collections-3.2.2.jar;C:\Users\ADW User ACR\.m2\repository\org\fluentlenium\fluentlenium-core\0.10.2\fluentlenium-core-0.10.2.jar;C:\Users\ADW User ACR\.m2\repository\io\github\bonigarcia\webdrivermanager\5.3.0\webdrivermanager-5.3.0.jar;C:\Users\ADW User ACR\.m2\repository\com\github\docker-java\docker-java\3.2.13\docker-java-3.2.13.jar;C:\Users\ADW User ACR\.m2\repository\com\github\docker-java\docker-java-core\3.2.13\docker-java-core-3.2.13.jar;C:\Users\ADW User ACR\.m2\repository\com\github\docker-java\docker-java-api\3.2.13\docker-java-api-3.2.13.jar;C:\Users\ADW User ACR\.m2\repository\org\apache\commons\commons-compress\1.21\commons-compress-1.21.jar;C:\Users\ADW User ACR\.m2\repository\org\bouncycastle\bcpkix-jdk15on\1.64\bcpkix-jdk15on-1.64.jar;C:\Users\ADW User ACR\.m2\repository\org\bouncycastle\bcprov-jdk15on\1.64\bcprov-jdk15on-1.64.jar;C:\Users\ADW User ACR\.m2\repository\org\slf4j\jcl-over-slf4j\1.7.30\jcl-over-slf4j-1.7.30.jar;C:\Users\ADW User ACR\.m2\repository\com\github\docker-java\docker-java-transport-httpclient5\3.2.13\docker-java-transport-httpclient5-3.2.13.jar;C:\Users\ADW User ACR\.m2\repository\com\github\docker-java\docker-java-transport\3.2.13\docker-java-transport-3.2.13.jar;C:\Users\ADW User ACR\.m2\repository\net\java\dev\jna\jna\5.8.0\jna-5.8.0.jar;C:\Users\ADW User ACR\.m2\repository\org\brotli\dec\0.1.2\dec-0.1.2.jar;C:\Users\ADW User ACR\.m2\repository\org\apache\httpcomponents\client5\httpclient5\5.1.3\httpclient5-5.1.3.jar;C:\Users\ADW User ACR\.m2\repository\org\apache\httpcomponents\core5\httpcore5\5.1.3\httpcore5-5.1.3.jar;C:\Users\ADW User ACR\.m2\repository\org\apache\httpcomponents\core5\httpcore5-h2\5.1.3\httpcore5-h2-5.1.3.jar;C:\Users\ADW User ACR\.m2\repository\com\jhlabs\filters\2.0.235\filters-2.0.235.jar;C:\Users\ADW User ACR\.m2\repository\com\paulhammant\ngwebdriver\1.1.6\ngwebdriver-1.1.6.jar;C:\Users\ADW User ACR\.m2\repository\joda-time\joda-time\2.12.2\joda-time-2.12.2.jar;C:\Users\ADW User ACR\.m2\repository\org\hamcrest\hamcrest\2.2\hamcrest-2.2.jar;C:\Users\ADW User ACR\.m2\repository\com\google\jimfs\jimfs\1.2\jimfs-1.2.jar;C:\Users\ADW User ACR\.m2\repository\org\mockito\mockito-core\3.3.3\mockito-core-3.3.3.jar;C:\Users\ADW User ACR\.m2\repository\javax\xml\bind\jaxb-api\2.3.1\jaxb-api-2.3.1.jar;C:\Users\ADW User ACR\.m2\repository\javax\activation\javax.activation-api\1.2.0\javax.activation-api-1.2.0.jar;C:\Users\ADW User ACR\.m2\repository\com\sun\xml\bind\jaxb-core\2.3.0.1\jaxb-core-2.3.0.1.jar;C:\Users\ADW User ACR\.m2\repository\com\sun\xml\bind\jaxb-impl\2.3.3\jaxb-impl-2.3.3.jar;C:\Users\ADW User ACR\.m2\repository\jakarta\xml\bind\jakarta.xml.bind-api\2.3.3\jakarta.xml.bind-api-2.3.3.jar;C:\Users\ADW User ACR\.m2\repository\com\sun\activation\jakarta.activation\1.2.2\jakarta.activation-1.2.2.jar;C:\Users\ADW User ACR\.m2\repository\javax\activation\activation\1.1.1\activation-1.1.1.jar;C:\Users\ADW User ACR\.m2\repository\net\serenity-bdd\serenity-cucumber\3.6.21\serenity-cucumber-3.6.21.jar;C:\Users\ADW User ACR\.m2\repository\io\cucumber\cucumber-core\7.11.0\cucumber-core-7.11.0.jar;C:\Users\ADW User ACR\.m2\repository\io\cucumber\cucumber-gherkin\7.11.0\cucumber-gherkin-7.11.0.jar;C:\Users\ADW User ACR\.m2\repository\io\cucumber\cucumber-gherkin-messages\7.11.0\cucumber-gherkin-messages-7.11.0.jar;C:\Users\ADW User ACR\.m2\repository\io\cucumber\gherkin\26.0.3\gherkin-26.0.3.jar;C:\Users\ADW User ACR\.m2\repository\io\cucumber\messages\21.0.1\messages-21.0.1.jar;C:\Users\ADW User ACR\.m2\repository\io\cucumber\tag-expressions\5.0.1\tag-expressions-5.0.1.jar;C:\Users\ADW User ACR\.m2\repository\io\cucumber\cucumber-expressions\16.1.1\cucumber-expressions-16.1.1.jar;C:\Users\ADW User ACR\.m2\repository\io\cucumber\datatable\7.11.0\datatable-7.11.0.jar;C:\Users\ADW User ACR\.m2\repository\io\cucumber\cucumber-plugin\7.11.0\cucumber-plugin-7.11.0.jar;C:\Users\ADW User ACR\.m2\repository\io\cucumber\docstring\7.11.0\docstring-7.11.0.jar;C:\Users\ADW User ACR\.m2\repository\io\cucumber\html-formatter\20.2.1\html-formatter-20.2.1.jar;C:\Users\ADW User ACR\.m2\repository\io\cucumber\junit-xml-formatter\0.1.0\junit-xml-formatter-0.1.0.jar;C:\Users\ADW User ACR\.m2\repository\io\cucumber\ci-environment\9.1.0\ci-environment-9.1.0.jar;C:\Users\ADW User ACR\.m2\repository\io\cucumber\cucumber-java\7.11.0\cucumber-java-7.11.0.jar;C:\Users\ADW User ACR\.m2\repository\io\cucumber\cucumber-junit\7.11.0\cucumber-junit-7.11.0.jar;C:\Users\ADW User ACR\.m2\repository\org\apache\commons\commons-csv\1.5\commons-csv-1.5.jar;C:\Users\ADW User ACR\.m2\repository\net\serenity-bdd\serenity-screenplay\3.6.21\serenity-screenplay-3.6.21.jar;C:\Users\ADW User ACR\.m2\repository\net\serenity-bdd\serenity-screenplay-webdriver\3.6.21\serenity-screenplay-webdriver-3.6.21.jar;C:\Users\ADW User ACR\.m2\repository\net\serenity-bdd\serenity-ensure\3.6.21\serenity-ensure-3.6.21.jar;C:\Users\ADW User ACR\.m2\repository\net\serenity-bdd\serenity-junit\3.6.21\serenity-junit-3.6.21.jar;C:\Users\ADW User ACR\.m2\repository\org\jetbrains\kotlin\kotlin-stdlib\1.8.10\kotlin-stdlib-1.8.10.jar;C:\Users\ADW User ACR\.m2\repository\org\jetbrains\kotlin\kotlin-stdlib-common\1.8.10\kotlin-stdlib-common-1.8.10.jar;C:\Users\ADW User ACR\.m2\repository\org\jetbrains\annotations\13.0\annotations-13.0.jar;C:\Users\ADW User ACR\.m2\repository\org\junit\platform\junit-platform-launcher\1.8.2\junit-platform-launcher-1.8.2.jar;C:\Users\ADW User ACR\.m2\repository\org\junit\platform\junit-platform-engine\1.8.2\junit-platform-engine-1.8.2.jar;C:\Users\ADW User ACR\.m2\repository\org\opentest4j\opentest4j\1.2.0\opentest4j-1.2.0.jar;C:\Users\ADW User ACR\.m2\repository\org\junit\platform\junit-platform-commons\1.8.2\junit-platform-commons-1.8.2.jar;C:\Users\ADW User ACR\.m2\repository\org\apiguardian\apiguardian-api\1.1.2\apiguardian-api-1.1.2.jar;C:\Users\ADW User ACR\.m2\repository\org\junit\jupiter\junit-jupiter-engine\5.8.2\junit-jupiter-engine-5.8.2.jar;C:\Users\ADW User ACR\.m2\repository\org\junit\jupiter\junit-jupiter-api\5.8.2\junit-jupiter-api-5.8.2.jar;C:\Users\ADW User ACR\.m2\repository\org\junit\vintage\junit-vintage-engine\5.8.2\junit-vintage-engine-5.8.2.jar;C:\Users\ADW User ACR\.m2\repository\junit\junit\4.13.2\junit-4.13.2.jar;C:\Users\ADW User ACR\.m2\repository\org\hamcrest\hamcrest-core\1.3\hamcrest-core-1.3.jar;C:\Users\ADW User ACR\.m2\repository\ch\qos\logback\logback-classic\1.2.10\logback-classic-1.2.10.jar;C:\Users\ADW User ACR\.m2\repository\ch\qos\logback\logback-core\1.2.10\logback-core-1.2.10.jar;C:\Users\ADW User ACR\.m2\repository\org\slf4j\slf4j-api\1.7.32\slf4j-api-1.7.32.jar;C:\Users\ADW User ACR\.m2\repository\org\assertj\assertj-core\3.23.1\assertj-core-3.23.1.jar;C:\Users\ADW User ACR\.m2\repository\net\bytebuddy\byte-buddy\1.12.10\byte-buddy-1.12.10.jar;"/>
    <property name="java.vm.vendor" value="Oracle Corporation"/>
    <property name="sun.arch.data.model" value="64"/>
    <property name="user.variant" value=""/>
    <property name="java.vendor.url" value="http://java.oracle.com/"/>
    <property name="user.timezone" value="Asia/Bangkok"/>
    <property name="java.vm.specification.version" value="1.8"/>
    <property name="os.name" value="Windows 10"/>
    <property name="user.country" value="US"/>
    <property name="sun.java.launcher" value="SUN_STANDARD"/>
    <property name="sun.boot.library.path" value="C:\Program Files\Java\jdk1.8.0_202\jre\bin"/>
    <property name="sun.java.command" value="C:\Users\ADW User ACR\AppData\Local\Temp\surefire4814329631375998875\surefirebooter3014648926861984930.jar C:\Users\ADW User ACR\AppData\Local\Temp\surefire4814329631375998875 2023-05-08T21-01-39_742-jvmRun1 surefire5225004126387646030tmp surefire_07028787634750324387tmp"/>
    <property name="surefire.test.class.path" value="D:\D\QE_Alta\mini-project-nisa\Web\Altashop-Transaksi\target\test-classes;D:\D\QE_Alta\mini-project-nisa\Web\Altashop-Transaksi\target\web-automation-altashop-1.0-SNAPSHOT.jar;C:\Users\ADW User ACR\.m2\repository\net\serenity-bdd\serenity-core\3.6.21\serenity-core-3.6.21.jar;C:\Users\ADW User ACR\.m2\repository\net\serenity-bdd\serenity-model\3.6.21\serenity-model-3.6.21.jar;C:\Users\ADW User ACR\.m2\repository\org\apache\commons\commons-text\1.10.0\commons-text-1.10.0.jar;C:\Users\ADW User ACR\.m2\repository\commons-net\commons-net\3.9.0\commons-net-3.9.0.jar;C:\Users\ADW User ACR\.m2\repository\com\google\guava\guava\31.1-jre\guava-31.1-jre.jar;C:\Users\ADW User ACR\.m2\repository\com\google\guava\failureaccess\1.0.1\failureaccess-1.0.1.jar;C:\Users\ADW User ACR\.m2\repository\com\google\guava\listenablefuture\9999.0-empty-to-avoid-conflict-with-guava\listenablefuture-9999.0-empty-to-avoid-conflict-with-guava.jar;C:\Users\ADW User ACR\.m2\repository\com\google\code\findbugs\jsr305\3.0.2\jsr305-3.0.2.jar;C:\Users\ADW User ACR\.m2\repository\org\checkerframework\checker-qual\3.12.0\checker-qual-3.12.0.jar;C:\Users\ADW User ACR\.m2\repository\com\google\errorprone\error_prone_annotations\2.11.0\error_prone_annotations-2.11.0.jar;C:\Users\ADW User ACR\.m2\repository\com\google\j2objc\j2objc-annotations\1.3\j2objc-annotations-1.3.jar;C:\Users\ADW User ACR\.m2\repository\com\google\inject\guice\5.1.0\guice-5.1.0.jar;C:\Users\ADW User ACR\.m2\repository\javax\inject\javax.inject\1\javax.inject-1.jar;C:\Users\ADW User ACR\.m2\repository\aopalliance\aopalliance\1.0\aopalliance-1.0.jar;C:\Users\ADW User ACR\.m2\repository\org\jsoup\jsoup\1.14.3\jsoup-1.14.3.jar;C:\Users\ADW User ACR\.m2\repository\com\thoughtworks\xstream\xstream\1.4.20\xstream-1.4.20.jar;C:\Users\ADW User ACR\.m2\repository\io\github\x-stream\mxparser\1.2.2\mxparser-1.2.2.jar;C:\Users\ADW User ACR\.m2\repository\xmlpull\xmlpull\1.1.3.1\xmlpull-1.1.3.1.jar;C:\Users\ADW User ACR\.m2\repository\com\typesafe\config\1.4.2\config-1.4.2.jar;C:\Users\ADW User ACR\.m2\repository\org\imgscalr\imgscalr-lib\4.2\imgscalr-lib-4.2.jar;C:\Users\ADW User ACR\.m2\repository\org\awaitility\awaitility\4.2.0\awaitility-4.2.0.jar;C:\Users\ADW User ACR\.m2\repository\org\freemarker\freemarker\2.3.31\freemarker-2.3.31.jar;C:\Users\ADW User ACR\.m2\repository\io\github\classgraph\classgraph\4.8.138\classgraph-4.8.138.jar;C:\Users\ADW User ACR\.m2\repository\net\sourceforge\jexcelapi\jxl\2.6.12\jxl-2.6.12.jar;C:\Users\ADW User ACR\.m2\repository\net\bytebuddy\byte-buddy-agent\1.14.2\byte-buddy-agent-1.14.2.jar;C:\Users\ADW User ACR\.m2\repository\org\objenesis\objenesis\3.3\objenesis-3.3.jar;C:\Users\ADW User ACR\.m2\repository\net\serenity-bdd\serenity-reports\3.6.21\serenity-reports-3.6.21.jar;C:\Users\ADW User ACR\.m2\repository\net\serenity-bdd\serenity-stats\3.6.21\serenity-stats-3.6.21.jar;C:\Users\ADW User ACR\.m2\repository\net\serenity-bdd\serenity-reports-configuration\3.6.21\serenity-reports-configuration-3.6.21.jar;C:\Users\ADW User ACR\.m2\repository\com\vladsch\flexmark\flexmark-all\0.62.2\flexmark-all-0.62.2.jar;C:\Users\ADW User ACR\.m2\repository\com\vladsch\flexmark\flexmark\0.62.2\flexmark-0.62.2.jar;C:\Users\ADW User ACR\.m2\repository\com\vladsch\flexmark\flexmark-ext-abbreviation\0.62.2\flexmark-ext-abbreviation-0.62.2.jar;C:\Users\ADW User ACR\.m2\repository\com\vladsch\flexmark\flexmark-util\0.62.2\flexmark-util-0.62.2.jar;C:\Users\ADW User ACR\.m2\repository\com\vladsch\flexmark\flexmark-ext-admonition\0.62.2\flexmark-ext-admonition-0.62.2.jar;C:\Users\ADW User ACR\.m2\repository\com\vladsch\flexmark\flexmark-ext-anchorlink\0.62.2\flexmark-ext-anchorlink-0.62.2.jar;C:\Users\ADW User ACR\.m2\repository\com\vladsch\flexmark\flexmark-ext-aside\0.62.2\flexmark-ext-aside-0.62.2.jar;C:\Users\ADW User ACR\.m2\repository\com\vladsch\flexmark\flexmark-ext-attributes\0.62.2\flexmark-ext-attributes-0.62.2.jar;C:\Users\ADW User ACR\.m2\repository\com\vladsch\flexmark\flexmark-ext-autolink\0.62.2\flexmark-ext-autolink-0.62.2.jar;C:\Users\ADW User ACR\.m2\repository\org\nibor\autolink\autolink\0.6.0\autolink-0.6.0.jar;C:\Users\ADW User ACR\.m2\repository\com\vladsch\flexmark\flexmark-ext-definition\0.62.2\flexmark-ext-definition-0.62.2.jar;C:\Users\ADW User ACR\.m2\repository\com\vladsch\flexmark\flexmark-ext-emoji\0.62.2\flexmark-ext-emoji-0.62.2.jar;C:\Users\ADW User ACR\.m2\repository\com\vladsch\flexmark\flexmark-ext-enumerated-reference\0.62.2\flexmark-ext-enumerated-reference-0.62.2.jar;C:\Users\ADW User ACR\.m2\repository\com\vladsch\flexmark\flexmark-ext-escaped-character\0.62.2\flexmark-ext-escaped-character-0.62.2.jar;C:\Users\ADW User ACR\.m2\repository\com\vladsch\flexmark\flexmark-ext-footnotes\0.62.2\flexmark-ext-footnotes-0.62.2.jar;C:\Users\ADW User ACR\.m2\repository\com\vladsch\flexmark\flexmark-ext-gfm-issues\0.62.2\flexmark-ext-gfm-issues-0.62.2.jar;C:\Users\ADW User ACR\.m2\repository\com\vladsch\flexmark\flexmark-ext-gfm-strikethrough\0.62.2\flexmark-ext-gfm-strikethrough-0.62.2.jar;C:\Users\ADW User ACR\.m2\repository\com\vladsch\flexmark\flexmark-ext-gfm-tasklist\0.62.2\flexmark-ext-gfm-tasklist-0.62.2.jar;C:\Users\ADW User ACR\.m2\repository\com\vladsch\flexmark\flexmark-ext-gfm-users\0.62.2\flexmark-ext-gfm-users-0.62.2.jar;C:\Users\ADW User ACR\.m2\repository\com\vladsch\flexmark\flexmark-ext-gitlab\0.62.2\flexmark-ext-gitlab-0.62.2.jar;C:\Users\ADW User ACR\.m2\repository\com\vladsch\flexmark\flexmark-ext-jekyll-front-matter\0.62.2\flexmark-ext-jekyll-front-matter-0.62.2.jar;C:\Users\ADW User ACR\.m2\repository\com\vladsch\flexmark\flexmark-ext-jekyll-tag\0.62.2\flexmark-ext-jekyll-tag-0.62.2.jar;C:\Users\ADW User ACR\.m2\repository\com\vladsch\flexmark\flexmark-ext-media-tags\0.62.2\flexmark-ext-media-tags-0.62.2.jar;C:\Users\ADW User ACR\.m2\repository\com\vladsch\flexmark\flexmark-ext-macros\0.62.2\flexmark-ext-macros-0.62.2.jar;C:\Users\ADW User ACR\.m2\repository\com\vladsch\flexmark\flexmark-ext-ins\0.62.2\flexmark-ext-ins-0.62.2.jar;C:\Users\ADW User ACR\.m2\repository\com\vladsch\flexmark\flexmark-ext-xwiki-macros\0.62.2\flexmark-ext-xwiki-macros-0.62.2.jar;C:\Users\ADW User ACR\.m2\repository\com\vladsch\flexmark\flexmark-ext-superscript\0.62.2\flexmark-ext-superscript-0.62.2.jar;C:\Users\ADW User ACR\.m2\repository\com\vladsch\flexmark\flexmark-ext-tables\0.62.2\flexmark-ext-tables-0.62.2.jar;C:\Users\ADW User ACR\.m2\repository\com\vladsch\flexmark\flexmark-ext-toc\0.62.2\flexmark-ext-toc-0.62.2.jar;C:\Users\ADW User ACR\.m2\repository\com\vladsch\flexmark\flexmark-ext-typographic\0.62.2\flexmark-ext-typographic-0.62.2.jar;C:\Users\ADW User ACR\.m2\repository\com\vladsch\flexmark\flexmark-ext-wikilink\0.62.2\flexmark-ext-wikilink-0.62.2.jar;C:\Users\ADW User ACR\.m2\repository\com\vladsch\flexmark\flexmark-ext-yaml-front-matter\0.62.2\flexmark-ext-yaml-front-matter-0.62.2.jar;C:\Users\ADW User ACR\.m2\repository\com\vladsch\flexmark\flexmark-ext-youtube-embedded\0.62.2\flexmark-ext-youtube-embedded-0.62.2.jar;C:\Users\ADW User ACR\.m2\repository\com\vladsch\flexmark\flexmark-html2md-converter\0.62.2\flexmark-html2md-converter-0.62.2.jar;C:\Users\ADW User ACR\.m2\repository\com\vladsch\flexmark\flexmark-jira-converter\0.62.2\flexmark-jira-converter-0.62.2.jar;C:\Users\ADW User ACR\.m2\repository\com\vladsch\flexmark\flexmark-pdf-converter\0.62.2\flexmark-pdf-converter-0.62.2.jar;C:\Users\ADW User ACR\.m2\repository\com\openhtmltopdf\openhtmltopdf-core\1.0.0\openhtmltopdf-core-1.0.0.jar;C:\Users\ADW User ACR\.m2\repository\com\openhtmltopdf\openhtmltopdf-pdfbox\1.0.0\openhtmltopdf-pdfbox-1.0.0.jar;C:\Users\ADW User ACR\.m2\repository\org\apache\pdfbox\pdfbox\2.0.16\pdfbox-2.0.16.jar;C:\Users\ADW User ACR\.m2\repository\org\apache\pdfbox\fontbox\2.0.16\fontbox-2.0.16.jar;C:\Users\ADW User ACR\.m2\repository\org\apache\pdfbox\xmpbox\2.0.16\xmpbox-2.0.16.jar;C:\Users\ADW User ACR\.m2\repository\de\rototor\pdfbox\graphics2d\0.24\graphics2d-0.24.jar;C:\Users\ADW User ACR\.m2\repository\com\openhtmltopdf\openhtmltopdf-rtl-support\1.0.0\openhtmltopdf-rtl-support-1.0.0.jar;C:\Users\ADW User ACR\.m2\repository\com\openhtmltopdf\openhtmltopdf-jsoup-dom-converter\1.0.0\openhtmltopdf-jsoup-dom-converter-1.0.0.jar;C:\Users\ADW User ACR\.m2\repository\com\vladsch\flexmark\flexmark-profile-pegdown\0.62.2\flexmark-profile-pegdown-0.62.2.jar;C:\Users\ADW User ACR\.m2\repository\com\vladsch\flexmark\flexmark-util-ast\0.62.2\flexmark-util-ast-0.62.2.jar;C:\Users\ADW User ACR\.m2\repository\com\vladsch\flexmark\flexmark-util-builder\0.62.2\flexmark-util-builder-0.62.2.jar;C:\Users\ADW User ACR\.m2\repository\com\vladsch\flexmark\flexmark-util-collection\0.62.2\flexmark-util-collection-0.62.2.jar;C:\Users\ADW User ACR\.m2\repository\com\vladsch\flexmark\flexmark-util-data\0.62.2\flexmark-util-data-0.62.2.jar;C:\Users\ADW User ACR\.m2\repository\com\vladsch\flexmark\flexmark-util-dependency\0.62.2\flexmark-util-dependency-0.62.2.jar;C:\Users\ADW User ACR\.m2\repository\com\vladsch\flexmark\flexmark-util-format\0.62.2\flexmark-util-format-0.62.2.jar;C:\Users\ADW User ACR\.m2\repository\com\vladsch\flexmark\flexmark-util-html\0.62.2\flexmark-util-html-0.62.2.jar;C:\Users\ADW User ACR\.m2\repository\com\vladsch\flexmark\flexmark-util-misc\0.62.2\flexmark-util-misc-0.62.2.jar;C:\Users\ADW User ACR\.m2\repository\com\vladsch\flexmark\flexmark-util-options\0.62.2\flexmark-util-options-0.62.2.jar;C:\Users\ADW User ACR\.m2\repository\com\vladsch\flexmark\flexmark-util-sequence\0.62.2\flexmark-util-sequence-0.62.2.jar;C:\Users\ADW User ACR\.m2\repository\com\vladsch\flexmark\flexmark-util-visitor\0.62.2\flexmark-util-visitor-0.62.2.jar;C:\Users\ADW User ACR\.m2\repository\com\vladsch\flexmark\flexmark-youtrack-converter\0.62.2\flexmark-youtrack-converter-0.62.2.jar;C:\Users\ADW User ACR\.m2\repository\com\ibm\icu\icu4j\72.1\icu4j-72.1.jar;C:\Users\ADW User ACR\.m2\repository\es\nitaur\markdown\txtmark\0.16\txtmark-0.16.jar;C:\Users\ADW User ACR\.m2\repository\net\serenity-bdd\serenity-report-resources\3.6.21\serenity-report-resources-3.6.21.jar;C:\Users\ADW User ACR\.m2\repository\com\google\code\gson\gson\2.10.1\gson-2.10.1.jar;C:\Users\ADW User ACR\.m2\repository\com\fasterxml\jackson\core\jackson-core\2.15.0-rc1\jackson-core-2.15.0-rc1.jar;C:\Users\ADW User ACR\.m2\repository\com\fasterxml\jackson\core\jackson-databind\2.15.0-rc1\jackson-databind-2.15.0-rc1.jar;C:\Users\ADW User ACR\.m2\repository\com\fasterxml\jackson\core\jackson-annotations\2.15.0-rc1\jackson-annotations-2.15.0-rc1.jar;C:\Users\ADW User ACR\.m2\repository\commons-codec\commons-codec\1.15\commons-codec-1.15.jar;C:\Users\ADW User ACR\.m2\repository\commons-io\commons-io\2.11.0\commons-io-2.11.0.jar;C:\Users\ADW User ACR\.m2\repository\org\apache\httpcomponents\httpclient\4.5.13\httpclient-4.5.13.jar;C:\Users\ADW User ACR\.m2\repository\org\apache\httpcomponents\httpcore\4.4.13\httpcore-4.4.13.jar;C:\Users\ADW User ACR\.m2\repository\commons-logging\commons-logging\1.2\commons-logging-1.2.jar;C:\Users\ADW User ACR\.m2\repository\org\seleniumhq\selenium\selenium-java\4.8.1\selenium-java-4.8.1.jar;C:\Users\ADW User ACR\.m2\repository\org\seleniumhq\selenium\selenium-devtools-v108\4.8.1\selenium-devtools-v108-4.8.1.jar;C:\Users\ADW User ACR\.m2\repository\org\seleniumhq\selenium\selenium-devtools-v109\4.8.1\selenium-devtools-v109-4.8.1.jar;C:\Users\ADW User ACR\.m2\repository\org\seleniumhq\selenium\selenium-devtools-v110\4.8.1\selenium-devtools-v110-4.8.1.jar;C:\Users\ADW User ACR\.m2\repository\org\seleniumhq\selenium\selenium-devtools-v85\4.8.1\selenium-devtools-v85-4.8.1.jar;C:\Users\ADW User ACR\.m2\repository\org\seleniumhq\selenium\selenium-remote-driver\4.8.1\selenium-remote-driver-4.8.1.jar;C:\Users\ADW User ACR\.m2\repository\com\beust\jcommander\1.82\jcommander-1.82.jar;C:\Users\ADW User ACR\.m2\repository\io\netty\netty-buffer\4.1.87.Final\netty-buffer-4.1.87.Final.jar;C:\Users\ADW User ACR\.m2\repository\io\netty\netty-codec-http\4.1.87.Final\netty-codec-http-4.1.87.Final.jar;C:\Users\ADW User ACR\.m2\repository\io\netty\netty-codec\4.1.87.Final\netty-codec-4.1.87.Final.jar;C:\Users\ADW User ACR\.m2\repository\io\netty\netty-handler\4.1.87.Final\netty-handler-4.1.87.Final.jar;C:\Users\ADW User ACR\.m2\repository\io\netty\netty-common\4.1.87.Final\netty-common-4.1.87.Final.jar;C:\Users\ADW User ACR\.m2\repository\io\netty\netty-transport-classes-epoll\4.1.87.Final\netty-transport-classes-epoll-4.1.87.Final.jar;C:\Users\ADW User ACR\.m2\repository\io\netty\netty-transport-classes-kqueue\4.1.87.Final\netty-transport-classes-kqueue-4.1.87.Final.jar;C:\Users\ADW User ACR\.m2\repository\io\netty\netty-transport-native-epoll\4.1.87.Final\netty-transport-native-epoll-4.1.87.Final.jar;C:\Users\ADW User ACR\.m2\repository\io\netty\netty-transport-native-kqueue\4.1.87.Final\netty-transport-native-kqueue-4.1.87.Final.jar;C:\Users\ADW User ACR\.m2\repository\io\netty\netty-transport-native-unix-common\4.1.87.Final\netty-transport-native-unix-common-4.1.87.Final.jar;C:\Users\ADW User ACR\.m2\repository\io\netty\netty-transport\4.1.87.Final\netty-transport-4.1.87.Final.jar;C:\Users\ADW User ACR\.m2\repository\io\netty\netty-resolver\4.1.87.Final\netty-resolver-4.1.87.Final.jar;C:\Users\ADW User ACR\.m2\repository\io\opentelemetry\opentelemetry-api\1.22.0\opentelemetry-api-1.22.0.jar;C:\Users\ADW User ACR\.m2\repository\io\opentelemetry\opentelemetry-context\1.22.0\opentelemetry-context-1.22.0.jar;C:\Users\ADW User ACR\.m2\repository\io\opentelemetry\opentelemetry-exporter-logging\1.22.0\opentelemetry-exporter-logging-1.22.0.jar;C:\Users\ADW User ACR\.m2\repository\io\opentelemetry\opentelemetry-sdk-metrics\1.22.0\opentelemetry-sdk-metrics-1.22.0.jar;C:\Users\ADW User ACR\.m2\repository\io\opentelemetry\opentelemetry-sdk-logs\1.22.0-alpha\opentelemetry-sdk-logs-1.22.0-alpha.jar;C:\Users\ADW User ACR\.m2\repository\io\opentelemetry\opentelemetry-api-logs\1.22.0-alpha\opentelemetry-api-logs-1.22.0-alpha.jar;C:\Users\ADW User ACR\.m2\repository\io\opentelemetry\opentelemetry-sdk-common\1.22.0\opentelemetry-sdk-common-1.22.0.jar;C:\Users\ADW User ACR\.m2\repository\io\opentelemetry\opentelemetry-sdk-extension-autoconfigure-spi\1.22.0\opentelemetry-sdk-extension-autoconfigure-spi-1.22.0.jar;C:\Users\ADW User ACR\.m2\repository\io\opentelemetry\opentelemetry-sdk-extension-autoconfigure\1.22.0-alpha\opentelemetry-sdk-extension-autoconfigure-1.22.0-alpha.jar;C:\Users\ADW User ACR\.m2\repository\io\opentelemetry\opentelemetry-sdk-trace\1.22.0\opentelemetry-sdk-trace-1.22.0.jar;C:\Users\ADW User ACR\.m2\repository\io\opentelemetry\opentelemetry-sdk\1.22.0\opentelemetry-sdk-1.22.0.jar;C:\Users\ADW User ACR\.m2\repository\io\opentelemetry\opentelemetry-semconv\1.22.0-alpha\opentelemetry-semconv-1.22.0-alpha.jar;C:\Users\ADW User ACR\.m2\repository\io\ous\jtoml\2.0.0\jtoml-2.0.0.jar;C:\Users\ADW User ACR\.m2\repository\org\apache\commons\commons-exec\1.3\commons-exec-1.3.jar;C:\Users\ADW User ACR\.m2\repository\org\asynchttpclient\async-http-client\2.12.3\async-http-client-2.12.3.jar;C:\Users\ADW User ACR\.m2\repository\org\asynchttpclient\async-http-client-netty-utils\2.12.3\async-http-client-netty-utils-2.12.3.jar;C:\Users\ADW User ACR\.m2\repository\io\netty\netty-codec-socks\4.1.60.Final\netty-codec-socks-4.1.60.Final.jar;C:\Users\ADW User ACR\.m2\repository\io\netty\netty-handler-proxy\4.1.60.Final\netty-handler-proxy-4.1.60.Final.jar;C:\Users\ADW User ACR\.m2\repository\io\netty\netty-transport-native-epoll\4.1.60.Final\netty-transport-native-epoll-4.1.60.Final-linux-x86_64.jar;C:\Users\ADW User ACR\.m2\repository\io\netty\netty-transport-native-kqueue\4.1.60.Final\netty-transport-native-kqueue-4.1.60.Final-osx-x86_64.jar;C:\Users\ADW User ACR\.m2\repository\org\reactivestreams\reactive-streams\1.0.3\reactive-streams-1.0.3.jar;C:\Users\ADW User ACR\.m2\repository\com\typesafe\netty\netty-reactive-streams\2.0.4\netty-reactive-streams-2.0.4.jar;C:\Users\ADW User ACR\.m2\repository\org\seleniumhq\selenium\selenium-manager\4.8.1\selenium-manager-4.8.1.jar;C:\Users\ADW User ACR\.m2\repository\org\seleniumhq\selenium\selenium-safari-driver\4.8.1\selenium-safari-driver-4.8.1.jar;C:\Users\ADW User ACR\.m2\repository\org\seleniumhq\selenium\selenium-api\4.8.1\selenium-api-4.8.1.jar;C:\Users\ADW User ACR\.m2\repository\org\seleniumhq\selenium\selenium-support\4.8.1\selenium-support-4.8.1.jar;C:\Users\ADW User ACR\.m2\repository\com\google\auto\service\auto-service-annotations\1.0.1\auto-service-annotations-1.0.1.jar;C:\Users\ADW User ACR\.m2\repository\com\google\auto\service\auto-service\1.0.1\auto-service-1.0.1.jar;C:\Users\ADW User ACR\.m2\repository\com\google\auto\auto-common\1.2\auto-common-1.2.jar;C:\Users\ADW User ACR\.m2\repository\org\seleniumhq\selenium\selenium-json\4.8.1\selenium-json-4.8.1.jar;C:\Users\ADW User ACR\.m2\repository\org\seleniumhq\selenium\selenium-chrome-driver\4.8.1\selenium-chrome-driver-4.8.1.jar;C:\Users\ADW User ACR\.m2\repository\org\seleniumhq\selenium\selenium-chromium-driver\4.8.1\selenium-chromium-driver-4.8.1.jar;C:\Users\ADW User ACR\.m2\repository\org\seleniumhq\selenium\selenium-firefox-driver\4.8.1\selenium-firefox-driver-4.8.1.jar;C:\Users\ADW User ACR\.m2\repository\org\seleniumhq\selenium\selenium-http\4.8.1\selenium-http-4.8.1.jar;C:\Users\ADW User ACR\.m2\repository\dev\failsafe\failsafe\3.3.0\failsafe-3.3.0.jar;C:\Users\ADW User ACR\.m2\repository\org\seleniumhq\selenium\selenium-edge-driver\4.8.1\selenium-edge-driver-4.8.1.jar;C:\Users\ADW User ACR\.m2\repository\org\seleniumhq\selenium\selenium-ie-driver\4.8.1\selenium-ie-driver-4.8.1.jar;C:\Users\ADW User ACR\.m2\repository\org\projectlombok\lombok\1.18.20\lombok-1.18.20.jar;C:\Users\ADW User ACR\.m2\repository\io\appium\java-client\8.3.0\java-client-8.3.0.jar;C:\Users\ADW User ACR\.m2\repository\commons-validator\commons-validator\1.7\commons-validator-1.7.jar;C:\Users\ADW User ACR\.m2\repository\commons-digester\commons-digester\2.1\commons-digester-2.1.jar;C:\Users\ADW User ACR\.m2\repository\org\apache\groovy\groovy\4.0.10\groovy-4.0.10.jar;C:\Users\ADW User ACR\.m2\repository\net\sf\opencsv\opencsv\2.0\opencsv-2.0.jar;C:\Users\ADW User ACR\.m2\repository\commons-beanutils\commons-beanutils\1.9.4\commons-beanutils-1.9.4.jar;C:\Users\ADW User ACR\.m2\repository\org\apache\commons\commons-lang3\3.12.0\commons-lang3-3.12.0.jar;C:\Users\ADW User ACR\.m2\repository\commons-collections\commons-collections\3.2.2\commons-collections-3.2.2.jar;C:\Users\ADW User ACR\.m2\repository\org\fluentlenium\fluentlenium-core\0.10.2\fluentlenium-core-0.10.2.jar;C:\Users\ADW User ACR\.m2\repository\io\github\bonigarcia\webdrivermanager\5.3.0\webdrivermanager-5.3.0.jar;C:\Users\ADW User ACR\.m2\repository\com\github\docker-java\docker-java\3.2.13\docker-java-3.2.13.jar;C:\Users\ADW User ACR\.m2\repository\com\github\docker-java\docker-java-core\3.2.13\docker-java-core-3.2.13.jar;C:\Users\ADW User ACR\.m2\repository\com\github\docker-java\docker-java-api\3.2.13\docker-java-api-3.2.13.jar;C:\Users\ADW User ACR\.m2\repository\org\apache\commons\commons-compress\1.21\commons-compress-1.21.jar;C:\Users\ADW User ACR\.m2\repository\org\bouncycastle\bcpkix-jdk15on\1.64\bcpkix-jdk15on-1.64.jar;C:\Users\ADW User ACR\.m2\repository\org\bouncycastle\bcprov-jdk15on\1.64\bcprov-jdk15on-1.64.jar;C:\Users\ADW User ACR\.m2\repository\org\slf4j\jcl-over-slf4j\1.7.30\jcl-over-slf4j-1.7.30.jar;C:\Users\ADW User ACR\.m2\repository\com\github\docker-java\docker-java-transport-httpclient5\3.2.13\docker-java-transport-httpclient5-3.2.13.jar;C:\Users\ADW User ACR\.m2\repository\com\github\docker-java\docker-java-transport\3.2.13\docker-java-transport-3.2.13.jar;C:\Users\ADW User ACR\.m2\repository\net\java\dev\jna\jna\5.8.0\jna-5.8.0.jar;C:\Users\ADW User ACR\.m2\repository\org\brotli\dec\0.1.2\dec-0.1.2.jar;C:\Users\ADW User ACR\.m2\repository\org\apache\httpcomponents\client5\httpclient5\5.1.3\httpclient5-5.1.3.jar;C:\Users\ADW User ACR\.m2\repository\org\apache\httpcomponents\core5\httpcore5\5.1.3\httpcore5-5.1.3.jar;C:\Users\ADW User ACR\.m2\repository\org\apache\httpcomponents\core5\httpcore5-h2\5.1.3\httpcore5-h2-5.1.3.jar;C:\Users\ADW User ACR\.m2\repository\com\jhlabs\filters\2.0.235\filters-2.0.235.jar;C:\Users\ADW User ACR\.m2\repository\com\paulhammant\ngwebdriver\1.1.6\ngwebdriver-1.1.6.jar;C:\Users\ADW User ACR\.m2\repository\joda-time\joda-time\2.12.2\joda-time-2.12.2.jar;C:\Users\ADW User ACR\.m2\repository\org\hamcrest\hamcrest\2.2\hamcrest-2.2.jar;C:\Users\ADW User ACR\.m2\repository\com\google\jimfs\jimfs\1.2\jimfs-1.2.jar;C:\Users\ADW User ACR\.m2\repository\org\mockito\mockito-core\3.3.3\mockito-core-3.3.3.jar;C:\Users\ADW User ACR\.m2\repository\javax\xml\bind\jaxb-api\2.3.1\jaxb-api-2.3.1.jar;C:\Users\ADW User ACR\.m2\repository\javax\activation\javax.activation-api\1.2.0\javax.activation-api-1.2.0.jar;C:\Users\ADW User ACR\.m2\repository\com\sun\xml\bind\jaxb-core\2.3.0.1\jaxb-core-2.3.0.1.jar;C:\Users\ADW User ACR\.m2\repository\com\sun\xml\bind\jaxb-impl\2.3.3\jaxb-impl-2.3.3.jar;C:\Users\ADW User ACR\.m2\repository\jakarta\xml\bind\jakarta.xml.bind-api\2.3.3\jakarta.xml.bind-api-2.3.3.jar;C:\Users\ADW User ACR\.m2\repository\com\sun\activation\jakarta.activation\1.2.2\jakarta.activation-1.2.2.jar;C:\Users\ADW User ACR\.m2\repository\javax\activation\activation\1.1.1\activation-1.1.1.jar;C:\Users\ADW User ACR\.m2\repository\net\serenity-bdd\serenity-cucumber\3.6.21\serenity-cucumber-3.6.21.jar;C:\Users\ADW User ACR\.m2\repository\io\cucumber\cucumber-core\7.11.0\cucumber-core-7.11.0.jar;C:\Users\ADW User ACR\.m2\repository\io\cucumber\cucumber-gherkin\7.11.0\cucumber-gherkin-7.11.0.jar;C:\Users\ADW User ACR\.m2\repository\io\cucumber\cucumber-gherkin-messages\7.11.0\cucumber-gherkin-messages-7.11.0.jar;C:\Users\ADW User ACR\.m2\repository\io\cucumber\gherkin\26.0.3\gherkin-26.0.3.jar;C:\Users\ADW User ACR\.m2\repository\io\cucumber\messages\21.0.1\messages-21.0.1.jar;C:\Users\ADW User ACR\.m2\repository\io\cucumber\tag-expressions\5.0.1\tag-expressions-5.0.1.jar;C:\Users\ADW User ACR\.m2\repository\io\cucumber\cucumber-expressions\16.1.1\cucumber-expressions-16.1.1.jar;C:\Users\ADW User ACR\.m2\repository\io\cucumber\datatable\7.11.0\datatable-7.11.0.jar;C:\Users\ADW User ACR\.m2\repository\io\cucumber\cucumber-plugin\7.11.0\cucumber-plugin-7.11.0.jar;C:\Users\ADW User ACR\.m2\repository\io\cucumber\docstring\7.11.0\docstring-7.11.0.jar;C:\Users\ADW User ACR\.m2\repository\io\cucumber\html-formatter\20.2.1\html-formatter-20.2.1.jar;C:\Users\ADW User ACR\.m2\repository\io\cucumber\junit-xml-formatter\0.1.0\junit-xml-formatter-0.1.0.jar;C:\Users\ADW User ACR\.m2\repository\io\cucumber\ci-environment\9.1.0\ci-environment-9.1.0.jar;C:\Users\ADW User ACR\.m2\repository\io\cucumber\cucumber-java\7.11.0\cucumber-java-7.11.0.jar;C:\Users\ADW User ACR\.m2\repository\io\cucumber\cucumber-junit\7.11.0\cucumber-junit-7.11.0.jar;C:\Users\ADW User ACR\.m2\repository\org\apache\commons\commons-csv\1.5\commons-csv-1.5.jar;C:\Users\ADW User ACR\.m2\repository\net\serenity-bdd\serenity-screenplay\3.6.21\serenity-screenplay-3.6.21.jar;C:\Users\ADW User ACR\.m2\repository\net\serenity-bdd\serenity-screenplay-webdriver\3.6.21\serenity-screenplay-webdriver-3.6.21.jar;C:\Users\ADW User ACR\.m2\repository\net\serenity-bdd\serenity-ensure\3.6.21\serenity-ensure-3.6.21.jar;C:\Users\ADW User ACR\.m2\repository\net\serenity-bdd\serenity-junit\3.6.21\serenity-junit-3.6.21.jar;C:\Users\ADW User ACR\.m2\repository\org\jetbrains\kotlin\kotlin-stdlib\1.8.10\kotlin-stdlib-1.8.10.jar;C:\Users\ADW User ACR\.m2\repository\org\jetbrains\kotlin\kotlin-stdlib-common\1.8.10\kotlin-stdlib-common-1.8.10.jar;C:\Users\ADW User ACR\.m2\repository\org\jetbrains\annotations\13.0\annotations-13.0.jar;C:\Users\ADW User ACR\.m2\repository\org\junit\platform\junit-platform-launcher\1.8.2\junit-platform-launcher-1.8.2.jar;C:\Users\ADW User ACR\.m2\repository\org\junit\platform\junit-platform-engine\1.8.2\junit-platform-engine-1.8.2.jar;C:\Users\ADW User ACR\.m2\repository\org\opentest4j\opentest4j\1.2.0\opentest4j-1.2.0.jar;C:\Users\ADW User ACR\.m2\repository\org\junit\platform\junit-platform-commons\1.8.2\junit-platform-commons-1.8.2.jar;C:\Users\ADW User ACR\.m2\repository\org\apiguardian\apiguardian-api\1.1.2\apiguardian-api-1.1.2.jar;C:\Users\ADW User ACR\.m2\repository\org\junit\jupiter\junit-jupiter-engine\5.8.2\junit-jupiter-engine-5.8.2.jar;C:\Users\ADW User ACR\.m2\repository\org\junit\jupiter\junit-jupiter-api\5.8.2\junit-jupiter-api-5.8.2.jar;C:\Users\ADW User ACR\.m2\repository\org\junit\vintage\junit-vintage-engine\5.8.2\junit-vintage-engine-5.8.2.jar;C:\Users\ADW User ACR\.m2\repository\junit\junit\4.13.2\junit-4.13.2.jar;C:\Users\ADW User ACR\.m2\repository\org\hamcrest\hamcrest-core\1.3\hamcrest-core-1.3.jar;C:\Users\ADW User ACR\.m2\repository\ch\qos\logback\logback-classic\1.2.10\logback-classic-1.2.10.jar;C:\Users\ADW User ACR\.m2\repository\ch\qos\logback\logback-core\1.2.10\logback-core-1.2.10.jar;C:\Users\ADW User ACR\.m2\repository\org\slf4j\slf4j-api\1.7.32\slf4j-api-1.7.32.jar;C:\Users\ADW User ACR\.m2\repository\org\assertj\assertj-core\3.23.1\assertj-core-3.23.1.jar;C:\Users\ADW User ACR\.m2\repository\net\bytebuddy\byte-buddy\1.12.10\byte-buddy-1.12.10.jar;"/>
    <property name="sun.cpu.endian" value="little"/>
    <property name="user.home" value="C:\Users\ADW User ACR"/>
    <property name="user.language" value="en"/>
    <property name="java.specification.vendor" value="Oracle Corporation"/>
    <property name="java.home" value="C:\Program Files\Java\jdk1.8.0_202\jre"/>
    <property name="basedir" value="D:\D\QE_Alta\mini-project-nisa\Web\Altashop-Transaksi"/>
    <property name="file.separator" value="\"/>
    <property name="line.separator" value="&#10;"/>
    <property name="java.vm.specification.vendor" value="Oracle Corporation"/>
    <property name="java.specification.name" value="Java Platform API Specification"/>
    <property name="java.awt.graphicsenv" value="sun.awt.Win32GraphicsEnvironment"/>
    <property name="surefire.real.class.path" value="C:\Users\ADW User ACR\AppData\Local\Temp\surefire4814329631375998875\surefirebooter3014648926861984930.jar"/>
    <property name="sun.boot.class.path" value="C:\Program Files\Java\jdk1.8.0_202\jre\lib\resources.jar;C:\Program Files\Java\jdk1.8.0_202\jre\lib\rt.jar;C:\Program Files\Java\jdk1.8.0_202\jre\lib\sunrsasign.jar;C:\Program Files\Java\jdk1.8.0_202\jre\lib\jsse.jar;C:\Program Files\Java\jdk1.8.0_202\jre\lib\jce.jar;C:\Program Files\Java\jdk1.8.0_202\jre\lib\charsets.jar;C:\Program Files\Java\jdk1.8.0_202\jre\lib\jfr.jar;C:\Program Files\Java\jdk1.8.0_202\jre\classes"/>
    <property name="user.script" value=""/>
    <property name="sun.management.compiler" value="HotSpot 64-Bit Tiered Compilers"/>
    <property name="java.runtime.version" value="1.8.0_202-b08"/>
    <property name="user.name" value="ADW User ACR"/>
    <property name="path.separator" value=";"/>
    <property name="os.version" value="10.0"/>
    <property name="java.endorsed.dirs" value="C:\Program Files\Java\jdk1.8.0_202\jre\lib\endorsed"/>
    <property name="java.runtime.name" value="Java(TM) SE Runtime Environment"/>
    <property name="file.encoding" value="Cp1252"/>
    <property name="webdriver.base.url" value=""/>
    <property name="java.vm.name" value="Java HotSpot(TM) 64-Bit Server VM"/>
    <property name="localRepository" value="C:\Users\ADW User ACR\.m2\repository"/>
    <property name="java.vendor.url.bug" value="http://bugreport.sun.com/bugreport/"/>
    <property name="java.io.tmpdir" value="C:\Users\ADWUSE~1\AppData\Local\Temp\"/>
    <property name="java.version" value="1.8.0_202"/>
    <property name="user.dir" value="D:\D\QE_Alta\mini-project-nisa\Web\Altashop-Transaksi"/>
    <property name="os.arch" value="amd64"/>
    <property name="java.vm.specification.name" value="Java Virtual Machine Specification"/>
    <property name="java.awt.printerjob" value="sun.awt.windows.WPrinterJob"/>
    <property name="sun.os.patch.level" value=""/>
    <property name="java.library.path" value="C:\Program Files\Java\jdk1.8.0_202\jre\bin;C:\Windows\Sun\Java\bin;C:\Windows\system32;C:\Windows;C:\Python311\Scripts\;C:\Python311\;C:\Program Files (x86)\Common Files\Oracle\Java\javapath;C:\Program Files (x86)\Common Files\Intel\Shared Files\cpp\bin\Intel64;C:\Windows\system32;C:\Windows;C:\Windows\System32\Wbem;C:\Windows\System32\WindowsPowerShell\v1.0\;C:\Windows\System32\OpenSSH\;C:\Program Files\apache-maven-3.9.1\bin;C:\Program Files\nodejs\;C:\ProgramData\chocolatey\bin;C:\Users\Public\Android\Sdk;C:\Users\Public\Android\Sdk\platform-tools;C:\Users\ADW User ACR\AppData\Local\Microsoft\WindowsApps;C:\Users\ADW User ACR\AppData\Local\Programs\Git\cmd;C:\Users\ADW User ACR\AppData\Roaming\npm;."/>
    <property name="java.vm.info" value="mixed mode"/>
    <property name="java.vendor" value="Oracle Corporation"/>
    <property name="java.vm.version" value="25.202-b08"/>
    <property name="java.ext.dirs" value="C:\Program Files\Java\jdk1.8.0_202\jre\lib\ext;C:\Windows\Sun\Java\lib\ext"/>
    <property name="sun.io.unicode.encoding" value="UnicodeLittle"/>
    <property name="java.class.version" value="52.0"/>
  </properties>
  <testcase name="as user i want to choose product and add product to cart" classname="As a user i can choose product so that i can see transactions page" time="27.915">
    <system-out><![CDATA[21:01:45.096 [main] DEBUG net.thucydides.core.guice.Injectors - Created injector for module net.thucydides.core.guice.ThucydidesModule
21:01:45.591 [main] DEBUG io.cucumber.core.plugin.SerenityReporter - Running feature from file:///D:/D/QE_Alta/mini-project-nisa/Web/Altashop-Transaksi/src/test/resources/features/PilihProduk.feature
21:01:46.028 [main] DEBUG net.thucydides.core.guice.Injectors - Created injector for module net.thucydides.core.guice.webdriver.WebDriverModule
21:01:46.061 [main] INFO  - 

-------------------------------------------------------------------------------------
     _______. _______ .______       _______ .__   __.  __  .___________.____    ____ 
    /       ||   ____||   _  \     |   ____||  \ |  | |  | |           |\   \  /   / 
   |   (----`|  |__   |  |_)  |    |  |__   |   \|  | |  | `---|  |----` \   \/   /  
    \   \    |   __|  |      /     |   __|  |  . `  | |  |     |  |       \_    _/   
.----)   |   |  |____ |  |\  \----.|  |____ |  |\   | |  |     |  |         |  |     
|_______/    |_______|| _| `._____||_______||__| \__| |__|     |__|         |__|    
                                                                                     
 News and tutorials at http://www.serenity-bdd.info                                  
 Documentation at https://wakaleo.gitbooks.io/the-serenity-book/content/             
 Join the Serenity Community on Gitter: https://gitter.im/serenity-bdd/serenity-core 
 Serenity BDD Support and Training at http://serenity-bdd.info/#/trainingandsupport  
-------------------------------------------------------------------------------------

21:01:46.067 [main] DEBUG net.thucydides.core.steps.StepEventBus - Test suite started for story net.thucydides.core.model.Story@bbb2fbc8
21:01:46.069 [main] INFO  - Test Suite Started: As a user i can choose product so that i can see transactions page
21:01:46.099 [main] DEBUG io.cucumber.core.plugin.SerenityReporter - Running feature from file:///D:/D/QE_Alta/mini-project-nisa/Web/Altashop-Transaksi/src/test/resources/features/PilihProduk.feature
21:01:46.103 [main] DEBUG net.thucydides.core.steps.StepEventBus - Test suite started for story net.thucydides.core.model.Story@bbb2fbc8
21:01:46.103 [main] INFO  - Test Suite Started: As a user i can choose product so that i can see transactions page

@ChooseProducts
Scenario: as user i want to choose product and add product to cart &amp#27;[90m# src/test/resources/features/PilihProduk.feature:4&amp#27;[0m
21:01:46.293 [main] DEBUG io.cucumber.core.plugin.SerenityReporter - Running feature from file:///D:/D/QE_Alta/mini-project-nisa/Web/Altashop-Transaksi/src/test/resources/features/PilihProduk.feature
21:01:46.633 [main] INFO  - 
  _____   ___   ___   _____     ___   _____     _     ___   _____   ___   ___  
 |_   _| | __| / __| |_   _|   / __| |_   _|   /_\   | _ \ |_   _| | __| |   \ 
   | |   | _|  \__ \   | |     \__ \   | |    / _ \  |   /   | |   | _|  | |) |
   |_|   |___| |___/   |_|     |___/   |_|   /_/ \_\ |_|_\   |_|   |___| |___/ 

as user i want to choose product and add product to cart(as-a-user-i-can-choose-product-so-that-i-can-see-transactions-page;as-user-i-want-to-choose-product-and-add-product-to-cart)
--------------------------------------------------------------------------------
21:01:46.795 [main] DEBUG net.thucydides.core.requirements.model.cucumber.CucumberParser - Loading feature D:\D\QE_Alta\mini-project-nisa\Web\Altashop-Transaksi\src\test\resources\features\PilihProduk.feature
21:01:48.318 [main] DEBUG net.thucydides.core.steps.StepInterceptor - STARTING STEP: LoginSteps.userOnLoginPage - onLoginPage
21:01:48.372 [main] INFO net.serenitybdd.core.webdriver.driverproviders.DriverProvider - Using WebDriverManager configuration for chrome
21:01:49.577 [main] DEBUG io.github.bonigarcia.wdm.cache.ResolutionCache - Resolution chrome=112 in cache (valid until 21:21:21 08/05/2023 ICT)
21:01:49.579 [main] DEBUG io.github.bonigarcia.wdm.cache.ResolutionCache - Resolution chrome112=112.0.5615.49 in cache (valid until 14:13:59 09/05/2023 ICT)
21:01:49.580 [main] INFO io.github.bonigarcia.wdm.WebDriverManager - Using chromedriver 112.0.5615.49 (resolved driver for Chrome 112)
21:01:49.607 [main] DEBUG io.github.bonigarcia.wdm.WebDriverManager - Driver chromedriver 112.0.5615.49 found in cache
21:01:49.609 [main] INFO io.github.bonigarcia.wdm.WebDriverManager - Exporting webdriver.chrome.driver as C:\Users\ADW User ACR\.cache\selenium\chromedriver\win32\112.0.5615.49\chromedriver.exe
21:01:49.884 [main] INFO net.serenitybdd.core.webdriver.driverproviders.ChromeDriverProvider - Starting Chrome driver instance with capabilities:
21:01:49.892 [main] INFO net.serenitybdd.core.webdriver.driverproviders.ChromeDriverProvider - Capabilities {acceptInsecureCerts: true, browserName: chrome, goog:chromeOptions: {args: [remote-allow-origins=*, test-type, no-sandbox, ignore-certificate-errors, start-maximized, incognito, disable-infobars, disable-gpu, disable-default-apps, disable-popup-blocking, remote-allow-origins=*, test-type, no-sandbox, ignore-certificate-errors, start-maximized, incognito, disable-infobars, disable-gpu, disable-default-apps, disable-popup-blocking, remote-allow-origins=*], extensions: []}}
21:01:50.080 [main] DEBUG io.netty.util.internal.logging.InternalLoggerFactory - Using SLF4J as the default logging framework
21:01:50.086 [main] DEBUG io.netty.util.ResourceLeakDetector - -Dio.netty.leakDetection.level: simple
21:01:50.086 [main] DEBUG io.netty.util.ResourceLeakDetector - -Dio.netty.leakDetection.targetRecords: 4
21:01:50.094 [main] DEBUG io.netty.util.ResourceLeakDetectorFactory - Loaded default ResourceLeakDetector: io.netty.util.ResourceLeakDetector@2ae62bb6
21:01:50.141 [main] DEBUG io.netty.util.internal.PlatformDependent0 - -Dio.netty.noUnsafe: false
21:01:50.141 [main] DEBUG io.netty.util.internal.PlatformDependent0 - Java version: 8
21:01:50.143 [main] DEBUG io.netty.util.internal.PlatformDependent0 - sun.misc.Unsafe.theUnsafe: available
21:01:50.145 [main] DEBUG io.netty.util.internal.PlatformDependent0 - sun.misc.Unsafe.copyMemory: available
21:01:50.146 [main] DEBUG io.netty.util.internal.PlatformDependent0 - sun.misc.Unsafe.storeFence: available
21:01:50.147 [main] DEBUG io.netty.util.internal.PlatformDependent0 - java.nio.Buffer.address: available
21:01:50.148 [main] DEBUG io.netty.util.internal.PlatformDependent0 - direct buffer constructor: available
21:01:50.149 [main] DEBUG io.netty.util.internal.PlatformDependent0 - java.nio.Bits.unaligned: available, true
21:01:50.150 [main] DEBUG io.netty.util.internal.PlatformDependent0 - jdk.internal.misc.Unsafe.allocateUninitializedArray(int): unavailable prior to Java9
21:01:50.150 [main] DEBUG io.netty.util.internal.PlatformDependent0 - java.nio.DirectByteBuffer.<init>(long, int): available
21:01:50.150 [main] DEBUG io.netty.util.internal.PlatformDependent - sun.misc.Unsafe: available
21:01:50.151 [main] DEBUG io.netty.util.internal.PlatformDependent - -Dio.netty.tmpdir: C:\Users\ADWUSE~1\AppData\Local\Temp (java.io.tmpdir)
21:01:50.151 [main] DEBUG io.netty.util.internal.PlatformDependent - -Dio.netty.bitMode: 64 (sun.arch.data.model)
21:01:50.152 [main] DEBUG io.netty.util.internal.PlatformDependent - Platform: Windows
21:01:50.154 [main] DEBUG io.netty.util.internal.PlatformDependent - -Dio.netty.maxDirectMemory: 1840250880 bytes
21:01:50.154 [main] DEBUG io.netty.util.internal.PlatformDependent - -Dio.netty.uninitializedArrayAllocationThreshold: -1
21:01:50.156 [main] DEBUG io.netty.util.internal.CleanerJava6 - java.nio.ByteBuffer.cleaner(): available
21:01:50.157 [main] DEBUG io.netty.util.internal.PlatformDependent - -Dio.netty.noPreferDirect: false
21:01:50.190 [main] DEBUG io.netty.util.internal.PlatformDependent - org.jctools-core.MpscChunkedArrayQueue: available
21:01:50.230 [main] DEBUG io.netty.util.internal.InternalThreadLocalMap - -Dio.netty.threadLocalMap.stringBuilder.initialSize: 1024
21:01:50.230 [main] DEBUG io.netty.util.internal.InternalThreadLocalMap - -Dio.netty.threadLocalMap.stringBuilder.maxSize: 4096
21:01:50.287 [main] DEBUG io.netty.handler.ssl.JdkSslContext - Default protocols (JDK): [TLSv1.2, TLSv1.1, TLSv1] 
21:01:50.288 [main] DEBUG io.netty.handler.ssl.JdkSslContext - Default cipher suites (JDK): [TLS_ECDHE_ECDSA_WITH_AES_256_GCM_SHA384, TLS_ECDHE_ECDSA_WITH_AES_128_GCM_SHA256, TLS_ECDHE_RSA_WITH_AES_128_GCM_SHA256, TLS_ECDHE_RSA_WITH_AES_256_GCM_SHA384, TLS_ECDHE_RSA_WITH_AES_128_CBC_SHA, TLS_ECDHE_RSA_WITH_AES_256_CBC_SHA, TLS_RSA_WITH_AES_128_GCM_SHA256, TLS_RSA_WITH_AES_128_CBC_SHA, TLS_RSA_WITH_AES_256_CBC_SHA]
21:01:50.335 [main] DEBUG io.netty.channel.MultithreadEventLoopGroup - -Dio.netty.eventLoopThreads: 8
21:01:50.358 [main] DEBUG io.netty.channel.nio.NioEventLoop - -Dio.netty.noKeySetOptimization: false
21:01:50.358 [main] DEBUG io.netty.channel.nio.NioEventLoop - -Dio.netty.selectorAutoRebuildThreshold: 512
21:01:50.564 [main] DEBUG io.netty.buffer.PooledByteBufAllocator - -Dio.netty.allocator.numHeapArenas: 8
21:01:50.564 [main] DEBUG io.netty.buffer.PooledByteBufAllocator - -Dio.netty.allocator.numDirectArenas: 8
21:01:50.564 [main] DEBUG io.netty.buffer.PooledByteBufAllocator - -Dio.netty.allocator.pageSize: 8192
21:01:50.565 [main] DEBUG io.netty.buffer.PooledByteBufAllocator - -Dio.netty.allocator.maxOrder: 9
21:01:50.565 [main] DEBUG io.netty.buffer.PooledByteBufAllocator - -Dio.netty.allocator.chunkSize: 4194304
21:01:50.565 [main] DEBUG io.netty.buffer.PooledByteBufAllocator - -Dio.netty.allocator.smallCacheSize: 256
21:01:50.565 [main] DEBUG io.netty.buffer.PooledByteBufAllocator - -Dio.netty.allocator.normalCacheSize: 64
21:01:50.565 [main] DEBUG io.netty.buffer.PooledByteBufAllocator - -Dio.netty.allocator.maxCachedBufferCapacity: 32768
21:01:50.565 [main] DEBUG io.netty.buffer.PooledByteBufAllocator - -Dio.netty.allocator.cacheTrimInterval: 8192
21:01:50.565 [main] DEBUG io.netty.buffer.PooledByteBufAllocator - -Dio.netty.allocator.cacheTrimIntervalMillis: 0
21:01:50.565 [main] DEBUG io.netty.buffer.PooledByteBufAllocator - -Dio.netty.allocator.useCacheForAllThreads: false
21:01:50.565 [main] DEBUG io.netty.buffer.PooledByteBufAllocator - -Dio.netty.allocator.maxCachedByteBuffersPerChunk: 1023
21:01:50.583 [main] DEBUG io.netty.buffer.ByteBufUtil - -Dio.netty.allocator.type: pooled
21:01:50.583 [main] DEBUG io.netty.buffer.ByteBufUtil - -Dio.netty.threadLocalDirectBufferSize: 0
21:01:50.583 [main] DEBUG io.netty.buffer.ByteBufUtil - -Dio.netty.maxThreadLocalCharBufferSize: 16384
21:01:51.854 [Forwarding newSession on session null to remote] DEBUG io.netty.channel.DefaultChannelId - -Dio.netty.processId: 2260 (auto-detected)
21:01:51.857 [Forwarding newSession on session null to remote] DEBUG io.netty.util.NetUtil - -Djava.net.preferIPv4Stack: false
21:01:51.858 [Forwarding newSession on session null to remote] DEBUG io.netty.util.NetUtil - -Djava.net.preferIPv6Addresses: false
21:01:52.355 [Forwarding newSession on session null to remote] DEBUG io.netty.util.NetUtilInitializations - Loopback interface: lo (Software Loopback Interface 1, 127.0.0.1)
21:01:52.356 [Forwarding newSession on session null to remote] DEBUG io.netty.util.NetUtil - Failed to get SOMAXCONN from sysctl and file \proc\sys\net\core\somaxconn. Default: 200
21:01:52.392 [Forwarding newSession on session null to remote] DEBUG io.netty.channel.DefaultChannelId - -Dio.netty.machineId: a4:02:b9:ff:fe:26:7f:1e (auto-detected)
21:01:52.493 [AsyncHttpClient-1-2] DEBUG io.netty.buffer.AbstractByteBuf - -Dio.netty.buffer.checkAccessible: true
21:01:52.493 [AsyncHttpClient-1-2] DEBUG io.netty.buffer.AbstractByteBuf - -Dio.netty.buffer.checkBounds: true
21:01:52.493 [AsyncHttpClient-1-2] DEBUG io.netty.util.ResourceLeakDetectorFactory - Loaded default ResourceLeakDetector: io.netty.util.ResourceLeakDetector@7da83386
21:01:52.520 [AsyncHttpClient-1-2] DEBUG org.asynchttpclient.netty.channel.NettyConnectListener - Using new Channel '[id: 0x38be39b1, L:/127.0.0.1:53624 - R:localhost/127.0.0.1:32501]' for 'POST' to '/session'
21:01:52.558 [AsyncHttpClient-1-2] DEBUG io.netty.util.Recycler - -Dio.netty.recycler.maxCapacityPerThread: 4096
21:01:52.558 [AsyncHttpClient-1-2] DEBUG io.netty.util.Recycler - -Dio.netty.recycler.ratio: 8
21:01:52.558 [AsyncHttpClient-1-2] DEBUG io.netty.util.Recycler - -Dio.netty.recycler.chunkSize: 32
21:01:52.558 [AsyncHttpClient-1-2] DEBUG io.netty.util.Recycler - -Dio.netty.recycler.blocking: false
21:01:55.479 [AsyncHttpClient-1-2] DEBUG io.netty.handler.codec.compression.Brotli - brotli4j not in the classpath; Brotli support will be unavailable.
21:01:55.480 [AsyncHttpClient-1-2] DEBUG org.asynchttpclient.netty.handler.HttpHandler - 

Request DefaultHttpRequest(decodeResult: success, version: HTTP/1.1)
POST /session HTTP/1.1
User-Agent: selenium/4.8.1 (java windows)
Content-Length: 1701
Content-Type: application/json; charset=utf-8
host: localhost:32501
accept: */*

Response DefaultHttpResponse(decodeResult: success, version: HTTP/1.1)
HTTP/1.1 200 OK
Content-Length: 862
Content-Type: application/json; charset=utf-8
cache-control: no-cache

21:01:55.497 [AsyncHttpClient-1-2] DEBUG org.asynchttpclient.netty.channel.ChannelManager - Adding key: http://localhost:32501 for channel [id: 0x38be39b1, L:/127.0.0.1:53624 - R:localhost/127.0.0.1:32501]
21:01:55.677 [AsyncHttpClient-1-3] DEBUG org.asynchttpclient.netty.channel.NettyConnectListener - Using new Channel '[id: 0xc2aedda0, L:/127.0.0.1:53631 - R:localhost/127.0.0.1:53625]' for 'GET' to '/json/version'
21:01:55.681 [AsyncHttpClient-1-3] DEBUG org.asynchttpclient.netty.handler.HttpHandler - 

Request DefaultFullHttpRequest(decodeResult: success, version: HTTP/1.1, content: EmptyByteBufBE)
GET /json/version HTTP/1.1
User-Agent: selenium/4.8.1 (java windows)
host: localhost:53625
accept: */*

Response DefaultHttpResponse(decodeResult: success, version: HTTP/1.1)
HTTP/1.1 200 OK
Content-Security-Policy: frame-ancestors 'none'
Content-Length: 424
Content-Type: application/json; charset=UTF-8

21:01:55.682 [AsyncHttpClient-1-3] DEBUG org.asynchttpclient.netty.channel.ChannelManager - Adding key: http://localhost:53625 for channel [id: 0xc2aedda0, L:/127.0.0.1:53631 - R:localhost/127.0.0.1:53625]
21:01:55.699 [main] DEBUG io.netty.util.internal.ThreadLocalRandom - -Dio.netty.initialSeedUniquifier: 0x4525f352ea536c3f
21:01:55.707 [AsyncHttpClient-1-1] DEBUG org.asynchttpclient.netty.channel.DefaultChannelPool - Entry count for : http://localhost:53625 : 1
21:01:55.708 [AsyncHttpClient-1-1] DEBUG org.asynchttpclient.netty.channel.DefaultChannelPool - Entry count for : http://localhost:32501 : 1
21:01:55.711 [AsyncHttpClient-1-4] DEBUG org.asynchttpclient.netty.channel.NettyConnectListener - Using new Channel '[id: 0x3c6bf272, L:/127.0.0.1:53632 - R:localhost/127.0.0.1:53625]' for 'GET' to '/devtools/browser/f327dd1d-f469-42f9-b2ca-89f5057f5922'
21:01:55.714 [AsyncHttpClient-1-4] DEBUG org.asynchttpclient.netty.handler.WebSocketHandler - 

Request DefaultFullHttpRequest(decodeResult: success, version: HTTP/1.1, content: EmptyByteBufBE)
GET /devtools/browser/f327dd1d-f469-42f9-b2ca-89f5057f5922 HTTP/1.1
upgrade: websocket
connection: upgrade
sec-websocket-key: kQrYaaheALPvNXN2ixb96A==
sec-websocket-version: 13
origin: http://localhost:53625
host: localhost:53625
accept: */*
user-agent: AHC/2.1

Response DefaultHttpResponse(decodeResult: success, version: HTTP/1.1)
HTTP/1.1 101 WebSocket Protocol Handshake
Upgrade: WebSocket
Connection: Upgrade
Sec-WebSocket-Accept: z3OC7dw6WEPOcWV46x3Jjan2JY0=

21:01:56.082 [Forwarding get on session 698a376df15a46922bb2f431108262f6 to remote] DEBUG org.asynchttpclient.netty.request.NettyRequestSender - Using pooled Channel '[id: 0x38be39b1, L:/127.0.0.1:53624 - R:localhost/127.0.0.1:32501]' for 'POST' to 'http://localhost:32501/session/698a376df15a46922bb2f431108262f6/url'
21:01:56.082 [Forwarding get on session 698a376df15a46922bb2f431108262f6 to remote] DEBUG org.asynchttpclient.netty.request.NettyRequestSender - Using open Channel [id: 0x38be39b1, L:/127.0.0.1:53624 - R:localhost/127.0.0.1:32501] for POST '/session/698a376df15a46922bb2f431108262f6/url'
21:01:56.862 [AsyncHttpClient-1-1] DEBUG org.asynchttpclient.netty.channel.DefaultChannelPool - Entry count for : http://localhost:53625 : 1
21:01:57.917 [AsyncHttpClient-1-1] DEBUG org.asynchttpclient.netty.channel.DefaultChannelPool - Entry count for : http://localhost:53625 : 1
21:01:59.014 [AsyncHttpClient-1-1] DEBUG org.asynchttpclient.netty.channel.DefaultChannelPool - Entry count for : http://localhost:53625 : 1
21:02:00.115 [AsyncHttpClient-1-1] DEBUG org.asynchttpclient.netty.channel.DefaultChannelPool - Entry count for : http://localhost:53625 : 1
21:02:01.205 [AsyncHttpClient-1-1] DEBUG org.asynchttpclient.netty.channel.DefaultChannelPool - Entry count for : http://localhost:53625 : 1
21:02:02.301 [AsyncHttpClient-1-1] DEBUG org.asynchttpclient.netty.channel.DefaultChannelPool - Entry count for : http://localhost:53625 : 1
21:02:03.401 [AsyncHttpClient-1-1] DEBUG org.asynchttpclient.netty.channel.DefaultChannelPool - Entry count for : http://localhost:53625 : 1
21:02:04.499 [AsyncHttpClient-1-1] DEBUG org.asynchttpclient.netty.channel.DefaultChannelPool - Entry count for : http://localhost:53625 : 1
21:02:05.601 [AsyncHttpClient-1-1] DEBUG org.asynchttpclient.netty.channel.DefaultChannelPool - Entry count for : http://localhost:53625 : 1
21:02:06.433 [AsyncHttpClient-1-2] DEBUG org.asynchttpclient.netty.handler.HttpHandler - 

Request DefaultHttpRequest(decodeResult: success, version: HTTP/1.1)
POST /session/698a376df15a46922bb2f431108262f6/url HTTP/1.1
User-Agent: selenium/4.8.1 (java windows)
Content-Length: 74
Content-Type: application/json; charset=utf-8
host: localhost:32501
accept: */*

Response DefaultHttpResponse(decodeResult: success, version: HTTP/1.1)
HTTP/1.1 200 OK
Content-Length: 14
Content-Type: application/json; charset=utf-8
cache-control: no-cache

21:02:06.434 [AsyncHttpClient-1-2] DEBUG org.asynchttpclient.netty.channel.ChannelManager - Adding key: http://localhost:32501 for channel [id: 0x38be39b1, L:/127.0.0.1:53624 - R:localhost/127.0.0.1:32501]
21:02:06.444 [Forwarding setTimeout on session 698a376df15a46922bb2f431108262f6 to remote] DEBUG org.asynchttpclient.netty.request.NettyRequestSender - Using pooled Channel '[id: 0x38be39b1, L:/127.0.0.1:53624 - R:localhost/127.0.0.1:32501]' for 'POST' to 'http://localhost:32501/session/698a376df15a46922bb2f431108262f6/timeouts'
21:02:06.445 [Forwarding setTimeout on session 698a376df15a46922bb2f431108262f6 to remote] DEBUG org.asynchttpclient.netty.request.NettyRequestSender - Using open Channel [id: 0x38be39b1, L:/127.0.0.1:53624 - R:localhost/127.0.0.1:32501] for POST '/session/698a376df15a46922bb2f431108262f6/timeouts'
21:02:06.448 [AsyncHttpClient-1-2] DEBUG org.asynchttpclient.netty.handler.HttpHandler - 

Request DefaultHttpRequest(decodeResult: success, version: HTTP/1.1)
POST /session/698a376df15a46922bb2f431108262f6/timeouts HTTP/1.1
User-Agent: selenium/4.8.1 (java windows)
Content-Length: 22
Content-Type: application/json; charset=utf-8
host: localhost:32501
accept: */*

Response DefaultHttpResponse(decodeResult: success, version: HTTP/1.1)
HTTP/1.1 200 OK
Content-Length: 14
Content-Type: application/json; charset=utf-8
cache-control: no-cache

21:02:06.448 [AsyncHttpClient-1-2] DEBUG org.asynchttpclient.netty.channel.ChannelManager - Adding key: http://localhost:32501 for channel [id: 0x38be39b1, L:/127.0.0.1:53624 - R:localhost/127.0.0.1:32501]
21:02:06.481 [Forwarding findElement on session 698a376df15a46922bb2f431108262f6 to remote] DEBUG org.asynchttpclient.netty.request.NettyRequestSender - Using pooled Channel '[id: 0x38be39b1, L:/127.0.0.1:53624 - R:localhost/127.0.0.1:32501]' for 'POST' to 'http://localhost:32501/session/698a376df15a46922bb2f431108262f6/element'
21:02:06.481 [Forwarding findElement on session 698a376df15a46922bb2f431108262f6 to remote] DEBUG org.asynchttpclient.netty.request.NettyRequestSender - Using open Channel [id: 0x38be39b1, L:/127.0.0.1:53624 - R:localhost/127.0.0.1:32501] for POST '/session/698a376df15a46922bb2f431108262f6/element'
21:02:06.514 [AsyncHttpClient-1-2] DEBUG org.asynchttpclient.netty.handler.HttpHandler - 

Request DefaultHttpRequest(decodeResult: success, version: HTTP/1.1)
POST /session/698a376df15a46922bb2f431108262f6/element HTTP/1.1
User-Agent: selenium/4.8.1 (java windows)
Content-Length: 69
Content-Type: application/json; charset=utf-8
host: localhost:32501
accept: */*

Response DefaultHttpResponse(decodeResult: success, version: HTTP/1.1)
HTTP/1.1 200 OK
Content-Length: 88
Content-Type: application/json; charset=utf-8
cache-control: no-cache

21:02:06.515 [AsyncHttpClient-1-2] DEBUG org.asynchttpclient.netty.channel.ChannelManager - Adding key: http://localhost:32501 for channel [id: 0x38be39b1, L:/127.0.0.1:53624 - R:localhost/127.0.0.1:32501]
21:02:06.544 [Forwarding isElementDisplayed on session 698a376df15a46922bb2f431108262f6 to remote] DEBUG org.asynchttpclient.netty.request.NettyRequestSender - Using pooled Channel '[id: 0x38be39b1, L:/127.0.0.1:53624 - R:localhost/127.0.0.1:32501]' for 'POST' to 'http://localhost:32501/session/698a376df15a46922bb2f431108262f6/execute/sync'
21:02:06.545 [Forwarding isElementDisplayed on session 698a376df15a46922bb2f431108262f6 to remote] DEBUG org.asynchttpclient.netty.request.NettyRequestSender - Using open Channel [id: 0x38be39b1, L:/127.0.0.1:53624 - R:localhost/127.0.0.1:32501] for POST '/session/698a376df15a46922bb2f431108262f6/execute/sync'
21:02:06.568 [AsyncHttpClient-1-2] DEBUG org.asynchttpclient.netty.handler.HttpHandler - 

Request DefaultHttpRequest(decodeResult: success, version: HTTP/1.1)
POST /session/698a376df15a46922bb2f431108262f6/execute/sync HTTP/1.1
User-Agent: selenium/4.8.1 (java windows)
Content-Length: 48807
Content-Type: application/json; charset=utf-8
host: localhost:32501
accept: */*

Response DefaultHttpResponse(decodeResult: success, version: HTTP/1.1)
HTTP/1.1 200 OK
Content-Length: 14
Content-Type: application/json; charset=utf-8
cache-control: no-cache

21:02:06.569 [AsyncHttpClient-1-2] DEBUG org.asynchttpclient.netty.channel.ChannelManager - Adding key: http://localhost:32501 for channel [id: 0x38be39b1, L:/127.0.0.1:53624 - R:localhost/127.0.0.1:32501]
21:02:06.576 [Forwarding isElementDisplayed on session 698a376df15a46922bb2f431108262f6 to remote] DEBUG org.asynchttpclient.netty.request.NettyRequestSender - Using pooled Channel '[id: 0x38be39b1, L:/127.0.0.1:53624 - R:localhost/127.0.0.1:32501]' for 'POST' to 'http://localhost:32501/session/698a376df15a46922bb2f431108262f6/execute/sync'
21:02:06.576 [Forwarding isElementDisplayed on session 698a376df15a46922bb2f431108262f6 to remote] DEBUG org.asynchttpclient.netty.request.NettyRequestSender - Using open Channel [id: 0x38be39b1, L:/127.0.0.1:53624 - R:localhost/127.0.0.1:32501] for POST '/session/698a376df15a46922bb2f431108262f6/execute/sync'
21:02:06.592 [AsyncHttpClient-1-2] DEBUG org.asynchttpclient.netty.handler.HttpHandler - 

Request DefaultHttpRequest(decodeResult: success, version: HTTP/1.1)
POST /session/698a376df15a46922bb2f431108262f6/execute/sync HTTP/1.1
User-Agent: selenium/4.8.1 (java windows)
Content-Length: 48807
Content-Type: application/json; charset=utf-8
host: localhost:32501
accept: */*

Response DefaultHttpResponse(decodeResult: success, version: HTTP/1.1)
HTTP/1.1 200 OK
Content-Length: 14
Content-Type: application/json; charset=utf-8
cache-control: no-cache

21:02:06.593 [AsyncHttpClient-1-2] DEBUG org.asynchttpclient.netty.channel.ChannelManager - Adding key: http://localhost:32501 for channel [id: 0x38be39b1, L:/127.0.0.1:53624 - R:localhost/127.0.0.1:32501]
21:02:06.622 [main] DEBUG net.thucydides.core.steps.StepInterceptor - STEP DONE: onLoginPage
  &amp#27;[32mGiven &amp#27;[0m&amp#27;[32muser on login page&amp#27;[0m                                         &amp#27;[90m# starter.stepdefinitions.LoginSteps.userOnLoginPage()&amp#27;[0m
21:02:06.675 [main] DEBUG net.thucydides.core.steps.StepInterceptor - STARTING STEP: LoginSteps.userInputValidEmail - inputEmail
21:02:06.690 [Forwarding findElement on session 698a376df15a46922bb2f431108262f6 to remote] DEBUG org.asynchttpclient.netty.request.NettyRequestSender - Using pooled Channel '[id: 0x38be39b1, L:/127.0.0.1:53624 - R:localhost/127.0.0.1:32501]' for 'POST' to 'http://localhost:32501/session/698a376df15a46922bb2f431108262f6/element'
21:02:06.690 [Forwarding findElement on session 698a376df15a46922bb2f431108262f6 to remote] DEBUG org.asynchttpclient.netty.request.NettyRequestSender - Using open Channel [id: 0x38be39b1, L:/127.0.0.1:53624 - R:localhost/127.0.0.1:32501] for POST '/session/698a376df15a46922bb2f431108262f6/element'
21:02:06.703 [AsyncHttpClient-1-1] DEBUG org.asynchttpclient.netty.channel.DefaultChannelPool - Entry count for : http://localhost:53625 : 1
21:02:06.715 [AsyncHttpClient-1-2] DEBUG org.asynchttpclient.netty.handler.HttpHandler - 

Request DefaultHttpRequest(decodeResult: success, version: HTTP/1.1)
POST /session/698a376df15a46922bb2f431108262f6/element HTTP/1.1
User-Agent: selenium/4.8.1 (java windows)
Content-Length: 55
Content-Type: application/json; charset=utf-8
host: localhost:32501
accept: */*

Response DefaultHttpResponse(decodeResult: success, version: HTTP/1.1)
HTTP/1.1 200 OK
Content-Length: 88
Content-Type: application/json; charset=utf-8
cache-control: no-cache

21:02:06.715 [AsyncHttpClient-1-2] DEBUG org.asynchttpclient.netty.channel.ChannelManager - Adding key: http://localhost:32501 for channel [id: 0x38be39b1, L:/127.0.0.1:53624 - R:localhost/127.0.0.1:32501]
21:02:06.723 [Forwarding clearElement on session 698a376df15a46922bb2f431108262f6 to remote] DEBUG org.asynchttpclient.netty.request.NettyRequestSender - Using pooled Channel '[id: 0x38be39b1, L:/127.0.0.1:53624 - R:localhost/127.0.0.1:32501]' for 'POST' to 'http://localhost:32501/session/698a376df15a46922bb2f431108262f6/element/08c9ad59-4d47-4530-aef0-a819e6a54c4f/clear'
21:02:06.724 [Forwarding clearElement on session 698a376df15a46922bb2f431108262f6 to remote] DEBUG org.asynchttpclient.netty.request.NettyRequestSender - Using open Channel [id: 0x38be39b1, L:/127.0.0.1:53624 - R:localhost/127.0.0.1:32501] for POST '/session/698a376df15a46922bb2f431108262f6/element/08c9ad59-4d47-4530-aef0-a819e6a54c4f/clear'
21:02:06.781 [AsyncHttpClient-1-2] DEBUG org.asynchttpclient.netty.handler.HttpHandler - 

Request DefaultHttpRequest(decodeResult: success, version: HTTP/1.1)
POST /session/698a376df15a46922bb2f431108262f6/element/08c9ad59-4d47-4530-aef0-a819e6a54c4f/clear HTTP/1.1
User-Agent: selenium/4.8.1 (java windows)
Content-Length: 50
Content-Type: application/json; charset=utf-8
host: localhost:32501
accept: */*

Response DefaultHttpResponse(decodeResult: success, version: HTTP/1.1)
HTTP/1.1 200 OK
Content-Length: 14
Content-Type: application/json; charset=utf-8
cache-control: no-cache

21:02:06.782 [AsyncHttpClient-1-2] DEBUG org.asynchttpclient.netty.channel.ChannelManager - Adding key: http://localhost:32501 for channel [id: 0x38be39b1, L:/127.0.0.1:53624 - R:localhost/127.0.0.1:32501]
21:02:06.794 [Forwarding sendKeysToElement on session 698a376df15a46922bb2f431108262f6 to remote] DEBUG org.asynchttpclient.netty.request.NettyRequestSender - Using pooled Channel '[id: 0x38be39b1, L:/127.0.0.1:53624 - R:localhost/127.0.0.1:32501]' for 'POST' to 'http://localhost:32501/session/698a376df15a46922bb2f431108262f6/element/08c9ad59-4d47-4530-aef0-a819e6a54c4f/value'
21:02:06.794 [Forwarding sendKeysToElement on session 698a376df15a46922bb2f431108262f6 to remote] DEBUG org.asynchttpclient.netty.request.NettyRequestSender - Using open Channel [id: 0x38be39b1, L:/127.0.0.1:53624 - R:localhost/127.0.0.1:32501] for POST '/session/698a376df15a46922bb2f431108262f6/element/08c9ad59-4d47-4530-aef0-a819e6a54c4f/value'
21:02:06.997 [AsyncHttpClient-1-2] DEBUG org.asynchttpclient.netty.handler.HttpHandler - 

Request DefaultHttpRequest(decodeResult: success, version: HTTP/1.1)
POST /session/698a376df15a46922bb2f431108262f6/element/08c9ad59-4d47-4530-aef0-a819e6a54c4f/value HTTP/1.1
User-Agent: selenium/4.8.1 (java windows)
Content-Length: 251
Content-Type: application/json; charset=utf-8
host: localhost:32501
accept: */*

Response DefaultHttpResponse(decodeResult: success, version: HTTP/1.1)
HTTP/1.1 200 OK
Content-Length: 14
Content-Type: application/json; charset=utf-8
cache-control: no-cache

21:02:06.998 [AsyncHttpClient-1-2] DEBUG org.asynchttpclient.netty.channel.ChannelManager - Adding key: http://localhost:32501 for channel [id: 0x38be39b1, L:/127.0.0.1:53624 - R:localhost/127.0.0.1:32501]
21:02:07.011 [main] DEBUG net.thucydides.core.steps.StepInterceptor - STEP DONE: inputEmail
  &amp#27;[32mWhen &amp#27;[0m&amp#27;[32muser input valid email&amp#27;[0m                                      &amp#27;[90m# starter.stepdefinitions.LoginSteps.userInputValidEmail()&amp#27;[0m
21:02:07.026 [main] DEBUG net.thucydides.core.steps.StepInterceptor - STARTING STEP: LoginSteps.userInputValidPassword - inputPassword
21:02:07.032 [Forwarding findElement on session 698a376df15a46922bb2f431108262f6 to remote] DEBUG org.asynchttpclient.netty.request.NettyRequestSender - Using pooled Channel '[id: 0x38be39b1, L:/127.0.0.1:53624 - R:localhost/127.0.0.1:32501]' for 'POST' to 'http://localhost:32501/session/698a376df15a46922bb2f431108262f6/element'
21:02:07.032 [Forwarding findElement on session 698a376df15a46922bb2f431108262f6 to remote] DEBUG org.asynchttpclient.netty.request.NettyRequestSender - Using open Channel [id: 0x38be39b1, L:/127.0.0.1:53624 - R:localhost/127.0.0.1:32501] for POST '/session/698a376df15a46922bb2f431108262f6/element'
21:02:07.046 [AsyncHttpClient-1-2] DEBUG org.asynchttpclient.netty.handler.HttpHandler - 

Request DefaultHttpRequest(decodeResult: success, version: HTTP/1.1)
POST /session/698a376df15a46922bb2f431108262f6/element HTTP/1.1
User-Agent: selenium/4.8.1 (java windows)
Content-Length: 55
Content-Type: application/json; charset=utf-8
host: localhost:32501
accept: */*

Response DefaultHttpResponse(decodeResult: success, version: HTTP/1.1)
HTTP/1.1 200 OK
Content-Length: 88
Content-Type: application/json; charset=utf-8
cache-control: no-cache

21:02:07.047 [AsyncHttpClient-1-2] DEBUG org.asynchttpclient.netty.channel.ChannelManager - Adding key: http://localhost:32501 for channel [id: 0x38be39b1, L:/127.0.0.1:53624 - R:localhost/127.0.0.1:32501]
21:02:07.049 [Forwarding clearElement on session 698a376df15a46922bb2f431108262f6 to remote] DEBUG org.asynchttpclient.netty.request.NettyRequestSender - Using pooled Channel '[id: 0x38be39b1, L:/127.0.0.1:53624 - R:localhost/127.0.0.1:32501]' for 'POST' to 'http://localhost:32501/session/698a376df15a46922bb2f431108262f6/element/4239b001-9436-4167-8581-66ad5b320a7d/clear'
21:02:07.049 [Forwarding clearElement on session 698a376df15a46922bb2f431108262f6 to remote] DEBUG org.asynchttpclient.netty.request.NettyRequestSender - Using open Channel [id: 0x38be39b1, L:/127.0.0.1:53624 - R:localhost/127.0.0.1:32501] for POST '/session/698a376df15a46922bb2f431108262f6/element/4239b001-9436-4167-8581-66ad5b320a7d/clear'
21:02:07.132 [AsyncHttpClient-1-2] DEBUG org.asynchttpclient.netty.handler.HttpHandler - 

Request DefaultHttpRequest(decodeResult: success, version: HTTP/1.1)
POST /session/698a376df15a46922bb2f431108262f6/element/4239b001-9436-4167-8581-66ad5b320a7d/clear HTTP/1.1
User-Agent: selenium/4.8.1 (java windows)
Content-Length: 50
Content-Type: application/json; charset=utf-8
host: localhost:32501
accept: */*

Response DefaultHttpResponse(decodeResult: success, version: HTTP/1.1)
HTTP/1.1 200 OK
Content-Length: 14
Content-Type: application/json; charset=utf-8
cache-control: no-cache

21:02:07.132 [AsyncHttpClient-1-2] DEBUG org.asynchttpclient.netty.channel.ChannelManager - Adding key: http://localhost:32501 for channel [id: 0x38be39b1, L:/127.0.0.1:53624 - R:localhost/127.0.0.1:32501]
21:02:07.137 [Forwarding sendKeysToElement on session 698a376df15a46922bb2f431108262f6 to remote] DEBUG org.asynchttpclient.netty.request.NettyRequestSender - Using pooled Channel '[id: 0x38be39b1, L:/127.0.0.1:53624 - R:localhost/127.0.0.1:32501]' for 'POST' to 'http://localhost:32501/session/698a376df15a46922bb2f431108262f6/element/4239b001-9436-4167-8581-66ad5b320a7d/value'
21:02:07.137 [Forwarding sendKeysToElement on session 698a376df15a46922bb2f431108262f6 to remote] DEBUG org.asynchttpclient.netty.request.NettyRequestSender - Using open Channel [id: 0x38be39b1, L:/127.0.0.1:53624 - R:localhost/127.0.0.1:32501] for POST '/session/698a376df15a46922bb2f431108262f6/element/4239b001-9436-4167-8581-66ad5b320a7d/value'
21:02:07.230 [AsyncHttpClient-1-2] DEBUG org.asynchttpclient.netty.handler.HttpHandler - 

Request DefaultHttpRequest(decodeResult: success, version: HTTP/1.1)
POST /session/698a376df15a46922bb2f431108262f6/element/4239b001-9436-4167-8581-66ad5b320a7d/value HTTP/1.1
User-Agent: selenium/4.8.1 (java windows)
Content-Length: 111
Content-Type: application/json; charset=utf-8
host: localhost:32501
accept: */*

Response DefaultHttpResponse(decodeResult: success, version: HTTP/1.1)
HTTP/1.1 200 OK
Content-Length: 14
Content-Type: application/json; charset=utf-8
cache-control: no-cache

21:02:07.230 [AsyncHttpClient-1-2] DEBUG org.asynchttpclient.netty.channel.ChannelManager - Adding key: http://localhost:32501 for channel [id: 0x38be39b1, L:/127.0.0.1:53624 - R:localhost/127.0.0.1:32501]
21:02:07.238 [main] DEBUG net.thucydides.core.steps.StepInterceptor - STEP DONE: inputPassword
  &amp#27;[32mAnd &amp#27;[0m&amp#27;[32muser input valid password&amp#27;[0m                                    &amp#27;[90m# starter.stepdefinitions.LoginSteps.userInputValidPassword()&amp#27;[0m
21:02:07.255 [main] DEBUG net.thucydides.core.steps.StepInterceptor - STARTING STEP: LoginSteps.userClickLoginButton - ClickLoginBtn
21:02:07.270 [Forwarding findElement on session 698a376df15a46922bb2f431108262f6 to remote] DEBUG org.asynchttpclient.netty.request.NettyRequestSender - Using pooled Channel '[id: 0x38be39b1, L:/127.0.0.1:53624 - R:localhost/127.0.0.1:32501]' for 'POST' to 'http://localhost:32501/session/698a376df15a46922bb2f431108262f6/element'
21:02:07.271 [Forwarding findElement on session 698a376df15a46922bb2f431108262f6 to remote] DEBUG org.asynchttpclient.netty.request.NettyRequestSender - Using open Channel [id: 0x38be39b1, L:/127.0.0.1:53624 - R:localhost/127.0.0.1:32501] for POST '/session/698a376df15a46922bb2f431108262f6/element'
21:02:07.282 [AsyncHttpClient-1-2] DEBUG org.asynchttpclient.netty.handler.HttpHandler - 

Request DefaultHttpRequest(decodeResult: success, version: HTTP/1.1)
POST /session/698a376df15a46922bb2f431108262f6/element HTTP/1.1
User-Agent: selenium/4.8.1 (java windows)
Content-Length: 69
Content-Type: application/json; charset=utf-8
host: localhost:32501
accept: */*

Response DefaultHttpResponse(decodeResult: success, version: HTTP/1.1)
HTTP/1.1 200 OK
Content-Length: 88
Content-Type: application/json; charset=utf-8
cache-control: no-cache

21:02:07.283 [AsyncHttpClient-1-2] DEBUG org.asynchttpclient.netty.channel.ChannelManager - Adding key: http://localhost:32501 for channel [id: 0x38be39b1, L:/127.0.0.1:53624 - R:localhost/127.0.0.1:32501]
21:02:07.288 [Forwarding getElementTagName on session 698a376df15a46922bb2f431108262f6 to remote] DEBUG org.asynchttpclient.netty.request.NettyRequestSender - Using pooled Channel '[id: 0x38be39b1, L:/127.0.0.1:53624 - R:localhost/127.0.0.1:32501]' for 'GET' to 'http://localhost:32501/session/698a376df15a46922bb2f431108262f6/element/af23f431-92cc-4b35-8899-8ebdb5ce634d/name'
21:02:07.288 [Forwarding getElementTagName on session 698a376df15a46922bb2f431108262f6 to remote] DEBUG org.asynchttpclient.netty.request.NettyRequestSender - Using open Channel [id: 0x38be39b1, L:/127.0.0.1:53624 - R:localhost/127.0.0.1:32501] for GET '/session/698a376df15a46922bb2f431108262f6/element/af23f431-92cc-4b35-8899-8ebdb5ce634d/name'
21:02:07.296 [AsyncHttpClient-1-2] DEBUG org.asynchttpclient.netty.handler.HttpHandler - 

Request DefaultFullHttpRequest(decodeResult: success, version: HTTP/1.1, content: EmptyByteBufBE)
GET /session/698a376df15a46922bb2f431108262f6/element/af23f431-92cc-4b35-8899-8ebdb5ce634d/name HTTP/1.1
User-Agent: selenium/4.8.1 (java windows)
Cache-Control: no-cache
Content-Type: application/json; charset=utf-8
host: localhost:32501
accept: */*

Response DefaultHttpResponse(decodeResult: success, version: HTTP/1.1)
HTTP/1.1 200 OK
Content-Length: 16
Content-Type: application/json; charset=utf-8
cache-control: no-cache

21:02:07.296 [AsyncHttpClient-1-2] DEBUG org.asynchttpclient.netty.channel.ChannelManager - Adding key: http://localhost:32501 for channel [id: 0x38be39b1, L:/127.0.0.1:53624 - R:localhost/127.0.0.1:32501]
21:02:07.300 [Forwarding getElementTagName on session 698a376df15a46922bb2f431108262f6 to remote] DEBUG org.asynchttpclient.netty.request.NettyRequestSender - Using pooled Channel '[id: 0x38be39b1, L:/127.0.0.1:53624 - R:localhost/127.0.0.1:32501]' for 'GET' to 'http://localhost:32501/session/698a376df15a46922bb2f431108262f6/element/af23f431-92cc-4b35-8899-8ebdb5ce634d/name'
21:02:07.301 [Forwarding getElementTagName on session 698a376df15a46922bb2f431108262f6 to remote] DEBUG org.asynchttpclient.netty.request.NettyRequestSender - Using open Channel [id: 0x38be39b1, L:/127.0.0.1:53624 - R:localhost/127.0.0.1:32501] for GET '/session/698a376df15a46922bb2f431108262f6/element/af23f431-92cc-4b35-8899-8ebdb5ce634d/name'
21:02:07.307 [AsyncHttpClient-1-2] DEBUG org.asynchttpclient.netty.handler.HttpHandler - 

Request DefaultFullHttpRequest(decodeResult: success, version: HTTP/1.1, content: EmptyByteBufBE)
GET /session/698a376df15a46922bb2f431108262f6/element/af23f431-92cc-4b35-8899-8ebdb5ce634d/name HTTP/1.1
User-Agent: selenium/4.8.1 (java windows)
Cache-Control: no-cache
Content-Type: application/json; charset=utf-8
host: localhost:32501
accept: */*

Response DefaultHttpResponse(decodeResult: success, version: HTTP/1.1)
HTTP/1.1 200 OK
Content-Length: 16
Content-Type: application/json; charset=utf-8
cache-control: no-cache

21:02:07.308 [AsyncHttpClient-1-2] DEBUG org.asynchttpclient.netty.channel.ChannelManager - Adding key: http://localhost:32501 for channel [id: 0x38be39b1, L:/127.0.0.1:53624 - R:localhost/127.0.0.1:32501]
21:02:07.311 [Forwarding findElement on session 698a376df15a46922bb2f431108262f6 to remote] DEBUG org.asynchttpclient.netty.request.NettyRequestSender - Using pooled Channel '[id: 0x38be39b1, L:/127.0.0.1:53624 - R:localhost/127.0.0.1:32501]' for 'POST' to 'http://localhost:32501/session/698a376df15a46922bb2f431108262f6/element'
21:02:07.311 [Forwarding findElement on session 698a376df15a46922bb2f431108262f6 to remote] DEBUG org.asynchttpclient.netty.request.NettyRequestSender - Using open Channel [id: 0x38be39b1, L:/127.0.0.1:53624 - R:localhost/127.0.0.1:32501] for POST '/session/698a376df15a46922bb2f431108262f6/element'
21:02:07.319 [AsyncHttpClient-1-2] DEBUG org.asynchttpclient.netty.handler.HttpHandler - 

Request DefaultHttpRequest(decodeResult: success, version: HTTP/1.1)
POST /session/698a376df15a46922bb2f431108262f6/element HTTP/1.1
User-Agent: selenium/4.8.1 (java windows)
Content-Length: 69
Content-Type: application/json; charset=utf-8
host: localhost:32501
accept: */*

Response DefaultHttpResponse(decodeResult: success, version: HTTP/1.1)
HTTP/1.1 200 OK
Content-Length: 88
Content-Type: application/json; charset=utf-8
cache-control: no-cache

21:02:07.320 [AsyncHttpClient-1-2] DEBUG org.asynchttpclient.netty.channel.ChannelManager - Adding key: http://localhost:32501 for channel [id: 0x38be39b1, L:/127.0.0.1:53624 - R:localhost/127.0.0.1:32501]
21:02:07.323 [Forwarding clickElement on session 698a376df15a46922bb2f431108262f6 to remote] DEBUG org.asynchttpclient.netty.request.NettyRequestSender - Using pooled Channel '[id: 0x38be39b1, L:/127.0.0.1:53624 - R:localhost/127.0.0.1:32501]' for 'POST' to 'http://localhost:32501/session/698a376df15a46922bb2f431108262f6/element/af23f431-92cc-4b35-8899-8ebdb5ce634d/click'
21:02:07.323 [Forwarding clickElement on session 698a376df15a46922bb2f431108262f6 to remote] DEBUG org.asynchttpclient.netty.request.NettyRequestSender - Using open Channel [id: 0x38be39b1, L:/127.0.0.1:53624 - R:localhost/127.0.0.1:32501] for POST '/session/698a376df15a46922bb2f431108262f6/element/af23f431-92cc-4b35-8899-8ebdb5ce634d/click'
21:02:07.398 [AsyncHttpClient-1-2] DEBUG org.asynchttpclient.netty.handler.HttpHandler - 

Request DefaultHttpRequest(decodeResult: success, version: HTTP/1.1)
POST /session/698a376df15a46922bb2f431108262f6/element/af23f431-92cc-4b35-8899-8ebdb5ce634d/click HTTP/1.1
User-Agent: selenium/4.8.1 (java windows)
Content-Length: 50
Content-Type: application/json; charset=utf-8
host: localhost:32501
accept: */*

Response DefaultHttpResponse(decodeResult: success, version: HTTP/1.1)
HTTP/1.1 200 OK
Content-Length: 14
Content-Type: application/json; charset=utf-8
cache-control: no-cache

21:02:07.398 [AsyncHttpClient-1-2] DEBUG org.asynchttpclient.netty.channel.ChannelManager - Adding key: http://localhost:32501 for channel [id: 0x38be39b1, L:/127.0.0.1:53624 - R:localhost/127.0.0.1:32501]
21:02:07.404 [main] DEBUG net.thucydides.core.steps.StepInterceptor - STEP DONE: ClickLoginBtn
  &amp#27;[32mAnd &amp#27;[0m&amp#27;[32muser click login button&amp#27;[0m                                      &amp#27;[90m# starter.stepdefinitions.LoginSteps.userClickLoginButton()&amp#27;[0m
21:02:07.418 [main] DEBUG net.thucydides.core.steps.StepInterceptor - STARTING STEP: LoginSteps.userOnProductsPage - onProductPage
21:02:07.427 [Forwarding findElement on session 698a376df15a46922bb2f431108262f6 to remote] DEBUG org.asynchttpclient.netty.request.NettyRequestSender - Using pooled Channel '[id: 0x38be39b1, L:/127.0.0.1:53624 - R:localhost/127.0.0.1:32501]' for 'POST' to 'http://localhost:32501/session/698a376df15a46922bb2f431108262f6/element'
21:02:07.428 [Forwarding findElement on session 698a376df15a46922bb2f431108262f6 to remote] DEBUG org.asynchttpclient.netty.request.NettyRequestSender - Using open Channel [id: 0x38be39b1, L:/127.0.0.1:53624 - R:localhost/127.0.0.1:32501] for POST '/session/698a376df15a46922bb2f431108262f6/element'
21:02:07.808 [AsyncHttpClient-1-1] DEBUG org.asynchttpclient.netty.channel.DefaultChannelPool - Entry count for : http://localhost:53625 : 1
21:02:08.900 [AsyncHttpClient-1-1] DEBUG org.asynchttpclient.netty.channel.DefaultChannelPool - Entry count for : http://localhost:53625 : 1
21:02:10.003 [AsyncHttpClient-1-1] DEBUG org.asynchttpclient.netty.channel.DefaultChannelPool - Entry count for : http://localhost:53625 : 1
21:02:11.110 [AsyncHttpClient-1-1] DEBUG org.asynchttpclient.netty.channel.DefaultChannelPool - Entry count for : http://localhost:53625 : 1
21:02:11.968 [AsyncHttpClient-1-2] DEBUG org.asynchttpclient.netty.handler.HttpHandler - 

Request DefaultHttpRequest(decodeResult: success, version: HTTP/1.1)
POST /session/698a376df15a46922bb2f431108262f6/element HTTP/1.1
User-Agent: selenium/4.8.1 (java windows)
Content-Length: 54
Content-Type: application/json; charset=utf-8
host: localhost:32501
accept: */*

Response DefaultHttpResponse(decodeResult: success, version: HTTP/1.1)
HTTP/1.1 200 OK
Content-Length: 88
Content-Type: application/json; charset=utf-8
cache-control: no-cache

21:02:11.969 [AsyncHttpClient-1-2] DEBUG org.asynchttpclient.netty.channel.ChannelManager - Adding key: http://localhost:32501 for channel [id: 0x38be39b1, L:/127.0.0.1:53624 - R:localhost/127.0.0.1:32501]
21:02:11.987 [Forwarding isElementDisplayed on session 698a376df15a46922bb2f431108262f6 to remote] DEBUG org.asynchttpclient.netty.request.NettyRequestSender - Using pooled Channel '[id: 0x38be39b1, L:/127.0.0.1:53624 - R:localhost/127.0.0.1:32501]' for 'POST' to 'http://localhost:32501/session/698a376df15a46922bb2f431108262f6/execute/sync'
21:02:11.987 [Forwarding isElementDisplayed on session 698a376df15a46922bb2f431108262f6 to remote] DEBUG org.asynchttpclient.netty.request.NettyRequestSender - Using open Channel [id: 0x38be39b1, L:/127.0.0.1:53624 - R:localhost/127.0.0.1:32501] for POST '/session/698a376df15a46922bb2f431108262f6/execute/sync'
21:02:12.004 [AsyncHttpClient-1-2] DEBUG org.asynchttpclient.netty.handler.HttpHandler - 

Request DefaultHttpRequest(decodeResult: success, version: HTTP/1.1)
POST /session/698a376df15a46922bb2f431108262f6/execute/sync HTTP/1.1
User-Agent: selenium/4.8.1 (java windows)
Content-Length: 48807
Content-Type: application/json; charset=utf-8
host: localhost:32501
accept: */*

Response DefaultHttpResponse(decodeResult: success, version: HTTP/1.1)
HTTP/1.1 200 OK
Content-Length: 14
Content-Type: application/json; charset=utf-8
cache-control: no-cache

21:02:12.005 [AsyncHttpClient-1-2] DEBUG org.asynchttpclient.netty.channel.ChannelManager - Adding key: http://localhost:32501 for channel [id: 0x38be39b1, L:/127.0.0.1:53624 - R:localhost/127.0.0.1:32501]
21:02:12.013 [Forwarding isElementDisplayed on session 698a376df15a46922bb2f431108262f6 to remote] DEBUG org.asynchttpclient.netty.request.NettyRequestSender - Using pooled Channel '[id: 0x38be39b1, L:/127.0.0.1:53624 - R:localhost/127.0.0.1:32501]' for 'POST' to 'http://localhost:32501/session/698a376df15a46922bb2f431108262f6/execute/sync'
21:02:12.014 [Forwarding isElementDisplayed on session 698a376df15a46922bb2f431108262f6 to remote] DEBUG org.asynchttpclient.netty.request.NettyRequestSender - Using open Channel [id: 0x38be39b1, L:/127.0.0.1:53624 - R:localhost/127.0.0.1:32501] for POST '/session/698a376df15a46922bb2f431108262f6/execute/sync'
21:02:12.029 [AsyncHttpClient-1-2] DEBUG org.asynchttpclient.netty.handler.HttpHandler - 

Request DefaultHttpRequest(decodeResult: success, version: HTTP/1.1)
POST /session/698a376df15a46922bb2f431108262f6/execute/sync HTTP/1.1
User-Agent: selenium/4.8.1 (java windows)
Content-Length: 48807
Content-Type: application/json; charset=utf-8
host: localhost:32501
accept: */*

Response DefaultHttpResponse(decodeResult: success, version: HTTP/1.1)
HTTP/1.1 200 OK
Content-Length: 14
Content-Type: application/json; charset=utf-8
cache-control: no-cache

21:02:12.029 [AsyncHttpClient-1-2] DEBUG org.asynchttpclient.netty.channel.ChannelManager - Adding key: http://localhost:32501 for channel [id: 0x38be39b1, L:/127.0.0.1:53624 - R:localhost/127.0.0.1:32501]
21:02:12.036 [main] DEBUG net.thucydides.core.steps.StepInterceptor - STEP DONE: onProductPage
  &amp#27;[32mAnd &amp#27;[0m&amp#27;[32muser on products page&amp#27;[0m                                        &amp#27;[90m# starter.stepdefinitions.LoginSteps.userOnProductsPage()&amp#27;[0m
21:02:12.200 [AsyncHttpClient-1-1] DEBUG org.asynchttpclient.netty.channel.DefaultChannelPool - Entry count for : http://localhost:53625 : 1
21:02:12.200 [AsyncHttpClient-1-1] DEBUG org.asynchttpclient.netty.channel.DefaultChannelPool - Entry count for : http://localhost:32501 : 1
21:02:12.404 [Forwarding findElement on session 698a376df15a46922bb2f431108262f6 to remote] DEBUG org.asynchttpclient.netty.request.NettyRequestSender - Using pooled Channel '[id: 0x38be39b1, L:/127.0.0.1:53624 - R:localhost/127.0.0.1:32501]' for 'POST' to 'http://localhost:32501/session/698a376df15a46922bb2f431108262f6/element'
21:02:12.405 [Forwarding findElement on session 698a376df15a46922bb2f431108262f6 to remote] DEBUG org.asynchttpclient.netty.request.NettyRequestSender - Using open Channel [id: 0x38be39b1, L:/127.0.0.1:53624 - R:localhost/127.0.0.1:32501] for POST '/session/698a376df15a46922bb2f431108262f6/element'
21:02:12.425 [AsyncHttpClient-1-2] DEBUG org.asynchttpclient.netty.handler.HttpHandler - 

Request DefaultHttpRequest(decodeResult: success, version: HTTP/1.1)
POST /session/698a376df15a46922bb2f431108262f6/element HTTP/1.1
User-Agent: selenium/4.8.1 (java windows)
Content-Length: 68
Content-Type: application/json; charset=utf-8
host: localhost:32501
accept: */*

Response DefaultHttpResponse(decodeResult: success, version: HTTP/1.1)
HTTP/1.1 200 OK
Content-Length: 88
Content-Type: application/json; charset=utf-8
cache-control: no-cache

21:02:12.425 [AsyncHttpClient-1-2] DEBUG org.asynchttpclient.netty.channel.ChannelManager - Adding key: http://localhost:32501 for channel [id: 0x38be39b1, L:/127.0.0.1:53624 - R:localhost/127.0.0.1:32501]
21:02:12.428 [Forwarding getElementTagName on session 698a376df15a46922bb2f431108262f6 to remote] DEBUG org.asynchttpclient.netty.request.NettyRequestSender - Using pooled Channel '[id: 0x38be39b1, L:/127.0.0.1:53624 - R:localhost/127.0.0.1:32501]' for 'GET' to 'http://localhost:32501/session/698a376df15a46922bb2f431108262f6/element/3dd511da-d23b-49e4-8db2-f35cbf16020c/name'
21:02:12.428 [Forwarding getElementTagName on session 698a376df15a46922bb2f431108262f6 to remote] DEBUG org.asynchttpclient.netty.request.NettyRequestSender - Using open Channel [id: 0x38be39b1, L:/127.0.0.1:53624 - R:localhost/127.0.0.1:32501] for GET '/session/698a376df15a46922bb2f431108262f6/element/3dd511da-d23b-49e4-8db2-f35cbf16020c/name'
21:02:12.434 [AsyncHttpClient-1-2] DEBUG org.asynchttpclient.netty.handler.HttpHandler - 

Request DefaultFullHttpRequest(decodeResult: success, version: HTTP/1.1, content: EmptyByteBufBE)
GET /session/698a376df15a46922bb2f431108262f6/element/3dd511da-d23b-49e4-8db2-f35cbf16020c/name HTTP/1.1
User-Agent: selenium/4.8.1 (java windows)
Cache-Control: no-cache
Content-Type: application/json; charset=utf-8
host: localhost:32501
accept: */*

Response DefaultHttpResponse(decodeResult: success, version: HTTP/1.1)
HTTP/1.1 200 OK
Content-Length: 16
Content-Type: application/json; charset=utf-8
cache-control: no-cache

21:02:12.435 [AsyncHttpClient-1-2] DEBUG org.asynchttpclient.netty.channel.ChannelManager - Adding key: http://localhost:32501 for channel [id: 0x38be39b1, L:/127.0.0.1:53624 - R:localhost/127.0.0.1:32501]
21:02:12.438 [Forwarding getElementTagName on session 698a376df15a46922bb2f431108262f6 to remote] DEBUG org.asynchttpclient.netty.request.NettyRequestSender - Using pooled Channel '[id: 0x38be39b1, L:/127.0.0.1:53624 - R:localhost/127.0.0.1:32501]' for 'GET' to 'http://localhost:32501/session/698a376df15a46922bb2f431108262f6/element/3dd511da-d23b-49e4-8db2-f35cbf16020c/name'
21:02:12.438 [Forwarding getElementTagName on session 698a376df15a46922bb2f431108262f6 to remote] DEBUG org.asynchttpclient.netty.request.NettyRequestSender - Using open Channel [id: 0x38be39b1, L:/127.0.0.1:53624 - R:localhost/127.0.0.1:32501] for GET '/session/698a376df15a46922bb2f431108262f6/element/3dd511da-d23b-49e4-8db2-f35cbf16020c/name'
21:02:12.443 [AsyncHttpClient-1-2] DEBUG org.asynchttpclient.netty.handler.HttpHandler - 

Request DefaultFullHttpRequest(decodeResult: success, version: HTTP/1.1, content: EmptyByteBufBE)
GET /session/698a376df15a46922bb2f431108262f6/element/3dd511da-d23b-49e4-8db2-f35cbf16020c/name HTTP/1.1
User-Agent: selenium/4.8.1 (java windows)
Cache-Control: no-cache
Content-Type: application/json; charset=utf-8
host: localhost:32501
accept: */*

Response DefaultHttpResponse(decodeResult: success, version: HTTP/1.1)
HTTP/1.1 200 OK
Content-Length: 16
Content-Type: application/json; charset=utf-8
cache-control: no-cache

21:02:12.444 [AsyncHttpClient-1-2] DEBUG org.asynchttpclient.netty.channel.ChannelManager - Adding key: http://localhost:32501 for channel [id: 0x38be39b1, L:/127.0.0.1:53624 - R:localhost/127.0.0.1:32501]
21:02:12.448 [Forwarding findElement on session 698a376df15a46922bb2f431108262f6 to remote] DEBUG org.asynchttpclient.netty.request.NettyRequestSender - Using pooled Channel '[id: 0x38be39b1, L:/127.0.0.1:53624 - R:localhost/127.0.0.1:32501]' for 'POST' to 'http://localhost:32501/session/698a376df15a46922bb2f431108262f6/element'
21:02:12.448 [Forwarding findElement on session 698a376df15a46922bb2f431108262f6 to remote] DEBUG org.asynchttpclient.netty.request.NettyRequestSender - Using open Channel [id: 0x38be39b1, L:/127.0.0.1:53624 - R:localhost/127.0.0.1:32501] for POST '/session/698a376df15a46922bb2f431108262f6/element'
21:02:12.461 [AsyncHttpClient-1-2] DEBUG org.asynchttpclient.netty.handler.HttpHandler - 

Request DefaultHttpRequest(decodeResult: success, version: HTTP/1.1)
POST /session/698a376df15a46922bb2f431108262f6/element HTTP/1.1
User-Agent: selenium/4.8.1 (java windows)
Content-Length: 68
Content-Type: application/json; charset=utf-8
host: localhost:32501
accept: */*

Response DefaultHttpResponse(decodeResult: success, version: HTTP/1.1)
HTTP/1.1 200 OK
Content-Length: 88
Content-Type: application/json; charset=utf-8
cache-control: no-cache

21:02:12.462 [AsyncHttpClient-1-2] DEBUG org.asynchttpclient.netty.channel.ChannelManager - Adding key: http://localhost:32501 for channel [id: 0x38be39b1, L:/127.0.0.1:53624 - R:localhost/127.0.0.1:32501]
21:02:12.464 [Forwarding clickElement on session 698a376df15a46922bb2f431108262f6 to remote] DEBUG org.asynchttpclient.netty.request.NettyRequestSender - Using pooled Channel '[id: 0x38be39b1, L:/127.0.0.1:53624 - R:localhost/127.0.0.1:32501]' for 'POST' to 'http://localhost:32501/session/698a376df15a46922bb2f431108262f6/element/3dd511da-d23b-49e4-8db2-f35cbf16020c/click'
21:02:12.464 [Forwarding clickElement on session 698a376df15a46922bb2f431108262f6 to remote] DEBUG org.asynchttpclient.netty.request.NettyRequestSender - Using open Channel [id: 0x38be39b1, L:/127.0.0.1:53624 - R:localhost/127.0.0.1:32501] for POST '/session/698a376df15a46922bb2f431108262f6/element/3dd511da-d23b-49e4-8db2-f35cbf16020c/click'
21:02:12.582 [AsyncHttpClient-1-2] DEBUG org.asynchttpclient.netty.handler.HttpHandler - 

Request DefaultHttpRequest(decodeResult: success, version: HTTP/1.1)
POST /session/698a376df15a46922bb2f431108262f6/element/3dd511da-d23b-49e4-8db2-f35cbf16020c/click HTTP/1.1
User-Agent: selenium/4.8.1 (java windows)
Content-Length: 50
Content-Type: application/json; charset=utf-8
host: localhost:32501
accept: */*

Response DefaultHttpResponse(decodeResult: success, version: HTTP/1.1)
HTTP/1.1 200 OK
Content-Length: 14
Content-Type: application/json; charset=utf-8
cache-control: no-cache

21:02:12.583 [AsyncHttpClient-1-2] DEBUG org.asynchttpclient.netty.channel.ChannelManager - Adding key: http://localhost:32501 for channel [id: 0x38be39b1, L:/127.0.0.1:53624 - R:localhost/127.0.0.1:32501]
  &amp#27;[32mWhen &amp#27;[0m&amp#27;[32muser click button Beli&amp#27;[0m                                      &amp#27;[90m# starter.stepdefinitions.ChooseProductSteps.userClickButtonBeli()&amp#27;[0m
21:02:12.601 [Forwarding findElement on session 698a376df15a46922bb2f431108262f6 to remote] DEBUG org.asynchttpclient.netty.request.NettyRequestSender - Using pooled Channel '[id: 0x38be39b1, L:/127.0.0.1:53624 - R:localhost/127.0.0.1:32501]' for 'POST' to 'http://localhost:32501/session/698a376df15a46922bb2f431108262f6/element'
21:02:12.603 [Forwarding findElement on session 698a376df15a46922bb2f431108262f6 to remote] DEBUG org.asynchttpclient.netty.request.NettyRequestSender - Using open Channel [id: 0x38be39b1, L:/127.0.0.1:53624 - R:localhost/127.0.0.1:32501] for POST '/session/698a376df15a46922bb2f431108262f6/element'
21:02:12.633 [AsyncHttpClient-1-2] DEBUG org.asynchttpclient.netty.handler.HttpHandler - 

Request DefaultHttpRequest(decodeResult: success, version: HTTP/1.1)
POST /session/698a376df15a46922bb2f431108262f6/element HTTP/1.1
User-Agent: selenium/4.8.1 (java windows)
Content-Length: 71
Content-Type: application/json; charset=utf-8
host: localhost:32501
accept: */*

Response DefaultHttpResponse(decodeResult: success, version: HTTP/1.1)
HTTP/1.1 200 OK
Content-Length: 88
Content-Type: application/json; charset=utf-8
cache-control: no-cache

21:02:12.633 [AsyncHttpClient-1-2] DEBUG org.asynchttpclient.netty.channel.ChannelManager - Adding key: http://localhost:32501 for channel [id: 0x38be39b1, L:/127.0.0.1:53624 - R:localhost/127.0.0.1:32501]
21:02:12.638 [Forwarding getElementTagName on session 698a376df15a46922bb2f431108262f6 to remote] DEBUG org.asynchttpclient.netty.request.NettyRequestSender - Using pooled Channel '[id: 0x38be39b1, L:/127.0.0.1:53624 - R:localhost/127.0.0.1:32501]' for 'GET' to 'http://localhost:32501/session/698a376df15a46922bb2f431108262f6/element/7abc08e1-b79c-488a-b8d1-24fa4289adb9/name'
21:02:12.638 [Forwarding getElementTagName on session 698a376df15a46922bb2f431108262f6 to remote] DEBUG org.asynchttpclient.netty.request.NettyRequestSender - Using open Channel [id: 0x38be39b1, L:/127.0.0.1:53624 - R:localhost/127.0.0.1:32501] for GET '/session/698a376df15a46922bb2f431108262f6/element/7abc08e1-b79c-488a-b8d1-24fa4289adb9/name'
21:02:12.644 [AsyncHttpClient-1-2] DEBUG org.asynchttpclient.netty.handler.HttpHandler - 

Request DefaultFullHttpRequest(decodeResult: success, version: HTTP/1.1, content: EmptyByteBufBE)
GET /session/698a376df15a46922bb2f431108262f6/element/7abc08e1-b79c-488a-b8d1-24fa4289adb9/name HTTP/1.1
User-Agent: selenium/4.8.1 (java windows)
Cache-Control: no-cache
Content-Type: application/json; charset=utf-8
host: localhost:32501
accept: */*

Response DefaultHttpResponse(decodeResult: success, version: HTTP/1.1)
HTTP/1.1 200 OK
Content-Length: 13
Content-Type: application/json; charset=utf-8
cache-control: no-cache

21:02:12.644 [AsyncHttpClient-1-2] DEBUG org.asynchttpclient.netty.channel.ChannelManager - Adding key: http://localhost:32501 for channel [id: 0x38be39b1, L:/127.0.0.1:53624 - R:localhost/127.0.0.1:32501]
21:02:12.647 [Forwarding getElementTagName on session 698a376df15a46922bb2f431108262f6 to remote] DEBUG org.asynchttpclient.netty.request.NettyRequestSender - Using pooled Channel '[id: 0x38be39b1, L:/127.0.0.1:53624 - R:localhost/127.0.0.1:32501]' for 'GET' to 'http://localhost:32501/session/698a376df15a46922bb2f431108262f6/element/7abc08e1-b79c-488a-b8d1-24fa4289adb9/name'
21:02:12.647 [Forwarding getElementTagName on session 698a376df15a46922bb2f431108262f6 to remote] DEBUG org.asynchttpclient.netty.request.NettyRequestSender - Using open Channel [id: 0x38be39b1, L:/127.0.0.1:53624 - R:localhost/127.0.0.1:32501] for GET '/session/698a376df15a46922bb2f431108262f6/element/7abc08e1-b79c-488a-b8d1-24fa4289adb9/name'
21:02:12.651 [AsyncHttpClient-1-2] DEBUG org.asynchttpclient.netty.handler.HttpHandler - 

Request DefaultFullHttpRequest(decodeResult: success, version: HTTP/1.1, content: EmptyByteBufBE)
GET /session/698a376df15a46922bb2f431108262f6/element/7abc08e1-b79c-488a-b8d1-24fa4289adb9/name HTTP/1.1
User-Agent: selenium/4.8.1 (java windows)
Cache-Control: no-cache
Content-Type: application/json; charset=utf-8
host: localhost:32501
accept: */*

Response DefaultHttpResponse(decodeResult: success, version: HTTP/1.1)
HTTP/1.1 200 OK
Content-Length: 13
Content-Type: application/json; charset=utf-8
cache-control: no-cache

21:02:12.652 [AsyncHttpClient-1-2] DEBUG org.asynchttpclient.netty.channel.ChannelManager - Adding key: http://localhost:32501 for channel [id: 0x38be39b1, L:/127.0.0.1:53624 - R:localhost/127.0.0.1:32501]
21:02:12.657 [Forwarding findElement on session 698a376df15a46922bb2f431108262f6 to remote] DEBUG org.asynchttpclient.netty.request.NettyRequestSender - Using pooled Channel '[id: 0x38be39b1, L:/127.0.0.1:53624 - R:localhost/127.0.0.1:32501]' for 'POST' to 'http://localhost:32501/session/698a376df15a46922bb2f431108262f6/element'
21:02:12.657 [Forwarding findElement on session 698a376df15a46922bb2f431108262f6 to remote] DEBUG org.asynchttpclient.netty.request.NettyRequestSender - Using open Channel [id: 0x38be39b1, L:/127.0.0.1:53624 - R:localhost/127.0.0.1:32501] for POST '/session/698a376df15a46922bb2f431108262f6/element'
21:02:12.667 [AsyncHttpClient-1-2] DEBUG org.asynchttpclient.netty.handler.HttpHandler - 

Request DefaultHttpRequest(decodeResult: success, version: HTTP/1.1)
POST /session/698a376df15a46922bb2f431108262f6/element HTTP/1.1
User-Agent: selenium/4.8.1 (java windows)
Content-Length: 71
Content-Type: application/json; charset=utf-8
host: localhost:32501
accept: */*

Response DefaultHttpResponse(decodeResult: success, version: HTTP/1.1)
HTTP/1.1 200 OK
Content-Length: 88
Content-Type: application/json; charset=utf-8
cache-control: no-cache

21:02:12.667 [AsyncHttpClient-1-2] DEBUG org.asynchttpclient.netty.channel.ChannelManager - Adding key: http://localhost:32501 for channel [id: 0x38be39b1, L:/127.0.0.1:53624 - R:localhost/127.0.0.1:32501]
21:02:12.671 [Forwarding clickElement on session 698a376df15a46922bb2f431108262f6 to remote] DEBUG org.asynchttpclient.netty.request.NettyRequestSender - Using pooled Channel '[id: 0x38be39b1, L:/127.0.0.1:53624 - R:localhost/127.0.0.1:32501]' for 'POST' to 'http://localhost:32501/session/698a376df15a46922bb2f431108262f6/element/7abc08e1-b79c-488a-b8d1-24fa4289adb9/click'
21:02:12.671 [Forwarding clickElement on session 698a376df15a46922bb2f431108262f6 to remote] DEBUG org.asynchttpclient.netty.request.NettyRequestSender - Using open Channel [id: 0x38be39b1, L:/127.0.0.1:53624 - R:localhost/127.0.0.1:32501] for POST '/session/698a376df15a46922bb2f431108262f6/element/7abc08e1-b79c-488a-b8d1-24fa4289adb9/click'
21:02:12.741 [AsyncHttpClient-1-2] DEBUG org.asynchttpclient.netty.handler.HttpHandler - 

Request DefaultHttpRequest(decodeResult: success, version: HTTP/1.1)
POST /session/698a376df15a46922bb2f431108262f6/element/7abc08e1-b79c-488a-b8d1-24fa4289adb9/click HTTP/1.1
User-Agent: selenium/4.8.1 (java windows)
Content-Length: 50
Content-Type: application/json; charset=utf-8
host: localhost:32501
accept: */*

Response DefaultHttpResponse(decodeResult: success, version: HTTP/1.1)
HTTP/1.1 200 OK
Content-Length: 14
Content-Type: application/json; charset=utf-8
cache-control: no-cache

21:02:12.741 [AsyncHttpClient-1-2] DEBUG org.asynchttpclient.netty.channel.ChannelManager - Adding key: http://localhost:32501 for channel [id: 0x38be39b1, L:/127.0.0.1:53624 - R:localhost/127.0.0.1:32501]
  &amp#27;[32mAnd &amp#27;[0m&amp#27;[32muser click cart&amp#27;[0m                                              &amp#27;[90m# starter.stepdefinitions.ChooseProductSteps.userClickCart()&amp#27;[0m
21:02:12.774 [Forwarding findElement on session 698a376df15a46922bb2f431108262f6 to remote] DEBUG org.asynchttpclient.netty.request.NettyRequestSender - Using pooled Channel '[id: 0x38be39b1, L:/127.0.0.1:53624 - R:localhost/127.0.0.1:32501]' for 'POST' to 'http://localhost:32501/session/698a376df15a46922bb2f431108262f6/element'
21:02:12.774 [Forwarding findElement on session 698a376df15a46922bb2f431108262f6 to remote] DEBUG org.asynchttpclient.netty.request.NettyRequestSender - Using open Channel [id: 0x38be39b1, L:/127.0.0.1:53624 - R:localhost/127.0.0.1:32501] for POST '/session/698a376df15a46922bb2f431108262f6/element'
21:02:13.006 [AsyncHttpClient-1-2] DEBUG org.asynchttpclient.netty.handler.HttpHandler - 

Request DefaultHttpRequest(decodeResult: success, version: HTTP/1.1)
POST /session/698a376df15a46922bb2f431108262f6/element HTTP/1.1
User-Agent: selenium/4.8.1 (java windows)
Content-Length: 71
Content-Type: application/json; charset=utf-8
host: localhost:32501
accept: */*

Response DefaultHttpResponse(decodeResult: success, version: HTTP/1.1)
HTTP/1.1 200 OK
Content-Length: 88
Content-Type: application/json; charset=utf-8
cache-control: no-cache

21:02:13.007 [AsyncHttpClient-1-2] DEBUG org.asynchttpclient.netty.channel.ChannelManager - Adding key: http://localhost:32501 for channel [id: 0x38be39b1, L:/127.0.0.1:53624 - R:localhost/127.0.0.1:32501]
21:02:13.013 [Forwarding isElementDisplayed on session 698a376df15a46922bb2f431108262f6 to remote] DEBUG org.asynchttpclient.netty.request.NettyRequestSender - Using pooled Channel '[id: 0x38be39b1, L:/127.0.0.1:53624 - R:localhost/127.0.0.1:32501]' for 'POST' to 'http://localhost:32501/session/698a376df15a46922bb2f431108262f6/execute/sync'
21:02:13.013 [Forwarding isElementDisplayed on session 698a376df15a46922bb2f431108262f6 to remote] DEBUG org.asynchttpclient.netty.request.NettyRequestSender - Using open Channel [id: 0x38be39b1, L:/127.0.0.1:53624 - R:localhost/127.0.0.1:32501] for POST '/session/698a376df15a46922bb2f431108262f6/execute/sync'
21:02:13.032 [AsyncHttpClient-1-2] DEBUG org.asynchttpclient.netty.handler.HttpHandler - 

Request DefaultHttpRequest(decodeResult: success, version: HTTP/1.1)
POST /session/698a376df15a46922bb2f431108262f6/execute/sync HTTP/1.1
User-Agent: selenium/4.8.1 (java windows)
Content-Length: 48807
Content-Type: application/json; charset=utf-8
host: localhost:32501
accept: */*

Response DefaultHttpResponse(decodeResult: success, version: HTTP/1.1)
HTTP/1.1 200 OK
Content-Length: 14
Content-Type: application/json; charset=utf-8
cache-control: no-cache

21:02:13.032 [AsyncHttpClient-1-2] DEBUG org.asynchttpclient.netty.channel.ChannelManager - Adding key: http://localhost:32501 for channel [id: 0x38be39b1, L:/127.0.0.1:53624 - R:localhost/127.0.0.1:32501]
21:02:13.039 [Forwarding isElementDisplayed on session 698a376df15a46922bb2f431108262f6 to remote] DEBUG org.asynchttpclient.netty.request.NettyRequestSender - Using pooled Channel '[id: 0x38be39b1, L:/127.0.0.1:53624 - R:localhost/127.0.0.1:32501]' for 'POST' to 'http://localhost:32501/session/698a376df15a46922bb2f431108262f6/execute/sync'
21:02:13.039 [Forwarding isElementDisplayed on session 698a376df15a46922bb2f431108262f6 to remote] DEBUG org.asynchttpclient.netty.request.NettyRequestSender - Using open Channel [id: 0x38be39b1, L:/127.0.0.1:53624 - R:localhost/127.0.0.1:32501] for POST '/session/698a376df15a46922bb2f431108262f6/execute/sync'
21:02:13.052 [AsyncHttpClient-1-2] DEBUG org.asynchttpclient.netty.handler.HttpHandler - 

Request DefaultHttpRequest(decodeResult: success, version: HTTP/1.1)
POST /session/698a376df15a46922bb2f431108262f6/execute/sync HTTP/1.1
User-Agent: selenium/4.8.1 (java windows)
Content-Length: 48807
Content-Type: application/json; charset=utf-8
host: localhost:32501
accept: */*

Response DefaultHttpResponse(decodeResult: success, version: HTTP/1.1)
HTTP/1.1 200 OK
Content-Length: 14
Content-Type: application/json; charset=utf-8
cache-control: no-cache

21:02:13.052 [AsyncHttpClient-1-2] DEBUG org.asynchttpclient.netty.channel.ChannelManager - Adding key: http://localhost:32501 for channel [id: 0x38be39b1, L:/127.0.0.1:53624 - R:localhost/127.0.0.1:32501]
  &amp#27;[32mThen &amp#27;[0m&amp#27;[32mthe product has been successfully selected&amp#27;[0m                  &amp#27;[90m# starter.stepdefinitions.ChooseProductSteps.theProductHasBeenSuccessfullySelected()&amp#27;[0m
21:02:13.065 [main] INFO  - 
  _____   ___   ___   _____     ___     _     ___   ___   ___   ___  
 |_   _| | __| / __| |_   _|   | _ \   /_\   / __| / __| | __| |   \ 
   | |   | _|  \__ \   | |     |  _/  / _ \  \__ \ \__ \ | _|  | |) |
   |_|   |___| |___/   |_|     |_|   /_/ \_\ |___/ |___/ |___| |___/ 

as user i want to choose product and add product to cart
----------------------------------------------------------------------
21:02:13.196 [AsyncHttpClient-1-4] DEBUG org.asynchttpclient.netty.handler.WebSocketHandler - Channel Closed: [id: 0x3c6bf272, L:/127.0.0.1:53632 ! R:localhost/127.0.0.1:53625] with attribute NettyResponseFuture{currentRetry=0,
	isDone=1,
	isCancelled=0,
	asyncHandler=org.asynchttpclient.ws.WebSocketUpgradeHandler@7c92ac29,
	nettyRequest=org.asynchttpclient.netty.request.NettyRequest@4b90641,
	future=java.util.concurrent.CompletableFuture@79daa735[Completed normally],
	uri=ws://localhost:53625/devtools/browser/f327dd1d-f469-42f9-b2ca-89f5057f5922,
	keepAlive=true,
	redirectCount=0,
	timeoutsHolder=null,
	inAuth=0,
	touch=1683554515739}
21:02:13.197 [AsyncHttpClient-1-4] DEBUG org.asynchttpclient.netty.channel.ChannelManager - Closing Channel [id: 0x3c6bf272, L:/127.0.0.1:53632 ! R:localhost/127.0.0.1:53625] 
21:02:13.198 [Driver Command Executor] DEBUG org.asynchttpclient.netty.request.NettyRequestSender - Using pooled Channel '[id: 0x38be39b1, L:/127.0.0.1:53624 - R:localhost/127.0.0.1:32501]' for 'DELETE' to 'http://localhost:32501/session/698a376df15a46922bb2f431108262f6'
21:02:13.198 [Driver Command Executor] DEBUG org.asynchttpclient.netty.request.NettyRequestSender - Using open Channel [id: 0x38be39b1, L:/127.0.0.1:53624 - R:localhost/127.0.0.1:32501] for DELETE '/session/698a376df15a46922bb2f431108262f6'
21:02:13.299 [AsyncHttpClient-1-1] DEBUG org.asynchttpclient.netty.channel.DefaultChannelPool - Entry count for : http://localhost:53625 : 1
21:02:13.312 [AsyncHttpClient-1-3] DEBUG org.asynchttpclient.netty.handler.HttpHandler - Unexpected I/O exception on channel [id: 0xc2aedda0, L:/127.0.0.1:53631 - R:localhost/127.0.0.1:53625]
java.io.IOException: An existing connection was forcibly closed by the remote host
	at sun.nio.ch.SocketDispatcher.read0(Native Method)
	at sun.nio.ch.SocketDispatcher.read(SocketDispatcher.java:43)
	at sun.nio.ch.IOUtil.readIntoNativeBuffer(IOUtil.java:223)
	at sun.nio.ch.IOUtil.read(IOUtil.java:192)
	at sun.nio.ch.SocketChannelImpl.read(SocketChannelImpl.java:380)
	at io.netty.buffer.PooledByteBuf.setBytes(PooledByteBuf.java:259)
	at io.netty.buffer.AbstractByteBuf.writeBytes(AbstractByteBuf.java:1132)
	at io.netty.channel.socket.nio.NioSocketChannel.doReadBytes(NioSocketChannel.java:357)
	at io.netty.channel.nio.AbstractNioByteChannel$NioByteUnsafe.read(AbstractNioByteChannel.java:151)
	at io.netty.channel.nio.NioEventLoop.processSelectedKey(NioEventLoop.java:788)
	at io.netty.channel.nio.NioEventLoop.processSelectedKeysOptimized(NioEventLoop.java:724)
	at io.netty.channel.nio.NioEventLoop.processSelectedKeys(NioEventLoop.java:650)
	at io.netty.channel.nio.NioEventLoop.run(NioEventLoop.java:562)
	at io.netty.util.concurrent.SingleThreadEventExecutor$4.run(SingleThreadEventExecutor.java:997)
	at io.netty.util.internal.ThreadExecutorMap$2.run(ThreadExecutorMap.java:74)
	at io.netty.util.concurrent.FastThreadLocalRunnable.run(FastThreadLocalRunnable.java:30)
	at java.lang.Thread.run(Thread.java:748)
21:02:13.312 [AsyncHttpClient-1-3] DEBUG org.asynchttpclient.netty.channel.ChannelManager - Closing Channel [id: 0xc2aedda0, L:/127.0.0.1:53631 - R:localhost/127.0.0.1:53625] 
21:02:13.314 [AsyncHttpClient-1-3] DEBUG org.asynchttpclient.netty.handler.HttpHandler - Channel Closed: [id: 0xc2aedda0, L:/127.0.0.1:53631 ! R:localhost/127.0.0.1:53625] with attribute DISCARD
21:02:13.371 [AsyncHttpClient-1-2] DEBUG org.asynchttpclient.netty.handler.HttpHandler - 

Request DefaultFullHttpRequest(decodeResult: success, version: HTTP/1.1, content: EmptyByteBufBE)
DELETE /session/698a376df15a46922bb2f431108262f6 HTTP/1.1
User-Agent: selenium/4.8.1 (java windows)
Content-Type: application/json; charset=utf-8
host: localhost:32501
accept: */*

Response DefaultHttpResponse(decodeResult: success, version: HTTP/1.1)
HTTP/1.1 200 OK
Content-Length: 14
Content-Type: application/json; charset=utf-8
cache-control: no-cache

21:02:13.371 [AsyncHttpClient-1-2] DEBUG org.asynchttpclient.netty.channel.ChannelManager - Adding key: http://localhost:32501 for channel [id: 0x38be39b1, L:/127.0.0.1:53624 - R:localhost/127.0.0.1:32501]
21:02:13.490 [AsyncHttpClient-1-2] DEBUG org.asynchttpclient.netty.handler.HttpHandler - Channel Closed: [id: 0x38be39b1, L:/127.0.0.1:53624 ! R:localhost/127.0.0.1:32501] with attribute DISCARD
]]></system-out>
    <system-err><![CDATA[Starting ChromeDriver 112.0.5615.49 (bd2a7bcb881c11e8cfe3078709382934e3916914-refs/branch-heads/5615@{#936}) on port 32501
Only local connections are allowed.
Please see https://chromedriver.chromium.org/security-considerations for suggestions on keeping ChromeDriver safe.
ChromeDriver was started successfully.
May 08, 2023 9:01:55 PM org.openqa.selenium.devtools.CdpVersionFinder findNearestMatch
WARNING: Unable to find an exact match for CDP version 112, so returning the closest version found: 110
]]></system-err>
  </testcase>
  <testcase name="as user i can see detail product" classname="As a user i can choose product so that i can see transactions page" time="13.057">
    <system-out><![CDATA[
@SeeDetailProduct
Scenario: as user i can see detail product &amp#27;[90m# src/test/resources/features/PilihProduk.feature:15&amp#27;[0m
21:02:14.054 [main] DEBUG io.cucumber.core.plugin.SerenityReporter - Running feature from file:///D:/D/QE_Alta/mini-project-nisa/Web/Altashop-Transaksi/src/test/resources/features/PilihProduk.feature
21:02:14.058 [main] INFO  - 
  _____   ___   ___   _____     ___   _____     _     ___   _____   ___   ___  
 |_   _| | __| / __| |_   _|   / __| |_   _|   /_\   | _ \ |_   _| | __| |   \ 
   | |   | _|  \__ \   | |     \__ \   | |    / _ \  |   /   | |   | _|  | |) |
   |_|   |___| |___/   |_|     |___/   |_|   /_/ \_\ |_|_\   |_|   |___| |___/ 

as user i can see detail product(as-a-user-i-can-choose-product-so-that-i-can-see-transactions-page;as-user-i-can-see-detail-product)
--------------------------------------------------------------------------------
21:02:14.128 [main] DEBUG net.thucydides.core.steps.StepInterceptor - STARTING STEP: LoginSteps.userOnLoginPage - onLoginPage
21:02:14.294 [main] INFO net.serenitybdd.core.webdriver.driverproviders.ChromeDriverProvider - Starting Chrome driver instance with capabilities:
21:02:14.294 [main] INFO net.serenitybdd.core.webdriver.driverproviders.ChromeDriverProvider - Capabilities {acceptInsecureCerts: true, browserName: chrome, goog:chromeOptions: {args: [remote-allow-origins=*, test-type, no-sandbox, ignore-certificate-errors, start-maximized, incognito, disable-infobars, disable-gpu, disable-default-apps, disable-popup-blocking, remote-allow-origins=*, test-type, no-sandbox, ignore-certificate-errors, start-maximized, incognito, disable-infobars, disable-gpu, disable-default-apps, disable-popup-blocking, remote-allow-origins=*], extensions: []}}
21:02:14.409 [AsyncHttpClient-1-1] DEBUG org.asynchttpclient.netty.channel.DefaultChannelPool - Entry count for : http://localhost:53625 : 1
21:02:14.409 [AsyncHttpClient-1-1] DEBUG org.asynchttpclient.netty.channel.DefaultChannelPool - Entry count for : http://localhost:32501 : 1
21:02:14.409 [AsyncHttpClient-1-1] DEBUG org.asynchttpclient.netty.channel.DefaultChannelPool - Adding Candidate expired Channel [id: 0xc2aedda0, L:/127.0.0.1:53631 ! R:localhost/127.0.0.1:53625] isIdleTimeoutExpired=false isRemotelyClosed=true isTtlExpired=false
21:02:14.409 [AsyncHttpClient-1-1] DEBUG org.asynchttpclient.netty.channel.DefaultChannelPool - Closing Idle Channel [id: 0xc2aedda0, L:/127.0.0.1:53631 ! R:localhost/127.0.0.1:53625]
21:02:14.409 [AsyncHttpClient-1-1] DEBUG org.asynchttpclient.netty.channel.DefaultChannelPool - Adding Candidate expired Channel [id: 0x38be39b1, L:/127.0.0.1:53624 ! R:localhost/127.0.0.1:32501] isIdleTimeoutExpired=false isRemotelyClosed=true isTtlExpired=false
21:02:14.409 [AsyncHttpClient-1-1] DEBUG org.asynchttpclient.netty.channel.DefaultChannelPool - Closing Idle Channel [id: 0x38be39b1, L:/127.0.0.1:53624 ! R:localhost/127.0.0.1:32501]
21:02:14.410 [AsyncHttpClient-1-1] DEBUG org.asynchttpclient.netty.channel.DefaultChannelPool - Closed 2 connections out of 2 in 0 ms
21:02:14.921 [AsyncHttpClient-1-5] DEBUG org.asynchttpclient.netty.channel.NettyConnectListener - Using new Channel '[id: 0x33d8b7e2, L:/127.0.0.1:53651 - R:localhost/127.0.0.1:36995]' for 'POST' to '/session'
21:02:16.194 [AsyncHttpClient-1-5] DEBUG org.asynchttpclient.netty.handler.HttpHandler - 

Request DefaultHttpRequest(decodeResult: success, version: HTTP/1.1)
POST /session HTTP/1.1
User-Agent: selenium/4.8.1 (java windows)
Content-Length: 1701
Content-Type: application/json; charset=utf-8
host: localhost:36995
accept: */*

Response DefaultHttpResponse(decodeResult: success, version: HTTP/1.1)
HTTP/1.1 200 OK
Content-Length: 861
Content-Type: application/json; charset=utf-8
cache-control: no-cache

21:02:16.194 [AsyncHttpClient-1-5] DEBUG org.asynchttpclient.netty.channel.ChannelManager - Adding key: http://localhost:36995 for channel [id: 0x33d8b7e2, L:/127.0.0.1:53651 - R:localhost/127.0.0.1:36995]
21:02:16.220 [AsyncHttpClient-1-6] DEBUG org.asynchttpclient.netty.channel.NettyConnectListener - Using new Channel '[id: 0xee5c9e33, L:/127.0.0.1:53658 - R:localhost/127.0.0.1:53652]' for 'GET' to '/json/version'
21:02:16.221 [AsyncHttpClient-1-6] DEBUG org.asynchttpclient.netty.handler.HttpHandler - 

Request DefaultFullHttpRequest(decodeResult: success, version: HTTP/1.1, content: EmptyByteBufBE)
GET /json/version HTTP/1.1
User-Agent: selenium/4.8.1 (java windows)
host: localhost:53652
accept: */*

Response DefaultHttpResponse(decodeResult: success, version: HTTP/1.1)
HTTP/1.1 200 OK
Content-Security-Policy: frame-ancestors 'none'
Content-Length: 424
Content-Type: application/json; charset=UTF-8

21:02:16.222 [AsyncHttpClient-1-6] DEBUG org.asynchttpclient.netty.channel.ChannelManager - Adding key: http://localhost:53652 for channel [id: 0xee5c9e33, L:/127.0.0.1:53658 - R:localhost/127.0.0.1:53652]
21:02:16.230 [AsyncHttpClient-1-7] DEBUG org.asynchttpclient.netty.channel.NettyConnectListener - Using new Channel '[id: 0xc2ad1ad3, L:/127.0.0.1:53659 - R:localhost/127.0.0.1:53652]' for 'GET' to '/devtools/browser/2c389db9-d2ec-4bff-bfcf-7a6da3cf07d4'
21:02:16.232 [AsyncHttpClient-1-7] DEBUG org.asynchttpclient.netty.handler.WebSocketHandler - 

Request DefaultFullHttpRequest(decodeResult: success, version: HTTP/1.1, content: EmptyByteBufBE)
GET /devtools/browser/2c389db9-d2ec-4bff-bfcf-7a6da3cf07d4 HTTP/1.1
upgrade: websocket
connection: upgrade
sec-websocket-key: 1Km+vS8OsXFWJPY1cyXCqg==
sec-websocket-version: 13
origin: http://localhost:53652
host: localhost:53652
accept: */*
user-agent: AHC/2.1

Response DefaultHttpResponse(decodeResult: success, version: HTTP/1.1)
HTTP/1.1 101 WebSocket Protocol Handshake
Upgrade: WebSocket
Connection: Upgrade
Sec-WebSocket-Accept: zn88JSAa3vaus/2bjU88np/BWrY=

21:02:16.242 [Forwarding get on session 004bd94b387040dc9f6042e842492b0e to remote] DEBUG org.asynchttpclient.netty.request.NettyRequestSender - Using pooled Channel '[id: 0x33d8b7e2, L:/127.0.0.1:53651 - R:localhost/127.0.0.1:36995]' for 'POST' to 'http://localhost:36995/session/004bd94b387040dc9f6042e842492b0e/url'
21:02:16.242 [Forwarding get on session 004bd94b387040dc9f6042e842492b0e to remote] DEBUG org.asynchttpclient.netty.request.NettyRequestSender - Using open Channel [id: 0x33d8b7e2, L:/127.0.0.1:53651 - R:localhost/127.0.0.1:36995] for POST '/session/004bd94b387040dc9f6042e842492b0e/url'
21:02:16.612 [AsyncHttpClient-1-1] DEBUG org.asynchttpclient.netty.channel.DefaultChannelPool - Entry count for : http://localhost:53652 : 1
21:02:17.702 [AsyncHttpClient-1-1] DEBUG org.asynchttpclient.netty.channel.DefaultChannelPool - Entry count for : http://localhost:53652 : 1
21:02:18.786 [AsyncHttpClient-1-5] DEBUG org.asynchttpclient.netty.handler.HttpHandler - 

Request DefaultHttpRequest(decodeResult: success, version: HTTP/1.1)
POST /session/004bd94b387040dc9f6042e842492b0e/url HTTP/1.1
User-Agent: selenium/4.8.1 (java windows)
Content-Length: 74
Content-Type: application/json; charset=utf-8
host: localhost:36995
accept: */*

Response DefaultHttpResponse(decodeResult: success, version: HTTP/1.1)
HTTP/1.1 200 OK
Content-Length: 14
Content-Type: application/json; charset=utf-8
cache-control: no-cache

21:02:18.786 [AsyncHttpClient-1-5] DEBUG org.asynchttpclient.netty.channel.ChannelManager - Adding key: http://localhost:36995 for channel [id: 0x33d8b7e2, L:/127.0.0.1:53651 - R:localhost/127.0.0.1:36995]
21:02:18.789 [Forwarding setTimeout on session 004bd94b387040dc9f6042e842492b0e to remote] DEBUG org.asynchttpclient.netty.request.NettyRequestSender - Using pooled Channel '[id: 0x33d8b7e2, L:/127.0.0.1:53651 - R:localhost/127.0.0.1:36995]' for 'POST' to 'http://localhost:36995/session/004bd94b387040dc9f6042e842492b0e/timeouts'
21:02:18.789 [Forwarding setTimeout on session 004bd94b387040dc9f6042e842492b0e to remote] DEBUG org.asynchttpclient.netty.request.NettyRequestSender - Using open Channel [id: 0x33d8b7e2, L:/127.0.0.1:53651 - R:localhost/127.0.0.1:36995] for POST '/session/004bd94b387040dc9f6042e842492b0e/timeouts'
21:02:18.792 [AsyncHttpClient-1-5] DEBUG org.asynchttpclient.netty.handler.HttpHandler - 

Request DefaultHttpRequest(decodeResult: success, version: HTTP/1.1)
POST /session/004bd94b387040dc9f6042e842492b0e/timeouts HTTP/1.1
User-Agent: selenium/4.8.1 (java windows)
Content-Length: 22
Content-Type: application/json; charset=utf-8
host: localhost:36995
accept: */*

Response DefaultHttpResponse(decodeResult: success, version: HTTP/1.1)
HTTP/1.1 200 OK
Content-Length: 14
Content-Type: application/json; charset=utf-8
cache-control: no-cache

21:02:18.792 [AsyncHttpClient-1-5] DEBUG org.asynchttpclient.netty.channel.ChannelManager - Adding key: http://localhost:36995 for channel [id: 0x33d8b7e2, L:/127.0.0.1:53651 - R:localhost/127.0.0.1:36995]
21:02:18.798 [Forwarding findElement on session 004bd94b387040dc9f6042e842492b0e to remote] DEBUG org.asynchttpclient.netty.request.NettyRequestSender - Using pooled Channel '[id: 0x33d8b7e2, L:/127.0.0.1:53651 - R:localhost/127.0.0.1:36995]' for 'POST' to 'http://localhost:36995/session/004bd94b387040dc9f6042e842492b0e/element'
21:02:18.798 [Forwarding findElement on session 004bd94b387040dc9f6042e842492b0e to remote] DEBUG org.asynchttpclient.netty.request.NettyRequestSender - Using open Channel [id: 0x33d8b7e2, L:/127.0.0.1:53651 - R:localhost/127.0.0.1:36995] for POST '/session/004bd94b387040dc9f6042e842492b0e/element'
21:02:18.801 [AsyncHttpClient-1-1] DEBUG org.asynchttpclient.netty.channel.DefaultChannelPool - Entry count for : http://localhost:53652 : 1
21:02:18.817 [AsyncHttpClient-1-5] DEBUG org.asynchttpclient.netty.handler.HttpHandler - 

Request DefaultHttpRequest(decodeResult: success, version: HTTP/1.1)
POST /session/004bd94b387040dc9f6042e842492b0e/element HTTP/1.1
User-Agent: selenium/4.8.1 (java windows)
Content-Length: 69
Content-Type: application/json; charset=utf-8
host: localhost:36995
accept: */*

Response DefaultHttpResponse(decodeResult: success, version: HTTP/1.1)
HTTP/1.1 200 OK
Content-Length: 88
Content-Type: application/json; charset=utf-8
cache-control: no-cache

21:02:18.817 [AsyncHttpClient-1-5] DEBUG org.asynchttpclient.netty.channel.ChannelManager - Adding key: http://localhost:36995 for channel [id: 0x33d8b7e2, L:/127.0.0.1:53651 - R:localhost/127.0.0.1:36995]
21:02:18.823 [Forwarding isElementDisplayed on session 004bd94b387040dc9f6042e842492b0e to remote] DEBUG org.asynchttpclient.netty.request.NettyRequestSender - Using pooled Channel '[id: 0x33d8b7e2, L:/127.0.0.1:53651 - R:localhost/127.0.0.1:36995]' for 'POST' to 'http://localhost:36995/session/004bd94b387040dc9f6042e842492b0e/execute/sync'
21:02:18.823 [Forwarding isElementDisplayed on session 004bd94b387040dc9f6042e842492b0e to remote] DEBUG org.asynchttpclient.netty.request.NettyRequestSender - Using open Channel [id: 0x33d8b7e2, L:/127.0.0.1:53651 - R:localhost/127.0.0.1:36995] for POST '/session/004bd94b387040dc9f6042e842492b0e/execute/sync'
21:02:18.841 [AsyncHttpClient-1-5] DEBUG org.asynchttpclient.netty.handler.HttpHandler - 

Request DefaultHttpRequest(decodeResult: success, version: HTTP/1.1)
POST /session/004bd94b387040dc9f6042e842492b0e/execute/sync HTTP/1.1
User-Agent: selenium/4.8.1 (java windows)
Content-Length: 48807
Content-Type: application/json; charset=utf-8
host: localhost:36995
accept: */*

Response DefaultHttpResponse(decodeResult: success, version: HTTP/1.1)
HTTP/1.1 200 OK
Content-Length: 14
Content-Type: application/json; charset=utf-8
cache-control: no-cache

21:02:18.841 [AsyncHttpClient-1-5] DEBUG org.asynchttpclient.netty.channel.ChannelManager - Adding key: http://localhost:36995 for channel [id: 0x33d8b7e2, L:/127.0.0.1:53651 - R:localhost/127.0.0.1:36995]
21:02:18.845 [Forwarding isElementDisplayed on session 004bd94b387040dc9f6042e842492b0e to remote] DEBUG org.asynchttpclient.netty.request.NettyRequestSender - Using pooled Channel '[id: 0x33d8b7e2, L:/127.0.0.1:53651 - R:localhost/127.0.0.1:36995]' for 'POST' to 'http://localhost:36995/session/004bd94b387040dc9f6042e842492b0e/execute/sync'
21:02:18.845 [Forwarding isElementDisplayed on session 004bd94b387040dc9f6042e842492b0e to remote] DEBUG org.asynchttpclient.netty.request.NettyRequestSender - Using open Channel [id: 0x33d8b7e2, L:/127.0.0.1:53651 - R:localhost/127.0.0.1:36995] for POST '/session/004bd94b387040dc9f6042e842492b0e/execute/sync'
21:02:18.859 [AsyncHttpClient-1-5] DEBUG org.asynchttpclient.netty.handler.HttpHandler - 

Request DefaultHttpRequest(decodeResult: success, version: HTTP/1.1)
POST /session/004bd94b387040dc9f6042e842492b0e/execute/sync HTTP/1.1
User-Agent: selenium/4.8.1 (java windows)
Content-Length: 48807
Content-Type: application/json; charset=utf-8
host: localhost:36995
accept: */*

Response DefaultHttpResponse(decodeResult: success, version: HTTP/1.1)
HTTP/1.1 200 OK
Content-Length: 14
Content-Type: application/json; charset=utf-8
cache-control: no-cache

21:02:18.859 [AsyncHttpClient-1-5] DEBUG org.asynchttpclient.netty.channel.ChannelManager - Adding key: http://localhost:36995 for channel [id: 0x33d8b7e2, L:/127.0.0.1:53651 - R:localhost/127.0.0.1:36995]
21:02:18.862 [main] DEBUG net.thucydides.core.steps.StepInterceptor - STEP DONE: onLoginPage
  &amp#27;[32mGiven &amp#27;[0m&amp#27;[32muser on login page&amp#27;[0m                 &amp#27;[90m# starter.stepdefinitions.LoginSteps.userOnLoginPage()&amp#27;[0m
21:02:18.873 [main] DEBUG net.thucydides.core.steps.StepInterceptor - STARTING STEP: LoginSteps.userInputValidEmail - inputEmail
21:02:18.878 [Forwarding findElement on session 004bd94b387040dc9f6042e842492b0e to remote] DEBUG org.asynchttpclient.netty.request.NettyRequestSender - Using pooled Channel '[id: 0x33d8b7e2, L:/127.0.0.1:53651 - R:localhost/127.0.0.1:36995]' for 'POST' to 'http://localhost:36995/session/004bd94b387040dc9f6042e842492b0e/element'
21:02:18.878 [Forwarding findElement on session 004bd94b387040dc9f6042e842492b0e to remote] DEBUG org.asynchttpclient.netty.request.NettyRequestSender - Using open Channel [id: 0x33d8b7e2, L:/127.0.0.1:53651 - R:localhost/127.0.0.1:36995] for POST '/session/004bd94b387040dc9f6042e842492b0e/element'
21:02:18.890 [AsyncHttpClient-1-5] DEBUG org.asynchttpclient.netty.handler.HttpHandler - 

Request DefaultHttpRequest(decodeResult: success, version: HTTP/1.1)
POST /session/004bd94b387040dc9f6042e842492b0e/element HTTP/1.1
User-Agent: selenium/4.8.1 (java windows)
Content-Length: 55
Content-Type: application/json; charset=utf-8
host: localhost:36995
accept: */*

Response DefaultHttpResponse(decodeResult: success, version: HTTP/1.1)
HTTP/1.1 200 OK
Content-Length: 88
Content-Type: application/json; charset=utf-8
cache-control: no-cache

21:02:18.890 [AsyncHttpClient-1-5] DEBUG org.asynchttpclient.netty.channel.ChannelManager - Adding key: http://localhost:36995 for channel [id: 0x33d8b7e2, L:/127.0.0.1:53651 - R:localhost/127.0.0.1:36995]
21:02:18.892 [Forwarding clearElement on session 004bd94b387040dc9f6042e842492b0e to remote] DEBUG org.asynchttpclient.netty.request.NettyRequestSender - Using pooled Channel '[id: 0x33d8b7e2, L:/127.0.0.1:53651 - R:localhost/127.0.0.1:36995]' for 'POST' to 'http://localhost:36995/session/004bd94b387040dc9f6042e842492b0e/element/20f18754-d3cd-43ee-bc71-d4d0512238cb/clear'
21:02:18.892 [Forwarding clearElement on session 004bd94b387040dc9f6042e842492b0e to remote] DEBUG org.asynchttpclient.netty.request.NettyRequestSender - Using open Channel [id: 0x33d8b7e2, L:/127.0.0.1:53651 - R:localhost/127.0.0.1:36995] for POST '/session/004bd94b387040dc9f6042e842492b0e/element/20f18754-d3cd-43ee-bc71-d4d0512238cb/clear'
21:02:18.929 [AsyncHttpClient-1-5] DEBUG org.asynchttpclient.netty.handler.HttpHandler - 

Request DefaultHttpRequest(decodeResult: success, version: HTTP/1.1)
POST /session/004bd94b387040dc9f6042e842492b0e/element/20f18754-d3cd-43ee-bc71-d4d0512238cb/clear HTTP/1.1
User-Agent: selenium/4.8.1 (java windows)
Content-Length: 50
Content-Type: application/json; charset=utf-8
host: localhost:36995
accept: */*

Response DefaultHttpResponse(decodeResult: success, version: HTTP/1.1)
HTTP/1.1 200 OK
Content-Length: 14
Content-Type: application/json; charset=utf-8
cache-control: no-cache

21:02:18.929 [AsyncHttpClient-1-5] DEBUG org.asynchttpclient.netty.channel.ChannelManager - Adding key: http://localhost:36995 for channel [id: 0x33d8b7e2, L:/127.0.0.1:53651 - R:localhost/127.0.0.1:36995]
21:02:18.932 [Forwarding sendKeysToElement on session 004bd94b387040dc9f6042e842492b0e to remote] DEBUG org.asynchttpclient.netty.request.NettyRequestSender - Using pooled Channel '[id: 0x33d8b7e2, L:/127.0.0.1:53651 - R:localhost/127.0.0.1:36995]' for 'POST' to 'http://localhost:36995/session/004bd94b387040dc9f6042e842492b0e/element/20f18754-d3cd-43ee-bc71-d4d0512238cb/value'
21:02:18.932 [Forwarding sendKeysToElement on session 004bd94b387040dc9f6042e842492b0e to remote] DEBUG org.asynchttpclient.netty.request.NettyRequestSender - Using open Channel [id: 0x33d8b7e2, L:/127.0.0.1:53651 - R:localhost/127.0.0.1:36995] for POST '/session/004bd94b387040dc9f6042e842492b0e/element/20f18754-d3cd-43ee-bc71-d4d0512238cb/value'
21:02:19.081 [AsyncHttpClient-1-5] DEBUG org.asynchttpclient.netty.handler.HttpHandler - 

Request DefaultHttpRequest(decodeResult: success, version: HTTP/1.1)
POST /session/004bd94b387040dc9f6042e842492b0e/element/20f18754-d3cd-43ee-bc71-d4d0512238cb/value HTTP/1.1
User-Agent: selenium/4.8.1 (java windows)
Content-Length: 251
Content-Type: application/json; charset=utf-8
host: localhost:36995
accept: */*

Response DefaultHttpResponse(decodeResult: success, version: HTTP/1.1)
HTTP/1.1 200 OK
Content-Length: 14
Content-Type: application/json; charset=utf-8
cache-control: no-cache

21:02:19.081 [AsyncHttpClient-1-5] DEBUG org.asynchttpclient.netty.channel.ChannelManager - Adding key: http://localhost:36995 for channel [id: 0x33d8b7e2, L:/127.0.0.1:53651 - R:localhost/127.0.0.1:36995]
21:02:19.087 [main] DEBUG net.thucydides.core.steps.StepInterceptor - STEP DONE: inputEmail
  &amp#27;[32mWhen &amp#27;[0m&amp#27;[32muser input valid email&amp#27;[0m              &amp#27;[90m# starter.stepdefinitions.LoginSteps.userInputValidEmail()&amp#27;[0m
21:02:19.097 [main] DEBUG net.thucydides.core.steps.StepInterceptor - STARTING STEP: LoginSteps.userInputValidPassword - inputPassword
21:02:19.101 [Forwarding findElement on session 004bd94b387040dc9f6042e842492b0e to remote] DEBUG org.asynchttpclient.netty.request.NettyRequestSender - Using pooled Channel '[id: 0x33d8b7e2, L:/127.0.0.1:53651 - R:localhost/127.0.0.1:36995]' for 'POST' to 'http://localhost:36995/session/004bd94b387040dc9f6042e842492b0e/element'
21:02:19.101 [Forwarding findElement on session 004bd94b387040dc9f6042e842492b0e to remote] DEBUG org.asynchttpclient.netty.request.NettyRequestSender - Using open Channel [id: 0x33d8b7e2, L:/127.0.0.1:53651 - R:localhost/127.0.0.1:36995] for POST '/session/004bd94b387040dc9f6042e842492b0e/element'
21:02:19.115 [AsyncHttpClient-1-5] DEBUG org.asynchttpclient.netty.handler.HttpHandler - 

Request DefaultHttpRequest(decodeResult: success, version: HTTP/1.1)
POST /session/004bd94b387040dc9f6042e842492b0e/element HTTP/1.1
User-Agent: selenium/4.8.1 (java windows)
Content-Length: 55
Content-Type: application/json; charset=utf-8
host: localhost:36995
accept: */*

Response DefaultHttpResponse(decodeResult: success, version: HTTP/1.1)
HTTP/1.1 200 OK
Content-Length: 88
Content-Type: application/json; charset=utf-8
cache-control: no-cache

21:02:19.115 [AsyncHttpClient-1-5] DEBUG org.asynchttpclient.netty.channel.ChannelManager - Adding key: http://localhost:36995 for channel [id: 0x33d8b7e2, L:/127.0.0.1:53651 - R:localhost/127.0.0.1:36995]
21:02:19.118 [Forwarding clearElement on session 004bd94b387040dc9f6042e842492b0e to remote] DEBUG org.asynchttpclient.netty.request.NettyRequestSender - Using pooled Channel '[id: 0x33d8b7e2, L:/127.0.0.1:53651 - R:localhost/127.0.0.1:36995]' for 'POST' to 'http://localhost:36995/session/004bd94b387040dc9f6042e842492b0e/element/4bea367c-569a-4aec-b42f-75bfd7b0747a/clear'
21:02:19.118 [Forwarding clearElement on session 004bd94b387040dc9f6042e842492b0e to remote] DEBUG org.asynchttpclient.netty.request.NettyRequestSender - Using open Channel [id: 0x33d8b7e2, L:/127.0.0.1:53651 - R:localhost/127.0.0.1:36995] for POST '/session/004bd94b387040dc9f6042e842492b0e/element/4bea367c-569a-4aec-b42f-75bfd7b0747a/clear'
21:02:19.158 [AsyncHttpClient-1-5] DEBUG org.asynchttpclient.netty.handler.HttpHandler - 

Request DefaultHttpRequest(decodeResult: success, version: HTTP/1.1)
POST /session/004bd94b387040dc9f6042e842492b0e/element/4bea367c-569a-4aec-b42f-75bfd7b0747a/clear HTTP/1.1
User-Agent: selenium/4.8.1 (java windows)
Content-Length: 50
Content-Type: application/json; charset=utf-8
host: localhost:36995
accept: */*

Response DefaultHttpResponse(decodeResult: success, version: HTTP/1.1)
HTTP/1.1 200 OK
Content-Length: 14
Content-Type: application/json; charset=utf-8
cache-control: no-cache

21:02:19.158 [AsyncHttpClient-1-5] DEBUG org.asynchttpclient.netty.channel.ChannelManager - Adding key: http://localhost:36995 for channel [id: 0x33d8b7e2, L:/127.0.0.1:53651 - R:localhost/127.0.0.1:36995]
21:02:19.160 [Forwarding sendKeysToElement on session 004bd94b387040dc9f6042e842492b0e to remote] DEBUG org.asynchttpclient.netty.request.NettyRequestSender - Using pooled Channel '[id: 0x33d8b7e2, L:/127.0.0.1:53651 - R:localhost/127.0.0.1:36995]' for 'POST' to 'http://localhost:36995/session/004bd94b387040dc9f6042e842492b0e/element/4bea367c-569a-4aec-b42f-75bfd7b0747a/value'
21:02:19.160 [Forwarding sendKeysToElement on session 004bd94b387040dc9f6042e842492b0e to remote] DEBUG org.asynchttpclient.netty.request.NettyRequestSender - Using open Channel [id: 0x33d8b7e2, L:/127.0.0.1:53651 - R:localhost/127.0.0.1:36995] for POST '/session/004bd94b387040dc9f6042e842492b0e/element/4bea367c-569a-4aec-b42f-75bfd7b0747a/value'
21:02:19.242 [AsyncHttpClient-1-5] DEBUG org.asynchttpclient.netty.handler.HttpHandler - 

Request DefaultHttpRequest(decodeResult: success, version: HTTP/1.1)
POST /session/004bd94b387040dc9f6042e842492b0e/element/4bea367c-569a-4aec-b42f-75bfd7b0747a/value HTTP/1.1
User-Agent: selenium/4.8.1 (java windows)
Content-Length: 111
Content-Type: application/json; charset=utf-8
host: localhost:36995
accept: */*

Response DefaultHttpResponse(decodeResult: success, version: HTTP/1.1)
HTTP/1.1 200 OK
Content-Length: 14
Content-Type: application/json; charset=utf-8
cache-control: no-cache

21:02:19.242 [AsyncHttpClient-1-5] DEBUG org.asynchttpclient.netty.channel.ChannelManager - Adding key: http://localhost:36995 for channel [id: 0x33d8b7e2, L:/127.0.0.1:53651 - R:localhost/127.0.0.1:36995]
21:02:19.247 [main] DEBUG net.thucydides.core.steps.StepInterceptor - STEP DONE: inputPassword
  &amp#27;[32mAnd &amp#27;[0m&amp#27;[32muser input valid password&amp#27;[0m            &amp#27;[90m# starter.stepdefinitions.LoginSteps.userInputValidPassword()&amp#27;[0m
21:02:19.261 [main] DEBUG net.thucydides.core.steps.StepInterceptor - STARTING STEP: LoginSteps.userClickLoginButton - ClickLoginBtn
21:02:19.269 [Forwarding findElement on session 004bd94b387040dc9f6042e842492b0e to remote] DEBUG org.asynchttpclient.netty.request.NettyRequestSender - Using pooled Channel '[id: 0x33d8b7e2, L:/127.0.0.1:53651 - R:localhost/127.0.0.1:36995]' for 'POST' to 'http://localhost:36995/session/004bd94b387040dc9f6042e842492b0e/element'
21:02:19.269 [Forwarding findElement on session 004bd94b387040dc9f6042e842492b0e to remote] DEBUG org.asynchttpclient.netty.request.NettyRequestSender - Using open Channel [id: 0x33d8b7e2, L:/127.0.0.1:53651 - R:localhost/127.0.0.1:36995] for POST '/session/004bd94b387040dc9f6042e842492b0e/element'
21:02:19.284 [AsyncHttpClient-1-5] DEBUG org.asynchttpclient.netty.handler.HttpHandler - 

Request DefaultHttpRequest(decodeResult: success, version: HTTP/1.1)
POST /session/004bd94b387040dc9f6042e842492b0e/element HTTP/1.1
User-Agent: selenium/4.8.1 (java windows)
Content-Length: 69
Content-Type: application/json; charset=utf-8
host: localhost:36995
accept: */*

Response DefaultHttpResponse(decodeResult: success, version: HTTP/1.1)
HTTP/1.1 200 OK
Content-Length: 88
Content-Type: application/json; charset=utf-8
cache-control: no-cache

21:02:19.285 [AsyncHttpClient-1-5] DEBUG org.asynchttpclient.netty.channel.ChannelManager - Adding key: http://localhost:36995 for channel [id: 0x33d8b7e2, L:/127.0.0.1:53651 - R:localhost/127.0.0.1:36995]
21:02:19.289 [Forwarding getElementTagName on session 004bd94b387040dc9f6042e842492b0e to remote] DEBUG org.asynchttpclient.netty.request.NettyRequestSender - Using pooled Channel '[id: 0x33d8b7e2, L:/127.0.0.1:53651 - R:localhost/127.0.0.1:36995]' for 'GET' to 'http://localhost:36995/session/004bd94b387040dc9f6042e842492b0e/element/efb5f73e-6af8-4945-bebc-531841369bf8/name'
21:02:19.289 [Forwarding getElementTagName on session 004bd94b387040dc9f6042e842492b0e to remote] DEBUG org.asynchttpclient.netty.request.NettyRequestSender - Using open Channel [id: 0x33d8b7e2, L:/127.0.0.1:53651 - R:localhost/127.0.0.1:36995] for GET '/session/004bd94b387040dc9f6042e842492b0e/element/efb5f73e-6af8-4945-bebc-531841369bf8/name'
21:02:19.296 [AsyncHttpClient-1-5] DEBUG org.asynchttpclient.netty.handler.HttpHandler - 

Request DefaultFullHttpRequest(decodeResult: success, version: HTTP/1.1, content: EmptyByteBufBE)
GET /session/004bd94b387040dc9f6042e842492b0e/element/efb5f73e-6af8-4945-bebc-531841369bf8/name HTTP/1.1
User-Agent: selenium/4.8.1 (java windows)
Cache-Control: no-cache
Content-Type: application/json; charset=utf-8
host: localhost:36995
accept: */*

Response DefaultHttpResponse(decodeResult: success, version: HTTP/1.1)
HTTP/1.1 200 OK
Content-Length: 16
Content-Type: application/json; charset=utf-8
cache-control: no-cache

21:02:19.296 [AsyncHttpClient-1-5] DEBUG org.asynchttpclient.netty.channel.ChannelManager - Adding key: http://localhost:36995 for channel [id: 0x33d8b7e2, L:/127.0.0.1:53651 - R:localhost/127.0.0.1:36995]
21:02:19.299 [Forwarding getElementTagName on session 004bd94b387040dc9f6042e842492b0e to remote] DEBUG org.asynchttpclient.netty.request.NettyRequestSender - Using pooled Channel '[id: 0x33d8b7e2, L:/127.0.0.1:53651 - R:localhost/127.0.0.1:36995]' for 'GET' to 'http://localhost:36995/session/004bd94b387040dc9f6042e842492b0e/element/efb5f73e-6af8-4945-bebc-531841369bf8/name'
21:02:19.299 [Forwarding getElementTagName on session 004bd94b387040dc9f6042e842492b0e to remote] DEBUG org.asynchttpclient.netty.request.NettyRequestSender - Using open Channel [id: 0x33d8b7e2, L:/127.0.0.1:53651 - R:localhost/127.0.0.1:36995] for GET '/session/004bd94b387040dc9f6042e842492b0e/element/efb5f73e-6af8-4945-bebc-531841369bf8/name'
21:02:19.310 [AsyncHttpClient-1-5] DEBUG org.asynchttpclient.netty.handler.HttpHandler - 

Request DefaultFullHttpRequest(decodeResult: success, version: HTTP/1.1, content: EmptyByteBufBE)
GET /session/004bd94b387040dc9f6042e842492b0e/element/efb5f73e-6af8-4945-bebc-531841369bf8/name HTTP/1.1
User-Agent: selenium/4.8.1 (java windows)
Cache-Control: no-cache
Content-Type: application/json; charset=utf-8
host: localhost:36995
accept: */*

Response DefaultHttpResponse(decodeResult: success, version: HTTP/1.1)
HTTP/1.1 200 OK
Content-Length: 16
Content-Type: application/json; charset=utf-8
cache-control: no-cache

21:02:19.310 [AsyncHttpClient-1-5] DEBUG org.asynchttpclient.netty.channel.ChannelManager - Adding key: http://localhost:36995 for channel [id: 0x33d8b7e2, L:/127.0.0.1:53651 - R:localhost/127.0.0.1:36995]
21:02:19.315 [Forwarding findElement on session 004bd94b387040dc9f6042e842492b0e to remote] DEBUG org.asynchttpclient.netty.request.NettyRequestSender - Using pooled Channel '[id: 0x33d8b7e2, L:/127.0.0.1:53651 - R:localhost/127.0.0.1:36995]' for 'POST' to 'http://localhost:36995/session/004bd94b387040dc9f6042e842492b0e/element'
21:02:19.315 [Forwarding findElement on session 004bd94b387040dc9f6042e842492b0e to remote] DEBUG org.asynchttpclient.netty.request.NettyRequestSender - Using open Channel [id: 0x33d8b7e2, L:/127.0.0.1:53651 - R:localhost/127.0.0.1:36995] for POST '/session/004bd94b387040dc9f6042e842492b0e/element'
21:02:19.332 [AsyncHttpClient-1-5] DEBUG org.asynchttpclient.netty.handler.HttpHandler - 

Request DefaultHttpRequest(decodeResult: success, version: HTTP/1.1)
POST /session/004bd94b387040dc9f6042e842492b0e/element HTTP/1.1
User-Agent: selenium/4.8.1 (java windows)
Content-Length: 69
Content-Type: application/json; charset=utf-8
host: localhost:36995
accept: */*

Response DefaultHttpResponse(decodeResult: success, version: HTTP/1.1)
HTTP/1.1 200 OK
Content-Length: 88
Content-Type: application/json; charset=utf-8
cache-control: no-cache

21:02:19.333 [AsyncHttpClient-1-5] DEBUG org.asynchttpclient.netty.channel.ChannelManager - Adding key: http://localhost:36995 for channel [id: 0x33d8b7e2, L:/127.0.0.1:53651 - R:localhost/127.0.0.1:36995]
21:02:19.340 [Forwarding clickElement on session 004bd94b387040dc9f6042e842492b0e to remote] DEBUG org.asynchttpclient.netty.request.NettyRequestSender - Using pooled Channel '[id: 0x33d8b7e2, L:/127.0.0.1:53651 - R:localhost/127.0.0.1:36995]' for 'POST' to 'http://localhost:36995/session/004bd94b387040dc9f6042e842492b0e/element/efb5f73e-6af8-4945-bebc-531841369bf8/click'
21:02:19.340 [Forwarding clickElement on session 004bd94b387040dc9f6042e842492b0e to remote] DEBUG org.asynchttpclient.netty.request.NettyRequestSender - Using open Channel [id: 0x33d8b7e2, L:/127.0.0.1:53651 - R:localhost/127.0.0.1:36995] for POST '/session/004bd94b387040dc9f6042e842492b0e/element/efb5f73e-6af8-4945-bebc-531841369bf8/click'
21:02:19.427 [AsyncHttpClient-1-5] DEBUG org.asynchttpclient.netty.handler.HttpHandler - 

Request DefaultHttpRequest(decodeResult: success, version: HTTP/1.1)
POST /session/004bd94b387040dc9f6042e842492b0e/element/efb5f73e-6af8-4945-bebc-531841369bf8/click HTTP/1.1
User-Agent: selenium/4.8.1 (java windows)
Content-Length: 50
Content-Type: application/json; charset=utf-8
host: localhost:36995
accept: */*

Response DefaultHttpResponse(decodeResult: success, version: HTTP/1.1)
HTTP/1.1 200 OK
Content-Length: 14
Content-Type: application/json; charset=utf-8
cache-control: no-cache

21:02:19.428 [AsyncHttpClient-1-5] DEBUG org.asynchttpclient.netty.channel.ChannelManager - Adding key: http://localhost:36995 for channel [id: 0x33d8b7e2, L:/127.0.0.1:53651 - R:localhost/127.0.0.1:36995]
21:02:19.439 [main] DEBUG net.thucydides.core.steps.StepInterceptor - STEP DONE: ClickLoginBtn
  &amp#27;[32mAnd &amp#27;[0m&amp#27;[32muser click login button&amp#27;[0m              &amp#27;[90m# starter.stepdefinitions.LoginSteps.userClickLoginButton()&amp#27;[0m
21:02:19.455 [main] DEBUG net.thucydides.core.steps.StepInterceptor - STARTING STEP: LoginSteps.userOnProductsPage - onProductPage
21:02:19.460 [Forwarding findElement on session 004bd94b387040dc9f6042e842492b0e to remote] DEBUG org.asynchttpclient.netty.request.NettyRequestSender - Using pooled Channel '[id: 0x33d8b7e2, L:/127.0.0.1:53651 - R:localhost/127.0.0.1:36995]' for 'POST' to 'http://localhost:36995/session/004bd94b387040dc9f6042e842492b0e/element'
21:02:19.460 [Forwarding findElement on session 004bd94b387040dc9f6042e842492b0e to remote] DEBUG org.asynchttpclient.netty.request.NettyRequestSender - Using open Channel [id: 0x33d8b7e2, L:/127.0.0.1:53651 - R:localhost/127.0.0.1:36995] for POST '/session/004bd94b387040dc9f6042e842492b0e/element'
21:02:19.900 [AsyncHttpClient-1-1] DEBUG org.asynchttpclient.netty.channel.DefaultChannelPool - Entry count for : http://localhost:53652 : 1
21:02:20.999 [AsyncHttpClient-1-1] DEBUG org.asynchttpclient.netty.channel.DefaultChannelPool - Entry count for : http://localhost:53652 : 1
21:02:22.103 [AsyncHttpClient-1-1] DEBUG org.asynchttpclient.netty.channel.DefaultChannelPool - Entry count for : http://localhost:53652 : 1
21:02:23.202 [AsyncHttpClient-1-1] DEBUG org.asynchttpclient.netty.channel.DefaultChannelPool - Entry count for : http://localhost:53652 : 1
21:02:24.386 [AsyncHttpClient-1-1] DEBUG org.asynchttpclient.netty.channel.DefaultChannelPool - Entry count for : http://localhost:53652 : 1
21:02:24.685 [AsyncHttpClient-1-5] DEBUG org.asynchttpclient.netty.handler.HttpHandler - 

Request DefaultHttpRequest(decodeResult: success, version: HTTP/1.1)
POST /session/004bd94b387040dc9f6042e842492b0e/element HTTP/1.1
User-Agent: selenium/4.8.1 (java windows)
Content-Length: 54
Content-Type: application/json; charset=utf-8
host: localhost:36995
accept: */*

Response DefaultHttpResponse(decodeResult: success, version: HTTP/1.1)
HTTP/1.1 200 OK
Content-Length: 88
Content-Type: application/json; charset=utf-8
cache-control: no-cache

21:02:24.685 [AsyncHttpClient-1-5] DEBUG org.asynchttpclient.netty.channel.ChannelManager - Adding key: http://localhost:36995 for channel [id: 0x33d8b7e2, L:/127.0.0.1:53651 - R:localhost/127.0.0.1:36995]
21:02:24.692 [Forwarding isElementDisplayed on session 004bd94b387040dc9f6042e842492b0e to remote] DEBUG org.asynchttpclient.netty.request.NettyRequestSender - Using pooled Channel '[id: 0x33d8b7e2, L:/127.0.0.1:53651 - R:localhost/127.0.0.1:36995]' for 'POST' to 'http://localhost:36995/session/004bd94b387040dc9f6042e842492b0e/execute/sync'
21:02:24.692 [Forwarding isElementDisplayed on session 004bd94b387040dc9f6042e842492b0e to remote] DEBUG org.asynchttpclient.netty.request.NettyRequestSender - Using open Channel [id: 0x33d8b7e2, L:/127.0.0.1:53651 - R:localhost/127.0.0.1:36995] for POST '/session/004bd94b387040dc9f6042e842492b0e/execute/sync'
21:02:24.705 [AsyncHttpClient-1-5] DEBUG org.asynchttpclient.netty.handler.HttpHandler - 

Request DefaultHttpRequest(decodeResult: success, version: HTTP/1.1)
POST /session/004bd94b387040dc9f6042e842492b0e/execute/sync HTTP/1.1
User-Agent: selenium/4.8.1 (java windows)
Content-Length: 48807
Content-Type: application/json; charset=utf-8
host: localhost:36995
accept: */*

Response DefaultHttpResponse(decodeResult: success, version: HTTP/1.1)
HTTP/1.1 200 OK
Content-Length: 14
Content-Type: application/json; charset=utf-8
cache-control: no-cache

21:02:24.706 [AsyncHttpClient-1-5] DEBUG org.asynchttpclient.netty.channel.ChannelManager - Adding key: http://localhost:36995 for channel [id: 0x33d8b7e2, L:/127.0.0.1:53651 - R:localhost/127.0.0.1:36995]
21:02:24.709 [Forwarding isElementDisplayed on session 004bd94b387040dc9f6042e842492b0e to remote] DEBUG org.asynchttpclient.netty.request.NettyRequestSender - Using pooled Channel '[id: 0x33d8b7e2, L:/127.0.0.1:53651 - R:localhost/127.0.0.1:36995]' for 'POST' to 'http://localhost:36995/session/004bd94b387040dc9f6042e842492b0e/execute/sync'
21:02:24.710 [Forwarding isElementDisplayed on session 004bd94b387040dc9f6042e842492b0e to remote] DEBUG org.asynchttpclient.netty.request.NettyRequestSender - Using open Channel [id: 0x33d8b7e2, L:/127.0.0.1:53651 - R:localhost/127.0.0.1:36995] for POST '/session/004bd94b387040dc9f6042e842492b0e/execute/sync'
21:02:24.720 [AsyncHttpClient-1-5] DEBUG org.asynchttpclient.netty.handler.HttpHandler - 

Request DefaultHttpRequest(decodeResult: success, version: HTTP/1.1)
POST /session/004bd94b387040dc9f6042e842492b0e/execute/sync HTTP/1.1
User-Agent: selenium/4.8.1 (java windows)
Content-Length: 48807
Content-Type: application/json; charset=utf-8
host: localhost:36995
accept: */*

Response DefaultHttpResponse(decodeResult: success, version: HTTP/1.1)
HTTP/1.1 200 OK
Content-Length: 14
Content-Type: application/json; charset=utf-8
cache-control: no-cache

21:02:24.721 [AsyncHttpClient-1-5] DEBUG org.asynchttpclient.netty.channel.ChannelManager - Adding key: http://localhost:36995 for channel [id: 0x33d8b7e2, L:/127.0.0.1:53651 - R:localhost/127.0.0.1:36995]
21:02:24.724 [main] DEBUG net.thucydides.core.steps.StepInterceptor - STEP DONE: onProductPage
  &amp#27;[32mAnd &amp#27;[0m&amp#27;[32muser on products page&amp#27;[0m                &amp#27;[90m# starter.stepdefinitions.LoginSteps.userOnProductsPage()&amp#27;[0m
21:02:24.753 [Forwarding findElement on session 004bd94b387040dc9f6042e842492b0e to remote] DEBUG org.asynchttpclient.netty.request.NettyRequestSender - Using pooled Channel '[id: 0x33d8b7e2, L:/127.0.0.1:53651 - R:localhost/127.0.0.1:36995]' for 'POST' to 'http://localhost:36995/session/004bd94b387040dc9f6042e842492b0e/element'
21:02:24.753 [Forwarding findElement on session 004bd94b387040dc9f6042e842492b0e to remote] DEBUG org.asynchttpclient.netty.request.NettyRequestSender - Using open Channel [id: 0x33d8b7e2, L:/127.0.0.1:53651 - R:localhost/127.0.0.1:36995] for POST '/session/004bd94b387040dc9f6042e842492b0e/element'
21:02:24.776 [AsyncHttpClient-1-5] DEBUG org.asynchttpclient.netty.handler.HttpHandler - 

Request DefaultHttpRequest(decodeResult: success, version: HTTP/1.1)
POST /session/004bd94b387040dc9f6042e842492b0e/element HTTP/1.1
User-Agent: selenium/4.8.1 (java windows)
Content-Length: 70
Content-Type: application/json; charset=utf-8
host: localhost:36995
accept: */*

Response DefaultHttpResponse(decodeResult: success, version: HTTP/1.1)
HTTP/1.1 200 OK
Content-Length: 88
Content-Type: application/json; charset=utf-8
cache-control: no-cache

21:02:24.777 [AsyncHttpClient-1-5] DEBUG org.asynchttpclient.netty.channel.ChannelManager - Adding key: http://localhost:36995 for channel [id: 0x33d8b7e2, L:/127.0.0.1:53651 - R:localhost/127.0.0.1:36995]
21:02:24.779 [Forwarding getElementTagName on session 004bd94b387040dc9f6042e842492b0e to remote] DEBUG org.asynchttpclient.netty.request.NettyRequestSender - Using pooled Channel '[id: 0x33d8b7e2, L:/127.0.0.1:53651 - R:localhost/127.0.0.1:36995]' for 'GET' to 'http://localhost:36995/session/004bd94b387040dc9f6042e842492b0e/element/1cf3c56e-ae90-44a5-ac3c-3737ee5d48d7/name'
21:02:24.779 [Forwarding getElementTagName on session 004bd94b387040dc9f6042e842492b0e to remote] DEBUG org.asynchttpclient.netty.request.NettyRequestSender - Using open Channel [id: 0x33d8b7e2, L:/127.0.0.1:53651 - R:localhost/127.0.0.1:36995] for GET '/session/004bd94b387040dc9f6042e842492b0e/element/1cf3c56e-ae90-44a5-ac3c-3737ee5d48d7/name'
21:02:24.785 [AsyncHttpClient-1-5] DEBUG org.asynchttpclient.netty.handler.HttpHandler - 

Request DefaultFullHttpRequest(decodeResult: success, version: HTTP/1.1, content: EmptyByteBufBE)
GET /session/004bd94b387040dc9f6042e842492b0e/element/1cf3c56e-ae90-44a5-ac3c-3737ee5d48d7/name HTTP/1.1
User-Agent: selenium/4.8.1 (java windows)
Cache-Control: no-cache
Content-Type: application/json; charset=utf-8
host: localhost:36995
accept: */*

Response DefaultHttpResponse(decodeResult: success, version: HTTP/1.1)
HTTP/1.1 200 OK
Content-Length: 16
Content-Type: application/json; charset=utf-8
cache-control: no-cache

21:02:24.785 [AsyncHttpClient-1-5] DEBUG org.asynchttpclient.netty.channel.ChannelManager - Adding key: http://localhost:36995 for channel [id: 0x33d8b7e2, L:/127.0.0.1:53651 - R:localhost/127.0.0.1:36995]
21:02:24.788 [Forwarding getElementTagName on session 004bd94b387040dc9f6042e842492b0e to remote] DEBUG org.asynchttpclient.netty.request.NettyRequestSender - Using pooled Channel '[id: 0x33d8b7e2, L:/127.0.0.1:53651 - R:localhost/127.0.0.1:36995]' for 'GET' to 'http://localhost:36995/session/004bd94b387040dc9f6042e842492b0e/element/1cf3c56e-ae90-44a5-ac3c-3737ee5d48d7/name'
21:02:24.788 [Forwarding getElementTagName on session 004bd94b387040dc9f6042e842492b0e to remote] DEBUG org.asynchttpclient.netty.request.NettyRequestSender - Using open Channel [id: 0x33d8b7e2, L:/127.0.0.1:53651 - R:localhost/127.0.0.1:36995] for GET '/session/004bd94b387040dc9f6042e842492b0e/element/1cf3c56e-ae90-44a5-ac3c-3737ee5d48d7/name'
21:02:24.793 [AsyncHttpClient-1-5] DEBUG org.asynchttpclient.netty.handler.HttpHandler - 

Request DefaultFullHttpRequest(decodeResult: success, version: HTTP/1.1, content: EmptyByteBufBE)
GET /session/004bd94b387040dc9f6042e842492b0e/element/1cf3c56e-ae90-44a5-ac3c-3737ee5d48d7/name HTTP/1.1
User-Agent: selenium/4.8.1 (java windows)
Cache-Control: no-cache
Content-Type: application/json; charset=utf-8
host: localhost:36995
accept: */*

Response DefaultHttpResponse(decodeResult: success, version: HTTP/1.1)
HTTP/1.1 200 OK
Content-Length: 16
Content-Type: application/json; charset=utf-8
cache-control: no-cache

21:02:24.793 [AsyncHttpClient-1-5] DEBUG org.asynchttpclient.netty.channel.ChannelManager - Adding key: http://localhost:36995 for channel [id: 0x33d8b7e2, L:/127.0.0.1:53651 - R:localhost/127.0.0.1:36995]
21:02:24.797 [Forwarding findElement on session 004bd94b387040dc9f6042e842492b0e to remote] DEBUG org.asynchttpclient.netty.request.NettyRequestSender - Using pooled Channel '[id: 0x33d8b7e2, L:/127.0.0.1:53651 - R:localhost/127.0.0.1:36995]' for 'POST' to 'http://localhost:36995/session/004bd94b387040dc9f6042e842492b0e/element'
21:02:24.798 [Forwarding findElement on session 004bd94b387040dc9f6042e842492b0e to remote] DEBUG org.asynchttpclient.netty.request.NettyRequestSender - Using open Channel [id: 0x33d8b7e2, L:/127.0.0.1:53651 - R:localhost/127.0.0.1:36995] for POST '/session/004bd94b387040dc9f6042e842492b0e/element'
21:02:24.812 [AsyncHttpClient-1-5] DEBUG org.asynchttpclient.netty.handler.HttpHandler - 

Request DefaultHttpRequest(decodeResult: success, version: HTTP/1.1)
POST /session/004bd94b387040dc9f6042e842492b0e/element HTTP/1.1
User-Agent: selenium/4.8.1 (java windows)
Content-Length: 70
Content-Type: application/json; charset=utf-8
host: localhost:36995
accept: */*

Response DefaultHttpResponse(decodeResult: success, version: HTTP/1.1)
HTTP/1.1 200 OK
Content-Length: 88
Content-Type: application/json; charset=utf-8
cache-control: no-cache

21:02:24.813 [AsyncHttpClient-1-5] DEBUG org.asynchttpclient.netty.channel.ChannelManager - Adding key: http://localhost:36995 for channel [id: 0x33d8b7e2, L:/127.0.0.1:53651 - R:localhost/127.0.0.1:36995]
21:02:24.815 [Forwarding clickElement on session 004bd94b387040dc9f6042e842492b0e to remote] DEBUG org.asynchttpclient.netty.request.NettyRequestSender - Using pooled Channel '[id: 0x33d8b7e2, L:/127.0.0.1:53651 - R:localhost/127.0.0.1:36995]' for 'POST' to 'http://localhost:36995/session/004bd94b387040dc9f6042e842492b0e/element/1cf3c56e-ae90-44a5-ac3c-3737ee5d48d7/click'
21:02:24.815 [Forwarding clickElement on session 004bd94b387040dc9f6042e842492b0e to remote] DEBUG org.asynchttpclient.netty.request.NettyRequestSender - Using open Channel [id: 0x33d8b7e2, L:/127.0.0.1:53651 - R:localhost/127.0.0.1:36995] for POST '/session/004bd94b387040dc9f6042e842492b0e/element/1cf3c56e-ae90-44a5-ac3c-3737ee5d48d7/click'
21:02:24.950 [AsyncHttpClient-1-5] DEBUG org.asynchttpclient.netty.handler.HttpHandler - 

Request DefaultHttpRequest(decodeResult: success, version: HTTP/1.1)
POST /session/004bd94b387040dc9f6042e842492b0e/element/1cf3c56e-ae90-44a5-ac3c-3737ee5d48d7/click HTTP/1.1
User-Agent: selenium/4.8.1 (java windows)
Content-Length: 50
Content-Type: application/json; charset=utf-8
host: localhost:36995
accept: */*

Response DefaultHttpResponse(decodeResult: success, version: HTTP/1.1)
HTTP/1.1 200 OK
Content-Length: 14
Content-Type: application/json; charset=utf-8
cache-control: no-cache

21:02:24.951 [AsyncHttpClient-1-5] DEBUG org.asynchttpclient.netty.channel.ChannelManager - Adding key: http://localhost:36995 for channel [id: 0x33d8b7e2, L:/127.0.0.1:53651 - R:localhost/127.0.0.1:36995]
  &amp#27;[32mWhen &amp#27;[0m&amp#27;[32muser click button Detail&amp#27;[0m            &amp#27;[90m# starter.stepdefinitions.ChooseProductSteps.userClickButtonDetail()&amp#27;[0m
21:02:24.985 [Forwarding findElement on session 004bd94b387040dc9f6042e842492b0e to remote] DEBUG org.asynchttpclient.netty.request.NettyRequestSender - Using pooled Channel '[id: 0x33d8b7e2, L:/127.0.0.1:53651 - R:localhost/127.0.0.1:36995]' for 'POST' to 'http://localhost:36995/session/004bd94b387040dc9f6042e842492b0e/element'
21:02:24.986 [Forwarding findElement on session 004bd94b387040dc9f6042e842492b0e to remote] DEBUG org.asynchttpclient.netty.request.NettyRequestSender - Using open Channel [id: 0x33d8b7e2, L:/127.0.0.1:53651 - R:localhost/127.0.0.1:36995] for POST '/session/004bd94b387040dc9f6042e842492b0e/element'
21:02:25.400 [AsyncHttpClient-1-1] DEBUG org.asynchttpclient.netty.channel.DefaultChannelPool - Entry count for : http://localhost:53652 : 1
21:02:25.854 [AsyncHttpClient-1-5] DEBUG org.asynchttpclient.netty.handler.HttpHandler - 

Request DefaultHttpRequest(decodeResult: success, version: HTTP/1.1)
POST /session/004bd94b387040dc9f6042e842492b0e/element HTTP/1.1
User-Agent: selenium/4.8.1 (java windows)
Content-Length: 84
Content-Type: application/json; charset=utf-8
host: localhost:36995
accept: */*

Response DefaultHttpResponse(decodeResult: success, version: HTTP/1.1)
HTTP/1.1 200 OK
Content-Length: 88
Content-Type: application/json; charset=utf-8
cache-control: no-cache

21:02:25.855 [AsyncHttpClient-1-5] DEBUG org.asynchttpclient.netty.channel.ChannelManager - Adding key: http://localhost:36995 for channel [id: 0x33d8b7e2, L:/127.0.0.1:53651 - R:localhost/127.0.0.1:36995]
21:02:25.857 [Forwarding getElementTagName on session 004bd94b387040dc9f6042e842492b0e to remote] DEBUG org.asynchttpclient.netty.request.NettyRequestSender - Using pooled Channel '[id: 0x33d8b7e2, L:/127.0.0.1:53651 - R:localhost/127.0.0.1:36995]' for 'GET' to 'http://localhost:36995/session/004bd94b387040dc9f6042e842492b0e/element/c900fe13-cf54-43ca-b630-63a44b396efe/name'
21:02:25.857 [Forwarding getElementTagName on session 004bd94b387040dc9f6042e842492b0e to remote] DEBUG org.asynchttpclient.netty.request.NettyRequestSender - Using open Channel [id: 0x33d8b7e2, L:/127.0.0.1:53651 - R:localhost/127.0.0.1:36995] for GET '/session/004bd94b387040dc9f6042e842492b0e/element/c900fe13-cf54-43ca-b630-63a44b396efe/name'
21:02:25.862 [AsyncHttpClient-1-5] DEBUG org.asynchttpclient.netty.handler.HttpHandler - 

Request DefaultFullHttpRequest(decodeResult: success, version: HTTP/1.1, content: EmptyByteBufBE)
GET /session/004bd94b387040dc9f6042e842492b0e/element/c900fe13-cf54-43ca-b630-63a44b396efe/name HTTP/1.1
User-Agent: selenium/4.8.1 (java windows)
Cache-Control: no-cache
Content-Type: application/json; charset=utf-8
host: localhost:36995
accept: */*

Response DefaultHttpResponse(decodeResult: success, version: HTTP/1.1)
HTTP/1.1 200 OK
Content-Length: 18
Content-Type: application/json; charset=utf-8
cache-control: no-cache

21:02:25.863 [AsyncHttpClient-1-5] DEBUG org.asynchttpclient.netty.channel.ChannelManager - Adding key: http://localhost:36995 for channel [id: 0x33d8b7e2, L:/127.0.0.1:53651 - R:localhost/127.0.0.1:36995]
21:02:25.865 [Forwarding getElementTagName on session 004bd94b387040dc9f6042e842492b0e to remote] DEBUG org.asynchttpclient.netty.request.NettyRequestSender - Using pooled Channel '[id: 0x33d8b7e2, L:/127.0.0.1:53651 - R:localhost/127.0.0.1:36995]' for 'GET' to 'http://localhost:36995/session/004bd94b387040dc9f6042e842492b0e/element/c900fe13-cf54-43ca-b630-63a44b396efe/name'
21:02:25.866 [Forwarding getElementTagName on session 004bd94b387040dc9f6042e842492b0e to remote] DEBUG org.asynchttpclient.netty.request.NettyRequestSender - Using open Channel [id: 0x33d8b7e2, L:/127.0.0.1:53651 - R:localhost/127.0.0.1:36995] for GET '/session/004bd94b387040dc9f6042e842492b0e/element/c900fe13-cf54-43ca-b630-63a44b396efe/name'
21:02:25.870 [AsyncHttpClient-1-5] DEBUG org.asynchttpclient.netty.handler.HttpHandler - 

Request DefaultFullHttpRequest(decodeResult: success, version: HTTP/1.1, content: EmptyByteBufBE)
GET /session/004bd94b387040dc9f6042e842492b0e/element/c900fe13-cf54-43ca-b630-63a44b396efe/name HTTP/1.1
User-Agent: selenium/4.8.1 (java windows)
Cache-Control: no-cache
Content-Type: application/json; charset=utf-8
host: localhost:36995
accept: */*

Response DefaultHttpResponse(decodeResult: success, version: HTTP/1.1)
HTTP/1.1 200 OK
Content-Length: 18
Content-Type: application/json; charset=utf-8
cache-control: no-cache

21:02:25.871 [AsyncHttpClient-1-5] DEBUG org.asynchttpclient.netty.channel.ChannelManager - Adding key: http://localhost:36995 for channel [id: 0x33d8b7e2, L:/127.0.0.1:53651 - R:localhost/127.0.0.1:36995]
21:02:25.875 [Forwarding isElementEnabled on session 004bd94b387040dc9f6042e842492b0e to remote] DEBUG org.asynchttpclient.netty.request.NettyRequestSender - Using pooled Channel '[id: 0x33d8b7e2, L:/127.0.0.1:53651 - R:localhost/127.0.0.1:36995]' for 'GET' to 'http://localhost:36995/session/004bd94b387040dc9f6042e842492b0e/element/c900fe13-cf54-43ca-b630-63a44b396efe/enabled'
21:02:25.875 [Forwarding isElementEnabled on session 004bd94b387040dc9f6042e842492b0e to remote] DEBUG org.asynchttpclient.netty.request.NettyRequestSender - Using open Channel [id: 0x33d8b7e2, L:/127.0.0.1:53651 - R:localhost/127.0.0.1:36995] for GET '/session/004bd94b387040dc9f6042e842492b0e/element/c900fe13-cf54-43ca-b630-63a44b396efe/enabled'
21:02:25.886 [AsyncHttpClient-1-5] DEBUG org.asynchttpclient.netty.handler.HttpHandler - 

Request DefaultFullHttpRequest(decodeResult: success, version: HTTP/1.1, content: EmptyByteBufBE)
GET /session/004bd94b387040dc9f6042e842492b0e/element/c900fe13-cf54-43ca-b630-63a44b396efe/enabled HTTP/1.1
User-Agent: selenium/4.8.1 (java windows)
Cache-Control: no-cache
Content-Type: application/json; charset=utf-8
host: localhost:36995
accept: */*

Response DefaultHttpResponse(decodeResult: success, version: HTTP/1.1)
HTTP/1.1 200 OK
Content-Length: 14
Content-Type: application/json; charset=utf-8
cache-control: no-cache

21:02:25.886 [AsyncHttpClient-1-5] DEBUG org.asynchttpclient.netty.channel.ChannelManager - Adding key: http://localhost:36995 for channel [id: 0x33d8b7e2, L:/127.0.0.1:53651 - R:localhost/127.0.0.1:36995]
21:02:25.888 [Forwarding isElementEnabled on session 004bd94b387040dc9f6042e842492b0e to remote] DEBUG org.asynchttpclient.netty.request.NettyRequestSender - Using pooled Channel '[id: 0x33d8b7e2, L:/127.0.0.1:53651 - R:localhost/127.0.0.1:36995]' for 'GET' to 'http://localhost:36995/session/004bd94b387040dc9f6042e842492b0e/element/c900fe13-cf54-43ca-b630-63a44b396efe/enabled'
21:02:25.888 [Forwarding isElementEnabled on session 004bd94b387040dc9f6042e842492b0e to remote] DEBUG org.asynchttpclient.netty.request.NettyRequestSender - Using open Channel [id: 0x33d8b7e2, L:/127.0.0.1:53651 - R:localhost/127.0.0.1:36995] for GET '/session/004bd94b387040dc9f6042e842492b0e/element/c900fe13-cf54-43ca-b630-63a44b396efe/enabled'
21:02:25.895 [AsyncHttpClient-1-5] DEBUG org.asynchttpclient.netty.handler.HttpHandler - 

Request DefaultFullHttpRequest(decodeResult: success, version: HTTP/1.1, content: EmptyByteBufBE)
GET /session/004bd94b387040dc9f6042e842492b0e/element/c900fe13-cf54-43ca-b630-63a44b396efe/enabled HTTP/1.1
User-Agent: selenium/4.8.1 (java windows)
Cache-Control: no-cache
Content-Type: application/json; charset=utf-8
host: localhost:36995
accept: */*

Response DefaultHttpResponse(decodeResult: success, version: HTTP/1.1)
HTTP/1.1 200 OK
Content-Length: 14
Content-Type: application/json; charset=utf-8
cache-control: no-cache

21:02:25.895 [AsyncHttpClient-1-5] DEBUG org.asynchttpclient.netty.channel.ChannelManager - Adding key: http://localhost:36995 for channel [id: 0x33d8b7e2, L:/127.0.0.1:53651 - R:localhost/127.0.0.1:36995]
21:02:25.899 [Forwarding findElement on session 004bd94b387040dc9f6042e842492b0e to remote] DEBUG org.asynchttpclient.netty.request.NettyRequestSender - Using pooled Channel '[id: 0x33d8b7e2, L:/127.0.0.1:53651 - R:localhost/127.0.0.1:36995]' for 'POST' to 'http://localhost:36995/session/004bd94b387040dc9f6042e842492b0e/element'
21:02:25.899 [Forwarding findElement on session 004bd94b387040dc9f6042e842492b0e to remote] DEBUG org.asynchttpclient.netty.request.NettyRequestSender - Using open Channel [id: 0x33d8b7e2, L:/127.0.0.1:53651 - R:localhost/127.0.0.1:36995] for POST '/session/004bd94b387040dc9f6042e842492b0e/element'
21:02:25.909 [AsyncHttpClient-1-5] DEBUG org.asynchttpclient.netty.handler.HttpHandler - 

Request DefaultHttpRequest(decodeResult: success, version: HTTP/1.1)
POST /session/004bd94b387040dc9f6042e842492b0e/element HTTP/1.1
User-Agent: selenium/4.8.1 (java windows)
Content-Length: 84
Content-Type: application/json; charset=utf-8
host: localhost:36995
accept: */*

Response DefaultHttpResponse(decodeResult: success, version: HTTP/1.1)
HTTP/1.1 200 OK
Content-Length: 88
Content-Type: application/json; charset=utf-8
cache-control: no-cache

21:02:25.909 [AsyncHttpClient-1-5] DEBUG org.asynchttpclient.netty.channel.ChannelManager - Adding key: http://localhost:36995 for channel [id: 0x33d8b7e2, L:/127.0.0.1:53651 - R:localhost/127.0.0.1:36995]
21:02:25.911 [Forwarding clickElement on session 004bd94b387040dc9f6042e842492b0e to remote] DEBUG org.asynchttpclient.netty.request.NettyRequestSender - Using pooled Channel '[id: 0x33d8b7e2, L:/127.0.0.1:53651 - R:localhost/127.0.0.1:36995]' for 'POST' to 'http://localhost:36995/session/004bd94b387040dc9f6042e842492b0e/element/c900fe13-cf54-43ca-b630-63a44b396efe/click'
21:02:25.911 [Forwarding clickElement on session 004bd94b387040dc9f6042e842492b0e to remote] DEBUG org.asynchttpclient.netty.request.NettyRequestSender - Using open Channel [id: 0x33d8b7e2, L:/127.0.0.1:53651 - R:localhost/127.0.0.1:36995] for POST '/session/004bd94b387040dc9f6042e842492b0e/element/c900fe13-cf54-43ca-b630-63a44b396efe/click'
21:02:25.954 [AsyncHttpClient-1-5] DEBUG org.asynchttpclient.netty.handler.HttpHandler - 

Request DefaultHttpRequest(decodeResult: success, version: HTTP/1.1)
POST /session/004bd94b387040dc9f6042e842492b0e/element/c900fe13-cf54-43ca-b630-63a44b396efe/click HTTP/1.1
User-Agent: selenium/4.8.1 (java windows)
Content-Length: 50
Content-Type: application/json; charset=utf-8
host: localhost:36995
accept: */*

Response DefaultHttpResponse(decodeResult: success, version: HTTP/1.1)
HTTP/1.1 200 OK
Content-Length: 14
Content-Type: application/json; charset=utf-8
cache-control: no-cache

21:02:25.954 [AsyncHttpClient-1-5] DEBUG org.asynchttpclient.netty.channel.ChannelManager - Adding key: http://localhost:36995 for channel [id: 0x33d8b7e2, L:/127.0.0.1:53651 - R:localhost/127.0.0.1:36995]
  &amp#27;[32mThen &amp#27;[0m&amp#27;[32muser can see detail product&amp#27;[0m         &amp#27;[90m# starter.stepdefinitions.ChooseProductSteps.userCanSeeDetailProduct()&amp#27;[0m
21:02:25.961 [main] INFO  - 
  _____   ___   ___   _____     ___     _     ___   ___   ___   ___  
 |_   _| | __| / __| |_   _|   | _ \   /_\   / __| / __| | __| |   \ 
   | |   | _|  \__ \   | |     |  _/  / _ \  \__ \ \__ \ | _|  | |) |
   |_|   |___| |___/   |_|     |_|   /_/ \_\ |___/ |___/ |___| |___/ 

as user i can see detail product
----------------------------------------------------------------------
21:02:25.962 [AsyncHttpClient-1-7] DEBUG org.asynchttpclient.netty.handler.WebSocketHandler - Channel Closed: [id: 0xc2ad1ad3, L:/127.0.0.1:53659 ! R:localhost/127.0.0.1:53652] with attribute NettyResponseFuture{currentRetry=0,
	isDone=1,
	isCancelled=0,
	asyncHandler=org.asynchttpclient.ws.WebSocketUpgradeHandler@1cbdc634,
	nettyRequest=org.asynchttpclient.netty.request.NettyRequest@59bf4bc7,
	future=java.util.concurrent.CompletableFuture@622be239[Completed normally],
	uri=ws://localhost:53652/devtools/browser/2c389db9-d2ec-4bff-bfcf-7a6da3cf07d4,
	keepAlive=true,
	redirectCount=0,
	timeoutsHolder=null,
	inAuth=0,
	touch=1683554536233}
21:02:25.963 [AsyncHttpClient-1-7] DEBUG org.asynchttpclient.netty.channel.ChannelManager - Closing Channel [id: 0xc2ad1ad3, L:/127.0.0.1:53659 ! R:localhost/127.0.0.1:53652] 
21:02:25.963 [Driver Command Executor] DEBUG org.asynchttpclient.netty.request.NettyRequestSender - Using pooled Channel '[id: 0x33d8b7e2, L:/127.0.0.1:53651 - R:localhost/127.0.0.1:36995]' for 'DELETE' to 'http://localhost:36995/session/004bd94b387040dc9f6042e842492b0e'
21:02:25.963 [Driver Command Executor] DEBUG org.asynchttpclient.netty.request.NettyRequestSender - Using open Channel [id: 0x33d8b7e2, L:/127.0.0.1:53651 - R:localhost/127.0.0.1:36995] for DELETE '/session/004bd94b387040dc9f6042e842492b0e'
21:02:26.259 [AsyncHttpClient-1-6] DEBUG org.asynchttpclient.netty.handler.HttpHandler - Unexpected I/O exception on channel [id: 0xee5c9e33, L:/127.0.0.1:53658 - R:localhost/127.0.0.1:53652]
java.io.IOException: An existing connection was forcibly closed by the remote host
	at sun.nio.ch.SocketDispatcher.read0(Native Method)
	at sun.nio.ch.SocketDispatcher.read(SocketDispatcher.java:43)
	at sun.nio.ch.IOUtil.readIntoNativeBuffer(IOUtil.java:223)
	at sun.nio.ch.IOUtil.read(IOUtil.java:192)
	at sun.nio.ch.SocketChannelImpl.read(SocketChannelImpl.java:380)
	at io.netty.buffer.PooledByteBuf.setBytes(PooledByteBuf.java:259)
	at io.netty.buffer.AbstractByteBuf.writeBytes(AbstractByteBuf.java:1132)
	at io.netty.channel.socket.nio.NioSocketChannel.doReadBytes(NioSocketChannel.java:357)
	at io.netty.channel.nio.AbstractNioByteChannel$NioByteUnsafe.read(AbstractNioByteChannel.java:151)
	at io.netty.channel.nio.NioEventLoop.processSelectedKey(NioEventLoop.java:788)
	at io.netty.channel.nio.NioEventLoop.processSelectedKeysOptimized(NioEventLoop.java:724)
	at io.netty.channel.nio.NioEventLoop.processSelectedKeys(NioEventLoop.java:650)
	at io.netty.channel.nio.NioEventLoop.run(NioEventLoop.java:562)
	at io.netty.util.concurrent.SingleThreadEventExecutor$4.run(SingleThreadEventExecutor.java:997)
	at io.netty.util.internal.ThreadExecutorMap$2.run(ThreadExecutorMap.java:74)
	at io.netty.util.concurrent.FastThreadLocalRunnable.run(FastThreadLocalRunnable.java:30)
	at java.lang.Thread.run(Thread.java:748)
21:02:26.259 [AsyncHttpClient-1-6] DEBUG org.asynchttpclient.netty.channel.ChannelManager - Closing Channel [id: 0xee5c9e33, L:/127.0.0.1:53658 - R:localhost/127.0.0.1:53652] 
21:02:26.259 [AsyncHttpClient-1-6] DEBUG org.asynchttpclient.netty.handler.HttpHandler - Channel Closed: [id: 0xee5c9e33, L:/127.0.0.1:53658 ! R:localhost/127.0.0.1:53652] with attribute DISCARD
21:02:26.412 [AsyncHttpClient-1-5] DEBUG org.asynchttpclient.netty.handler.HttpHandler - 

Request DefaultFullHttpRequest(decodeResult: success, version: HTTP/1.1, content: EmptyByteBufBE)
DELETE /session/004bd94b387040dc9f6042e842492b0e HTTP/1.1
User-Agent: selenium/4.8.1 (java windows)
Content-Type: application/json; charset=utf-8
host: localhost:36995
accept: */*

Response DefaultHttpResponse(decodeResult: success, version: HTTP/1.1)
HTTP/1.1 200 OK
Content-Length: 14
Content-Type: application/json; charset=utf-8
cache-control: no-cache

21:02:26.413 [AsyncHttpClient-1-5] DEBUG org.asynchttpclient.netty.channel.ChannelManager - Adding key: http://localhost:36995 for channel [id: 0x33d8b7e2, L:/127.0.0.1:53651 - R:localhost/127.0.0.1:36995]
21:02:26.500 [AsyncHttpClient-1-1] DEBUG org.asynchttpclient.netty.channel.DefaultChannelPool - Entry count for : http://localhost:53652 : 1
21:02:26.500 [AsyncHttpClient-1-1] DEBUG org.asynchttpclient.netty.channel.DefaultChannelPool - Entry count for : http://localhost:36995 : 1
21:02:26.500 [AsyncHttpClient-1-1] DEBUG org.asynchttpclient.netty.channel.DefaultChannelPool - Adding Candidate expired Channel [id: 0xee5c9e33, L:/127.0.0.1:53658 ! R:localhost/127.0.0.1:53652] isIdleTimeoutExpired=false isRemotelyClosed=true isTtlExpired=false
21:02:26.500 [AsyncHttpClient-1-1] DEBUG org.asynchttpclient.netty.channel.DefaultChannelPool - Closing Idle Channel [id: 0xee5c9e33, L:/127.0.0.1:53658 ! R:localhost/127.0.0.1:53652]
21:02:26.500 [AsyncHttpClient-1-1] DEBUG org.asynchttpclient.netty.channel.DefaultChannelPool - Closed 1 connections out of 2 in 0 ms
21:02:26.582 [AsyncHttpClient-1-5] DEBUG org.asynchttpclient.netty.handler.HttpHandler - Channel Closed: [id: 0x33d8b7e2, L:/127.0.0.1:53651 ! R:localhost/127.0.0.1:36995] with attribute DISCARD
]]></system-out>
    <system-err><![CDATA[Starting ChromeDriver 112.0.5615.49 (bd2a7bcb881c11e8cfe3078709382934e3916914-refs/branch-heads/5615@{#936}) on port 36995
Only local connections are allowed.
Please see https://chromedriver.chromium.org/security-considerations for suggestions on keeping ChromeDriver safe.
ChromeDriver was started successfully.
May 08, 2023 9:02:16 PM org.openqa.selenium.devtools.CdpVersionFinder findNearestMatch
WARNING: Unable to find an exact match for CDP version 112, so returning the closest version found: 110
]]></system-err>
  </testcase>
  <testcase name="as user i want to order and pay product" classname="As a user i can choose product so that i can see transactions page" time="12.399">
    <system-out><![CDATA[
@OrderProduct
Scenario: as user i want to order and pay product                        &amp#27;[90m# src/test/resources/features/PilihProduk.feature:25&amp#27;[0m
21:02:27.106 [main] DEBUG io.cucumber.core.plugin.SerenityReporter - Running feature from file:///D:/D/QE_Alta/mini-project-nisa/Web/Altashop-Transaksi/src/test/resources/features/PilihProduk.feature
21:02:27.110 [main] INFO  - 
  _____   ___   ___   _____     ___   _____     _     ___   _____   ___   ___  
 |_   _| | __| / __| |_   _|   / __| |_   _|   /_\   | _ \ |_   _| | __| |   \ 
   | |   | _|  \__ \   | |     \__ \   | |    / _ \  |   /   | |   | _|  | |) |
   |_|   |___| |___/   |_|     |___/   |_|   /_/ \_\ |_|_\   |_|   |___| |___/ 

as user i want to order and pay product(as-a-user-i-can-choose-product-so-that-i-can-see-transactions-page;as-user-i-want-to-order-and-pay-product)
--------------------------------------------------------------------------------
21:02:27.137 [main] DEBUG net.thucydides.core.steps.StepInterceptor - STARTING STEP: LoginSteps.userOnLoginPage - onLoginPage
21:02:27.226 [main] INFO net.serenitybdd.core.webdriver.driverproviders.ChromeDriverProvider - Starting Chrome driver instance with capabilities:
21:02:27.227 [main] INFO net.serenitybdd.core.webdriver.driverproviders.ChromeDriverProvider - Capabilities {acceptInsecureCerts: true, browserName: chrome, goog:chromeOptions: {args: [remote-allow-origins=*, test-type, no-sandbox, ignore-certificate-errors, start-maximized, incognito, disable-infobars, disable-gpu, disable-default-apps, disable-popup-blocking, remote-allow-origins=*, test-type, no-sandbox, ignore-certificate-errors, start-maximized, incognito, disable-infobars, disable-gpu, disable-default-apps, disable-popup-blocking, remote-allow-origins=*], extensions: []}}
21:02:27.599 [AsyncHttpClient-1-1] DEBUG org.asynchttpclient.netty.channel.DefaultChannelPool - Entry count for : http://localhost:36995 : 1
21:02:27.599 [AsyncHttpClient-1-1] DEBUG org.asynchttpclient.netty.channel.DefaultChannelPool - Adding Candidate expired Channel [id: 0x33d8b7e2, L:/127.0.0.1:53651 ! R:localhost/127.0.0.1:36995] isIdleTimeoutExpired=false isRemotelyClosed=true isTtlExpired=false
21:02:27.599 [AsyncHttpClient-1-1] DEBUG org.asynchttpclient.netty.channel.DefaultChannelPool - Closing Idle Channel [id: 0x33d8b7e2, L:/127.0.0.1:53651 ! R:localhost/127.0.0.1:36995]
21:02:27.599 [AsyncHttpClient-1-1] DEBUG org.asynchttpclient.netty.channel.DefaultChannelPool - Closed 1 connections out of 1 in 0 ms
21:02:27.841 [AsyncHttpClient-1-8] DEBUG org.asynchttpclient.netty.channel.NettyConnectListener - Using new Channel '[id: 0xd8d607bd, L:/127.0.0.1:53675 - R:localhost/127.0.0.1:48308]' for 'POST' to '/session'
21:02:28.871 [AsyncHttpClient-1-8] DEBUG org.asynchttpclient.netty.handler.HttpHandler - 

Request DefaultHttpRequest(decodeResult: success, version: HTTP/1.1)
POST /session HTTP/1.1
User-Agent: selenium/4.8.1 (java windows)
Content-Length: 1701
Content-Type: application/json; charset=utf-8
host: localhost:48308
accept: */*

Response DefaultHttpResponse(decodeResult: success, version: HTTP/1.1)
HTTP/1.1 200 OK
Content-Length: 859
Content-Type: application/json; charset=utf-8
cache-control: no-cache

21:02:28.871 [AsyncHttpClient-1-8] DEBUG org.asynchttpclient.netty.channel.ChannelManager - Adding key: http://localhost:48308 for channel [id: 0xd8d607bd, L:/127.0.0.1:53675 - R:localhost/127.0.0.1:48308]
21:02:28.912 [AsyncHttpClient-1-9] DEBUG org.asynchttpclient.netty.channel.NettyConnectListener - Using new Channel '[id: 0xc8484805, L:/127.0.0.1:53682 - R:localhost/127.0.0.1:53676]' for 'GET' to '/json/version'
21:02:28.913 [AsyncHttpClient-1-9] DEBUG org.asynchttpclient.netty.handler.HttpHandler - 

Request DefaultFullHttpRequest(decodeResult: success, version: HTTP/1.1, content: EmptyByteBufBE)
GET /json/version HTTP/1.1
User-Agent: selenium/4.8.1 (java windows)
host: localhost:53676
accept: */*

Response DefaultHttpResponse(decodeResult: success, version: HTTP/1.1)
HTTP/1.1 200 OK
Content-Security-Policy: frame-ancestors 'none'
Content-Length: 424
Content-Type: application/json; charset=UTF-8

21:02:28.913 [AsyncHttpClient-1-9] DEBUG org.asynchttpclient.netty.channel.ChannelManager - Adding key: http://localhost:53676 for channel [id: 0xc8484805, L:/127.0.0.1:53682 - R:localhost/127.0.0.1:53676]
21:02:28.919 [AsyncHttpClient-1-2] DEBUG org.asynchttpclient.netty.channel.NettyConnectListener - Using new Channel '[id: 0x63a5b87f, L:/127.0.0.1:53683 - R:localhost/127.0.0.1:53676]' for 'GET' to '/devtools/browser/b53e3f13-a79e-464f-b49a-2e40b9971b85'
21:02:28.921 [AsyncHttpClient-1-2] DEBUG org.asynchttpclient.netty.handler.WebSocketHandler - 

Request DefaultFullHttpRequest(decodeResult: success, version: HTTP/1.1, content: EmptyByteBufBE)
GET /devtools/browser/b53e3f13-a79e-464f-b49a-2e40b9971b85 HTTP/1.1
upgrade: websocket
connection: upgrade
sec-websocket-key: tmMIDEXMG4FFXu7a+Mu/JQ==
sec-websocket-version: 13
origin: http://localhost:53676
host: localhost:53676
accept: */*
user-agent: AHC/2.1

Response DefaultHttpResponse(decodeResult: success, version: HTTP/1.1)
HTTP/1.1 101 WebSocket Protocol Handshake
Upgrade: WebSocket
Connection: Upgrade
Sec-WebSocket-Accept: In7ZGu2ajduNuTx1Phy4Z9XGpKw=

21:02:28.931 [Forwarding get on session ee125c7b212de80c08a5aac956fcc3fc to remote] DEBUG org.asynchttpclient.netty.request.NettyRequestSender - Using pooled Channel '[id: 0xd8d607bd, L:/127.0.0.1:53675 - R:localhost/127.0.0.1:48308]' for 'POST' to 'http://localhost:48308/session/ee125c7b212de80c08a5aac956fcc3fc/url'
21:02:28.932 [Forwarding get on session ee125c7b212de80c08a5aac956fcc3fc to remote] DEBUG org.asynchttpclient.netty.request.NettyRequestSender - Using open Channel [id: 0xd8d607bd, L:/127.0.0.1:53675 - R:localhost/127.0.0.1:48308] for POST '/session/ee125c7b212de80c08a5aac956fcc3fc/url'
21:02:29.800 [AsyncHttpClient-1-1] DEBUG org.asynchttpclient.netty.channel.DefaultChannelPool - Entry count for : http://localhost:53676 : 1
21:02:30.900 [AsyncHttpClient-1-1] DEBUG org.asynchttpclient.netty.channel.DefaultChannelPool - Entry count for : http://localhost:53676 : 1
21:02:31.287 [AsyncHttpClient-1-8] DEBUG org.asynchttpclient.netty.handler.HttpHandler - 

Request DefaultHttpRequest(decodeResult: success, version: HTTP/1.1)
POST /session/ee125c7b212de80c08a5aac956fcc3fc/url HTTP/1.1
User-Agent: selenium/4.8.1 (java windows)
Content-Length: 74
Content-Type: application/json; charset=utf-8
host: localhost:48308
accept: */*

Response DefaultHttpResponse(decodeResult: success, version: HTTP/1.1)
HTTP/1.1 200 OK
Content-Length: 14
Content-Type: application/json; charset=utf-8
cache-control: no-cache

21:02:31.288 [AsyncHttpClient-1-8] DEBUG org.asynchttpclient.netty.channel.ChannelManager - Adding key: http://localhost:48308 for channel [id: 0xd8d607bd, L:/127.0.0.1:53675 - R:localhost/127.0.0.1:48308]
21:02:31.291 [Forwarding setTimeout on session ee125c7b212de80c08a5aac956fcc3fc to remote] DEBUG org.asynchttpclient.netty.request.NettyRequestSender - Using pooled Channel '[id: 0xd8d607bd, L:/127.0.0.1:53675 - R:localhost/127.0.0.1:48308]' for 'POST' to 'http://localhost:48308/session/ee125c7b212de80c08a5aac956fcc3fc/timeouts'
21:02:31.291 [Forwarding setTimeout on session ee125c7b212de80c08a5aac956fcc3fc to remote] DEBUG org.asynchttpclient.netty.request.NettyRequestSender - Using open Channel [id: 0xd8d607bd, L:/127.0.0.1:53675 - R:localhost/127.0.0.1:48308] for POST '/session/ee125c7b212de80c08a5aac956fcc3fc/timeouts'
21:02:31.294 [AsyncHttpClient-1-8] DEBUG org.asynchttpclient.netty.handler.HttpHandler - 

Request DefaultHttpRequest(decodeResult: success, version: HTTP/1.1)
POST /session/ee125c7b212de80c08a5aac956fcc3fc/timeouts HTTP/1.1
User-Agent: selenium/4.8.1 (java windows)
Content-Length: 22
Content-Type: application/json; charset=utf-8
host: localhost:48308
accept: */*

Response DefaultHttpResponse(decodeResult: success, version: HTTP/1.1)
HTTP/1.1 200 OK
Content-Length: 14
Content-Type: application/json; charset=utf-8
cache-control: no-cache

21:02:31.294 [AsyncHttpClient-1-8] DEBUG org.asynchttpclient.netty.channel.ChannelManager - Adding key: http://localhost:48308 for channel [id: 0xd8d607bd, L:/127.0.0.1:53675 - R:localhost/127.0.0.1:48308]
21:02:31.303 [Forwarding findElement on session ee125c7b212de80c08a5aac956fcc3fc to remote] DEBUG org.asynchttpclient.netty.request.NettyRequestSender - Using pooled Channel '[id: 0xd8d607bd, L:/127.0.0.1:53675 - R:localhost/127.0.0.1:48308]' for 'POST' to 'http://localhost:48308/session/ee125c7b212de80c08a5aac956fcc3fc/element'
21:02:31.303 [Forwarding findElement on session ee125c7b212de80c08a5aac956fcc3fc to remote] DEBUG org.asynchttpclient.netty.request.NettyRequestSender - Using open Channel [id: 0xd8d607bd, L:/127.0.0.1:53675 - R:localhost/127.0.0.1:48308] for POST '/session/ee125c7b212de80c08a5aac956fcc3fc/element'
21:02:31.322 [AsyncHttpClient-1-8] DEBUG org.asynchttpclient.netty.handler.HttpHandler - 

Request DefaultHttpRequest(decodeResult: success, version: HTTP/1.1)
POST /session/ee125c7b212de80c08a5aac956fcc3fc/element HTTP/1.1
User-Agent: selenium/4.8.1 (java windows)
Content-Length: 69
Content-Type: application/json; charset=utf-8
host: localhost:48308
accept: */*

Response DefaultHttpResponse(decodeResult: success, version: HTTP/1.1)
HTTP/1.1 200 OK
Content-Length: 88
Content-Type: application/json; charset=utf-8
cache-control: no-cache

21:02:31.322 [AsyncHttpClient-1-8] DEBUG org.asynchttpclient.netty.channel.ChannelManager - Adding key: http://localhost:48308 for channel [id: 0xd8d607bd, L:/127.0.0.1:53675 - R:localhost/127.0.0.1:48308]
21:02:31.327 [Forwarding isElementDisplayed on session ee125c7b212de80c08a5aac956fcc3fc to remote] DEBUG org.asynchttpclient.netty.request.NettyRequestSender - Using pooled Channel '[id: 0xd8d607bd, L:/127.0.0.1:53675 - R:localhost/127.0.0.1:48308]' for 'POST' to 'http://localhost:48308/session/ee125c7b212de80c08a5aac956fcc3fc/execute/sync'
21:02:31.327 [Forwarding isElementDisplayed on session ee125c7b212de80c08a5aac956fcc3fc to remote] DEBUG org.asynchttpclient.netty.request.NettyRequestSender - Using open Channel [id: 0xd8d607bd, L:/127.0.0.1:53675 - R:localhost/127.0.0.1:48308] for POST '/session/ee125c7b212de80c08a5aac956fcc3fc/execute/sync'
21:02:31.348 [AsyncHttpClient-1-8] DEBUG org.asynchttpclient.netty.handler.HttpHandler - 

Request DefaultHttpRequest(decodeResult: success, version: HTTP/1.1)
POST /session/ee125c7b212de80c08a5aac956fcc3fc/execute/sync HTTP/1.1
User-Agent: selenium/4.8.1 (java windows)
Content-Length: 48807
Content-Type: application/json; charset=utf-8
host: localhost:48308
accept: */*

Response DefaultHttpResponse(decodeResult: success, version: HTTP/1.1)
HTTP/1.1 200 OK
Content-Length: 14
Content-Type: application/json; charset=utf-8
cache-control: no-cache

21:02:31.349 [AsyncHttpClient-1-8] DEBUG org.asynchttpclient.netty.channel.ChannelManager - Adding key: http://localhost:48308 for channel [id: 0xd8d607bd, L:/127.0.0.1:53675 - R:localhost/127.0.0.1:48308]
21:02:31.352 [Forwarding isElementDisplayed on session ee125c7b212de80c08a5aac956fcc3fc to remote] DEBUG org.asynchttpclient.netty.request.NettyRequestSender - Using pooled Channel '[id: 0xd8d607bd, L:/127.0.0.1:53675 - R:localhost/127.0.0.1:48308]' for 'POST' to 'http://localhost:48308/session/ee125c7b212de80c08a5aac956fcc3fc/execute/sync'
21:02:31.352 [Forwarding isElementDisplayed on session ee125c7b212de80c08a5aac956fcc3fc to remote] DEBUG org.asynchttpclient.netty.request.NettyRequestSender - Using open Channel [id: 0xd8d607bd, L:/127.0.0.1:53675 - R:localhost/127.0.0.1:48308] for POST '/session/ee125c7b212de80c08a5aac956fcc3fc/execute/sync'
21:02:31.367 [AsyncHttpClient-1-8] DEBUG org.asynchttpclient.netty.handler.HttpHandler - 

Request DefaultHttpRequest(decodeResult: success, version: HTTP/1.1)
POST /session/ee125c7b212de80c08a5aac956fcc3fc/execute/sync HTTP/1.1
User-Agent: selenium/4.8.1 (java windows)
Content-Length: 48807
Content-Type: application/json; charset=utf-8
host: localhost:48308
accept: */*

Response DefaultHttpResponse(decodeResult: success, version: HTTP/1.1)
HTTP/1.1 200 OK
Content-Length: 14
Content-Type: application/json; charset=utf-8
cache-control: no-cache

21:02:31.367 [AsyncHttpClient-1-8] DEBUG org.asynchttpclient.netty.channel.ChannelManager - Adding key: http://localhost:48308 for channel [id: 0xd8d607bd, L:/127.0.0.1:53675 - R:localhost/127.0.0.1:48308]
21:02:31.370 [main] DEBUG net.thucydides.core.steps.StepInterceptor - STEP DONE: onLoginPage
  &amp#27;[32mGiven &amp#27;[0m&amp#27;[32muser on login page&amp#27;[0m                                               &amp#27;[90m# starter.stepdefinitions.LoginSteps.userOnLoginPage()&amp#27;[0m
21:02:31.382 [main] DEBUG net.thucydides.core.steps.StepInterceptor - STARTING STEP: LoginSteps.userInputValidEmail - inputEmail
21:02:31.386 [Forwarding findElement on session ee125c7b212de80c08a5aac956fcc3fc to remote] DEBUG org.asynchttpclient.netty.request.NettyRequestSender - Using pooled Channel '[id: 0xd8d607bd, L:/127.0.0.1:53675 - R:localhost/127.0.0.1:48308]' for 'POST' to 'http://localhost:48308/session/ee125c7b212de80c08a5aac956fcc3fc/element'
21:02:31.386 [Forwarding findElement on session ee125c7b212de80c08a5aac956fcc3fc to remote] DEBUG org.asynchttpclient.netty.request.NettyRequestSender - Using open Channel [id: 0xd8d607bd, L:/127.0.0.1:53675 - R:localhost/127.0.0.1:48308] for POST '/session/ee125c7b212de80c08a5aac956fcc3fc/element'
21:02:31.400 [AsyncHttpClient-1-8] DEBUG org.asynchttpclient.netty.handler.HttpHandler - 

Request DefaultHttpRequest(decodeResult: success, version: HTTP/1.1)
POST /session/ee125c7b212de80c08a5aac956fcc3fc/element HTTP/1.1
User-Agent: selenium/4.8.1 (java windows)
Content-Length: 55
Content-Type: application/json; charset=utf-8
host: localhost:48308
accept: */*

Response DefaultHttpResponse(decodeResult: success, version: HTTP/1.1)
HTTP/1.1 200 OK
Content-Length: 88
Content-Type: application/json; charset=utf-8
cache-control: no-cache

21:02:31.400 [AsyncHttpClient-1-8] DEBUG org.asynchttpclient.netty.channel.ChannelManager - Adding key: http://localhost:48308 for channel [id: 0xd8d607bd, L:/127.0.0.1:53675 - R:localhost/127.0.0.1:48308]
21:02:31.402 [Forwarding clearElement on session ee125c7b212de80c08a5aac956fcc3fc to remote] DEBUG org.asynchttpclient.netty.request.NettyRequestSender - Using pooled Channel '[id: 0xd8d607bd, L:/127.0.0.1:53675 - R:localhost/127.0.0.1:48308]' for 'POST' to 'http://localhost:48308/session/ee125c7b212de80c08a5aac956fcc3fc/element/34870f25-442c-4fc7-ae62-bcd756abc334/clear'
21:02:31.403 [Forwarding clearElement on session ee125c7b212de80c08a5aac956fcc3fc to remote] DEBUG org.asynchttpclient.netty.request.NettyRequestSender - Using open Channel [id: 0xd8d607bd, L:/127.0.0.1:53675 - R:localhost/127.0.0.1:48308] for POST '/session/ee125c7b212de80c08a5aac956fcc3fc/element/34870f25-442c-4fc7-ae62-bcd756abc334/clear'
21:02:31.441 [AsyncHttpClient-1-8] DEBUG org.asynchttpclient.netty.handler.HttpHandler - 

Request DefaultHttpRequest(decodeResult: success, version: HTTP/1.1)
POST /session/ee125c7b212de80c08a5aac956fcc3fc/element/34870f25-442c-4fc7-ae62-bcd756abc334/clear HTTP/1.1
User-Agent: selenium/4.8.1 (java windows)
Content-Length: 50
Content-Type: application/json; charset=utf-8
host: localhost:48308
accept: */*

Response DefaultHttpResponse(decodeResult: success, version: HTTP/1.1)
HTTP/1.1 200 OK
Content-Length: 14
Content-Type: application/json; charset=utf-8
cache-control: no-cache

21:02:31.441 [AsyncHttpClient-1-8] DEBUG org.asynchttpclient.netty.channel.ChannelManager - Adding key: http://localhost:48308 for channel [id: 0xd8d607bd, L:/127.0.0.1:53675 - R:localhost/127.0.0.1:48308]
21:02:31.443 [Forwarding sendKeysToElement on session ee125c7b212de80c08a5aac956fcc3fc to remote] DEBUG org.asynchttpclient.netty.request.NettyRequestSender - Using pooled Channel '[id: 0xd8d607bd, L:/127.0.0.1:53675 - R:localhost/127.0.0.1:48308]' for 'POST' to 'http://localhost:48308/session/ee125c7b212de80c08a5aac956fcc3fc/element/34870f25-442c-4fc7-ae62-bcd756abc334/value'
21:02:31.443 [Forwarding sendKeysToElement on session ee125c7b212de80c08a5aac956fcc3fc to remote] DEBUG org.asynchttpclient.netty.request.NettyRequestSender - Using open Channel [id: 0xd8d607bd, L:/127.0.0.1:53675 - R:localhost/127.0.0.1:48308] for POST '/session/ee125c7b212de80c08a5aac956fcc3fc/element/34870f25-442c-4fc7-ae62-bcd756abc334/value'
21:02:31.641 [AsyncHttpClient-1-8] DEBUG org.asynchttpclient.netty.handler.HttpHandler - 

Request DefaultHttpRequest(decodeResult: success, version: HTTP/1.1)
POST /session/ee125c7b212de80c08a5aac956fcc3fc/element/34870f25-442c-4fc7-ae62-bcd756abc334/value HTTP/1.1
User-Agent: selenium/4.8.1 (java windows)
Content-Length: 251
Content-Type: application/json; charset=utf-8
host: localhost:48308
accept: */*

Response DefaultHttpResponse(decodeResult: success, version: HTTP/1.1)
HTTP/1.1 200 OK
Content-Length: 14
Content-Type: application/json; charset=utf-8
cache-control: no-cache

21:02:31.641 [AsyncHttpClient-1-8] DEBUG org.asynchttpclient.netty.channel.ChannelManager - Adding key: http://localhost:48308 for channel [id: 0xd8d607bd, L:/127.0.0.1:53675 - R:localhost/127.0.0.1:48308]
21:02:31.652 [main] DEBUG net.thucydides.core.steps.StepInterceptor - STEP DONE: inputEmail
  &amp#27;[32mWhen &amp#27;[0m&amp#27;[32muser input valid email&amp#27;[0m                                            &amp#27;[90m# starter.stepdefinitions.LoginSteps.userInputValidEmail()&amp#27;[0m
21:02:31.692 [main] DEBUG net.thucydides.core.steps.StepInterceptor - STARTING STEP: LoginSteps.userInputValidPassword - inputPassword
21:02:31.698 [Forwarding findElement on session ee125c7b212de80c08a5aac956fcc3fc to remote] DEBUG org.asynchttpclient.netty.request.NettyRequestSender - Using pooled Channel '[id: 0xd8d607bd, L:/127.0.0.1:53675 - R:localhost/127.0.0.1:48308]' for 'POST' to 'http://localhost:48308/session/ee125c7b212de80c08a5aac956fcc3fc/element'
21:02:31.699 [Forwarding findElement on session ee125c7b212de80c08a5aac956fcc3fc to remote] DEBUG org.asynchttpclient.netty.request.NettyRequestSender - Using open Channel [id: 0xd8d607bd, L:/127.0.0.1:53675 - R:localhost/127.0.0.1:48308] for POST '/session/ee125c7b212de80c08a5aac956fcc3fc/element'
21:02:31.728 [AsyncHttpClient-1-8] DEBUG org.asynchttpclient.netty.handler.HttpHandler - 

Request DefaultHttpRequest(decodeResult: success, version: HTTP/1.1)
POST /session/ee125c7b212de80c08a5aac956fcc3fc/element HTTP/1.1
User-Agent: selenium/4.8.1 (java windows)
Content-Length: 55
Content-Type: application/json; charset=utf-8
host: localhost:48308
accept: */*

Response DefaultHttpResponse(decodeResult: success, version: HTTP/1.1)
HTTP/1.1 200 OK
Content-Length: 88
Content-Type: application/json; charset=utf-8
cache-control: no-cache

21:02:31.728 [AsyncHttpClient-1-8] DEBUG org.asynchttpclient.netty.channel.ChannelManager - Adding key: http://localhost:48308 for channel [id: 0xd8d607bd, L:/127.0.0.1:53675 - R:localhost/127.0.0.1:48308]
21:02:31.734 [Forwarding clearElement on session ee125c7b212de80c08a5aac956fcc3fc to remote] DEBUG org.asynchttpclient.netty.request.NettyRequestSender - Using pooled Channel '[id: 0xd8d607bd, L:/127.0.0.1:53675 - R:localhost/127.0.0.1:48308]' for 'POST' to 'http://localhost:48308/session/ee125c7b212de80c08a5aac956fcc3fc/element/42b2be20-7afb-4986-a82c-0929c7e265c0/clear'
21:02:31.734 [Forwarding clearElement on session ee125c7b212de80c08a5aac956fcc3fc to remote] DEBUG org.asynchttpclient.netty.request.NettyRequestSender - Using open Channel [id: 0xd8d607bd, L:/127.0.0.1:53675 - R:localhost/127.0.0.1:48308] for POST '/session/ee125c7b212de80c08a5aac956fcc3fc/element/42b2be20-7afb-4986-a82c-0929c7e265c0/clear'
21:02:31.792 [AsyncHttpClient-1-8] DEBUG org.asynchttpclient.netty.handler.HttpHandler - 

Request DefaultHttpRequest(decodeResult: success, version: HTTP/1.1)
POST /session/ee125c7b212de80c08a5aac956fcc3fc/element/42b2be20-7afb-4986-a82c-0929c7e265c0/clear HTTP/1.1
User-Agent: selenium/4.8.1 (java windows)
Content-Length: 50
Content-Type: application/json; charset=utf-8
host: localhost:48308
accept: */*

Response DefaultHttpResponse(decodeResult: success, version: HTTP/1.1)
HTTP/1.1 200 OK
Content-Length: 14
Content-Type: application/json; charset=utf-8
cache-control: no-cache

21:02:31.793 [AsyncHttpClient-1-8] DEBUG org.asynchttpclient.netty.channel.ChannelManager - Adding key: http://localhost:48308 for channel [id: 0xd8d607bd, L:/127.0.0.1:53675 - R:localhost/127.0.0.1:48308]
21:02:31.800 [Forwarding sendKeysToElement on session ee125c7b212de80c08a5aac956fcc3fc to remote] DEBUG org.asynchttpclient.netty.request.NettyRequestSender - Using pooled Channel '[id: 0xd8d607bd, L:/127.0.0.1:53675 - R:localhost/127.0.0.1:48308]' for 'POST' to 'http://localhost:48308/session/ee125c7b212de80c08a5aac956fcc3fc/element/42b2be20-7afb-4986-a82c-0929c7e265c0/value'
21:02:31.800 [Forwarding sendKeysToElement on session ee125c7b212de80c08a5aac956fcc3fc to remote] DEBUG org.asynchttpclient.netty.request.NettyRequestSender - Using open Channel [id: 0xd8d607bd, L:/127.0.0.1:53675 - R:localhost/127.0.0.1:48308] for POST '/session/ee125c7b212de80c08a5aac956fcc3fc/element/42b2be20-7afb-4986-a82c-0929c7e265c0/value'
21:02:31.944 [AsyncHttpClient-1-8] DEBUG org.asynchttpclient.netty.handler.HttpHandler - 

Request DefaultHttpRequest(decodeResult: success, version: HTTP/1.1)
POST /session/ee125c7b212de80c08a5aac956fcc3fc/element/42b2be20-7afb-4986-a82c-0929c7e265c0/value HTTP/1.1
User-Agent: selenium/4.8.1 (java windows)
Content-Length: 111
Content-Type: application/json; charset=utf-8
host: localhost:48308
accept: */*

Response DefaultHttpResponse(decodeResult: success, version: HTTP/1.1)
HTTP/1.1 200 OK
Content-Length: 14
Content-Type: application/json; charset=utf-8
cache-control: no-cache

21:02:31.945 [AsyncHttpClient-1-8] DEBUG org.asynchttpclient.netty.channel.ChannelManager - Adding key: http://localhost:48308 for channel [id: 0xd8d607bd, L:/127.0.0.1:53675 - R:localhost/127.0.0.1:48308]
21:02:31.959 [main] DEBUG net.thucydides.core.steps.StepInterceptor - STEP DONE: inputPassword
  &amp#27;[32mAnd &amp#27;[0m&amp#27;[32muser input valid password&amp#27;[0m                                          &amp#27;[90m# starter.stepdefinitions.LoginSteps.userInputValidPassword()&amp#27;[0m
21:02:32.028 [main] DEBUG net.thucydides.core.steps.StepInterceptor - STARTING STEP: LoginSteps.userClickLoginButton - ClickLoginBtn
21:02:32.036 [AsyncHttpClient-1-1] DEBUG org.asynchttpclient.netty.channel.DefaultChannelPool - Entry count for : http://localhost:48308 : 1
21:02:32.036 [AsyncHttpClient-1-1] DEBUG org.asynchttpclient.netty.channel.DefaultChannelPool - Entry count for : http://localhost:53676 : 1
21:02:32.040 [Forwarding findElement on session ee125c7b212de80c08a5aac956fcc3fc to remote] DEBUG org.asynchttpclient.netty.request.NettyRequestSender - Using pooled Channel '[id: 0xd8d607bd, L:/127.0.0.1:53675 - R:localhost/127.0.0.1:48308]' for 'POST' to 'http://localhost:48308/session/ee125c7b212de80c08a5aac956fcc3fc/element'
21:02:32.040 [Forwarding findElement on session ee125c7b212de80c08a5aac956fcc3fc to remote] DEBUG org.asynchttpclient.netty.request.NettyRequestSender - Using open Channel [id: 0xd8d607bd, L:/127.0.0.1:53675 - R:localhost/127.0.0.1:48308] for POST '/session/ee125c7b212de80c08a5aac956fcc3fc/element'
21:02:32.054 [AsyncHttpClient-1-8] DEBUG org.asynchttpclient.netty.handler.HttpHandler - 

Request DefaultHttpRequest(decodeResult: success, version: HTTP/1.1)
POST /session/ee125c7b212de80c08a5aac956fcc3fc/element HTTP/1.1
User-Agent: selenium/4.8.1 (java windows)
Content-Length: 69
Content-Type: application/json; charset=utf-8
host: localhost:48308
accept: */*

Response DefaultHttpResponse(decodeResult: success, version: HTTP/1.1)
HTTP/1.1 200 OK
Content-Length: 88
Content-Type: application/json; charset=utf-8
cache-control: no-cache

21:02:32.055 [AsyncHttpClient-1-8] DEBUG org.asynchttpclient.netty.channel.ChannelManager - Adding key: http://localhost:48308 for channel [id: 0xd8d607bd, L:/127.0.0.1:53675 - R:localhost/127.0.0.1:48308]
21:02:32.056 [Forwarding getElementTagName on session ee125c7b212de80c08a5aac956fcc3fc to remote] DEBUG org.asynchttpclient.netty.request.NettyRequestSender - Using pooled Channel '[id: 0xd8d607bd, L:/127.0.0.1:53675 - R:localhost/127.0.0.1:48308]' for 'GET' to 'http://localhost:48308/session/ee125c7b212de80c08a5aac956fcc3fc/element/28a7ebe6-76c4-4618-b02f-195ca1472e8a/name'
21:02:32.057 [Forwarding getElementTagName on session ee125c7b212de80c08a5aac956fcc3fc to remote] DEBUG org.asynchttpclient.netty.request.NettyRequestSender - Using open Channel [id: 0xd8d607bd, L:/127.0.0.1:53675 - R:localhost/127.0.0.1:48308] for GET '/session/ee125c7b212de80c08a5aac956fcc3fc/element/28a7ebe6-76c4-4618-b02f-195ca1472e8a/name'
21:02:32.061 [AsyncHttpClient-1-8] DEBUG org.asynchttpclient.netty.handler.HttpHandler - 

Request DefaultFullHttpRequest(decodeResult: success, version: HTTP/1.1, content: EmptyByteBufBE)
GET /session/ee125c7b212de80c08a5aac956fcc3fc/element/28a7ebe6-76c4-4618-b02f-195ca1472e8a/name HTTP/1.1
User-Agent: selenium/4.8.1 (java windows)
Cache-Control: no-cache
Content-Type: application/json; charset=utf-8
host: localhost:48308
accept: */*

Response DefaultHttpResponse(decodeResult: success, version: HTTP/1.1)
HTTP/1.1 200 OK
Content-Length: 16
Content-Type: application/json; charset=utf-8
cache-control: no-cache

21:02:32.062 [AsyncHttpClient-1-8] DEBUG org.asynchttpclient.netty.channel.ChannelManager - Adding key: http://localhost:48308 for channel [id: 0xd8d607bd, L:/127.0.0.1:53675 - R:localhost/127.0.0.1:48308]
21:02:32.065 [Forwarding getElementTagName on session ee125c7b212de80c08a5aac956fcc3fc to remote] DEBUG org.asynchttpclient.netty.request.NettyRequestSender - Using pooled Channel '[id: 0xd8d607bd, L:/127.0.0.1:53675 - R:localhost/127.0.0.1:48308]' for 'GET' to 'http://localhost:48308/session/ee125c7b212de80c08a5aac956fcc3fc/element/28a7ebe6-76c4-4618-b02f-195ca1472e8a/name'
21:02:32.065 [Forwarding getElementTagName on session ee125c7b212de80c08a5aac956fcc3fc to remote] DEBUG org.asynchttpclient.netty.request.NettyRequestSender - Using open Channel [id: 0xd8d607bd, L:/127.0.0.1:53675 - R:localhost/127.0.0.1:48308] for GET '/session/ee125c7b212de80c08a5aac956fcc3fc/element/28a7ebe6-76c4-4618-b02f-195ca1472e8a/name'
21:02:32.071 [AsyncHttpClient-1-8] DEBUG org.asynchttpclient.netty.handler.HttpHandler - 

Request DefaultFullHttpRequest(decodeResult: success, version: HTTP/1.1, content: EmptyByteBufBE)
GET /session/ee125c7b212de80c08a5aac956fcc3fc/element/28a7ebe6-76c4-4618-b02f-195ca1472e8a/name HTTP/1.1
User-Agent: selenium/4.8.1 (java windows)
Cache-Control: no-cache
Content-Type: application/json; charset=utf-8
host: localhost:48308
accept: */*

Response DefaultHttpResponse(decodeResult: success, version: HTTP/1.1)
HTTP/1.1 200 OK
Content-Length: 16
Content-Type: application/json; charset=utf-8
cache-control: no-cache

21:02:32.072 [AsyncHttpClient-1-8] DEBUG org.asynchttpclient.netty.channel.ChannelManager - Adding key: http://localhost:48308 for channel [id: 0xd8d607bd, L:/127.0.0.1:53675 - R:localhost/127.0.0.1:48308]
21:02:32.074 [Forwarding findElement on session ee125c7b212de80c08a5aac956fcc3fc to remote] DEBUG org.asynchttpclient.netty.request.NettyRequestSender - Using pooled Channel '[id: 0xd8d607bd, L:/127.0.0.1:53675 - R:localhost/127.0.0.1:48308]' for 'POST' to 'http://localhost:48308/session/ee125c7b212de80c08a5aac956fcc3fc/element'
21:02:32.074 [Forwarding findElement on session ee125c7b212de80c08a5aac956fcc3fc to remote] DEBUG org.asynchttpclient.netty.request.NettyRequestSender - Using open Channel [id: 0xd8d607bd, L:/127.0.0.1:53675 - R:localhost/127.0.0.1:48308] for POST '/session/ee125c7b212de80c08a5aac956fcc3fc/element'
21:02:32.082 [AsyncHttpClient-1-8] DEBUG org.asynchttpclient.netty.handler.HttpHandler - 

Request DefaultHttpRequest(decodeResult: success, version: HTTP/1.1)
POST /session/ee125c7b212de80c08a5aac956fcc3fc/element HTTP/1.1
User-Agent: selenium/4.8.1 (java windows)
Content-Length: 69
Content-Type: application/json; charset=utf-8
host: localhost:48308
accept: */*

Response DefaultHttpResponse(decodeResult: success, version: HTTP/1.1)
HTTP/1.1 200 OK
Content-Length: 88
Content-Type: application/json; charset=utf-8
cache-control: no-cache

21:02:32.083 [AsyncHttpClient-1-8] DEBUG org.asynchttpclient.netty.channel.ChannelManager - Adding key: http://localhost:48308 for channel [id: 0xd8d607bd, L:/127.0.0.1:53675 - R:localhost/127.0.0.1:48308]
21:02:32.085 [Forwarding clickElement on session ee125c7b212de80c08a5aac956fcc3fc to remote] DEBUG org.asynchttpclient.netty.request.NettyRequestSender - Using pooled Channel '[id: 0xd8d607bd, L:/127.0.0.1:53675 - R:localhost/127.0.0.1:48308]' for 'POST' to 'http://localhost:48308/session/ee125c7b212de80c08a5aac956fcc3fc/element/28a7ebe6-76c4-4618-b02f-195ca1472e8a/click'
21:02:32.085 [Forwarding clickElement on session ee125c7b212de80c08a5aac956fcc3fc to remote] DEBUG org.asynchttpclient.netty.request.NettyRequestSender - Using open Channel [id: 0xd8d607bd, L:/127.0.0.1:53675 - R:localhost/127.0.0.1:48308] for POST '/session/ee125c7b212de80c08a5aac956fcc3fc/element/28a7ebe6-76c4-4618-b02f-195ca1472e8a/click'
21:02:32.141 [AsyncHttpClient-1-8] DEBUG org.asynchttpclient.netty.handler.HttpHandler - 

Request DefaultHttpRequest(decodeResult: success, version: HTTP/1.1)
POST /session/ee125c7b212de80c08a5aac956fcc3fc/element/28a7ebe6-76c4-4618-b02f-195ca1472e8a/click HTTP/1.1
User-Agent: selenium/4.8.1 (java windows)
Content-Length: 50
Content-Type: application/json; charset=utf-8
host: localhost:48308
accept: */*

Response DefaultHttpResponse(decodeResult: success, version: HTTP/1.1)
HTTP/1.1 200 OK
Content-Length: 14
Content-Type: application/json; charset=utf-8
cache-control: no-cache

21:02:32.141 [AsyncHttpClient-1-8] DEBUG org.asynchttpclient.netty.channel.ChannelManager - Adding key: http://localhost:48308 for channel [id: 0xd8d607bd, L:/127.0.0.1:53675 - R:localhost/127.0.0.1:48308]
21:02:32.144 [main] DEBUG net.thucydides.core.steps.StepInterceptor - STEP DONE: ClickLoginBtn
  &amp#27;[32mAnd &amp#27;[0m&amp#27;[32muser click login button&amp#27;[0m                                            &amp#27;[90m# starter.stepdefinitions.LoginSteps.userClickLoginButton()&amp#27;[0m
21:02:32.167 [main] DEBUG net.thucydides.core.steps.StepInterceptor - STARTING STEP: LoginSteps.userOnProductsPage - onProductPage
21:02:32.172 [Forwarding findElement on session ee125c7b212de80c08a5aac956fcc3fc to remote] DEBUG org.asynchttpclient.netty.request.NettyRequestSender - Using pooled Channel '[id: 0xd8d607bd, L:/127.0.0.1:53675 - R:localhost/127.0.0.1:48308]' for 'POST' to 'http://localhost:48308/session/ee125c7b212de80c08a5aac956fcc3fc/element'
21:02:32.172 [Forwarding findElement on session ee125c7b212de80c08a5aac956fcc3fc to remote] DEBUG org.asynchttpclient.netty.request.NettyRequestSender - Using open Channel [id: 0xd8d607bd, L:/127.0.0.1:53675 - R:localhost/127.0.0.1:48308] for POST '/session/ee125c7b212de80c08a5aac956fcc3fc/element'
21:02:33.102 [AsyncHttpClient-1-1] DEBUG org.asynchttpclient.netty.channel.DefaultChannelPool - Entry count for : http://localhost:53676 : 1
21:02:34.204 [AsyncHttpClient-1-1] DEBUG org.asynchttpclient.netty.channel.DefaultChannelPool - Entry count for : http://localhost:53676 : 1
21:02:35.300 [AsyncHttpClient-1-1] DEBUG org.asynchttpclient.netty.channel.DefaultChannelPool - Entry count for : http://localhost:53676 : 1
21:02:36.399 [AsyncHttpClient-1-1] DEBUG org.asynchttpclient.netty.channel.DefaultChannelPool - Entry count for : http://localhost:53676 : 1
21:02:37.500 [AsyncHttpClient-1-1] DEBUG org.asynchttpclient.netty.channel.DefaultChannelPool - Entry count for : http://localhost:53676 : 1
21:02:37.621 [AsyncHttpClient-1-8] DEBUG org.asynchttpclient.netty.handler.HttpHandler - 

Request DefaultHttpRequest(decodeResult: success, version: HTTP/1.1)
POST /session/ee125c7b212de80c08a5aac956fcc3fc/element HTTP/1.1
User-Agent: selenium/4.8.1 (java windows)
Content-Length: 54
Content-Type: application/json; charset=utf-8
host: localhost:48308
accept: */*

Response DefaultHttpResponse(decodeResult: success, version: HTTP/1.1)
HTTP/1.1 200 OK
Content-Length: 88
Content-Type: application/json; charset=utf-8
cache-control: no-cache

21:02:37.622 [AsyncHttpClient-1-8] DEBUG org.asynchttpclient.netty.channel.ChannelManager - Adding key: http://localhost:48308 for channel [id: 0xd8d607bd, L:/127.0.0.1:53675 - R:localhost/127.0.0.1:48308]
21:02:37.627 [Forwarding isElementDisplayed on session ee125c7b212de80c08a5aac956fcc3fc to remote] DEBUG org.asynchttpclient.netty.request.NettyRequestSender - Using pooled Channel '[id: 0xd8d607bd, L:/127.0.0.1:53675 - R:localhost/127.0.0.1:48308]' for 'POST' to 'http://localhost:48308/session/ee125c7b212de80c08a5aac956fcc3fc/execute/sync'
21:02:37.627 [Forwarding isElementDisplayed on session ee125c7b212de80c08a5aac956fcc3fc to remote] DEBUG org.asynchttpclient.netty.request.NettyRequestSender - Using open Channel [id: 0xd8d607bd, L:/127.0.0.1:53675 - R:localhost/127.0.0.1:48308] for POST '/session/ee125c7b212de80c08a5aac956fcc3fc/execute/sync'
21:02:37.643 [AsyncHttpClient-1-8] DEBUG org.asynchttpclient.netty.handler.HttpHandler - 

Request DefaultHttpRequest(decodeResult: success, version: HTTP/1.1)
POST /session/ee125c7b212de80c08a5aac956fcc3fc/execute/sync HTTP/1.1
User-Agent: selenium/4.8.1 (java windows)
Content-Length: 48807
Content-Type: application/json; charset=utf-8
host: localhost:48308
accept: */*

Response DefaultHttpResponse(decodeResult: success, version: HTTP/1.1)
HTTP/1.1 200 OK
Content-Length: 14
Content-Type: application/json; charset=utf-8
cache-control: no-cache

21:02:37.644 [AsyncHttpClient-1-8] DEBUG org.asynchttpclient.netty.channel.ChannelManager - Adding key: http://localhost:48308 for channel [id: 0xd8d607bd, L:/127.0.0.1:53675 - R:localhost/127.0.0.1:48308]
21:02:37.649 [Forwarding isElementDisplayed on session ee125c7b212de80c08a5aac956fcc3fc to remote] DEBUG org.asynchttpclient.netty.request.NettyRequestSender - Using pooled Channel '[id: 0xd8d607bd, L:/127.0.0.1:53675 - R:localhost/127.0.0.1:48308]' for 'POST' to 'http://localhost:48308/session/ee125c7b212de80c08a5aac956fcc3fc/execute/sync'
21:02:37.649 [Forwarding isElementDisplayed on session ee125c7b212de80c08a5aac956fcc3fc to remote] DEBUG org.asynchttpclient.netty.request.NettyRequestSender - Using open Channel [id: 0xd8d607bd, L:/127.0.0.1:53675 - R:localhost/127.0.0.1:48308] for POST '/session/ee125c7b212de80c08a5aac956fcc3fc/execute/sync'
21:02:37.658 [AsyncHttpClient-1-8] DEBUG org.asynchttpclient.netty.handler.HttpHandler - 

Request DefaultHttpRequest(decodeResult: success, version: HTTP/1.1)
POST /session/ee125c7b212de80c08a5aac956fcc3fc/execute/sync HTTP/1.1
User-Agent: selenium/4.8.1 (java windows)
Content-Length: 48807
Content-Type: application/json; charset=utf-8
host: localhost:48308
accept: */*

Response DefaultHttpResponse(decodeResult: success, version: HTTP/1.1)
HTTP/1.1 200 OK
Content-Length: 14
Content-Type: application/json; charset=utf-8
cache-control: no-cache

21:02:37.658 [AsyncHttpClient-1-8] DEBUG org.asynchttpclient.netty.channel.ChannelManager - Adding key: http://localhost:48308 for channel [id: 0xd8d607bd, L:/127.0.0.1:53675 - R:localhost/127.0.0.1:48308]
21:02:37.660 [main] DEBUG net.thucydides.core.steps.StepInterceptor - STEP DONE: onProductPage
  &amp#27;[32mAnd &amp#27;[0m&amp#27;[32muser on products page&amp#27;[0m                                              &amp#27;[90m# starter.stepdefinitions.LoginSteps.userOnProductsPage()&amp#27;[0m
21:02:37.680 [Forwarding findElement on session ee125c7b212de80c08a5aac956fcc3fc to remote] DEBUG org.asynchttpclient.netty.request.NettyRequestSender - Using pooled Channel '[id: 0xd8d607bd, L:/127.0.0.1:53675 - R:localhost/127.0.0.1:48308]' for 'POST' to 'http://localhost:48308/session/ee125c7b212de80c08a5aac956fcc3fc/element'
21:02:37.680 [Forwarding findElement on session ee125c7b212de80c08a5aac956fcc3fc to remote] DEBUG org.asynchttpclient.netty.request.NettyRequestSender - Using open Channel [id: 0xd8d607bd, L:/127.0.0.1:53675 - R:localhost/127.0.0.1:48308] for POST '/session/ee125c7b212de80c08a5aac956fcc3fc/element'
21:02:37.700 [AsyncHttpClient-1-8] DEBUG org.asynchttpclient.netty.handler.HttpHandler - 

Request DefaultHttpRequest(decodeResult: success, version: HTTP/1.1)
POST /session/ee125c7b212de80c08a5aac956fcc3fc/element HTTP/1.1
User-Agent: selenium/4.8.1 (java windows)
Content-Length: 68
Content-Type: application/json; charset=utf-8
host: localhost:48308
accept: */*

Response DefaultHttpResponse(decodeResult: success, version: HTTP/1.1)
HTTP/1.1 200 OK
Content-Length: 88
Content-Type: application/json; charset=utf-8
cache-control: no-cache

21:02:37.700 [AsyncHttpClient-1-8] DEBUG org.asynchttpclient.netty.channel.ChannelManager - Adding key: http://localhost:48308 for channel [id: 0xd8d607bd, L:/127.0.0.1:53675 - R:localhost/127.0.0.1:48308]
21:02:37.703 [Forwarding getElementTagName on session ee125c7b212de80c08a5aac956fcc3fc to remote] DEBUG org.asynchttpclient.netty.request.NettyRequestSender - Using pooled Channel '[id: 0xd8d607bd, L:/127.0.0.1:53675 - R:localhost/127.0.0.1:48308]' for 'GET' to 'http://localhost:48308/session/ee125c7b212de80c08a5aac956fcc3fc/element/eaa95335-0f0a-4c40-a505-5552ad492a33/name'
21:02:37.703 [Forwarding getElementTagName on session ee125c7b212de80c08a5aac956fcc3fc to remote] DEBUG org.asynchttpclient.netty.request.NettyRequestSender - Using open Channel [id: 0xd8d607bd, L:/127.0.0.1:53675 - R:localhost/127.0.0.1:48308] for GET '/session/ee125c7b212de80c08a5aac956fcc3fc/element/eaa95335-0f0a-4c40-a505-5552ad492a33/name'
21:02:37.710 [AsyncHttpClient-1-8] DEBUG org.asynchttpclient.netty.handler.HttpHandler - 

Request DefaultFullHttpRequest(decodeResult: success, version: HTTP/1.1, content: EmptyByteBufBE)
GET /session/ee125c7b212de80c08a5aac956fcc3fc/element/eaa95335-0f0a-4c40-a505-5552ad492a33/name HTTP/1.1
User-Agent: selenium/4.8.1 (java windows)
Cache-Control: no-cache
Content-Type: application/json; charset=utf-8
host: localhost:48308
accept: */*

Response DefaultHttpResponse(decodeResult: success, version: HTTP/1.1)
HTTP/1.1 200 OK
Content-Length: 16
Content-Type: application/json; charset=utf-8
cache-control: no-cache

21:02:37.711 [AsyncHttpClient-1-8] DEBUG org.asynchttpclient.netty.channel.ChannelManager - Adding key: http://localhost:48308 for channel [id: 0xd8d607bd, L:/127.0.0.1:53675 - R:localhost/127.0.0.1:48308]
21:02:37.713 [Forwarding getElementTagName on session ee125c7b212de80c08a5aac956fcc3fc to remote] DEBUG org.asynchttpclient.netty.request.NettyRequestSender - Using pooled Channel '[id: 0xd8d607bd, L:/127.0.0.1:53675 - R:localhost/127.0.0.1:48308]' for 'GET' to 'http://localhost:48308/session/ee125c7b212de80c08a5aac956fcc3fc/element/eaa95335-0f0a-4c40-a505-5552ad492a33/name'
21:02:37.713 [Forwarding getElementTagName on session ee125c7b212de80c08a5aac956fcc3fc to remote] DEBUG org.asynchttpclient.netty.request.NettyRequestSender - Using open Channel [id: 0xd8d607bd, L:/127.0.0.1:53675 - R:localhost/127.0.0.1:48308] for GET '/session/ee125c7b212de80c08a5aac956fcc3fc/element/eaa95335-0f0a-4c40-a505-5552ad492a33/name'
21:02:37.718 [AsyncHttpClient-1-8] DEBUG org.asynchttpclient.netty.handler.HttpHandler - 

Request DefaultFullHttpRequest(decodeResult: success, version: HTTP/1.1, content: EmptyByteBufBE)
GET /session/ee125c7b212de80c08a5aac956fcc3fc/element/eaa95335-0f0a-4c40-a505-5552ad492a33/name HTTP/1.1
User-Agent: selenium/4.8.1 (java windows)
Cache-Control: no-cache
Content-Type: application/json; charset=utf-8
host: localhost:48308
accept: */*

Response DefaultHttpResponse(decodeResult: success, version: HTTP/1.1)
HTTP/1.1 200 OK
Content-Length: 16
Content-Type: application/json; charset=utf-8
cache-control: no-cache

21:02:37.718 [AsyncHttpClient-1-8] DEBUG org.asynchttpclient.netty.channel.ChannelManager - Adding key: http://localhost:48308 for channel [id: 0xd8d607bd, L:/127.0.0.1:53675 - R:localhost/127.0.0.1:48308]
21:02:37.721 [Forwarding findElement on session ee125c7b212de80c08a5aac956fcc3fc to remote] DEBUG org.asynchttpclient.netty.request.NettyRequestSender - Using pooled Channel '[id: 0xd8d607bd, L:/127.0.0.1:53675 - R:localhost/127.0.0.1:48308]' for 'POST' to 'http://localhost:48308/session/ee125c7b212de80c08a5aac956fcc3fc/element'
21:02:37.721 [Forwarding findElement on session ee125c7b212de80c08a5aac956fcc3fc to remote] DEBUG org.asynchttpclient.netty.request.NettyRequestSender - Using open Channel [id: 0xd8d607bd, L:/127.0.0.1:53675 - R:localhost/127.0.0.1:48308] for POST '/session/ee125c7b212de80c08a5aac956fcc3fc/element'
21:02:37.733 [AsyncHttpClient-1-8] DEBUG org.asynchttpclient.netty.handler.HttpHandler - 

Request DefaultHttpRequest(decodeResult: success, version: HTTP/1.1)
POST /session/ee125c7b212de80c08a5aac956fcc3fc/element HTTP/1.1
User-Agent: selenium/4.8.1 (java windows)
Content-Length: 68
Content-Type: application/json; charset=utf-8
host: localhost:48308
accept: */*

Response DefaultHttpResponse(decodeResult: success, version: HTTP/1.1)
HTTP/1.1 200 OK
Content-Length: 88
Content-Type: application/json; charset=utf-8
cache-control: no-cache

21:02:37.734 [AsyncHttpClient-1-8] DEBUG org.asynchttpclient.netty.channel.ChannelManager - Adding key: http://localhost:48308 for channel [id: 0xd8d607bd, L:/127.0.0.1:53675 - R:localhost/127.0.0.1:48308]
21:02:37.736 [Forwarding clickElement on session ee125c7b212de80c08a5aac956fcc3fc to remote] DEBUG org.asynchttpclient.netty.request.NettyRequestSender - Using pooled Channel '[id: 0xd8d607bd, L:/127.0.0.1:53675 - R:localhost/127.0.0.1:48308]' for 'POST' to 'http://localhost:48308/session/ee125c7b212de80c08a5aac956fcc3fc/element/eaa95335-0f0a-4c40-a505-5552ad492a33/click'
21:02:37.736 [Forwarding clickElement on session ee125c7b212de80c08a5aac956fcc3fc to remote] DEBUG org.asynchttpclient.netty.request.NettyRequestSender - Using open Channel [id: 0xd8d607bd, L:/127.0.0.1:53675 - R:localhost/127.0.0.1:48308] for POST '/session/ee125c7b212de80c08a5aac956fcc3fc/element/eaa95335-0f0a-4c40-a505-5552ad492a33/click'
21:02:37.867 [AsyncHttpClient-1-8] DEBUG org.asynchttpclient.netty.handler.HttpHandler - 

Request DefaultHttpRequest(decodeResult: success, version: HTTP/1.1)
POST /session/ee125c7b212de80c08a5aac956fcc3fc/element/eaa95335-0f0a-4c40-a505-5552ad492a33/click HTTP/1.1
User-Agent: selenium/4.8.1 (java windows)
Content-Length: 50
Content-Type: application/json; charset=utf-8
host: localhost:48308
accept: */*

Response DefaultHttpResponse(decodeResult: success, version: HTTP/1.1)
HTTP/1.1 200 OK
Content-Length: 14
Content-Type: application/json; charset=utf-8
cache-control: no-cache

21:02:37.868 [AsyncHttpClient-1-8] DEBUG org.asynchttpclient.netty.channel.ChannelManager - Adding key: http://localhost:48308 for channel [id: 0xd8d607bd, L:/127.0.0.1:53675 - R:localhost/127.0.0.1:48308]
  &amp#27;[32mWhen &amp#27;[0m&amp#27;[32muser click button Beli&amp#27;[0m                                            &amp#27;[90m# starter.stepdefinitions.ChooseProductSteps.userClickButtonBeli()&amp#27;[0m
21:02:37.884 [Forwarding findElement on session ee125c7b212de80c08a5aac956fcc3fc to remote] DEBUG org.asynchttpclient.netty.request.NettyRequestSender - Using pooled Channel '[id: 0xd8d607bd, L:/127.0.0.1:53675 - R:localhost/127.0.0.1:48308]' for 'POST' to 'http://localhost:48308/session/ee125c7b212de80c08a5aac956fcc3fc/element'
21:02:37.885 [Forwarding findElement on session ee125c7b212de80c08a5aac956fcc3fc to remote] DEBUG org.asynchttpclient.netty.request.NettyRequestSender - Using open Channel [id: 0xd8d607bd, L:/127.0.0.1:53675 - R:localhost/127.0.0.1:48308] for POST '/session/ee125c7b212de80c08a5aac956fcc3fc/element'
21:02:37.910 [AsyncHttpClient-1-8] DEBUG org.asynchttpclient.netty.handler.HttpHandler - 

Request DefaultHttpRequest(decodeResult: success, version: HTTP/1.1)
POST /session/ee125c7b212de80c08a5aac956fcc3fc/element HTTP/1.1
User-Agent: selenium/4.8.1 (java windows)
Content-Length: 71
Content-Type: application/json; charset=utf-8
host: localhost:48308
accept: */*

Response DefaultHttpResponse(decodeResult: success, version: HTTP/1.1)
HTTP/1.1 200 OK
Content-Length: 88
Content-Type: application/json; charset=utf-8
cache-control: no-cache

21:02:37.910 [AsyncHttpClient-1-8] DEBUG org.asynchttpclient.netty.channel.ChannelManager - Adding key: http://localhost:48308 for channel [id: 0xd8d607bd, L:/127.0.0.1:53675 - R:localhost/127.0.0.1:48308]
21:02:37.913 [Forwarding getElementTagName on session ee125c7b212de80c08a5aac956fcc3fc to remote] DEBUG org.asynchttpclient.netty.request.NettyRequestSender - Using pooled Channel '[id: 0xd8d607bd, L:/127.0.0.1:53675 - R:localhost/127.0.0.1:48308]' for 'GET' to 'http://localhost:48308/session/ee125c7b212de80c08a5aac956fcc3fc/element/fb82dedf-c4fe-49f8-8dc4-b983915578ae/name'
21:02:37.913 [Forwarding getElementTagName on session ee125c7b212de80c08a5aac956fcc3fc to remote] DEBUG org.asynchttpclient.netty.request.NettyRequestSender - Using open Channel [id: 0xd8d607bd, L:/127.0.0.1:53675 - R:localhost/127.0.0.1:48308] for GET '/session/ee125c7b212de80c08a5aac956fcc3fc/element/fb82dedf-c4fe-49f8-8dc4-b983915578ae/name'
21:02:37.921 [AsyncHttpClient-1-8] DEBUG org.asynchttpclient.netty.handler.HttpHandler - 

Request DefaultFullHttpRequest(decodeResult: success, version: HTTP/1.1, content: EmptyByteBufBE)
GET /session/ee125c7b212de80c08a5aac956fcc3fc/element/fb82dedf-c4fe-49f8-8dc4-b983915578ae/name HTTP/1.1
User-Agent: selenium/4.8.1 (java windows)
Cache-Control: no-cache
Content-Type: application/json; charset=utf-8
host: localhost:48308
accept: */*

Response DefaultHttpResponse(decodeResult: success, version: HTTP/1.1)
HTTP/1.1 200 OK
Content-Length: 13
Content-Type: application/json; charset=utf-8
cache-control: no-cache

21:02:37.921 [AsyncHttpClient-1-8] DEBUG org.asynchttpclient.netty.channel.ChannelManager - Adding key: http://localhost:48308 for channel [id: 0xd8d607bd, L:/127.0.0.1:53675 - R:localhost/127.0.0.1:48308]
21:02:37.923 [Forwarding getElementTagName on session ee125c7b212de80c08a5aac956fcc3fc to remote] DEBUG org.asynchttpclient.netty.request.NettyRequestSender - Using pooled Channel '[id: 0xd8d607bd, L:/127.0.0.1:53675 - R:localhost/127.0.0.1:48308]' for 'GET' to 'http://localhost:48308/session/ee125c7b212de80c08a5aac956fcc3fc/element/fb82dedf-c4fe-49f8-8dc4-b983915578ae/name'
21:02:37.923 [Forwarding getElementTagName on session ee125c7b212de80c08a5aac956fcc3fc to remote] DEBUG org.asynchttpclient.netty.request.NettyRequestSender - Using open Channel [id: 0xd8d607bd, L:/127.0.0.1:53675 - R:localhost/127.0.0.1:48308] for GET '/session/ee125c7b212de80c08a5aac956fcc3fc/element/fb82dedf-c4fe-49f8-8dc4-b983915578ae/name'
21:02:37.928 [AsyncHttpClient-1-8] DEBUG org.asynchttpclient.netty.handler.HttpHandler - 

Request DefaultFullHttpRequest(decodeResult: success, version: HTTP/1.1, content: EmptyByteBufBE)
GET /session/ee125c7b212de80c08a5aac956fcc3fc/element/fb82dedf-c4fe-49f8-8dc4-b983915578ae/name HTTP/1.1
User-Agent: selenium/4.8.1 (java windows)
Cache-Control: no-cache
Content-Type: application/json; charset=utf-8
host: localhost:48308
accept: */*

Response DefaultHttpResponse(decodeResult: success, version: HTTP/1.1)
HTTP/1.1 200 OK
Content-Length: 13
Content-Type: application/json; charset=utf-8
cache-control: no-cache

21:02:37.928 [AsyncHttpClient-1-8] DEBUG org.asynchttpclient.netty.channel.ChannelManager - Adding key: http://localhost:48308 for channel [id: 0xd8d607bd, L:/127.0.0.1:53675 - R:localhost/127.0.0.1:48308]
21:02:37.933 [Forwarding findElement on session ee125c7b212de80c08a5aac956fcc3fc to remote] DEBUG org.asynchttpclient.netty.request.NettyRequestSender - Using pooled Channel '[id: 0xd8d607bd, L:/127.0.0.1:53675 - R:localhost/127.0.0.1:48308]' for 'POST' to 'http://localhost:48308/session/ee125c7b212de80c08a5aac956fcc3fc/element'
21:02:37.933 [Forwarding findElement on session ee125c7b212de80c08a5aac956fcc3fc to remote] DEBUG org.asynchttpclient.netty.request.NettyRequestSender - Using open Channel [id: 0xd8d607bd, L:/127.0.0.1:53675 - R:localhost/127.0.0.1:48308] for POST '/session/ee125c7b212de80c08a5aac956fcc3fc/element'
21:02:37.944 [AsyncHttpClient-1-8] DEBUG org.asynchttpclient.netty.handler.HttpHandler - 

Request DefaultHttpRequest(decodeResult: success, version: HTTP/1.1)
POST /session/ee125c7b212de80c08a5aac956fcc3fc/element HTTP/1.1
User-Agent: selenium/4.8.1 (java windows)
Content-Length: 71
Content-Type: application/json; charset=utf-8
host: localhost:48308
accept: */*

Response DefaultHttpResponse(decodeResult: success, version: HTTP/1.1)
HTTP/1.1 200 OK
Content-Length: 88
Content-Type: application/json; charset=utf-8
cache-control: no-cache

21:02:37.944 [AsyncHttpClient-1-8] DEBUG org.asynchttpclient.netty.channel.ChannelManager - Adding key: http://localhost:48308 for channel [id: 0xd8d607bd, L:/127.0.0.1:53675 - R:localhost/127.0.0.1:48308]
21:02:37.947 [Forwarding clickElement on session ee125c7b212de80c08a5aac956fcc3fc to remote] DEBUG org.asynchttpclient.netty.request.NettyRequestSender - Using pooled Channel '[id: 0xd8d607bd, L:/127.0.0.1:53675 - R:localhost/127.0.0.1:48308]' for 'POST' to 'http://localhost:48308/session/ee125c7b212de80c08a5aac956fcc3fc/element/fb82dedf-c4fe-49f8-8dc4-b983915578ae/click'
21:02:37.948 [Forwarding clickElement on session ee125c7b212de80c08a5aac956fcc3fc to remote] DEBUG org.asynchttpclient.netty.request.NettyRequestSender - Using open Channel [id: 0xd8d607bd, L:/127.0.0.1:53675 - R:localhost/127.0.0.1:48308] for POST '/session/ee125c7b212de80c08a5aac956fcc3fc/element/fb82dedf-c4fe-49f8-8dc4-b983915578ae/click'
21:02:37.998 [AsyncHttpClient-1-8] DEBUG org.asynchttpclient.netty.handler.HttpHandler - 

Request DefaultHttpRequest(decodeResult: success, version: HTTP/1.1)
POST /session/ee125c7b212de80c08a5aac956fcc3fc/element/fb82dedf-c4fe-49f8-8dc4-b983915578ae/click HTTP/1.1
User-Agent: selenium/4.8.1 (java windows)
Content-Length: 50
Content-Type: application/json; charset=utf-8
host: localhost:48308
accept: */*

Response DefaultHttpResponse(decodeResult: success, version: HTTP/1.1)
HTTP/1.1 200 OK
Content-Length: 14
Content-Type: application/json; charset=utf-8
cache-control: no-cache

21:02:37.998 [AsyncHttpClient-1-8] DEBUG org.asynchttpclient.netty.channel.ChannelManager - Adding key: http://localhost:48308 for channel [id: 0xd8d607bd, L:/127.0.0.1:53675 - R:localhost/127.0.0.1:48308]
  &amp#27;[32mAnd &amp#27;[0m&amp#27;[32muser click cart&amp#27;[0m                                                    &amp#27;[90m# starter.stepdefinitions.ChooseProductSteps.userClickCart()&amp#27;[0m
21:02:38.012 [Forwarding findElement on session ee125c7b212de80c08a5aac956fcc3fc to remote] DEBUG org.asynchttpclient.netty.request.NettyRequestSender - Using pooled Channel '[id: 0xd8d607bd, L:/127.0.0.1:53675 - R:localhost/127.0.0.1:48308]' for 'POST' to 'http://localhost:48308/session/ee125c7b212de80c08a5aac956fcc3fc/element'
21:02:38.013 [Forwarding findElement on session ee125c7b212de80c08a5aac956fcc3fc to remote] DEBUG org.asynchttpclient.netty.request.NettyRequestSender - Using open Channel [id: 0xd8d607bd, L:/127.0.0.1:53675 - R:localhost/127.0.0.1:48308] for POST '/session/ee125c7b212de80c08a5aac956fcc3fc/element'
21:02:38.247 [AsyncHttpClient-1-8] DEBUG org.asynchttpclient.netty.handler.HttpHandler - 

Request DefaultHttpRequest(decodeResult: success, version: HTTP/1.1)
POST /session/ee125c7b212de80c08a5aac956fcc3fc/element HTTP/1.1
User-Agent: selenium/4.8.1 (java windows)
Content-Length: 59
Content-Type: application/json; charset=utf-8
host: localhost:48308
accept: */*

Response DefaultHttpResponse(decodeResult: success, version: HTTP/1.1)
HTTP/1.1 200 OK
Content-Length: 88
Content-Type: application/json; charset=utf-8
cache-control: no-cache

21:02:38.248 [AsyncHttpClient-1-8] DEBUG org.asynchttpclient.netty.channel.ChannelManager - Adding key: http://localhost:48308 for channel [id: 0xd8d607bd, L:/127.0.0.1:53675 - R:localhost/127.0.0.1:48308]
21:02:38.250 [Forwarding getElementTagName on session ee125c7b212de80c08a5aac956fcc3fc to remote] DEBUG org.asynchttpclient.netty.request.NettyRequestSender - Using pooled Channel '[id: 0xd8d607bd, L:/127.0.0.1:53675 - R:localhost/127.0.0.1:48308]' for 'GET' to 'http://localhost:48308/session/ee125c7b212de80c08a5aac956fcc3fc/element/af2b6d57-eb12-4eb3-b79c-c14047ecf6ef/name'
21:02:38.250 [Forwarding getElementTagName on session ee125c7b212de80c08a5aac956fcc3fc to remote] DEBUG org.asynchttpclient.netty.request.NettyRequestSender - Using open Channel [id: 0xd8d607bd, L:/127.0.0.1:53675 - R:localhost/127.0.0.1:48308] for GET '/session/ee125c7b212de80c08a5aac956fcc3fc/element/af2b6d57-eb12-4eb3-b79c-c14047ecf6ef/name'
21:02:38.255 [AsyncHttpClient-1-8] DEBUG org.asynchttpclient.netty.handler.HttpHandler - 

Request DefaultFullHttpRequest(decodeResult: success, version: HTTP/1.1, content: EmptyByteBufBE)
GET /session/ee125c7b212de80c08a5aac956fcc3fc/element/af2b6d57-eb12-4eb3-b79c-c14047ecf6ef/name HTTP/1.1
User-Agent: selenium/4.8.1 (java windows)
Cache-Control: no-cache
Content-Type: application/json; charset=utf-8
host: localhost:48308
accept: */*

Response DefaultHttpResponse(decodeResult: success, version: HTTP/1.1)
HTTP/1.1 200 OK
Content-Length: 18
Content-Type: application/json; charset=utf-8
cache-control: no-cache

21:02:38.255 [AsyncHttpClient-1-8] DEBUG org.asynchttpclient.netty.channel.ChannelManager - Adding key: http://localhost:48308 for channel [id: 0xd8d607bd, L:/127.0.0.1:53675 - R:localhost/127.0.0.1:48308]
21:02:38.257 [Forwarding getElementTagName on session ee125c7b212de80c08a5aac956fcc3fc to remote] DEBUG org.asynchttpclient.netty.request.NettyRequestSender - Using pooled Channel '[id: 0xd8d607bd, L:/127.0.0.1:53675 - R:localhost/127.0.0.1:48308]' for 'GET' to 'http://localhost:48308/session/ee125c7b212de80c08a5aac956fcc3fc/element/af2b6d57-eb12-4eb3-b79c-c14047ecf6ef/name'
21:02:38.257 [Forwarding getElementTagName on session ee125c7b212de80c08a5aac956fcc3fc to remote] DEBUG org.asynchttpclient.netty.request.NettyRequestSender - Using open Channel [id: 0xd8d607bd, L:/127.0.0.1:53675 - R:localhost/127.0.0.1:48308] for GET '/session/ee125c7b212de80c08a5aac956fcc3fc/element/af2b6d57-eb12-4eb3-b79c-c14047ecf6ef/name'
21:02:38.260 [AsyncHttpClient-1-8] DEBUG org.asynchttpclient.netty.handler.HttpHandler - 

Request DefaultFullHttpRequest(decodeResult: success, version: HTTP/1.1, content: EmptyByteBufBE)
GET /session/ee125c7b212de80c08a5aac956fcc3fc/element/af2b6d57-eb12-4eb3-b79c-c14047ecf6ef/name HTTP/1.1
User-Agent: selenium/4.8.1 (java windows)
Cache-Control: no-cache
Content-Type: application/json; charset=utf-8
host: localhost:48308
accept: */*

Response DefaultHttpResponse(decodeResult: success, version: HTTP/1.1)
HTTP/1.1 200 OK
Content-Length: 18
Content-Type: application/json; charset=utf-8
cache-control: no-cache

21:02:38.260 [AsyncHttpClient-1-8] DEBUG org.asynchttpclient.netty.channel.ChannelManager - Adding key: http://localhost:48308 for channel [id: 0xd8d607bd, L:/127.0.0.1:53675 - R:localhost/127.0.0.1:48308]
21:02:38.265 [Forwarding isElementEnabled on session ee125c7b212de80c08a5aac956fcc3fc to remote] DEBUG org.asynchttpclient.netty.request.NettyRequestSender - Using pooled Channel '[id: 0xd8d607bd, L:/127.0.0.1:53675 - R:localhost/127.0.0.1:48308]' for 'GET' to 'http://localhost:48308/session/ee125c7b212de80c08a5aac956fcc3fc/element/af2b6d57-eb12-4eb3-b79c-c14047ecf6ef/enabled'
21:02:38.265 [Forwarding isElementEnabled on session ee125c7b212de80c08a5aac956fcc3fc to remote] DEBUG org.asynchttpclient.netty.request.NettyRequestSender - Using open Channel [id: 0xd8d607bd, L:/127.0.0.1:53675 - R:localhost/127.0.0.1:48308] for GET '/session/ee125c7b212de80c08a5aac956fcc3fc/element/af2b6d57-eb12-4eb3-b79c-c14047ecf6ef/enabled'
21:02:38.274 [AsyncHttpClient-1-8] DEBUG org.asynchttpclient.netty.handler.HttpHandler - 

Request DefaultFullHttpRequest(decodeResult: success, version: HTTP/1.1, content: EmptyByteBufBE)
GET /session/ee125c7b212de80c08a5aac956fcc3fc/element/af2b6d57-eb12-4eb3-b79c-c14047ecf6ef/enabled HTTP/1.1
User-Agent: selenium/4.8.1 (java windows)
Cache-Control: no-cache
Content-Type: application/json; charset=utf-8
host: localhost:48308
accept: */*

Response DefaultHttpResponse(decodeResult: success, version: HTTP/1.1)
HTTP/1.1 200 OK
Content-Length: 14
Content-Type: application/json; charset=utf-8
cache-control: no-cache

21:02:38.275 [AsyncHttpClient-1-8] DEBUG org.asynchttpclient.netty.channel.ChannelManager - Adding key: http://localhost:48308 for channel [id: 0xd8d607bd, L:/127.0.0.1:53675 - R:localhost/127.0.0.1:48308]
21:02:38.277 [Forwarding isElementEnabled on session ee125c7b212de80c08a5aac956fcc3fc to remote] DEBUG org.asynchttpclient.netty.request.NettyRequestSender - Using pooled Channel '[id: 0xd8d607bd, L:/127.0.0.1:53675 - R:localhost/127.0.0.1:48308]' for 'GET' to 'http://localhost:48308/session/ee125c7b212de80c08a5aac956fcc3fc/element/af2b6d57-eb12-4eb3-b79c-c14047ecf6ef/enabled'
21:02:38.277 [Forwarding isElementEnabled on session ee125c7b212de80c08a5aac956fcc3fc to remote] DEBUG org.asynchttpclient.netty.request.NettyRequestSender - Using open Channel [id: 0xd8d607bd, L:/127.0.0.1:53675 - R:localhost/127.0.0.1:48308] for GET '/session/ee125c7b212de80c08a5aac956fcc3fc/element/af2b6d57-eb12-4eb3-b79c-c14047ecf6ef/enabled'
21:02:38.284 [AsyncHttpClient-1-8] DEBUG org.asynchttpclient.netty.handler.HttpHandler - 

Request DefaultFullHttpRequest(decodeResult: success, version: HTTP/1.1, content: EmptyByteBufBE)
GET /session/ee125c7b212de80c08a5aac956fcc3fc/element/af2b6d57-eb12-4eb3-b79c-c14047ecf6ef/enabled HTTP/1.1
User-Agent: selenium/4.8.1 (java windows)
Cache-Control: no-cache
Content-Type: application/json; charset=utf-8
host: localhost:48308
accept: */*

Response DefaultHttpResponse(decodeResult: success, version: HTTP/1.1)
HTTP/1.1 200 OK
Content-Length: 14
Content-Type: application/json; charset=utf-8
cache-control: no-cache

21:02:38.284 [AsyncHttpClient-1-8] DEBUG org.asynchttpclient.netty.channel.ChannelManager - Adding key: http://localhost:48308 for channel [id: 0xd8d607bd, L:/127.0.0.1:53675 - R:localhost/127.0.0.1:48308]
21:02:38.286 [Forwarding findElement on session ee125c7b212de80c08a5aac956fcc3fc to remote] DEBUG org.asynchttpclient.netty.request.NettyRequestSender - Using pooled Channel '[id: 0xd8d607bd, L:/127.0.0.1:53675 - R:localhost/127.0.0.1:48308]' for 'POST' to 'http://localhost:48308/session/ee125c7b212de80c08a5aac956fcc3fc/element'
21:02:38.286 [Forwarding findElement on session ee125c7b212de80c08a5aac956fcc3fc to remote] DEBUG org.asynchttpclient.netty.request.NettyRequestSender - Using open Channel [id: 0xd8d607bd, L:/127.0.0.1:53675 - R:localhost/127.0.0.1:48308] for POST '/session/ee125c7b212de80c08a5aac956fcc3fc/element'
21:02:38.294 [AsyncHttpClient-1-8] DEBUG org.asynchttpclient.netty.handler.HttpHandler - 

Request DefaultHttpRequest(decodeResult: success, version: HTTP/1.1)
POST /session/ee125c7b212de80c08a5aac956fcc3fc/element HTTP/1.1
User-Agent: selenium/4.8.1 (java windows)
Content-Length: 59
Content-Type: application/json; charset=utf-8
host: localhost:48308
accept: */*

Response DefaultHttpResponse(decodeResult: success, version: HTTP/1.1)
HTTP/1.1 200 OK
Content-Length: 88
Content-Type: application/json; charset=utf-8
cache-control: no-cache

21:02:38.294 [AsyncHttpClient-1-8] DEBUG org.asynchttpclient.netty.channel.ChannelManager - Adding key: http://localhost:48308 for channel [id: 0xd8d607bd, L:/127.0.0.1:53675 - R:localhost/127.0.0.1:48308]
21:02:38.297 [Forwarding clickElement on session ee125c7b212de80c08a5aac956fcc3fc to remote] DEBUG org.asynchttpclient.netty.request.NettyRequestSender - Using pooled Channel '[id: 0xd8d607bd, L:/127.0.0.1:53675 - R:localhost/127.0.0.1:48308]' for 'POST' to 'http://localhost:48308/session/ee125c7b212de80c08a5aac956fcc3fc/element/af2b6d57-eb12-4eb3-b79c-c14047ecf6ef/click'
21:02:38.297 [Forwarding clickElement on session ee125c7b212de80c08a5aac956fcc3fc to remote] DEBUG org.asynchttpclient.netty.request.NettyRequestSender - Using open Channel [id: 0xd8d607bd, L:/127.0.0.1:53675 - R:localhost/127.0.0.1:48308] for POST '/session/ee125c7b212de80c08a5aac956fcc3fc/element/af2b6d57-eb12-4eb3-b79c-c14047ecf6ef/click'
21:02:38.338 [AsyncHttpClient-1-8] DEBUG org.asynchttpclient.netty.handler.HttpHandler - 

Request DefaultHttpRequest(decodeResult: success, version: HTTP/1.1)
POST /session/ee125c7b212de80c08a5aac956fcc3fc/element/af2b6d57-eb12-4eb3-b79c-c14047ecf6ef/click HTTP/1.1
User-Agent: selenium/4.8.1 (java windows)
Content-Length: 50
Content-Type: application/json; charset=utf-8
host: localhost:48308
accept: */*

Response DefaultHttpResponse(decodeResult: success, version: HTTP/1.1)
HTTP/1.1 200 OK
Content-Length: 14
Content-Type: application/json; charset=utf-8
cache-control: no-cache

21:02:38.339 [AsyncHttpClient-1-8] DEBUG org.asynchttpclient.netty.channel.ChannelManager - Adding key: http://localhost:48308 for channel [id: 0xd8d607bd, L:/127.0.0.1:53675 - R:localhost/127.0.0.1:48308]
  &amp#27;[32mAnd &amp#27;[0m&amp#27;[32muser click Bayar&amp#27;[0m                                                   &amp#27;[90m# starter.stepdefinitions.ChooseProductSteps.userClickBayar()&amp#27;[0m
21:02:38.359 [Forwarding findElement on session ee125c7b212de80c08a5aac956fcc3fc to remote] DEBUG org.asynchttpclient.netty.request.NettyRequestSender - Using pooled Channel '[id: 0xd8d607bd, L:/127.0.0.1:53675 - R:localhost/127.0.0.1:48308]' for 'POST' to 'http://localhost:48308/session/ee125c7b212de80c08a5aac956fcc3fc/element'
21:02:38.359 [Forwarding findElement on session ee125c7b212de80c08a5aac956fcc3fc to remote] DEBUG org.asynchttpclient.netty.request.NettyRequestSender - Using open Channel [id: 0xd8d607bd, L:/127.0.0.1:53675 - R:localhost/127.0.0.1:48308] for POST '/session/ee125c7b212de80c08a5aac956fcc3fc/element'
21:02:38.420 [AsyncHttpClient-1-8] DEBUG org.asynchttpclient.netty.handler.HttpHandler - 

Request DefaultHttpRequest(decodeResult: success, version: HTTP/1.1)
POST /session/ee125c7b212de80c08a5aac956fcc3fc/element HTTP/1.1
User-Agent: selenium/4.8.1 (java windows)
Content-Length: 84
Content-Type: application/json; charset=utf-8
host: localhost:48308
accept: */*

Response DefaultHttpResponse(decodeResult: success, version: HTTP/1.1)
HTTP/1.1 200 OK
Content-Length: 88
Content-Type: application/json; charset=utf-8
cache-control: no-cache

21:02:38.421 [AsyncHttpClient-1-8] DEBUG org.asynchttpclient.netty.channel.ChannelManager - Adding key: http://localhost:48308 for channel [id: 0xd8d607bd, L:/127.0.0.1:53675 - R:localhost/127.0.0.1:48308]
21:02:38.422 [Forwarding getElementTagName on session ee125c7b212de80c08a5aac956fcc3fc to remote] DEBUG org.asynchttpclient.netty.request.NettyRequestSender - Using pooled Channel '[id: 0xd8d607bd, L:/127.0.0.1:53675 - R:localhost/127.0.0.1:48308]' for 'GET' to 'http://localhost:48308/session/ee125c7b212de80c08a5aac956fcc3fc/element/40ed2405-2f1d-43a8-9be7-e89df7ecc771/name'
21:02:38.422 [Forwarding getElementTagName on session ee125c7b212de80c08a5aac956fcc3fc to remote] DEBUG org.asynchttpclient.netty.request.NettyRequestSender - Using open Channel [id: 0xd8d607bd, L:/127.0.0.1:53675 - R:localhost/127.0.0.1:48308] for GET '/session/ee125c7b212de80c08a5aac956fcc3fc/element/40ed2405-2f1d-43a8-9be7-e89df7ecc771/name'
21:02:38.427 [AsyncHttpClient-1-8] DEBUG org.asynchttpclient.netty.handler.HttpHandler - 

Request DefaultFullHttpRequest(decodeResult: success, version: HTTP/1.1, content: EmptyByteBufBE)
GET /session/ee125c7b212de80c08a5aac956fcc3fc/element/40ed2405-2f1d-43a8-9be7-e89df7ecc771/name HTTP/1.1
User-Agent: selenium/4.8.1 (java windows)
Cache-Control: no-cache
Content-Type: application/json; charset=utf-8
host: localhost:48308
accept: */*

Response DefaultHttpResponse(decodeResult: success, version: HTTP/1.1)
HTTP/1.1 200 OK
Content-Length: 15
Content-Type: application/json; charset=utf-8
cache-control: no-cache

21:02:38.428 [AsyncHttpClient-1-8] DEBUG org.asynchttpclient.netty.channel.ChannelManager - Adding key: http://localhost:48308 for channel [id: 0xd8d607bd, L:/127.0.0.1:53675 - R:localhost/127.0.0.1:48308]
21:02:38.430 [Forwarding getElementTagName on session ee125c7b212de80c08a5aac956fcc3fc to remote] DEBUG org.asynchttpclient.netty.request.NettyRequestSender - Using pooled Channel '[id: 0xd8d607bd, L:/127.0.0.1:53675 - R:localhost/127.0.0.1:48308]' for 'GET' to 'http://localhost:48308/session/ee125c7b212de80c08a5aac956fcc3fc/element/40ed2405-2f1d-43a8-9be7-e89df7ecc771/name'
21:02:38.431 [Forwarding getElementTagName on session ee125c7b212de80c08a5aac956fcc3fc to remote] DEBUG org.asynchttpclient.netty.request.NettyRequestSender - Using open Channel [id: 0xd8d607bd, L:/127.0.0.1:53675 - R:localhost/127.0.0.1:48308] for GET '/session/ee125c7b212de80c08a5aac956fcc3fc/element/40ed2405-2f1d-43a8-9be7-e89df7ecc771/name'
21:02:38.435 [AsyncHttpClient-1-8] DEBUG org.asynchttpclient.netty.handler.HttpHandler - 

Request DefaultFullHttpRequest(decodeResult: success, version: HTTP/1.1, content: EmptyByteBufBE)
GET /session/ee125c7b212de80c08a5aac956fcc3fc/element/40ed2405-2f1d-43a8-9be7-e89df7ecc771/name HTTP/1.1
User-Agent: selenium/4.8.1 (java windows)
Cache-Control: no-cache
Content-Type: application/json; charset=utf-8
host: localhost:48308
accept: */*

Response DefaultHttpResponse(decodeResult: success, version: HTTP/1.1)
HTTP/1.1 200 OK
Content-Length: 15
Content-Type: application/json; charset=utf-8
cache-control: no-cache

21:02:38.435 [AsyncHttpClient-1-8] DEBUG org.asynchttpclient.netty.channel.ChannelManager - Adding key: http://localhost:48308 for channel [id: 0xd8d607bd, L:/127.0.0.1:53675 - R:localhost/127.0.0.1:48308]
21:02:38.437 [Forwarding findElement on session ee125c7b212de80c08a5aac956fcc3fc to remote] DEBUG org.asynchttpclient.netty.request.NettyRequestSender - Using pooled Channel '[id: 0xd8d607bd, L:/127.0.0.1:53675 - R:localhost/127.0.0.1:48308]' for 'POST' to 'http://localhost:48308/session/ee125c7b212de80c08a5aac956fcc3fc/element'
21:02:38.437 [Forwarding findElement on session ee125c7b212de80c08a5aac956fcc3fc to remote] DEBUG org.asynchttpclient.netty.request.NettyRequestSender - Using open Channel [id: 0xd8d607bd, L:/127.0.0.1:53675 - R:localhost/127.0.0.1:48308] for POST '/session/ee125c7b212de80c08a5aac956fcc3fc/element'
21:02:38.445 [AsyncHttpClient-1-8] DEBUG org.asynchttpclient.netty.handler.HttpHandler - 

Request DefaultHttpRequest(decodeResult: success, version: HTTP/1.1)
POST /session/ee125c7b212de80c08a5aac956fcc3fc/element HTTP/1.1
User-Agent: selenium/4.8.1 (java windows)
Content-Length: 84
Content-Type: application/json; charset=utf-8
host: localhost:48308
accept: */*

Response DefaultHttpResponse(decodeResult: success, version: HTTP/1.1)
HTTP/1.1 200 OK
Content-Length: 88
Content-Type: application/json; charset=utf-8
cache-control: no-cache

21:02:38.445 [AsyncHttpClient-1-8] DEBUG org.asynchttpclient.netty.channel.ChannelManager - Adding key: http://localhost:48308 for channel [id: 0xd8d607bd, L:/127.0.0.1:53675 - R:localhost/127.0.0.1:48308]
21:02:38.448 [Forwarding clickElement on session ee125c7b212de80c08a5aac956fcc3fc to remote] DEBUG org.asynchttpclient.netty.request.NettyRequestSender - Using pooled Channel '[id: 0xd8d607bd, L:/127.0.0.1:53675 - R:localhost/127.0.0.1:48308]' for 'POST' to 'http://localhost:48308/session/ee125c7b212de80c08a5aac956fcc3fc/element/40ed2405-2f1d-43a8-9be7-e89df7ecc771/click'
21:02:38.448 [Forwarding clickElement on session ee125c7b212de80c08a5aac956fcc3fc to remote] DEBUG org.asynchttpclient.netty.request.NettyRequestSender - Using open Channel [id: 0xd8d607bd, L:/127.0.0.1:53675 - R:localhost/127.0.0.1:48308] for POST '/session/ee125c7b212de80c08a5aac956fcc3fc/element/40ed2405-2f1d-43a8-9be7-e89df7ecc771/click'
21:02:38.487 [AsyncHttpClient-1-8] DEBUG org.asynchttpclient.netty.handler.HttpHandler - 

Request DefaultHttpRequest(decodeResult: success, version: HTTP/1.1)
POST /session/ee125c7b212de80c08a5aac956fcc3fc/element/40ed2405-2f1d-43a8-9be7-e89df7ecc771/click HTTP/1.1
User-Agent: selenium/4.8.1 (java windows)
Content-Length: 50
Content-Type: application/json; charset=utf-8
host: localhost:48308
accept: */*

Response DefaultHttpResponse(decodeResult: success, version: HTTP/1.1)
HTTP/1.1 200 OK
Content-Length: 14
Content-Type: application/json; charset=utf-8
cache-control: no-cache

21:02:38.487 [AsyncHttpClient-1-8] DEBUG org.asynchttpclient.netty.channel.ChannelManager - Adding key: http://localhost:48308 for channel [id: 0xd8d607bd, L:/127.0.0.1:53675 - R:localhost/127.0.0.1:48308]
  &amp#27;[32mThen &amp#27;[0m&amp#27;[32mthe order has been successfully and user see history transactions&amp#27;[0m &amp#27;[90m# starter.stepdefinitions.ChooseProductSteps.theOrderHasBeenSuccessfullyAndUserSeeHistoryTransactions()&amp#27;[0m
21:02:38.499 [main] INFO  - 
  _____   ___   ___   _____     ___     _     ___   ___   ___   ___  
 |_   _| | __| / __| |_   _|   | _ \   /_\   / __| / __| | __| |   \ 
   | |   | _|  \__ \   | |     |  _/  / _ \  \__ \ \__ \ | _|  | |) |
   |_|   |___| |___/   |_|     |_|   /_/ \_\ |___/ |___/ |___| |___/ 

as user i want to order and pay product
----------------------------------------------------------------------
21:02:38.501 [AsyncHttpClient-1-2] DEBUG org.asynchttpclient.netty.handler.WebSocketHandler - Channel Closed: [id: 0x63a5b87f, L:/127.0.0.1:53683 ! R:localhost/127.0.0.1:53676] with attribute NettyResponseFuture{currentRetry=0,
	isDone=1,
	isCancelled=0,
	asyncHandler=org.asynchttpclient.ws.WebSocketUpgradeHandler@79b94eca,
	nettyRequest=org.asynchttpclient.netty.request.NettyRequest@5417b119,
	future=java.util.concurrent.CompletableFuture@184400f7[Completed normally],
	uri=ws://localhost:53676/devtools/browser/b53e3f13-a79e-464f-b49a-2e40b9971b85,
	keepAlive=true,
	redirectCount=0,
	timeoutsHolder=null,
	inAuth=0,
	touch=1683554548921}
21:02:38.501 [AsyncHttpClient-1-2] DEBUG org.asynchttpclient.netty.channel.ChannelManager - Closing Channel [id: 0x63a5b87f, L:/127.0.0.1:53683 ! R:localhost/127.0.0.1:53676] 
21:02:38.507 [Driver Command Executor] DEBUG org.asynchttpclient.netty.request.NettyRequestSender - Using pooled Channel '[id: 0xd8d607bd, L:/127.0.0.1:53675 - R:localhost/127.0.0.1:48308]' for 'DELETE' to 'http://localhost:48308/session/ee125c7b212de80c08a5aac956fcc3fc'
21:02:38.507 [Driver Command Executor] DEBUG org.asynchttpclient.netty.request.NettyRequestSender - Using open Channel [id: 0xd8d607bd, L:/127.0.0.1:53675 - R:localhost/127.0.0.1:48308] for DELETE '/session/ee125c7b212de80c08a5aac956fcc3fc'
21:02:38.601 [AsyncHttpClient-1-1] DEBUG org.asynchttpclient.netty.channel.DefaultChannelPool - Entry count for : http://localhost:53676 : 1
21:02:38.846 [AsyncHttpClient-1-9] DEBUG org.asynchttpclient.netty.handler.HttpHandler - Unexpected I/O exception on channel [id: 0xc8484805, L:/127.0.0.1:53682 - R:localhost/127.0.0.1:53676]
java.io.IOException: An existing connection was forcibly closed by the remote host
	at sun.nio.ch.SocketDispatcher.read0(Native Method)
	at sun.nio.ch.SocketDispatcher.read(SocketDispatcher.java:43)
	at sun.nio.ch.IOUtil.readIntoNativeBuffer(IOUtil.java:223)
	at sun.nio.ch.IOUtil.read(IOUtil.java:192)
	at sun.nio.ch.SocketChannelImpl.read(SocketChannelImpl.java:380)
	at io.netty.buffer.PooledByteBuf.setBytes(PooledByteBuf.java:259)
	at io.netty.buffer.AbstractByteBuf.writeBytes(AbstractByteBuf.java:1132)
	at io.netty.buffer.WrappedByteBuf.writeBytes(WrappedByteBuf.java:821)
	at io.netty.channel.socket.nio.NioSocketChannel.doReadBytes(NioSocketChannel.java:357)
	at io.netty.channel.nio.AbstractNioByteChannel$NioByteUnsafe.read(AbstractNioByteChannel.java:151)
	at io.netty.channel.nio.NioEventLoop.processSelectedKey(NioEventLoop.java:788)
	at io.netty.channel.nio.NioEventLoop.processSelectedKeysOptimized(NioEventLoop.java:724)
	at io.netty.channel.nio.NioEventLoop.processSelectedKeys(NioEventLoop.java:650)
	at io.netty.channel.nio.NioEventLoop.run(NioEventLoop.java:562)
	at io.netty.util.concurrent.SingleThreadEventExecutor$4.run(SingleThreadEventExecutor.java:997)
	at io.netty.util.internal.ThreadExecutorMap$2.run(ThreadExecutorMap.java:74)
	at io.netty.util.concurrent.FastThreadLocalRunnable.run(FastThreadLocalRunnable.java:30)
	at java.lang.Thread.run(Thread.java:748)
21:02:38.846 [AsyncHttpClient-1-9] DEBUG org.asynchttpclient.netty.channel.ChannelManager - Closing Channel [id: 0xc8484805, L:/127.0.0.1:53682 - R:localhost/127.0.0.1:53676] 
21:02:38.846 [AsyncHttpClient-1-9] DEBUG org.asynchttpclient.netty.handler.HttpHandler - Channel Closed: [id: 0xc8484805, L:/127.0.0.1:53682 ! R:localhost/127.0.0.1:53676] with attribute DISCARD
21:02:38.876 [AsyncHttpClient-1-8] DEBUG org.asynchttpclient.netty.handler.HttpHandler - 

Request DefaultFullHttpRequest(decodeResult: success, version: HTTP/1.1, content: EmptyByteBufBE)
DELETE /session/ee125c7b212de80c08a5aac956fcc3fc HTTP/1.1
User-Agent: selenium/4.8.1 (java windows)
Content-Type: application/json; charset=utf-8
host: localhost:48308
accept: */*

Response DefaultHttpResponse(decodeResult: success, version: HTTP/1.1)
HTTP/1.1 200 OK
Content-Length: 14
Content-Type: application/json; charset=utf-8
cache-control: no-cache

21:02:38.877 [AsyncHttpClient-1-8] DEBUG org.asynchttpclient.netty.channel.ChannelManager - Adding key: http://localhost:48308 for channel [id: 0xd8d607bd, L:/127.0.0.1:53675 - R:localhost/127.0.0.1:48308]
21:02:38.974 [AsyncHttpClient-1-8] DEBUG org.asynchttpclient.netty.handler.HttpHandler - Channel Closed: [id: 0xd8d607bd, L:/127.0.0.1:53675 ! R:localhost/127.0.0.1:48308] with attribute DISCARD
]]></system-out>
    <system-err><![CDATA[Starting ChromeDriver 112.0.5615.49 (bd2a7bcb881c11e8cfe3078709382934e3916914-refs/branch-heads/5615@{#936}) on port 48308
Only local connections are allowed.
Please see https://chromedriver.chromium.org/security-considerations for suggestions on keeping ChromeDriver safe.
ChromeDriver was started successfully.
May 08, 2023 9:02:28 PM org.openqa.selenium.devtools.CdpVersionFinder findNearestMatch
WARNING: Unable to find an exact match for CDP version 112, so returning the closest version found: 110
]]></system-err>
  </testcase>
</testsuite>