<?xml version="1.0" encoding="UTF-8"?>
<testsuite xmlns:xsi="http://www.w3.org/2001/XMLSchema-instance" xsi:noNamespaceSchemaLocation="https://maven.apache.org/surefire/maven-failsafe-plugin/xsd/failsafe-test-report-3.0.xsd" version="3.0" name="starter.CucumberTestSuite" time="13.309" tests="1" errors="0" skipped="0" failures="0">
  <properties>
    <property name="sun.desktop" value="windows"/>
    <property name="awt.toolkit" value="sun.awt.windows.WToolkit"/>
    <property name="file.encoding.pkg" value="sun.io"/>
    <property name="java.specification.version" value="1.8"/>
    <property name="sun.cpu.isalist" value="amd64"/>
    <property name="sun.jnu.encoding" value="Cp1252"/>
    <property name="java.class.path" value="D:\D\QE_Alta\mini-project-nisa\API\Altashop-ProductsCategory\target\test-classes;D:\D\QE_Alta\mini-project-nisa\API\Altashop-ProductsCategory\target\Altashop-API-1.0-SNAPSHOT.jar;C:\Users\ADW User ACR\.m2\repository\org\json\json\20230227\json-20230227.jar;C:\Users\ADW User ACR\.m2\repository\net\serenity-bdd\serenity-core\3.6.12\serenity-core-3.6.12.jar;C:\Users\ADW User ACR\.m2\repository\net\serenity-bdd\serenity-model\3.6.12\serenity-model-3.6.12.jar;C:\Users\ADW User ACR\.m2\repository\org\apache\commons\commons-text\1.10.0\commons-text-1.10.0.jar;C:\Users\ADW User ACR\.m2\repository\commons-net\commons-net\3.9.0\commons-net-3.9.0.jar;C:\Users\ADW User ACR\.m2\repository\com\google\guava\guava\31.1-jre\guava-31.1-jre.jar;C:\Users\ADW User ACR\.m2\repository\com\google\guava\failureaccess\1.0.1\failureaccess-1.0.1.jar;C:\Users\ADW User ACR\.m2\repository\com\google\guava\listenablefuture\9999.0-empty-to-avoid-conflict-with-guava\listenablefuture-9999.0-empty-to-avoid-conflict-with-guava.jar;C:\Users\ADW User ACR\.m2\repository\com\google\code\findbugs\jsr305\3.0.2\jsr305-3.0.2.jar;C:\Users\ADW User ACR\.m2\repository\org\checkerframework\checker-qual\3.12.0\checker-qual-3.12.0.jar;C:\Users\ADW User ACR\.m2\repository\com\google\errorprone\error_prone_annotations\2.11.0\error_prone_annotations-2.11.0.jar;C:\Users\ADW User ACR\.m2\repository\com\google\j2objc\j2objc-annotations\1.3\j2objc-annotations-1.3.jar;C:\Users\ADW User ACR\.m2\repository\com\google\inject\guice\5.1.0\guice-5.1.0.jar;C:\Users\ADW User ACR\.m2\repository\javax\inject\javax.inject\1\javax.inject-1.jar;C:\Users\ADW User ACR\.m2\repository\aopalliance\aopalliance\1.0\aopalliance-1.0.jar;C:\Users\ADW User ACR\.m2\repository\org\jsoup\jsoup\1.14.3\jsoup-1.14.3.jar;C:\Users\ADW User ACR\.m2\repository\com\thoughtworks\xstream\xstream\1.4.20\xstream-1.4.20.jar;C:\Users\ADW User ACR\.m2\repository\io\github\x-stream\mxparser\1.2.2\mxparser-1.2.2.jar;C:\Users\ADW User ACR\.m2\repository\xmlpull\xmlpull\1.1.3.1\xmlpull-1.1.3.1.jar;C:\Users\ADW User ACR\.m2\repository\com\typesafe\config\1.4.2\config-1.4.2.jar;C:\Users\ADW User ACR\.m2\repository\org\imgscalr\imgscalr-lib\4.2\imgscalr-lib-4.2.jar;C:\Users\ADW User ACR\.m2\repository\org\awaitility\awaitility\4.2.0\awaitility-4.2.0.jar;C:\Users\ADW User ACR\.m2\repository\org\freemarker\freemarker\2.3.31\freemarker-2.3.31.jar;C:\Users\ADW User ACR\.m2\repository\io\github\classgraph\classgraph\4.8.138\classgraph-4.8.138.jar;C:\Users\ADW User ACR\.m2\repository\net\sourceforge\jexcelapi\jxl\2.6.12\jxl-2.6.12.jar;C:\Users\ADW User ACR\.m2\repository\net\bytebuddy\byte-buddy-agent\1.12.22\byte-buddy-agent-1.12.22.jar;C:\Users\ADW User ACR\.m2\repository\org\objenesis\objenesis\3.1\objenesis-3.1.jar;C:\Users\ADW User ACR\.m2\repository\net\serenity-bdd\serenity-reports\3.6.12\serenity-reports-3.6.12.jar;C:\Users\ADW User ACR\.m2\repository\net\serenity-bdd\serenity-stats\3.6.12\serenity-stats-3.6.12.jar;C:\Users\ADW User ACR\.m2\repository\net\serenity-bdd\serenity-reports-configuration\3.6.12\serenity-reports-configuration-3.6.12.jar;C:\Users\ADW User ACR\.m2\repository\com\vladsch\flexmark\flexmark-all\0.34.30\flexmark-all-0.34.30.jar;C:\Users\ADW User ACR\.m2\repository\com\vladsch\flexmark\flexmark\0.34.30\flexmark-0.34.30.jar;C:\Users\ADW User ACR\.m2\repository\com\vladsch\flexmark\flexmark-ext-abbreviation\0.34.30\flexmark-ext-abbreviation-0.34.30.jar;C:\Users\ADW User ACR\.m2\repository\com\vladsch\flexmark\flexmark-ext-admonition\0.34.30\flexmark-ext-admonition-0.34.30.jar;C:\Users\ADW User ACR\.m2\repository\com\vladsch\flexmark\flexmark-ext-anchorlink\0.34.30\flexmark-ext-anchorlink-0.34.30.jar;C:\Users\ADW User ACR\.m2\repository\com\vladsch\flexmark\flexmark-ext-aside\0.34.30\flexmark-ext-aside-0.34.30.jar;C:\Users\ADW User ACR\.m2\repository\com\vladsch\flexmark\flexmark-ext-attributes\0.34.30\flexmark-ext-attributes-0.34.30.jar;C:\Users\ADW User ACR\.m2\repository\com\vladsch\flexmark\flexmark-ext-autolink\0.34.30\flexmark-ext-autolink-0.34.30.jar;C:\Users\ADW User ACR\.m2\repository\org\nibor\autolink\autolink\0.6.0\autolink-0.6.0.jar;C:\Users\ADW User ACR\.m2\repository\com\vladsch\flexmark\flexmark-ext-definition\0.34.30\flexmark-ext-definition-0.34.30.jar;C:\Users\ADW User ACR\.m2\repository\com\vladsch\flexmark\flexmark-ext-emoji\0.34.30\flexmark-ext-emoji-0.34.30.jar;C:\Users\ADW User ACR\.m2\repository\com\vladsch\flexmark\flexmark-ext-enumerated-reference\0.34.30\flexmark-ext-enumerated-reference-0.34.30.jar;C:\Users\ADW User ACR\.m2\repository\com\vladsch\flexmark\flexmark-ext-escaped-character\0.34.30\flexmark-ext-escaped-character-0.34.30.jar;C:\Users\ADW User ACR\.m2\repository\com\vladsch\flexmark\flexmark-ext-footnotes\0.34.30\flexmark-ext-footnotes-0.34.30.jar;C:\Users\ADW User ACR\.m2\repository\com\vladsch\flexmark\flexmark-ext-gfm-issues\0.34.30\flexmark-ext-gfm-issues-0.34.30.jar;C:\Users\ADW User ACR\.m2\repository\com\vladsch\flexmark\flexmark-ext-gfm-strikethrough\0.34.30\flexmark-ext-gfm-strikethrough-0.34.30.jar;C:\Users\ADW User ACR\.m2\repository\com\vladsch\flexmark\flexmark-ext-gfm-tables\0.34.30\flexmark-ext-gfm-tables-0.34.30.jar;C:\Users\ADW User ACR\.m2\repository\com\vladsch\flexmark\flexmark-ext-gfm-tasklist\0.34.30\flexmark-ext-gfm-tasklist-0.34.30.jar;C:\Users\ADW User ACR\.m2\repository\com\vladsch\flexmark\flexmark-ext-gfm-users\0.34.30\flexmark-ext-gfm-users-0.34.30.jar;C:\Users\ADW User ACR\.m2\repository\com\vladsch\flexmark\flexmark-ext-gitlab\0.34.30\flexmark-ext-gitlab-0.34.30.jar;C:\Users\ADW User ACR\.m2\repository\com\vladsch\flexmark\flexmark-ext-jekyll-front-matter\0.34.30\flexmark-ext-jekyll-front-matter-0.34.30.jar;C:\Users\ADW User ACR\.m2\repository\com\vladsch\flexmark\flexmark-ext-jekyll-tag\0.34.30\flexmark-ext-jekyll-tag-0.34.30.jar;C:\Users\ADW User ACR\.m2\repository\com\vladsch\flexmark\flexmark-ext-media-tags\0.34.30\flexmark-ext-media-tags-0.34.30.jar;C:\Users\ADW User ACR\.m2\repository\com\vladsch\flexmark\flexmark-test-util\0.34.30\flexmark-test-util-0.34.30.jar;C:\Users\ADW User ACR\.m2\repository\com\vladsch\flexmark\flexmark-ext-ins\0.34.30\flexmark-ext-ins-0.34.30.jar;C:\Users\ADW User ACR\.m2\repository\com\vladsch\flexmark\flexmark-ext-xwiki-macros\0.34.30\flexmark-ext-xwiki-macros-0.34.30.jar;C:\Users\ADW User ACR\.m2\repository\com\vladsch\flexmark\flexmark-ext-superscript\0.34.30\flexmark-ext-superscript-0.34.30.jar;C:\Users\ADW User ACR\.m2\repository\com\vladsch\flexmark\flexmark-ext-tables\0.34.30\flexmark-ext-tables-0.34.30.jar;C:\Users\ADW User ACR\.m2\repository\com\vladsch\flexmark\flexmark-ext-toc\0.34.30\flexmark-ext-toc-0.34.30.jar;C:\Users\ADW User ACR\.m2\repository\com\vladsch\flexmark\flexmark-ext-typographic\0.34.30\flexmark-ext-typographic-0.34.30.jar;C:\Users\ADW User ACR\.m2\repository\com\vladsch\flexmark\flexmark-ext-wikilink\0.34.30\flexmark-ext-wikilink-0.34.30.jar;C:\Users\ADW User ACR\.m2\repository\com\vladsch\flexmark\flexmark-ext-yaml-front-matter\0.34.30\flexmark-ext-yaml-front-matter-0.34.30.jar;C:\Users\ADW User ACR\.m2\repository\com\vladsch\flexmark\flexmark-ext-youtube-embedded\0.34.30\flexmark-ext-youtube-embedded-0.34.30.jar;C:\Users\ADW User ACR\.m2\repository\com\vladsch\flexmark\flexmark-formatter\0.34.30\flexmark-formatter-0.34.30.jar;C:\Users\ADW User ACR\.m2\repository\com\vladsch\flexmark\flexmark-html-parser\0.34.30\flexmark-html-parser-0.34.30.jar;C:\Users\ADW User ACR\.m2\repository\com\vladsch\flexmark\flexmark-jira-converter\0.34.30\flexmark-jira-converter-0.34.30.jar;C:\Users\ADW User ACR\.m2\repository\com\vladsch\flexmark\flexmark-pdf-converter\0.34.30\flexmark-pdf-converter-0.34.30.jar;C:\Users\ADW User ACR\.m2\repository\com\openhtmltopdf\openhtmltopdf-core\0.0.1-RC13\openhtmltopdf-core-0.0.1-RC13.jar;C:\Users\ADW User ACR\.m2\repository\com\openhtmltopdf\openhtmltopdf-pdfbox\0.0.1-RC13\openhtmltopdf-pdfbox-0.0.1-RC13.jar;C:\Users\ADW User ACR\.m2\repository\org\apache\pdfbox\pdfbox\2.0.8\pdfbox-2.0.8.jar;C:\Users\ADW User ACR\.m2\repository\org\apache\pdfbox\fontbox\2.0.8\fontbox-2.0.8.jar;C:\Users\ADW User ACR\.m2\repository\org\apache\pdfbox\xmpbox\2.0.8\xmpbox-2.0.8.jar;C:\Users\ADW User ACR\.m2\repository\de\rototor\pdfbox\graphics2d\0.12\graphics2d-0.12.jar;C:\Users\ADW User ACR\.m2\repository\com\openhtmltopdf\openhtmltopdf-rtl-support\0.0.1-RC13\openhtmltopdf-rtl-support-0.0.1-RC13.jar;C:\Users\ADW User ACR\.m2\repository\com\ibm\icu\icu4j\59.1\icu4j-59.1.jar;C:\Users\ADW User ACR\.m2\repository\com\openhtmltopdf\openhtmltopdf-jsoup-dom-converter\0.0.1-RC13\openhtmltopdf-jsoup-dom-converter-0.0.1-RC13.jar;C:\Users\ADW User ACR\.m2\repository\com\vladsch\flexmark\flexmark-profile-pegdown\0.34.30\flexmark-profile-pegdown-0.34.30.jar;C:\Users\ADW User ACR\.m2\repository\com\vladsch\flexmark\flexmark-util\0.34.30\flexmark-util-0.34.30.jar;C:\Users\ADW User ACR\.m2\repository\com\vladsch\flexmark\flexmark-youtrack-converter\0.34.30\flexmark-youtrack-converter-0.34.30.jar;C:\Users\ADW User ACR\.m2\repository\es\nitaur\markdown\txtmark\0.16\txtmark-0.16.jar;C:\Users\ADW User ACR\.m2\repository\net\serenity-bdd\serenity-report-resources\3.6.12\serenity-report-resources-3.6.12.jar;C:\Users\ADW User ACR\.m2\repository\com\google\code\gson\gson\2.9.0\gson-2.9.0.jar;C:\Users\ADW User ACR\.m2\repository\com\fasterxml\jackson\core\jackson-core\2.14.2\jackson-core-2.14.2.jar;C:\Users\ADW User ACR\.m2\repository\com\fasterxml\jackson\core\jackson-databind\2.14.2\jackson-databind-2.14.2.jar;C:\Users\ADW User ACR\.m2\repository\com\fasterxml\jackson\core\jackson-annotations\2.14.2\jackson-annotations-2.14.2.jar;C:\Users\ADW User ACR\.m2\repository\commons-codec\commons-codec\1.15\commons-codec-1.15.jar;C:\Users\ADW User ACR\.m2\repository\commons-io\commons-io\2.11.0\commons-io-2.11.0.jar;C:\Users\ADW User ACR\.m2\repository\org\apache\httpcomponents\httpclient\4.5.13\httpclient-4.5.13.jar;C:\Users\ADW User ACR\.m2\repository\org\apache\httpcomponents\httpcore\4.4.13\httpcore-4.4.13.jar;C:\Users\ADW User ACR\.m2\repository\commons-logging\commons-logging\1.2\commons-logging-1.2.jar;C:\Users\ADW User ACR\.m2\repository\org\seleniumhq\selenium\selenium-java\4.8.0\selenium-java-4.8.0.jar;C:\Users\ADW User ACR\.m2\repository\org\seleniumhq\selenium\selenium-devtools-v107\4.8.0\selenium-devtools-v107-4.8.0.jar;C:\Users\ADW User ACR\.m2\repository\org\seleniumhq\selenium\selenium-devtools-v108\4.8.0\selenium-devtools-v108-4.8.0.jar;C:\Users\ADW User ACR\.m2\repository\org\seleniumhq\selenium\selenium-devtools-v109\4.8.0\selenium-devtools-v109-4.8.0.jar;C:\Users\ADW User ACR\.m2\repository\org\seleniumhq\selenium\selenium-devtools-v85\4.8.0\selenium-devtools-v85-4.8.0.jar;C:\Users\ADW User ACR\.m2\repository\org\seleniumhq\selenium\selenium-remote-driver\4.8.0\selenium-remote-driver-4.8.0.jar;C:\Users\ADW User ACR\.m2\repository\com\beust\jcommander\1.82\jcommander-1.82.jar;C:\Users\ADW User ACR\.m2\repository\io\netty\netty-buffer\4.1.87.Final\netty-buffer-4.1.87.Final.jar;C:\Users\ADW User ACR\.m2\repository\io\netty\netty-codec-http\4.1.87.Final\netty-codec-http-4.1.87.Final.jar;C:\Users\ADW User ACR\.m2\repository\io\netty\netty-codec\4.1.87.Final\netty-codec-4.1.87.Final.jar;C:\Users\ADW User ACR\.m2\repository\io\netty\netty-handler\4.1.87.Final\netty-handler-4.1.87.Final.jar;C:\Users\ADW User ACR\.m2\repository\io\netty\netty-common\4.1.87.Final\netty-common-4.1.87.Final.jar;C:\Users\ADW User ACR\.m2\repository\io\netty\netty-transport-classes-epoll\4.1.87.Final\netty-transport-classes-epoll-4.1.87.Final.jar;C:\Users\ADW User ACR\.m2\repository\io\netty\netty-transport-classes-kqueue\4.1.87.Final\netty-transport-classes-kqueue-4.1.87.Final.jar;C:\Users\ADW User ACR\.m2\repository\io\netty\netty-transport-native-epoll\4.1.87.Final\netty-transport-native-epoll-4.1.87.Final.jar;C:\Users\ADW User ACR\.m2\repository\io\netty\netty-transport-native-kqueue\4.1.87.Final\netty-transport-native-kqueue-4.1.87.Final.jar;C:\Users\ADW User ACR\.m2\repository\io\netty\netty-transport-native-unix-common\4.1.87.Final\netty-transport-native-unix-common-4.1.87.Final.jar;C:\Users\ADW User ACR\.m2\repository\io\netty\netty-transport\4.1.87.Final\netty-transport-4.1.87.Final.jar;C:\Users\ADW User ACR\.m2\repository\io\netty\netty-resolver\4.1.87.Final\netty-resolver-4.1.87.Final.jar;C:\Users\ADW User ACR\.m2\repository\io\opentelemetry\opentelemetry-api\1.22.0\opentelemetry-api-1.22.0.jar;C:\Users\ADW User ACR\.m2\repository\io\opentelemetry\opentelemetry-context\1.22.0\opentelemetry-context-1.22.0.jar;C:\Users\ADW User ACR\.m2\repository\io\opentelemetry\opentelemetry-exporter-logging\1.22.0\opentelemetry-exporter-logging-1.22.0.jar;C:\Users\ADW User ACR\.m2\repository\io\opentelemetry\opentelemetry-sdk-metrics\1.22.0\opentelemetry-sdk-metrics-1.22.0.jar;C:\Users\ADW User ACR\.m2\repository\io\opentelemetry\opentelemetry-sdk-logs\1.22.0-alpha\opentelemetry-sdk-logs-1.22.0-alpha.jar;C:\Users\ADW User ACR\.m2\repository\io\opentelemetry\opentelemetry-api-logs\1.22.0-alpha\opentelemetry-api-logs-1.22.0-alpha.jar;C:\Users\ADW User ACR\.m2\repository\io\opentelemetry\opentelemetry-sdk-common\1.22.0\opentelemetry-sdk-common-1.22.0.jar;C:\Users\ADW User ACR\.m2\repository\io\opentelemetry\opentelemetry-sdk-extension-autoconfigure-spi\1.22.0\opentelemetry-sdk-extension-autoconfigure-spi-1.22.0.jar;C:\Users\ADW User ACR\.m2\repository\io\opentelemetry\opentelemetry-sdk-extension-autoconfigure\1.22.0-alpha\opentelemetry-sdk-extension-autoconfigure-1.22.0-alpha.jar;C:\Users\ADW User ACR\.m2\repository\io\opentelemetry\opentelemetry-sdk-trace\1.22.0\opentelemetry-sdk-trace-1.22.0.jar;C:\Users\ADW User ACR\.m2\repository\io\opentelemetry\opentelemetry-sdk\1.22.0\opentelemetry-sdk-1.22.0.jar;C:\Users\ADW User ACR\.m2\repository\io\opentelemetry\opentelemetry-semconv\1.22.0-alpha\opentelemetry-semconv-1.22.0-alpha.jar;C:\Users\ADW User ACR\.m2\repository\io\ous\jtoml\2.0.0\jtoml-2.0.0.jar;C:\Users\ADW User ACR\.m2\repository\org\apache\commons\commons-exec\1.3\commons-exec-1.3.jar;C:\Users\ADW User ACR\.m2\repository\org\asynchttpclient\async-http-client\2.12.3\async-http-client-2.12.3.jar;C:\Users\ADW User ACR\.m2\repository\org\asynchttpclient\async-http-client-netty-utils\2.12.3\async-http-client-netty-utils-2.12.3.jar;C:\Users\ADW User ACR\.m2\repository\io\netty\netty-codec-socks\4.1.60.Final\netty-codec-socks-4.1.60.Final.jar;C:\Users\ADW User ACR\.m2\repository\io\netty\netty-handler-proxy\4.1.60.Final\netty-handler-proxy-4.1.60.Final.jar;C:\Users\ADW User ACR\.m2\repository\io\netty\netty-transport-native-epoll\4.1.60.Final\netty-transport-native-epoll-4.1.60.Final-linux-x86_64.jar;C:\Users\ADW User ACR\.m2\repository\io\netty\netty-transport-native-kqueue\4.1.60.Final\netty-transport-native-kqueue-4.1.60.Final-osx-x86_64.jar;C:\Users\ADW User ACR\.m2\repository\org\reactivestreams\reactive-streams\1.0.3\reactive-streams-1.0.3.jar;C:\Users\ADW User ACR\.m2\repository\com\typesafe\netty\netty-reactive-streams\2.0.4\netty-reactive-streams-2.0.4.jar;C:\Users\ADW User ACR\.m2\repository\org\seleniumhq\selenium\selenium-manager\4.8.0\selenium-manager-4.8.0.jar;C:\Users\ADW User ACR\.m2\repository\org\seleniumhq\selenium\selenium-safari-driver\4.8.0\selenium-safari-driver-4.8.0.jar;C:\Users\ADW User ACR\.m2\repository\org\seleniumhq\selenium\selenium-api\4.8.0\selenium-api-4.8.0.jar;C:\Users\ADW User ACR\.m2\repository\org\seleniumhq\selenium\selenium-support\4.8.0\selenium-support-4.8.0.jar;C:\Users\ADW User ACR\.m2\repository\com\google\auto\service\auto-service-annotations\1.0.1\auto-service-annotations-1.0.1.jar;C:\Users\ADW User ACR\.m2\repository\com\google\auto\service\auto-service\1.0.1\auto-service-1.0.1.jar;C:\Users\ADW User ACR\.m2\repository\com\google\auto\auto-common\1.2\auto-common-1.2.jar;C:\Users\ADW User ACR\.m2\repository\org\seleniumhq\selenium\selenium-json\4.8.0\selenium-json-4.8.0.jar;C:\Users\ADW User ACR\.m2\repository\org\seleniumhq\selenium\selenium-chrome-driver\4.8.0\selenium-chrome-driver-4.8.0.jar;C:\Users\ADW User ACR\.m2\repository\org\seleniumhq\selenium\selenium-chromium-driver\4.8.0\selenium-chromium-driver-4.8.0.jar;C:\Users\ADW User ACR\.m2\repository\org\seleniumhq\selenium\selenium-firefox-driver\4.8.0\selenium-firefox-driver-4.8.0.jar;C:\Users\ADW User ACR\.m2\repository\org\seleniumhq\selenium\selenium-http\4.8.0\selenium-http-4.8.0.jar;C:\Users\ADW User ACR\.m2\repository\dev\failsafe\failsafe\3.3.0\failsafe-3.3.0.jar;C:\Users\ADW User ACR\.m2\repository\org\seleniumhq\selenium\selenium-edge-driver\4.8.0\selenium-edge-driver-4.8.0.jar;C:\Users\ADW User ACR\.m2\repository\org\seleniumhq\selenium\selenium-ie-driver\4.8.0\selenium-ie-driver-4.8.0.jar;C:\Users\ADW User ACR\.m2\repository\org\projectlombok\lombok\1.18.20\lombok-1.18.20.jar;C:\Users\ADW User ACR\.m2\repository\io\appium\java-client\8.3.0\java-client-8.3.0.jar;C:\Users\ADW User ACR\.m2\repository\commons-validator\commons-validator\1.7\commons-validator-1.7.jar;C:\Users\ADW User ACR\.m2\repository\commons-digester\commons-digester\2.1\commons-digester-2.1.jar;C:\Users\ADW User ACR\.m2\repository\org\apache\groovy\groovy\4.0.6\groovy-4.0.6.jar;C:\Users\ADW User ACR\.m2\repository\net\sf\opencsv\opencsv\2.0\opencsv-2.0.jar;C:\Users\ADW User ACR\.m2\repository\commons-beanutils\commons-beanutils\1.9.4\commons-beanutils-1.9.4.jar;C:\Users\ADW User ACR\.m2\repository\org\apache\commons\commons-lang3\3.12.0\commons-lang3-3.12.0.jar;C:\Users\ADW User ACR\.m2\repository\commons-collections\commons-collections\3.2.2\commons-collections-3.2.2.jar;C:\Users\ADW User ACR\.m2\repository\org\fluentlenium\fluentlenium-core\0.10.2\fluentlenium-core-0.10.2.jar;C:\Users\ADW User ACR\.m2\repository\io\github\bonigarcia\webdrivermanager\5.3.0\webdrivermanager-5.3.0.jar;C:\Users\ADW User ACR\.m2\repository\com\github\docker-java\docker-java\3.2.13\docker-java-3.2.13.jar;C:\Users\ADW User ACR\.m2\repository\com\github\docker-java\docker-java-core\3.2.13\docker-java-core-3.2.13.jar;C:\Users\ADW User ACR\.m2\repository\com\github\docker-java\docker-java-api\3.2.13\docker-java-api-3.2.13.jar;C:\Users\ADW User ACR\.m2\repository\org\apache\commons\commons-compress\1.21\commons-compress-1.21.jar;C:\Users\ADW User ACR\.m2\repository\org\bouncycastle\bcpkix-jdk15on\1.64\bcpkix-jdk15on-1.64.jar;C:\Users\ADW User ACR\.m2\repository\org\bouncycastle\bcprov-jdk15on\1.64\bcprov-jdk15on-1.64.jar;C:\Users\ADW User ACR\.m2\repository\org\slf4j\jcl-over-slf4j\1.7.30\jcl-over-slf4j-1.7.30.jar;C:\Users\ADW User ACR\.m2\repository\com\github\docker-java\docker-java-transport-httpclient5\3.2.13\docker-java-transport-httpclient5-3.2.13.jar;C:\Users\ADW User ACR\.m2\repository\com\github\docker-java\docker-java-transport\3.2.13\docker-java-transport-3.2.13.jar;C:\Users\ADW User ACR\.m2\repository\net\java\dev\jna\jna\5.8.0\jna-5.8.0.jar;C:\Users\ADW User ACR\.m2\repository\org\brotli\dec\0.1.2\dec-0.1.2.jar;C:\Users\ADW User ACR\.m2\repository\org\apache\httpcomponents\client5\httpclient5\5.1.3\httpclient5-5.1.3.jar;C:\Users\ADW User ACR\.m2\repository\org\apache\httpcomponents\core5\httpcore5\5.1.3\httpcore5-5.1.3.jar;C:\Users\ADW User ACR\.m2\repository\org\apache\httpcomponents\core5\httpcore5-h2\5.1.3\httpcore5-h2-5.1.3.jar;C:\Users\ADW User ACR\.m2\repository\com\jhlabs\filters\2.0.235\filters-2.0.235.jar;C:\Users\ADW User ACR\.m2\repository\com\paulhammant\ngwebdriver\1.1.6\ngwebdriver-1.1.6.jar;C:\Users\ADW User ACR\.m2\repository\joda-time\joda-time\2.8.2\joda-time-2.8.2.jar;C:\Users\ADW User ACR\.m2\repository\com\google\jimfs\jimfs\1.2\jimfs-1.2.jar;C:\Users\ADW User ACR\.m2\repository\org\mockito\mockito-core\3.3.3\mockito-core-3.3.3.jar;C:\Users\ADW User ACR\.m2\repository\javax\xml\bind\jaxb-api\2.3.1\jaxb-api-2.3.1.jar;C:\Users\ADW User ACR\.m2\repository\javax\activation\javax.activation-api\1.2.0\javax.activation-api-1.2.0.jar;C:\Users\ADW User ACR\.m2\repository\com\sun\xml\bind\jaxb-core\2.3.0.1\jaxb-core-2.3.0.1.jar;C:\Users\ADW User ACR\.m2\repository\com\sun\xml\bind\jaxb-impl\2.3.3\jaxb-impl-2.3.3.jar;C:\Users\ADW User ACR\.m2\repository\jakarta\xml\bind\jakarta.xml.bind-api\2.3.3\jakarta.xml.bind-api-2.3.3.jar;C:\Users\ADW User ACR\.m2\repository\com\sun\activation\jakarta.activation\1.2.2\jakarta.activation-1.2.2.jar;C:\Users\ADW User ACR\.m2\repository\javax\activation\activation\1.1.1\activation-1.1.1.jar;C:\Users\ADW User ACR\.m2\repository\net\serenity-bdd\serenity-cucumber\3.6.12\serenity-cucumber-3.6.12.jar;C:\Users\ADW User ACR\.m2\repository\io\cucumber\cucumber-core\7.11.0\cucumber-core-7.11.0.jar;C:\Users\ADW User ACR\.m2\repository\io\cucumber\cucumber-gherkin\7.11.0\cucumber-gherkin-7.11.0.jar;C:\Users\ADW User ACR\.m2\repository\io\cucumber\cucumber-gherkin-messages\7.11.0\cucumber-gherkin-messages-7.11.0.jar;C:\Users\ADW User ACR\.m2\repository\io\cucumber\gherkin\26.0.3\gherkin-26.0.3.jar;C:\Users\ADW User ACR\.m2\repository\io\cucumber\messages\21.0.1\messages-21.0.1.jar;C:\Users\ADW User ACR\.m2\repository\io\cucumber\tag-expressions\5.0.1\tag-expressions-5.0.1.jar;C:\Users\ADW User ACR\.m2\repository\io\cucumber\cucumber-expressions\16.1.1\cucumber-expressions-16.1.1.jar;C:\Users\ADW User ACR\.m2\repository\io\cucumber\datatable\7.11.0\datatable-7.11.0.jar;C:\Users\ADW User ACR\.m2\repository\io\cucumber\cucumber-plugin\7.11.0\cucumber-plugin-7.11.0.jar;C:\Users\ADW User ACR\.m2\repository\io\cucumber\docstring\7.11.0\docstring-7.11.0.jar;C:\Users\ADW User ACR\.m2\repository\io\cucumber\html-formatter\20.2.1\html-formatter-20.2.1.jar;C:\Users\ADW User ACR\.m2\repository\io\cucumber\junit-xml-formatter\0.1.0\junit-xml-formatter-0.1.0.jar;C:\Users\ADW User ACR\.m2\repository\io\cucumber\ci-environment\9.1.0\ci-environment-9.1.0.jar;C:\Users\ADW User ACR\.m2\repository\io\cucumber\cucumber-java\7.11.0\cucumber-java-7.11.0.jar;C:\Users\ADW User ACR\.m2\repository\io\cucumber\cucumber-junit\7.11.0\cucumber-junit-7.11.0.jar;C:\Users\ADW User ACR\.m2\repository\org\apache\commons\commons-csv\1.5\commons-csv-1.5.jar;C:\Users\ADW User ACR\.m2\repository\net\serenity-bdd\serenity-screenplay\3.6.12\serenity-screenplay-3.6.12.jar;C:\Users\ADW User ACR\.m2\repository\net\serenity-bdd\serenity-screenplay-webdriver\3.6.12\serenity-screenplay-webdriver-3.6.12.jar;C:\Users\ADW User ACR\.m2\repository\net\serenity-bdd\serenity-ensure\3.6.12\serenity-ensure-3.6.12.jar;C:\Users\ADW User ACR\.m2\repository\net\serenity-bdd\serenity-junit\3.6.12\serenity-junit-3.6.12.jar;C:\Users\ADW User ACR\.m2\repository\org\jetbrains\kotlin\kotlin-stdlib\1.7.21\kotlin-stdlib-1.7.21.jar;C:\Users\ADW User ACR\.m2\repository\org\jetbrains\kotlin\kotlin-stdlib-common\1.7.21\kotlin-stdlib-common-1.7.21.jar;C:\Users\ADW User ACR\.m2\repository\org\jetbrains\annotations\13.0\annotations-13.0.jar;C:\Users\ADW User ACR\.m2\repository\org\junit\platform\junit-platform-launcher\1.8.2\junit-platform-launcher-1.8.2.jar;C:\Users\ADW User ACR\.m2\repository\org\junit\platform\junit-platform-engine\1.8.2\junit-platform-engine-1.8.2.jar;C:\Users\ADW User ACR\.m2\repository\org\junit\platform\junit-platform-commons\1.8.2\junit-platform-commons-1.8.2.jar;C:\Users\ADW User ACR\.m2\repository\org\apiguardian\apiguardian-api\1.1.2\apiguardian-api-1.1.2.jar;C:\Users\ADW User ACR\.m2\repository\org\junit\jupiter\junit-jupiter-engine\5.8.2\junit-jupiter-engine-5.8.2.jar;C:\Users\ADW User ACR\.m2\repository\org\junit\jupiter\junit-jupiter-api\5.8.2\junit-jupiter-api-5.8.2.jar;C:\Users\ADW User ACR\.m2\repository\org\junit\vintage\junit-vintage-engine\5.8.2\junit-vintage-engine-5.8.2.jar;C:\Users\ADW User ACR\.m2\repository\junit\junit\4.13.2\junit-4.13.2.jar;C:\Users\ADW User ACR\.m2\repository\org\hamcrest\hamcrest-core\1.3\hamcrest-core-1.3.jar;C:\Users\ADW User ACR\.m2\repository\ch\qos\logback\logback-classic\1.2.10\logback-classic-1.2.10.jar;C:\Users\ADW User ACR\.m2\repository\ch\qos\logback\logback-core\1.2.10\logback-core-1.2.10.jar;C:\Users\ADW User ACR\.m2\repository\org\slf4j\slf4j-api\1.7.32\slf4j-api-1.7.32.jar;C:\Users\ADW User ACR\.m2\repository\org\assertj\assertj-core\3.23.1\assertj-core-3.23.1.jar;C:\Users\ADW User ACR\.m2\repository\net\bytebuddy\byte-buddy\1.12.10\byte-buddy-1.12.10.jar;C:\Users\ADW User ACR\.m2\repository\net\serenity-bdd\serenity-rest-assured\3.6.12\serenity-rest-assured-3.6.12.jar;C:\Users\ADW User ACR\.m2\repository\org\apache\groovy\groovy-json\4.0.6\groovy-json-4.0.6.jar;C:\Users\ADW User ACR\.m2\repository\org\apache\groovy\groovy-xml\4.0.6\groovy-xml-4.0.6.jar;C:\Users\ADW User ACR\.m2\repository\org\opentest4j\opentest4j\1.2.0\opentest4j-1.2.0.jar;C:\Users\ADW User ACR\.m2\repository\io\rest-assured\rest-assured\5.2.0\rest-assured-5.2.0.jar;C:\Users\ADW User ACR\.m2\repository\org\apache\httpcomponents\httpmime\4.5.13\httpmime-4.5.13.jar;C:\Users\ADW User ACR\.m2\repository\org\ccil\cowan\tagsoup\tagsoup\1.2.1\tagsoup-1.2.1.jar;C:\Users\ADW User ACR\.m2\repository\io\rest-assured\json-path\5.2.0\json-path-5.2.0.jar;C:\Users\ADW User ACR\.m2\repository\io\rest-assured\rest-assured-common\5.2.0\rest-assured-common-5.2.0.jar;C:\Users\ADW User ACR\.m2\repository\io\rest-assured\xml-path\5.2.0\xml-path-5.2.0.jar;C:\Users\ADW User ACR\.m2\repository\org\hamcrest\hamcrest\2.2\hamcrest-2.2.jar;C:\Users\ADW User ACR\.m2\repository\com\github\javafaker\javafaker\0.15\javafaker-0.15.jar;C:\Users\ADW User ACR\.m2\repository\org\yaml\snakeyaml\1.20\snakeyaml-1.20-android.jar;C:\Users\ADW User ACR\.m2\repository\com\github\mifmif\generex\1.0.2\generex-1.0.2.jar;C:\Users\ADW User ACR\.m2\repository\dk\brics\automaton\automaton\1.11-8\automaton-1.11-8.jar;"/>
    <property name="java.vm.vendor" value="Oracle Corporation"/>
    <property name="sun.arch.data.model" value="64"/>
    <property name="user.variant" value=""/>
    <property name="java.vendor.url" value="http://java.oracle.com/"/>
    <property name="user.timezone" value="Asia/Bangkok"/>
    <property name="java.vm.specification.version" value="1.8"/>
    <property name="os.name" value="Windows 10"/>
    <property name="user.country" value="US"/>
    <property name="sun.java.launcher" value="SUN_STANDARD"/>
    <property name="sun.boot.library.path" value="C:\Program Files\Java\jdk1.8.0_202\jre\bin"/>
    <property name="sun.java.command" value="C:\Users\ADW User ACR\AppData\Local\Temp\surefire305485221052809936\surefirebooter6050514826878811259.jar C:\Users\ADW User ACR\AppData\Local\Temp\surefire305485221052809936 2023-05-04T20-12-09_662-jvmRun1 surefire3016940559939933067tmp surefire_0338866354075224374tmp"/>
    <property name="surefire.test.class.path" value="D:\D\QE_Alta\mini-project-nisa\API\Altashop-ProductsCategory\target\test-classes;D:\D\QE_Alta\mini-project-nisa\API\Altashop-ProductsCategory\target\Altashop-API-1.0-SNAPSHOT.jar;C:\Users\ADW User ACR\.m2\repository\org\json\json\20230227\json-20230227.jar;C:\Users\ADW User ACR\.m2\repository\net\serenity-bdd\serenity-core\3.6.12\serenity-core-3.6.12.jar;C:\Users\ADW User ACR\.m2\repository\net\serenity-bdd\serenity-model\3.6.12\serenity-model-3.6.12.jar;C:\Users\ADW User ACR\.m2\repository\org\apache\commons\commons-text\1.10.0\commons-text-1.10.0.jar;C:\Users\ADW User ACR\.m2\repository\commons-net\commons-net\3.9.0\commons-net-3.9.0.jar;C:\Users\ADW User ACR\.m2\repository\com\google\guava\guava\31.1-jre\guava-31.1-jre.jar;C:\Users\ADW User ACR\.m2\repository\com\google\guava\failureaccess\1.0.1\failureaccess-1.0.1.jar;C:\Users\ADW User ACR\.m2\repository\com\google\guava\listenablefuture\9999.0-empty-to-avoid-conflict-with-guava\listenablefuture-9999.0-empty-to-avoid-conflict-with-guava.jar;C:\Users\ADW User ACR\.m2\repository\com\google\code\findbugs\jsr305\3.0.2\jsr305-3.0.2.jar;C:\Users\ADW User ACR\.m2\repository\org\checkerframework\checker-qual\3.12.0\checker-qual-3.12.0.jar;C:\Users\ADW User ACR\.m2\repository\com\google\errorprone\error_prone_annotations\2.11.0\error_prone_annotations-2.11.0.jar;C:\Users\ADW User ACR\.m2\repository\com\google\j2objc\j2objc-annotations\1.3\j2objc-annotations-1.3.jar;C:\Users\ADW User ACR\.m2\repository\com\google\inject\guice\5.1.0\guice-5.1.0.jar;C:\Users\ADW User ACR\.m2\repository\javax\inject\javax.inject\1\javax.inject-1.jar;C:\Users\ADW User ACR\.m2\repository\aopalliance\aopalliance\1.0\aopalliance-1.0.jar;C:\Users\ADW User ACR\.m2\repository\org\jsoup\jsoup\1.14.3\jsoup-1.14.3.jar;C:\Users\ADW User ACR\.m2\repository\com\thoughtworks\xstream\xstream\1.4.20\xstream-1.4.20.jar;C:\Users\ADW User ACR\.m2\repository\io\github\x-stream\mxparser\1.2.2\mxparser-1.2.2.jar;C:\Users\ADW User ACR\.m2\repository\xmlpull\xmlpull\1.1.3.1\xmlpull-1.1.3.1.jar;C:\Users\ADW User ACR\.m2\repository\com\typesafe\config\1.4.2\config-1.4.2.jar;C:\Users\ADW User ACR\.m2\repository\org\imgscalr\imgscalr-lib\4.2\imgscalr-lib-4.2.jar;C:\Users\ADW User ACR\.m2\repository\org\awaitility\awaitility\4.2.0\awaitility-4.2.0.jar;C:\Users\ADW User ACR\.m2\repository\org\freemarker\freemarker\2.3.31\freemarker-2.3.31.jar;C:\Users\ADW User ACR\.m2\repository\io\github\classgraph\classgraph\4.8.138\classgraph-4.8.138.jar;C:\Users\ADW User ACR\.m2\repository\net\sourceforge\jexcelapi\jxl\2.6.12\jxl-2.6.12.jar;C:\Users\ADW User ACR\.m2\repository\net\bytebuddy\byte-buddy-agent\1.12.22\byte-buddy-agent-1.12.22.jar;C:\Users\ADW User ACR\.m2\repository\org\objenesis\objenesis\3.1\objenesis-3.1.jar;C:\Users\ADW User ACR\.m2\repository\net\serenity-bdd\serenity-reports\3.6.12\serenity-reports-3.6.12.jar;C:\Users\ADW User ACR\.m2\repository\net\serenity-bdd\serenity-stats\3.6.12\serenity-stats-3.6.12.jar;C:\Users\ADW User ACR\.m2\repository\net\serenity-bdd\serenity-reports-configuration\3.6.12\serenity-reports-configuration-3.6.12.jar;C:\Users\ADW User ACR\.m2\repository\com\vladsch\flexmark\flexmark-all\0.34.30\flexmark-all-0.34.30.jar;C:\Users\ADW User ACR\.m2\repository\com\vladsch\flexmark\flexmark\0.34.30\flexmark-0.34.30.jar;C:\Users\ADW User ACR\.m2\repository\com\vladsch\flexmark\flexmark-ext-abbreviation\0.34.30\flexmark-ext-abbreviation-0.34.30.jar;C:\Users\ADW User ACR\.m2\repository\com\vladsch\flexmark\flexmark-ext-admonition\0.34.30\flexmark-ext-admonition-0.34.30.jar;C:\Users\ADW User ACR\.m2\repository\com\vladsch\flexmark\flexmark-ext-anchorlink\0.34.30\flexmark-ext-anchorlink-0.34.30.jar;C:\Users\ADW User ACR\.m2\repository\com\vladsch\flexmark\flexmark-ext-aside\0.34.30\flexmark-ext-aside-0.34.30.jar;C:\Users\ADW User ACR\.m2\repository\com\vladsch\flexmark\flexmark-ext-attributes\0.34.30\flexmark-ext-attributes-0.34.30.jar;C:\Users\ADW User ACR\.m2\repository\com\vladsch\flexmark\flexmark-ext-autolink\0.34.30\flexmark-ext-autolink-0.34.30.jar;C:\Users\ADW User ACR\.m2\repository\org\nibor\autolink\autolink\0.6.0\autolink-0.6.0.jar;C:\Users\ADW User ACR\.m2\repository\com\vladsch\flexmark\flexmark-ext-definition\0.34.30\flexmark-ext-definition-0.34.30.jar;C:\Users\ADW User ACR\.m2\repository\com\vladsch\flexmark\flexmark-ext-emoji\0.34.30\flexmark-ext-emoji-0.34.30.jar;C:\Users\ADW User ACR\.m2\repository\com\vladsch\flexmark\flexmark-ext-enumerated-reference\0.34.30\flexmark-ext-enumerated-reference-0.34.30.jar;C:\Users\ADW User ACR\.m2\repository\com\vladsch\flexmark\flexmark-ext-escaped-character\0.34.30\flexmark-ext-escaped-character-0.34.30.jar;C:\Users\ADW User ACR\.m2\repository\com\vladsch\flexmark\flexmark-ext-footnotes\0.34.30\flexmark-ext-footnotes-0.34.30.jar;C:\Users\ADW User ACR\.m2\repository\com\vladsch\flexmark\flexmark-ext-gfm-issues\0.34.30\flexmark-ext-gfm-issues-0.34.30.jar;C:\Users\ADW User ACR\.m2\repository\com\vladsch\flexmark\flexmark-ext-gfm-strikethrough\0.34.30\flexmark-ext-gfm-strikethrough-0.34.30.jar;C:\Users\ADW User ACR\.m2\repository\com\vladsch\flexmark\flexmark-ext-gfm-tables\0.34.30\flexmark-ext-gfm-tables-0.34.30.jar;C:\Users\ADW User ACR\.m2\repository\com\vladsch\flexmark\flexmark-ext-gfm-tasklist\0.34.30\flexmark-ext-gfm-tasklist-0.34.30.jar;C:\Users\ADW User ACR\.m2\repository\com\vladsch\flexmark\flexmark-ext-gfm-users\0.34.30\flexmark-ext-gfm-users-0.34.30.jar;C:\Users\ADW User ACR\.m2\repository\com\vladsch\flexmark\flexmark-ext-gitlab\0.34.30\flexmark-ext-gitlab-0.34.30.jar;C:\Users\ADW User ACR\.m2\repository\com\vladsch\flexmark\flexmark-ext-jekyll-front-matter\0.34.30\flexmark-ext-jekyll-front-matter-0.34.30.jar;C:\Users\ADW User ACR\.m2\repository\com\vladsch\flexmark\flexmark-ext-jekyll-tag\0.34.30\flexmark-ext-jekyll-tag-0.34.30.jar;C:\Users\ADW User ACR\.m2\repository\com\vladsch\flexmark\flexmark-ext-media-tags\0.34.30\flexmark-ext-media-tags-0.34.30.jar;C:\Users\ADW User ACR\.m2\repository\com\vladsch\flexmark\flexmark-test-util\0.34.30\flexmark-test-util-0.34.30.jar;C:\Users\ADW User ACR\.m2\repository\com\vladsch\flexmark\flexmark-ext-ins\0.34.30\flexmark-ext-ins-0.34.30.jar;C:\Users\ADW User ACR\.m2\repository\com\vladsch\flexmark\flexmark-ext-xwiki-macros\0.34.30\flexmark-ext-xwiki-macros-0.34.30.jar;C:\Users\ADW User ACR\.m2\repository\com\vladsch\flexmark\flexmark-ext-superscript\0.34.30\flexmark-ext-superscript-0.34.30.jar;C:\Users\ADW User ACR\.m2\repository\com\vladsch\flexmark\flexmark-ext-tables\0.34.30\flexmark-ext-tables-0.34.30.jar;C:\Users\ADW User ACR\.m2\repository\com\vladsch\flexmark\flexmark-ext-toc\0.34.30\flexmark-ext-toc-0.34.30.jar;C:\Users\ADW User ACR\.m2\repository\com\vladsch\flexmark\flexmark-ext-typographic\0.34.30\flexmark-ext-typographic-0.34.30.jar;C:\Users\ADW User ACR\.m2\repository\com\vladsch\flexmark\flexmark-ext-wikilink\0.34.30\flexmark-ext-wikilink-0.34.30.jar;C:\Users\ADW User ACR\.m2\repository\com\vladsch\flexmark\flexmark-ext-yaml-front-matter\0.34.30\flexmark-ext-yaml-front-matter-0.34.30.jar;C:\Users\ADW User ACR\.m2\repository\com\vladsch\flexmark\flexmark-ext-youtube-embedded\0.34.30\flexmark-ext-youtube-embedded-0.34.30.jar;C:\Users\ADW User ACR\.m2\repository\com\vladsch\flexmark\flexmark-formatter\0.34.30\flexmark-formatter-0.34.30.jar;C:\Users\ADW User ACR\.m2\repository\com\vladsch\flexmark\flexmark-html-parser\0.34.30\flexmark-html-parser-0.34.30.jar;C:\Users\ADW User ACR\.m2\repository\com\vladsch\flexmark\flexmark-jira-converter\0.34.30\flexmark-jira-converter-0.34.30.jar;C:\Users\ADW User ACR\.m2\repository\com\vladsch\flexmark\flexmark-pdf-converter\0.34.30\flexmark-pdf-converter-0.34.30.jar;C:\Users\ADW User ACR\.m2\repository\com\openhtmltopdf\openhtmltopdf-core\0.0.1-RC13\openhtmltopdf-core-0.0.1-RC13.jar;C:\Users\ADW User ACR\.m2\repository\com\openhtmltopdf\openhtmltopdf-pdfbox\0.0.1-RC13\openhtmltopdf-pdfbox-0.0.1-RC13.jar;C:\Users\ADW User ACR\.m2\repository\org\apache\pdfbox\pdfbox\2.0.8\pdfbox-2.0.8.jar;C:\Users\ADW User ACR\.m2\repository\org\apache\pdfbox\fontbox\2.0.8\fontbox-2.0.8.jar;C:\Users\ADW User ACR\.m2\repository\org\apache\pdfbox\xmpbox\2.0.8\xmpbox-2.0.8.jar;C:\Users\ADW User ACR\.m2\repository\de\rototor\pdfbox\graphics2d\0.12\graphics2d-0.12.jar;C:\Users\ADW User ACR\.m2\repository\com\openhtmltopdf\openhtmltopdf-rtl-support\0.0.1-RC13\openhtmltopdf-rtl-support-0.0.1-RC13.jar;C:\Users\ADW User ACR\.m2\repository\com\ibm\icu\icu4j\59.1\icu4j-59.1.jar;C:\Users\ADW User ACR\.m2\repository\com\openhtmltopdf\openhtmltopdf-jsoup-dom-converter\0.0.1-RC13\openhtmltopdf-jsoup-dom-converter-0.0.1-RC13.jar;C:\Users\ADW User ACR\.m2\repository\com\vladsch\flexmark\flexmark-profile-pegdown\0.34.30\flexmark-profile-pegdown-0.34.30.jar;C:\Users\ADW User ACR\.m2\repository\com\vladsch\flexmark\flexmark-util\0.34.30\flexmark-util-0.34.30.jar;C:\Users\ADW User ACR\.m2\repository\com\vladsch\flexmark\flexmark-youtrack-converter\0.34.30\flexmark-youtrack-converter-0.34.30.jar;C:\Users\ADW User ACR\.m2\repository\es\nitaur\markdown\txtmark\0.16\txtmark-0.16.jar;C:\Users\ADW User ACR\.m2\repository\net\serenity-bdd\serenity-report-resources\3.6.12\serenity-report-resources-3.6.12.jar;C:\Users\ADW User ACR\.m2\repository\com\google\code\gson\gson\2.9.0\gson-2.9.0.jar;C:\Users\ADW User ACR\.m2\repository\com\fasterxml\jackson\core\jackson-core\2.14.2\jackson-core-2.14.2.jar;C:\Users\ADW User ACR\.m2\repository\com\fasterxml\jackson\core\jackson-databind\2.14.2\jackson-databind-2.14.2.jar;C:\Users\ADW User ACR\.m2\repository\com\fasterxml\jackson\core\jackson-annotations\2.14.2\jackson-annotations-2.14.2.jar;C:\Users\ADW User ACR\.m2\repository\commons-codec\commons-codec\1.15\commons-codec-1.15.jar;C:\Users\ADW User ACR\.m2\repository\commons-io\commons-io\2.11.0\commons-io-2.11.0.jar;C:\Users\ADW User ACR\.m2\repository\org\apache\httpcomponents\httpclient\4.5.13\httpclient-4.5.13.jar;C:\Users\ADW User ACR\.m2\repository\org\apache\httpcomponents\httpcore\4.4.13\httpcore-4.4.13.jar;C:\Users\ADW User ACR\.m2\repository\commons-logging\commons-logging\1.2\commons-logging-1.2.jar;C:\Users\ADW User ACR\.m2\repository\org\seleniumhq\selenium\selenium-java\4.8.0\selenium-java-4.8.0.jar;C:\Users\ADW User ACR\.m2\repository\org\seleniumhq\selenium\selenium-devtools-v107\4.8.0\selenium-devtools-v107-4.8.0.jar;C:\Users\ADW User ACR\.m2\repository\org\seleniumhq\selenium\selenium-devtools-v108\4.8.0\selenium-devtools-v108-4.8.0.jar;C:\Users\ADW User ACR\.m2\repository\org\seleniumhq\selenium\selenium-devtools-v109\4.8.0\selenium-devtools-v109-4.8.0.jar;C:\Users\ADW User ACR\.m2\repository\org\seleniumhq\selenium\selenium-devtools-v85\4.8.0\selenium-devtools-v85-4.8.0.jar;C:\Users\ADW User ACR\.m2\repository\org\seleniumhq\selenium\selenium-remote-driver\4.8.0\selenium-remote-driver-4.8.0.jar;C:\Users\ADW User ACR\.m2\repository\com\beust\jcommander\1.82\jcommander-1.82.jar;C:\Users\ADW User ACR\.m2\repository\io\netty\netty-buffer\4.1.87.Final\netty-buffer-4.1.87.Final.jar;C:\Users\ADW User ACR\.m2\repository\io\netty\netty-codec-http\4.1.87.Final\netty-codec-http-4.1.87.Final.jar;C:\Users\ADW User ACR\.m2\repository\io\netty\netty-codec\4.1.87.Final\netty-codec-4.1.87.Final.jar;C:\Users\ADW User ACR\.m2\repository\io\netty\netty-handler\4.1.87.Final\netty-handler-4.1.87.Final.jar;C:\Users\ADW User ACR\.m2\repository\io\netty\netty-common\4.1.87.Final\netty-common-4.1.87.Final.jar;C:\Users\ADW User ACR\.m2\repository\io\netty\netty-transport-classes-epoll\4.1.87.Final\netty-transport-classes-epoll-4.1.87.Final.jar;C:\Users\ADW User ACR\.m2\repository\io\netty\netty-transport-classes-kqueue\4.1.87.Final\netty-transport-classes-kqueue-4.1.87.Final.jar;C:\Users\ADW User ACR\.m2\repository\io\netty\netty-transport-native-epoll\4.1.87.Final\netty-transport-native-epoll-4.1.87.Final.jar;C:\Users\ADW User ACR\.m2\repository\io\netty\netty-transport-native-kqueue\4.1.87.Final\netty-transport-native-kqueue-4.1.87.Final.jar;C:\Users\ADW User ACR\.m2\repository\io\netty\netty-transport-native-unix-common\4.1.87.Final\netty-transport-native-unix-common-4.1.87.Final.jar;C:\Users\ADW User ACR\.m2\repository\io\netty\netty-transport\4.1.87.Final\netty-transport-4.1.87.Final.jar;C:\Users\ADW User ACR\.m2\repository\io\netty\netty-resolver\4.1.87.Final\netty-resolver-4.1.87.Final.jar;C:\Users\ADW User ACR\.m2\repository\io\opentelemetry\opentelemetry-api\1.22.0\opentelemetry-api-1.22.0.jar;C:\Users\ADW User ACR\.m2\repository\io\opentelemetry\opentelemetry-context\1.22.0\opentelemetry-context-1.22.0.jar;C:\Users\ADW User ACR\.m2\repository\io\opentelemetry\opentelemetry-exporter-logging\1.22.0\opentelemetry-exporter-logging-1.22.0.jar;C:\Users\ADW User ACR\.m2\repository\io\opentelemetry\opentelemetry-sdk-metrics\1.22.0\opentelemetry-sdk-metrics-1.22.0.jar;C:\Users\ADW User ACR\.m2\repository\io\opentelemetry\opentelemetry-sdk-logs\1.22.0-alpha\opentelemetry-sdk-logs-1.22.0-alpha.jar;C:\Users\ADW User ACR\.m2\repository\io\opentelemetry\opentelemetry-api-logs\1.22.0-alpha\opentelemetry-api-logs-1.22.0-alpha.jar;C:\Users\ADW User ACR\.m2\repository\io\opentelemetry\opentelemetry-sdk-common\1.22.0\opentelemetry-sdk-common-1.22.0.jar;C:\Users\ADW User ACR\.m2\repository\io\opentelemetry\opentelemetry-sdk-extension-autoconfigure-spi\1.22.0\opentelemetry-sdk-extension-autoconfigure-spi-1.22.0.jar;C:\Users\ADW User ACR\.m2\repository\io\opentelemetry\opentelemetry-sdk-extension-autoconfigure\1.22.0-alpha\opentelemetry-sdk-extension-autoconfigure-1.22.0-alpha.jar;C:\Users\ADW User ACR\.m2\repository\io\opentelemetry\opentelemetry-sdk-trace\1.22.0\opentelemetry-sdk-trace-1.22.0.jar;C:\Users\ADW User ACR\.m2\repository\io\opentelemetry\opentelemetry-sdk\1.22.0\opentelemetry-sdk-1.22.0.jar;C:\Users\ADW User ACR\.m2\repository\io\opentelemetry\opentelemetry-semconv\1.22.0-alpha\opentelemetry-semconv-1.22.0-alpha.jar;C:\Users\ADW User ACR\.m2\repository\io\ous\jtoml\2.0.0\jtoml-2.0.0.jar;C:\Users\ADW User ACR\.m2\repository\org\apache\commons\commons-exec\1.3\commons-exec-1.3.jar;C:\Users\ADW User ACR\.m2\repository\org\asynchttpclient\async-http-client\2.12.3\async-http-client-2.12.3.jar;C:\Users\ADW User ACR\.m2\repository\org\asynchttpclient\async-http-client-netty-utils\2.12.3\async-http-client-netty-utils-2.12.3.jar;C:\Users\ADW User ACR\.m2\repository\io\netty\netty-codec-socks\4.1.60.Final\netty-codec-socks-4.1.60.Final.jar;C:\Users\ADW User ACR\.m2\repository\io\netty\netty-handler-proxy\4.1.60.Final\netty-handler-proxy-4.1.60.Final.jar;C:\Users\ADW User ACR\.m2\repository\io\netty\netty-transport-native-epoll\4.1.60.Final\netty-transport-native-epoll-4.1.60.Final-linux-x86_64.jar;C:\Users\ADW User ACR\.m2\repository\io\netty\netty-transport-native-kqueue\4.1.60.Final\netty-transport-native-kqueue-4.1.60.Final-osx-x86_64.jar;C:\Users\ADW User ACR\.m2\repository\org\reactivestreams\reactive-streams\1.0.3\reactive-streams-1.0.3.jar;C:\Users\ADW User ACR\.m2\repository\com\typesafe\netty\netty-reactive-streams\2.0.4\netty-reactive-streams-2.0.4.jar;C:\Users\ADW User ACR\.m2\repository\org\seleniumhq\selenium\selenium-manager\4.8.0\selenium-manager-4.8.0.jar;C:\Users\ADW User ACR\.m2\repository\org\seleniumhq\selenium\selenium-safari-driver\4.8.0\selenium-safari-driver-4.8.0.jar;C:\Users\ADW User ACR\.m2\repository\org\seleniumhq\selenium\selenium-api\4.8.0\selenium-api-4.8.0.jar;C:\Users\ADW User ACR\.m2\repository\org\seleniumhq\selenium\selenium-support\4.8.0\selenium-support-4.8.0.jar;C:\Users\ADW User ACR\.m2\repository\com\google\auto\service\auto-service-annotations\1.0.1\auto-service-annotations-1.0.1.jar;C:\Users\ADW User ACR\.m2\repository\com\google\auto\service\auto-service\1.0.1\auto-service-1.0.1.jar;C:\Users\ADW User ACR\.m2\repository\com\google\auto\auto-common\1.2\auto-common-1.2.jar;C:\Users\ADW User ACR\.m2\repository\org\seleniumhq\selenium\selenium-json\4.8.0\selenium-json-4.8.0.jar;C:\Users\ADW User ACR\.m2\repository\org\seleniumhq\selenium\selenium-chrome-driver\4.8.0\selenium-chrome-driver-4.8.0.jar;C:\Users\ADW User ACR\.m2\repository\org\seleniumhq\selenium\selenium-chromium-driver\4.8.0\selenium-chromium-driver-4.8.0.jar;C:\Users\ADW User ACR\.m2\repository\org\seleniumhq\selenium\selenium-firefox-driver\4.8.0\selenium-firefox-driver-4.8.0.jar;C:\Users\ADW User ACR\.m2\repository\org\seleniumhq\selenium\selenium-http\4.8.0\selenium-http-4.8.0.jar;C:\Users\ADW User ACR\.m2\repository\dev\failsafe\failsafe\3.3.0\failsafe-3.3.0.jar;C:\Users\ADW User ACR\.m2\repository\org\seleniumhq\selenium\selenium-edge-driver\4.8.0\selenium-edge-driver-4.8.0.jar;C:\Users\ADW User ACR\.m2\repository\org\seleniumhq\selenium\selenium-ie-driver\4.8.0\selenium-ie-driver-4.8.0.jar;C:\Users\ADW User ACR\.m2\repository\org\projectlombok\lombok\1.18.20\lombok-1.18.20.jar;C:\Users\ADW User ACR\.m2\repository\io\appium\java-client\8.3.0\java-client-8.3.0.jar;C:\Users\ADW User ACR\.m2\repository\commons-validator\commons-validator\1.7\commons-validator-1.7.jar;C:\Users\ADW User ACR\.m2\repository\commons-digester\commons-digester\2.1\commons-digester-2.1.jar;C:\Users\ADW User ACR\.m2\repository\org\apache\groovy\groovy\4.0.6\groovy-4.0.6.jar;C:\Users\ADW User ACR\.m2\repository\net\sf\opencsv\opencsv\2.0\opencsv-2.0.jar;C:\Users\ADW User ACR\.m2\repository\commons-beanutils\commons-beanutils\1.9.4\commons-beanutils-1.9.4.jar;C:\Users\ADW User ACR\.m2\repository\org\apache\commons\commons-lang3\3.12.0\commons-lang3-3.12.0.jar;C:\Users\ADW User ACR\.m2\repository\commons-collections\commons-collections\3.2.2\commons-collections-3.2.2.jar;C:\Users\ADW User ACR\.m2\repository\org\fluentlenium\fluentlenium-core\0.10.2\fluentlenium-core-0.10.2.jar;C:\Users\ADW User ACR\.m2\repository\io\github\bonigarcia\webdrivermanager\5.3.0\webdrivermanager-5.3.0.jar;C:\Users\ADW User ACR\.m2\repository\com\github\docker-java\docker-java\3.2.13\docker-java-3.2.13.jar;C:\Users\ADW User ACR\.m2\repository\com\github\docker-java\docker-java-core\3.2.13\docker-java-core-3.2.13.jar;C:\Users\ADW User ACR\.m2\repository\com\github\docker-java\docker-java-api\3.2.13\docker-java-api-3.2.13.jar;C:\Users\ADW User ACR\.m2\repository\org\apache\commons\commons-compress\1.21\commons-compress-1.21.jar;C:\Users\ADW User ACR\.m2\repository\org\bouncycastle\bcpkix-jdk15on\1.64\bcpkix-jdk15on-1.64.jar;C:\Users\ADW User ACR\.m2\repository\org\bouncycastle\bcprov-jdk15on\1.64\bcprov-jdk15on-1.64.jar;C:\Users\ADW User ACR\.m2\repository\org\slf4j\jcl-over-slf4j\1.7.30\jcl-over-slf4j-1.7.30.jar;C:\Users\ADW User ACR\.m2\repository\com\github\docker-java\docker-java-transport-httpclient5\3.2.13\docker-java-transport-httpclient5-3.2.13.jar;C:\Users\ADW User ACR\.m2\repository\com\github\docker-java\docker-java-transport\3.2.13\docker-java-transport-3.2.13.jar;C:\Users\ADW User ACR\.m2\repository\net\java\dev\jna\jna\5.8.0\jna-5.8.0.jar;C:\Users\ADW User ACR\.m2\repository\org\brotli\dec\0.1.2\dec-0.1.2.jar;C:\Users\ADW User ACR\.m2\repository\org\apache\httpcomponents\client5\httpclient5\5.1.3\httpclient5-5.1.3.jar;C:\Users\ADW User ACR\.m2\repository\org\apache\httpcomponents\core5\httpcore5\5.1.3\httpcore5-5.1.3.jar;C:\Users\ADW User ACR\.m2\repository\org\apache\httpcomponents\core5\httpcore5-h2\5.1.3\httpcore5-h2-5.1.3.jar;C:\Users\ADW User ACR\.m2\repository\com\jhlabs\filters\2.0.235\filters-2.0.235.jar;C:\Users\ADW User ACR\.m2\repository\com\paulhammant\ngwebdriver\1.1.6\ngwebdriver-1.1.6.jar;C:\Users\ADW User ACR\.m2\repository\joda-time\joda-time\2.8.2\joda-time-2.8.2.jar;C:\Users\ADW User ACR\.m2\repository\com\google\jimfs\jimfs\1.2\jimfs-1.2.jar;C:\Users\ADW User ACR\.m2\repository\org\mockito\mockito-core\3.3.3\mockito-core-3.3.3.jar;C:\Users\ADW User ACR\.m2\repository\javax\xml\bind\jaxb-api\2.3.1\jaxb-api-2.3.1.jar;C:\Users\ADW User ACR\.m2\repository\javax\activation\javax.activation-api\1.2.0\javax.activation-api-1.2.0.jar;C:\Users\ADW User ACR\.m2\repository\com\sun\xml\bind\jaxb-core\2.3.0.1\jaxb-core-2.3.0.1.jar;C:\Users\ADW User ACR\.m2\repository\com\sun\xml\bind\jaxb-impl\2.3.3\jaxb-impl-2.3.3.jar;C:\Users\ADW User ACR\.m2\repository\jakarta\xml\bind\jakarta.xml.bind-api\2.3.3\jakarta.xml.bind-api-2.3.3.jar;C:\Users\ADW User ACR\.m2\repository\com\sun\activation\jakarta.activation\1.2.2\jakarta.activation-1.2.2.jar;C:\Users\ADW User ACR\.m2\repository\javax\activation\activation\1.1.1\activation-1.1.1.jar;C:\Users\ADW User ACR\.m2\repository\net\serenity-bdd\serenity-cucumber\3.6.12\serenity-cucumber-3.6.12.jar;C:\Users\ADW User ACR\.m2\repository\io\cucumber\cucumber-core\7.11.0\cucumber-core-7.11.0.jar;C:\Users\ADW User ACR\.m2\repository\io\cucumber\cucumber-gherkin\7.11.0\cucumber-gherkin-7.11.0.jar;C:\Users\ADW User ACR\.m2\repository\io\cucumber\cucumber-gherkin-messages\7.11.0\cucumber-gherkin-messages-7.11.0.jar;C:\Users\ADW User ACR\.m2\repository\io\cucumber\gherkin\26.0.3\gherkin-26.0.3.jar;C:\Users\ADW User ACR\.m2\repository\io\cucumber\messages\21.0.1\messages-21.0.1.jar;C:\Users\ADW User ACR\.m2\repository\io\cucumber\tag-expressions\5.0.1\tag-expressions-5.0.1.jar;C:\Users\ADW User ACR\.m2\repository\io\cucumber\cucumber-expressions\16.1.1\cucumber-expressions-16.1.1.jar;C:\Users\ADW User ACR\.m2\repository\io\cucumber\datatable\7.11.0\datatable-7.11.0.jar;C:\Users\ADW User ACR\.m2\repository\io\cucumber\cucumber-plugin\7.11.0\cucumber-plugin-7.11.0.jar;C:\Users\ADW User ACR\.m2\repository\io\cucumber\docstring\7.11.0\docstring-7.11.0.jar;C:\Users\ADW User ACR\.m2\repository\io\cucumber\html-formatter\20.2.1\html-formatter-20.2.1.jar;C:\Users\ADW User ACR\.m2\repository\io\cucumber\junit-xml-formatter\0.1.0\junit-xml-formatter-0.1.0.jar;C:\Users\ADW User ACR\.m2\repository\io\cucumber\ci-environment\9.1.0\ci-environment-9.1.0.jar;C:\Users\ADW User ACR\.m2\repository\io\cucumber\cucumber-java\7.11.0\cucumber-java-7.11.0.jar;C:\Users\ADW User ACR\.m2\repository\io\cucumber\cucumber-junit\7.11.0\cucumber-junit-7.11.0.jar;C:\Users\ADW User ACR\.m2\repository\org\apache\commons\commons-csv\1.5\commons-csv-1.5.jar;C:\Users\ADW User ACR\.m2\repository\net\serenity-bdd\serenity-screenplay\3.6.12\serenity-screenplay-3.6.12.jar;C:\Users\ADW User ACR\.m2\repository\net\serenity-bdd\serenity-screenplay-webdriver\3.6.12\serenity-screenplay-webdriver-3.6.12.jar;C:\Users\ADW User ACR\.m2\repository\net\serenity-bdd\serenity-ensure\3.6.12\serenity-ensure-3.6.12.jar;C:\Users\ADW User ACR\.m2\repository\net\serenity-bdd\serenity-junit\3.6.12\serenity-junit-3.6.12.jar;C:\Users\ADW User ACR\.m2\repository\org\jetbrains\kotlin\kotlin-stdlib\1.7.21\kotlin-stdlib-1.7.21.jar;C:\Users\ADW User ACR\.m2\repository\org\jetbrains\kotlin\kotlin-stdlib-common\1.7.21\kotlin-stdlib-common-1.7.21.jar;C:\Users\ADW User ACR\.m2\repository\org\jetbrains\annotations\13.0\annotations-13.0.jar;C:\Users\ADW User ACR\.m2\repository\org\junit\platform\junit-platform-launcher\1.8.2\junit-platform-launcher-1.8.2.jar;C:\Users\ADW User ACR\.m2\repository\org\junit\platform\junit-platform-engine\1.8.2\junit-platform-engine-1.8.2.jar;C:\Users\ADW User ACR\.m2\repository\org\junit\platform\junit-platform-commons\1.8.2\junit-platform-commons-1.8.2.jar;C:\Users\ADW User ACR\.m2\repository\org\apiguardian\apiguardian-api\1.1.2\apiguardian-api-1.1.2.jar;C:\Users\ADW User ACR\.m2\repository\org\junit\jupiter\junit-jupiter-engine\5.8.2\junit-jupiter-engine-5.8.2.jar;C:\Users\ADW User ACR\.m2\repository\org\junit\jupiter\junit-jupiter-api\5.8.2\junit-jupiter-api-5.8.2.jar;C:\Users\ADW User ACR\.m2\repository\org\junit\vintage\junit-vintage-engine\5.8.2\junit-vintage-engine-5.8.2.jar;C:\Users\ADW User ACR\.m2\repository\junit\junit\4.13.2\junit-4.13.2.jar;C:\Users\ADW User ACR\.m2\repository\org\hamcrest\hamcrest-core\1.3\hamcrest-core-1.3.jar;C:\Users\ADW User ACR\.m2\repository\ch\qos\logback\logback-classic\1.2.10\logback-classic-1.2.10.jar;C:\Users\ADW User ACR\.m2\repository\ch\qos\logback\logback-core\1.2.10\logback-core-1.2.10.jar;C:\Users\ADW User ACR\.m2\repository\org\slf4j\slf4j-api\1.7.32\slf4j-api-1.7.32.jar;C:\Users\ADW User ACR\.m2\repository\org\assertj\assertj-core\3.23.1\assertj-core-3.23.1.jar;C:\Users\ADW User ACR\.m2\repository\net\bytebuddy\byte-buddy\1.12.10\byte-buddy-1.12.10.jar;C:\Users\ADW User ACR\.m2\repository\net\serenity-bdd\serenity-rest-assured\3.6.12\serenity-rest-assured-3.6.12.jar;C:\Users\ADW User ACR\.m2\repository\org\apache\groovy\groovy-json\4.0.6\groovy-json-4.0.6.jar;C:\Users\ADW User ACR\.m2\repository\org\apache\groovy\groovy-xml\4.0.6\groovy-xml-4.0.6.jar;C:\Users\ADW User ACR\.m2\repository\org\opentest4j\opentest4j\1.2.0\opentest4j-1.2.0.jar;C:\Users\ADW User ACR\.m2\repository\io\rest-assured\rest-assured\5.2.0\rest-assured-5.2.0.jar;C:\Users\ADW User ACR\.m2\repository\org\apache\httpcomponents\httpmime\4.5.13\httpmime-4.5.13.jar;C:\Users\ADW User ACR\.m2\repository\org\ccil\cowan\tagsoup\tagsoup\1.2.1\tagsoup-1.2.1.jar;C:\Users\ADW User ACR\.m2\repository\io\rest-assured\json-path\5.2.0\json-path-5.2.0.jar;C:\Users\ADW User ACR\.m2\repository\io\rest-assured\rest-assured-common\5.2.0\rest-assured-common-5.2.0.jar;C:\Users\ADW User ACR\.m2\repository\io\rest-assured\xml-path\5.2.0\xml-path-5.2.0.jar;C:\Users\ADW User ACR\.m2\repository\org\hamcrest\hamcrest\2.2\hamcrest-2.2.jar;C:\Users\ADW User ACR\.m2\repository\com\github\javafaker\javafaker\0.15\javafaker-0.15.jar;C:\Users\ADW User ACR\.m2\repository\org\yaml\snakeyaml\1.20\snakeyaml-1.20-android.jar;C:\Users\ADW User ACR\.m2\repository\com\github\mifmif\generex\1.0.2\generex-1.0.2.jar;C:\Users\ADW User ACR\.m2\repository\dk\brics\automaton\automaton\1.11-8\automaton-1.11-8.jar;"/>
    <property name="sun.cpu.endian" value="little"/>
    <property name="user.home" value="C:\Users\ADW User ACR"/>
    <property name="user.language" value="en"/>
    <property name="java.specification.vendor" value="Oracle Corporation"/>
    <property name="java.home" value="C:\Program Files\Java\jdk1.8.0_202\jre"/>
    <property name="tags" value="DeleteCategory"/>
    <property name="basedir" value="D:\D\QE_Alta\mini-project-nisa\API\Altashop-ProductsCategory"/>
    <property name="file.separator" value="\"/>
    <property name="line.separator" value="&#10;"/>
    <property name="java.vm.specification.vendor" value="Oracle Corporation"/>
    <property name="java.specification.name" value="Java Platform API Specification"/>
    <property name="java.awt.graphicsenv" value="sun.awt.Win32GraphicsEnvironment"/>
    <property name="surefire.real.class.path" value="C:\Users\ADW User ACR\AppData\Local\Temp\surefire305485221052809936\surefirebooter6050514826878811259.jar"/>
    <property name="sun.boot.class.path" value="C:\Program Files\Java\jdk1.8.0_202\jre\lib\resources.jar;C:\Program Files\Java\jdk1.8.0_202\jre\lib\rt.jar;C:\Program Files\Java\jdk1.8.0_202\jre\lib\sunrsasign.jar;C:\Program Files\Java\jdk1.8.0_202\jre\lib\jsse.jar;C:\Program Files\Java\jdk1.8.0_202\jre\lib\jce.jar;C:\Program Files\Java\jdk1.8.0_202\jre\lib\charsets.jar;C:\Program Files\Java\jdk1.8.0_202\jre\lib\jfr.jar;C:\Program Files\Java\jdk1.8.0_202\jre\classes"/>
    <property name="user.script" value=""/>
    <property name="sun.management.compiler" value="HotSpot 64-Bit Tiered Compilers"/>
    <property name="java.runtime.version" value="1.8.0_202-b08"/>
    <property name="user.name" value="ADW User ACR"/>
    <property name="path.separator" value=";"/>
    <property name="os.version" value="10.0"/>
    <property name="java.endorsed.dirs" value="C:\Program Files\Java\jdk1.8.0_202\jre\lib\endorsed"/>
    <property name="java.runtime.name" value="Java(TM) SE Runtime Environment"/>
    <property name="file.encoding" value="Cp1252"/>
    <property name="java.vm.name" value="Java HotSpot(TM) 64-Bit Server VM"/>
    <property name="localRepository" value="C:\Users\ADW User ACR\.m2\repository"/>
    <property name="java.vendor.url.bug" value="http://bugreport.sun.com/bugreport/"/>
    <property name="java.io.tmpdir" value="C:\Users\ADWUSE~1\AppData\Local\Temp\"/>
    <property name="java.version" value="1.8.0_202"/>
    <property name="user.dir" value="D:\D\QE_Alta\mini-project-nisa\API\Altashop-ProductsCategory"/>
    <property name="os.arch" value="amd64"/>
    <property name="java.vm.specification.name" value="Java Virtual Machine Specification"/>
    <property name="java.awt.printerjob" value="sun.awt.windows.WPrinterJob"/>
    <property name="sun.os.patch.level" value=""/>
    <property name="java.library.path" value="C:\Program Files\Java\jdk1.8.0_202\jre\bin;C:\Windows\Sun\Java\bin;C:\Windows\system32;C:\Windows;C:\Python311\Scripts\;C:\Python311\;C:\Program Files (x86)\Common Files\Oracle\Java\javapath;C:\Program Files (x86)\Common Files\Intel\Shared Files\cpp\bin\Intel64;C:\Windows\system32;C:\Windows;C:\Windows\System32\Wbem;C:\Windows\System32\WindowsPowerShell\v1.0\;C:\Windows\System32\OpenSSH\;C:\Program Files\apache-maven-3.9.1\bin;C:\Program Files\nodejs\;C:\ProgramData\chocolatey\bin;C:\Users\Public\Android\Sdk;C:\Users\Public\Android\Sdk\platform-tools;C:\Users\ADW User ACR\AppData\Local\Microsoft\WindowsApps;C:\Users\ADW User ACR\AppData\Local\Programs\Git\cmd;C:\Users\ADW User ACR\AppData\Roaming\npm;."/>
    <property name="java.vm.info" value="mixed mode"/>
    <property name="java.vendor" value="Oracle Corporation"/>
    <property name="java.vm.version" value="25.202-b08"/>
    <property name="java.ext.dirs" value="C:\Program Files\Java\jdk1.8.0_202\jre\lib\ext;C:\Windows\Sun\Java\lib\ext"/>
    <property name="sun.io.unicode.encoding" value="UnicodeLittle"/>
    <property name="java.class.version" value="52.0"/>
  </properties>
  <testcase name="as user i want to input valid endpoint for product category" classname="As a user i want to delete category product" time="7.66">
    <system-out><![CDATA[20:12:13.888 [main] DEBUG net.thucydides.core.guice.Injectors - Created injector for module net.thucydides.core.guice.ThucydidesModule
20:12:14.342 [main] INFO io.cucumber.core.plugin.SerenityReporter - Running feature from file:///D:/D/QE_Alta/mini-project-nisa/API/Altashop-ProductsCategory/src/test/resources/features/Products/AllCategory.feature
20:12:14.636 [main] DEBUG net.thucydides.core.guice.Injectors - Created injector for module net.thucydides.core.guice.webdriver.WebDriverModule
20:12:14.659 [main] INFO  - 

-------------------------------------------------------------------------------------
     _______. _______ .______       _______ .__   __.  __  .___________.____    ____ 
    /       ||   ____||   _  \     |   ____||  \ |  | |  | |           |\   \  /   / 
   |   (----`|  |__   |  |_)  |    |  |__   |   \|  | |  | `---|  |----` \   \/   /  
    \   \    |   __|  |      /     |   __|  |  . `  | |  |     |  |       \_    _/   
.----)   |   |  |____ |  |\  \----.|  |____ |  |\   | |  |     |  |         |  |     
|_______/    |_______|| _| `._____||_______||__| \__| |__|     |__|         |__|    
                                                                                     
 News and tutorials at http://www.serenity-bdd.info                                  
 Documentation at https://wakaleo.gitbooks.io/the-serenity-book/content/             
 Join the Serenity Community on Gitter: https://gitter.im/serenity-bdd/serenity-core 
 Serenity BDD Support and Training at http://serenity-bdd.info/#/trainingandsupport  
-------------------------------------------------------------------------------------

20:12:14.663 [main] DEBUG net.thucydides.core.steps.StepEventBus - Test suite started for story net.thucydides.core.model.Story@1c3ffa2d
20:12:14.666 [main] INFO  - Test Suite Started: As a user i want to get detail category
20:12:14.689 [main] INFO io.cucumber.core.plugin.SerenityReporter - Running feature from file:///D:/D/QE_Alta/mini-project-nisa/API/Altashop-ProductsCategory/src/test/resources/features/Products/CategoryById.feature
20:12:14.693 [main] DEBUG net.thucydides.core.steps.StepEventBus - Test suite started for story net.thucydides.core.model.Story@dce0f7d0
20:12:14.694 [main] INFO  - Test Suite Started: As a user i want to get detail category by id
20:12:14.694 [main] INFO io.cucumber.core.plugin.SerenityReporter - Running feature from file:///D:/D/QE_Alta/mini-project-nisa/API/Altashop-ProductsCategory/src/test/resources/features/Products/CreateCategory.feature
20:12:14.698 [main] DEBUG net.thucydides.core.steps.StepEventBus - Test suite started for story net.thucydides.core.model.Story@a5b29247
20:12:14.699 [main] INFO  - Test Suite Started: As a user i want to create new product category
20:12:14.699 [main] INFO io.cucumber.core.plugin.SerenityReporter - Running feature from file:///D:/D/QE_Alta/mini-project-nisa/API/Altashop-ProductsCategory/src/test/resources/features/Products/Delete.feature
20:12:14.705 [main] DEBUG net.thucydides.core.steps.StepEventBus - Test suite started for story net.thucydides.core.model.Story@4e3cccb0
20:12:14.705 [main] INFO  - Test Suite Started: As a user i want to delete category product
20:12:14.706 [main] INFO io.cucumber.core.plugin.SerenityReporter - Running feature from file:///D:/D/QE_Alta/mini-project-nisa/API/Altashop-ProductsCategory/src/test/resources/features/Products/Delete.feature
20:12:14.709 [main] DEBUG net.thucydides.core.steps.StepEventBus - Test suite started for story net.thucydides.core.model.Story@4e3cccb0
20:12:14.710 [main] INFO  - Test Suite Started: As a user i want to delete category product

@DeleteCategory
Scenario: as user i want to input valid endpoint for product category &amp#27;[90m# src/test/resources/features/Products/Delete.feature:4&amp#27;[0m
20:12:14.934 [main] INFO io.cucumber.core.plugin.SerenityReporter - Running feature from file:///D:/D/QE_Alta/mini-project-nisa/API/Altashop-ProductsCategory/src/test/resources/features/Products/Delete.feature
20:12:15.199 [main] INFO  - 
  _____   ___   ___   _____     ___   _____     _     ___   _____   ___   ___  
 |_   _| | __| / __| |_   _|   / __| |_   _|   /_\   | _ \ |_   _| | __| |   \ 
   | |   | _|  \__ \   | |     \__ \   | |    / _ \  |   /   | |   | _|  | |) |
   |_|   |___| |___/   |_|     |___/   |_|   /_/ \_\ |_|_\   |_|   |___| |___/ 

as user i want to input valid endpoint for product category(as-a-user-i-want-to-delete-category-product;as-user-i-want-to-input-valid-endpoint-for-product-category)
--------------------------------------------------------------------------------
20:12:15.292 [main] DEBUG net.thucydides.core.requirements.FileSystemRequirementsTagProvider - Loading requirements from directory: D:\D\QE_Alta\mini-project-nisa\API\Altashop-ProductsCategory\src\test\resources\features\Products (D:\D\QE_Alta\mini-project-nisa\API\Altashop-ProductsCategory\src\test\resources\features\Products)
20:12:15.292 [main] DEBUG net.thucydides.core.requirements.FileSystemRequirementsTagProvider - Get requirements type for: D:\D\QE_Alta\mini-project-nisa\API\Altashop-ProductsCategory\src\test\resources\features\Products (D:\D\QE_Alta\mini-project-nisa\API\Altashop-ProductsCategory\src\test\resources\features\Products)
20:12:16.109 [main] DEBUG net.thucydides.core.steps.StepInterceptor - STARTING STEP: Delete.setEndpointAuth - setEndpointAuth
20:12:16.114 [main] DEBUG net.thucydides.core.steps.StepInterceptor - STEP DONE: setEndpointAuth
  &amp#27;[32mGiven &amp#27;[0m&amp#27;[32muser set endpoint auth&amp#27;[0m                                        &amp#27;[90m# starter.stepdefinitions.Delete.setEndpointAuth()&amp#27;[0m
20:12:16.131 [main] DEBUG net.thucydides.core.steps.StepInterceptor - STARTING STEP: Delete.sendEndpointAuth - sendEndpointAuth
20:12:18.727 [main] DEBUG net.thucydides.core.steps.StepInterceptor - STARTING STEP: DeletePage.sendEndpointAuth - setEndpointAuth
20:12:18.728 [main] DEBUG net.thucydides.core.steps.StepInterceptor - STEP DONE: setEndpointAuth
20:12:20.480 [main] DEBUG org.apache.http.impl.conn.BasicClientConnectionManager - Get connection for route {s}->https://altashop-api.fly.dev:443
20:12:20.549 [main] DEBUG org.apache.http.impl.conn.DefaultClientConnectionOperator - Connecting to altashop-api.fly.dev:443
20:12:20.819 [main] DEBUG org.apache.http.client.protocol.RequestAddCookies - CookieSpec selected: ignoreCookies
20:12:20.821 [main] DEBUG org.apache.http.client.protocol.RequestAuthCache - Auth cache not set in the context
20:12:20.821 [main] DEBUG org.apache.http.client.protocol.RequestTargetAuthentication - Target auth state: UNCHALLENGED
20:12:20.822 [main] DEBUG org.apache.http.client.protocol.RequestProxyAuthentication - Proxy auth state: UNCHALLENGED
20:12:20.822 [main] DEBUG org.apache.http.impl.client.DefaultHttpClient - Attempt 1 to execute request
20:12:20.822 [main] DEBUG org.apache.http.impl.conn.DefaultClientConnection - Sending request: POST /api/auth/login HTTP/1.1
20:12:20.822 [main] DEBUG org.apache.http.wire -  >> "POST /api/auth/login HTTP/1.1[\r][\n]"
20:12:20.824 [main] DEBUG org.apache.http.wire -  >> "Accept: */*[\r][\n]"
20:12:20.824 [main] DEBUG org.apache.http.wire -  >> "Content-Type: application/json[\r][\n]"
20:12:20.824 [main] DEBUG org.apache.http.wire -  >> "Content-Length: 47[\r][\n]"
20:12:20.824 [main] DEBUG org.apache.http.wire -  >> "Host: altashop-api.fly.dev[\r][\n]"
20:12:20.824 [main] DEBUG org.apache.http.wire -  >> "Connection: Keep-Alive[\r][\n]"
20:12:20.824 [main] DEBUG org.apache.http.wire -  >> "User-Agent: Apache-HttpClient/4.5.13 (Java/1.8.0_202)[\r][\n]"
20:12:20.824 [main] DEBUG org.apache.http.wire -  >> "Accept-Encoding: gzip,deflate[\r][\n]"
20:12:20.824 [main] DEBUG org.apache.http.wire -  >> "[\r][\n]"
20:12:20.825 [main] DEBUG org.apache.http.headers - >> POST /api/auth/login HTTP/1.1
20:12:20.825 [main] DEBUG org.apache.http.headers - >> Accept: */*
20:12:20.825 [main] DEBUG org.apache.http.headers - >> Content-Type: application/json
20:12:20.825 [main] DEBUG org.apache.http.headers - >> Content-Length: 47
20:12:20.825 [main] DEBUG org.apache.http.headers - >> Host: altashop-api.fly.dev
20:12:20.825 [main] DEBUG org.apache.http.headers - >> Connection: Keep-Alive
20:12:20.825 [main] DEBUG org.apache.http.headers - >> User-Agent: Apache-HttpClient/4.5.13 (Java/1.8.0_202)
20:12:20.826 [main] DEBUG org.apache.http.headers - >> Accept-Encoding: gzip,deflate
20:12:20.826 [main] DEBUG org.apache.http.wire -  >> "{"password":"nisa","email":"nisauzz@gmail.com"}"
20:12:20.852 [main] DEBUG org.apache.http.wire -  << "HTTP/1.1 200 OK[\r][\n]"
20:12:20.854 [main] DEBUG org.apache.http.wire -  << "content-type: application/json[\r][\n]"
20:12:20.854 [main] DEBUG org.apache.http.wire -  << "date: Thu, 04 May 2023 13:12:23 GMT[\r][\n]"
20:12:20.854 [main] DEBUG org.apache.http.wire -  << "content-encoding: gzip[\r][\n]"
20:12:20.854 [main] DEBUG org.apache.http.wire -  << "transfer-encoding: chunked[\r][\n]"
20:12:20.855 [main] DEBUG org.apache.http.wire -  << "server: Fly/199ec4d3 (2023-04-25)[\r][\n]"
20:12:20.855 [main] DEBUG org.apache.http.wire -  << "via: 1.1 fly.io[\r][\n]"
20:12:20.855 [main] DEBUG org.apache.http.wire -  << "fly-request-id: 01GZKE8W1WK33BZCEQ931PY0CB-sin[\r][\n]"
20:12:20.855 [main] DEBUG org.apache.http.wire -  << "[\r][\n]"
20:12:20.856 [main] DEBUG org.apache.http.impl.conn.DefaultClientConnection - Receiving response: HTTP/1.1 200 OK
20:12:20.856 [main] DEBUG org.apache.http.headers - << HTTP/1.1 200 OK
20:12:20.856 [main] DEBUG org.apache.http.headers - << content-type: application/json
20:12:20.856 [main] DEBUG org.apache.http.headers - << date: Thu, 04 May 2023 13:12:23 GMT
20:12:20.856 [main] DEBUG org.apache.http.headers - << content-encoding: gzip
20:12:20.856 [main] DEBUG org.apache.http.headers - << transfer-encoding: chunked
20:12:20.856 [main] DEBUG org.apache.http.headers - << server: Fly/199ec4d3 (2023-04-25)
20:12:20.856 [main] DEBUG org.apache.http.headers - << via: 1.1 fly.io
20:12:20.856 [main] DEBUG org.apache.http.headers - << fly-request-id: 01GZKE8W1WK33BZCEQ931PY0CB-sin
20:12:20.863 [main] DEBUG org.apache.http.impl.client.DefaultHttpClient - Connection can be kept alive indefinitely
20:12:20.870 [main] DEBUG io.restassured.internal.RestAssuredHttpBuilder - Parsing response as: application/json
20:12:20.871 [main] DEBUG org.apache.http.wire -  << "AB[\r][\n]"
20:12:20.872 [main] DEBUG org.apache.http.wire -  << "[0x1f][0x8b][0x8][0x0][0x0][0x0][0x0][0x0][0x4][0xff][0xab]VJI,IT[0xb2]RJ[0xad][0xf4][0xca]HrO[0xce][0xf4][0xcf][0xf4][0xf2][0xc][0xad][0xf2]4[0xf4][0xcb][0xf4],[0xf6][0xcc][0xb]2Mv[0xf6]4[0xf3][0xcc].[0x88][0x8]s[0xf6][0xb2][0xd4]K[0xad][0xf4]rO[0x9][0xaf](N[0xca]u+[0x89][\n]"
20:12:20.872 [main] DEBUG org.apache.http.wire -  << "[0xf6]4[0xf3][0xcc]5-H6r[0xcd][0xf4]q[0xf6]rK[\n]"
20:12:20.872 [main] DEBUG org.apache.http.wire -  << "w+H[0x2])[0x6][0x8b][0xb9][0x19][0xa6][0xe6][0x15]8F[0x19][0x19]f$[0x86][0x97][0x97]F[0x1a]Y[0x96]x[0xe6][0x19][0xe8][0xf9][0x98][0xf9][0x16]V&[0xfa][0x86][0x18][0xf8][0x99][0xa7][0x85][0xe6][0x96][0xbb][0x4][0x1b][0xba]y[0xa6][0x17][0xa4][0xf9]GX$f[0x9a][0x94][0x16]e8[0x86]e[0xbb][0x9b][0xb8][0x86][0xa6][0xbb][0x96][0x1a]([0xd5]r[0x1][0x0]n[\n]"
20:12:20.872 [main] DEBUG org.apache.http.wire -  << "[0x9][0xab][0x9c][0x0][0x0][0x0]"
20:12:20.872 [main] DEBUG org.apache.http.wire -  << "[\r][\n]"
20:12:20.872 [main] DEBUG org.apache.http.wire -  << "0[\r][\n]"
20:12:20.873 [main] DEBUG org.apache.http.wire -  << "[\r][\n]"
20:12:20.873 [main] DEBUG io.restassured.internal.RestAssuredHttpBuilder - Parsed data to instance of: class org.apache.http.conn.EofSensorInputStream
20:12:20.937 [main] DEBUG org.apache.http.impl.conn.BasicClientConnectionManager - Releasing connection org.apache.http.impl.conn.ManagedClientConnectionImpl@684e8c9d
20:12:20.937 [main] DEBUG org.apache.http.impl.conn.BasicClientConnectionManager - Connection can be kept alive indefinitely
20:12:22.096 [main] DEBUG net.thucydides.core.steps.StepInterceptor - STEP DONE: sendEndpointAuth
  &amp#27;[32mWhen &amp#27;[0m&amp#27;[32muser send endpoint auth&amp#27;[0m                                        &amp#27;[90m# starter.stepdefinitions.Delete.sendEndpointAuth()&amp#27;[0m
20:12:22.105 [main] DEBUG net.thucydides.core.steps.StepInterceptor - STARTING STEP: Delete.setEndpointProduct - setEndpointCategories
20:12:22.105 [main] DEBUG net.thucydides.core.steps.StepInterceptor - STEP DONE: setEndpointCategories
  &amp#27;[32mWhen &amp#27;[0m&amp#27;[32muser set endpoint product category&amp#27;[0m                             &amp#27;[90m# starter.stepdefinitions.Delete.setEndpointProduct()&amp#27;[0m
20:12:22.112 [main] DEBUG net.thucydides.core.steps.StepInterceptor - STARTING STEP: Delete.userSendRequestForDeleteProduct - sendReqDeleteCategories
20:12:22.116 [main] DEBUG net.thucydides.core.steps.StepInterceptor - STARTING STEP: DeletePage.sendReqDeleteCategories - setEndpointCategories
20:12:22.116 [main] DEBUG net.thucydides.core.steps.StepInterceptor - STEP DONE: setEndpointCategories
20:12:22.162 [main] DEBUG org.apache.http.impl.conn.BasicClientConnectionManager - Get connection for route {s}->https://altashop-api.fly.dev:443
20:12:22.162 [main] DEBUG org.apache.http.impl.conn.DefaultClientConnectionOperator - Connecting to altashop-api.fly.dev:443
20:12:22.257 [main] DEBUG org.apache.http.client.protocol.RequestAddCookies - CookieSpec selected: ignoreCookies
20:12:22.257 [main] DEBUG org.apache.http.client.protocol.RequestAuthCache - Auth cache not set in the context
20:12:22.257 [main] DEBUG org.apache.http.client.protocol.RequestProxyAuthentication - Proxy auth state: UNCHALLENGED
20:12:22.258 [main] DEBUG org.apache.http.impl.client.DefaultHttpClient - Attempt 1 to execute request
20:12:22.258 [main] DEBUG org.apache.http.impl.conn.DefaultClientConnection - Sending request: DELETE /api/products/12510 HTTP/1.1
20:12:22.258 [main] DEBUG org.apache.http.wire -  >> "DELETE /api/products/12510 HTTP/1.1[\r][\n]"
20:12:22.258 [main] DEBUG org.apache.http.wire -  >> "Authorization: Bearer eyJhbGciOiJIUzI1NiIsInR5cCI6IkpXVCJ9.eyJGdWxsbmFtZSI6Im5pc2EiLCJFbWFpbCI6Im5pc2F1enpAZ21haWwuY29tIn0.L6MqyaMT0N7fUmwDS1FIgpfOX8ai4urhAVkG4EUgEu0[\r][\n]"
20:12:22.258 [main] DEBUG org.apache.http.wire -  >> "Accept: */*[\r][\n]"
20:12:22.258 [main] DEBUG org.apache.http.wire -  >> "Host: altashop-api.fly.dev[\r][\n]"
20:12:22.258 [main] DEBUG org.apache.http.wire -  >> "Connection: Keep-Alive[\r][\n]"
20:12:22.258 [main] DEBUG org.apache.http.wire -  >> "User-Agent: Apache-HttpClient/4.5.13 (Java/1.8.0_202)[\r][\n]"
20:12:22.258 [main] DEBUG org.apache.http.wire -  >> "Accept-Encoding: gzip,deflate[\r][\n]"
20:12:22.258 [main] DEBUG org.apache.http.wire -  >> "[\r][\n]"
20:12:22.258 [main] DEBUG org.apache.http.headers - >> DELETE /api/products/12510 HTTP/1.1
20:12:22.258 [main] DEBUG org.apache.http.headers - >> Authorization: Bearer eyJhbGciOiJIUzI1NiIsInR5cCI6IkpXVCJ9.eyJGdWxsbmFtZSI6Im5pc2EiLCJFbWFpbCI6Im5pc2F1enpAZ21haWwuY29tIn0.L6MqyaMT0N7fUmwDS1FIgpfOX8ai4urhAVkG4EUgEu0
20:12:22.258 [main] DEBUG org.apache.http.headers - >> Accept: */*
20:12:22.259 [main] DEBUG org.apache.http.headers - >> Host: altashop-api.fly.dev
20:12:22.259 [main] DEBUG org.apache.http.headers - >> Connection: Keep-Alive
20:12:22.259 [main] DEBUG org.apache.http.headers - >> User-Agent: Apache-HttpClient/4.5.13 (Java/1.8.0_202)
20:12:22.259 [main] DEBUG org.apache.http.headers - >> Accept-Encoding: gzip,deflate
20:12:22.286 [main] DEBUG org.apache.http.wire -  << "HTTP/1.1 200 OK[\r][\n]"
20:12:22.286 [main] DEBUG org.apache.http.wire -  << "content-type: application/json[\r][\n]"
20:12:22.286 [main] DEBUG org.apache.http.wire -  << "date: Thu, 04 May 2023 13:12:24 GMT[\r][\n]"
20:12:22.286 [main] DEBUG org.apache.http.wire -  << "content-encoding: gzip[\r][\n]"
20:12:22.286 [main] DEBUG org.apache.http.wire -  << "transfer-encoding: chunked[\r][\n]"
20:12:22.286 [main] DEBUG org.apache.http.wire -  << "server: Fly/199ec4d3 (2023-04-25)[\r][\n]"
20:12:22.286 [main] DEBUG org.apache.http.wire -  << "via: 1.1 fly.io[\r][\n]"
20:12:22.286 [main] DEBUG org.apache.http.wire -  << "fly-request-id: 01GZKE8XEN86CE8GW5AGHVPS5F-sin[\r][\n]"
20:12:22.286 [main] DEBUG org.apache.http.wire -  << "[\r][\n]"
20:12:22.286 [main] DEBUG org.apache.http.impl.conn.DefaultClientConnection - Receiving response: HTTP/1.1 200 OK
20:12:22.286 [main] DEBUG org.apache.http.headers - << HTTP/1.1 200 OK
20:12:22.286 [main] DEBUG org.apache.http.headers - << content-type: application/json
20:12:22.286 [main] DEBUG org.apache.http.headers - << date: Thu, 04 May 2023 13:12:24 GMT
20:12:22.286 [main] DEBUG org.apache.http.headers - << content-encoding: gzip
20:12:22.286 [main] DEBUG org.apache.http.headers - << transfer-encoding: chunked
20:12:22.287 [main] DEBUG org.apache.http.headers - << server: Fly/199ec4d3 (2023-04-25)
20:12:22.287 [main] DEBUG org.apache.http.headers - << via: 1.1 fly.io
20:12:22.287 [main] DEBUG org.apache.http.headers - << fly-request-id: 01GZKE8XEN86CE8GW5AGHVPS5F-sin
20:12:22.287 [main] DEBUG org.apache.http.impl.client.DefaultHttpClient - Connection can be kept alive indefinitely
20:12:22.287 [main] DEBUG io.restassured.internal.RestAssuredHttpBuilder - Parsing response as: application/json
20:12:22.287 [main] DEBUG org.apache.http.wire -  << "22[\r][\n]"
20:12:22.287 [main] DEBUG org.apache.http.wire -  << "[0x1f][0x8b][0x8][0x0][0x0][0x0][0x0][0x0][0x4][0xff][0xab]VJI,IT[0xb2][0xca]+[0xcd][0xc9][0xa9][0xe5][0x2][0x0][0xa3][0xab][0x8f]W[0xe][0x0][0x0][0x0]"
20:12:22.287 [main] DEBUG org.apache.http.wire -  << "[\r][\n]"
20:12:22.287 [main] DEBUG org.apache.http.wire -  << "0[\r][\n]"
20:12:22.288 [main] DEBUG org.apache.http.wire -  << "[\r][\n]"
20:12:22.288 [main] DEBUG io.restassured.internal.RestAssuredHttpBuilder - Parsed data to instance of: class org.apache.http.conn.EofSensorInputStream
20:12:22.289 [main] DEBUG org.apache.http.impl.conn.BasicClientConnectionManager - Releasing connection org.apache.http.impl.conn.ManagedClientConnectionImpl@4ffced4e
20:12:22.289 [main] DEBUG org.apache.http.impl.conn.BasicClientConnectionManager - Connection can be kept alive indefinitely
20:12:22.290 [main] DEBUG net.thucydides.core.steps.StepInterceptor - STEP DONE: sendReqDeleteCategories
  &amp#27;[32mAnd &amp#27;[0m&amp#27;[32muser send request for delete product category&amp#27;[0m                   &amp#27;[90m# starter.stepdefinitions.Delete.userSendRequestForDeleteProduct()&amp#27;[0m
20:12:22.297 [main] DEBUG net.thucydides.core.steps.StepInterceptor - STARTING STEP: Delete.validateHTTPResponseCode - validateHTTPResponseCode
20:12:22.352 [main] DEBUG net.thucydides.core.steps.StepInterceptor - STEP DONE: validateHTTPResponseCode
  &amp#27;[32mThen &amp#27;[0m&amp#27;[32muser see HTTP Response code &amp#27;[0m&amp#27;[32m&amp#27;[1m200&amp#27;[0m                                &amp#27;[90m# starter.stepdefinitions.Delete.validateHTTPResponseCode(int)&amp#27;[0m
20:12:22.365 [main] INFO  - 
  _____   ___   ___   _____     ___     _     ___   ___   ___   ___  
 |_   _| | __| / __| |_   _|   | _ \   /_\   / __| / __| | __| |   \ 
   | |   | _|  \__ \   | |     |  _/  / _ \  \__ \ \__ \ | _|  | |) |
   |_|   |___| |___/   |_|     |_|   /_/ \_\ |___/ |___/ |___| |___/ 

as user i want to input valid endpoint for product category
----------------------------------------------------------------------
]]></system-out>
  </testcase>
</testsuite>